[dotenv@17.2.3] injecting env (13) from .env -- tip: üõ†Ô∏è  run anywhere with `dotenvx run -- yourcommand`
[dotenv@17.2.3] injecting env (25) from .env.local -- tip: ‚öôÔ∏è  write to custom object with { processEnv: myObject }
[dotenv@17.2.3] injecting env (0) from .env -- tip: ‚öôÔ∏è  override existing env vars with { override: true }
======================================================================
OLYMPUS SELF-BUILD: Dashboard v1.0
======================================================================

Build ID: olympus-dashboard-1769508132118
Output Dir: C:\Users\SBS\Desktop\New folder (4)\vito\output\olympus-dashboard-1769508132118

[1/4] Initializing build context...
[2/4] Creating orchestrator (35 agents)...
[Orchestrator] Constructor called with tier: professional
[Orchestrator] TierConfig phases: discovery, conversion, design, architecture, frontend, backend, integration
[Orchestrator] TierConfig agents count: 32
[createBuildPlan] Creating plan for tier: professional
[createBuildPlan] Tier config phases: discovery, conversion, design, architecture, frontend, backend, integration
[createBuildPlan] Tier config agents count: 32
[createBuildPlan] PHASE_ORDER: discovery, conversion, design, architecture, frontend, backend, integration, testing, deployment
[createBuildPlan] ADDING phase discovery with 5 agents: oracle, empathy, venture, strategos, scope
[createBuildPlan] ADDING phase conversion with 4 agents: psyche, scribe, architect_conversion, conversion_judge
[createBuildPlan] ADDING phase design with 6 agents: palette, grid, blocks, cartographer, flow, artist
[createBuildPlan] ADDING phase architecture with 6 agents: archon, datum, nexus, forge, sentinel, atlas
[createBuildPlan] ADDING phase frontend with 3 agents: pixel, wire, polish
[createBuildPlan] ADDING phase backend with 4 agents: engine, gateway, keeper, cron
[createBuildPlan] ADDING phase integration with 4 agents: bridge, sync, notify, search
[createBuildPlan] SKIPPING phase testing - not in tier
[createBuildPlan] SKIPPING phase deployment - not in tier
[createBuildPlan] ===== PLAN SUMMARY =====
[createBuildPlan] Tier: professional
[createBuildPlan] Total phases: 7
[createBuildPlan] Total agents: 32
[createBuildPlan] Phases: discovery(5), conversion(4), design(6), architecture(6), frontend(3), backend(4), integration(4)
[Orchestrator] Plan created with 7 phases, 32 agents
[Scheduler] Initializing queue from plan with 7 phases
[Scheduler] Queueing phase discovery with 5 agents: oracle, empathy, venture, strategos, scope
[Scheduler] Queueing phase conversion with 4 agents: psyche, scribe, architect_conversion, conversion_judge
[Scheduler] Queueing phase design with 6 agents: palette, grid, blocks, cartographer, flow, artist
[Scheduler] Queueing phase architecture with 6 agents: archon, datum, nexus, forge, sentinel, atlas
[Scheduler] Queueing phase frontend with 3 agents: pixel, wire, polish
[Scheduler] Queueing phase backend with 4 agents: engine, gateway, keeper, cron
[Scheduler] Queueing phase integration with 4 agents: bridge, sync, notify, search
[Scheduler] Queue initialized with 32 agents total
[INFO] [fingerprint] [olympus-] Loaded 4 cached fingerprints { pruned: 0 }
[INFO] [health] [olympus-] ResilienceEngine v3.0 initialized { tier: 'GOLD' }
[Orchestrator] ResilienceEngine initialized (tier: GOLD)
[3/4] Starting build...

----------------------------------------------------------------------
[ORCH_START] 2026-01-27T10:02:12.123Z - ENTERING: start()
[ORCH_START] 2026-01-27T10:02:12.123Z - STATE: {"buildId":"olympus-dashboard-1769508132118","status":"idle","phasesInPlan":7,"totalAgents":32}
[ORCH_START] 2026-01-27T10:02:12.123Z - Starting build olympus-dashboard-1769508132118
[ORCH_START] 2026-01-27T10:02:12.123Z - Plan has 7 phases: discovery, conversion, design, architecture, frontend, backend, integration
[ORCH_START] 2026-01-27T10:02:12.123Z - Total agents in plan: 32
  [0%] Phase: initializing | Agents: none
[INFO] [health] [olympus-] Score: 88/100 (HIGH_CONFIDENCE) {
  factors: {
    promptComplexity: 100,
    historicalSuccessRate: 70,
    currentSystemLoad: 100,
    agentAvailability: 100,
    resourceBudget: 70
  },
  recommendations: []
}
[RESILIENCE] Health score: 88/100 (HIGH_CONFIDENCE)
[SPEC_COMPLIANCE] Parsing spec (2885 chars)...
[SPEC_COMPLIANCE] Parsed 0 pages, 13 components
[SPEC_COMPLIANCE] Critical: 0 pages, 1 components
[ORCH_START] 2026-01-27T10:02:12.129Z - Heartbeat started (5s interval)
[Orchestrator] ===== PHASE 1/7: discovery =====
[Orchestrator] Phase agents (5): oracle, empathy, venture, strategos, scope
[ORCH_PHASE] 2026-01-27T10:02:12.129Z - ENTERING: executePhase(discovery)
[ORCH_PHASE] 2026-01-27T10:02:12.129Z - Starting phase loop for discovery
[ORCH_LOOP] 2026-01-27T10:02:12.130Z - Loop iteration 1 {"phase":"discovery","nextAgents":["oracle"],"runningAgents":[],"deadlockCounter":0,"isPhaseComplete":false}
[AGENT_CALL] 2026-01-27T10:02:12.130Z - ENTERING: executeAgent(oracle)
[AGENT_CALL] 2026-01-27T10:02:12.130Z - CALLING: oracle (phase: discovery)
[Orchestrator] Agent oracle - Iteration 1/3
[ARCHON-PARSER] ‚ö†Ô∏è WARNING: ARCHON output failed validation. Using partial merge with defaults. 
  Output keys:  
  This may indicate a malformed ARCHON response.
[EXECUTOR] 2026-01-27T10:02:12.132Z - Creating executor for oracle, iteration 1
[EXECUTOR] 2026-01-27T10:02:12.132Z - CALLING executor.execute() for oracle
[AIRouter] Anthropic Claude provider initialized (PRIMARY)
[AIRouter] OpenAI provider initialized (FALLBACK)
[Groq] Initialized with 5 API key(s)
[AIRouter] Groq provider initialized (FALLBACK2)
[AIRouter] Active providers: anthropic, openai, groq
[HEARTBEAT] 2026-01-27T10:02:17.132Z {"buildId":"olympus-dashboard-1769508132118","status":"running","currentPhase":"discovery","currentAgent":"oracle","completedAgents":[],"runningAgents":["oracle"],"failedAgents":[],"progress":0}
[Executor] AI execution succeeded: 5113 tokens, provider=anthropic
[Executor] Response content type: string, length: 5207
[Executor] Parsing response: {
  "market_analysis": {
    "tam": {
      "value": "$3.5 billion",
      "calculation": "Estimated...
[Parser] ===== PARSING oracle =====
[Parser] Raw content length: 5207
[Parser] Raw content start: {
  "market_analysis": {
    "tam": {
      "value": "$3.5 billion",
      "calculation": "Estimated global DevOps tools market (Gartner 2024) + adjacent CI/CD and developer productivity tools",
     ...
[Parser] Extracted JSON length: 5207
[Parser] Extracted JSON start: {
  "market_analysis": {
    "tam": {
      "value": "$3.5 billion",
      "calculation": "Estimated global DevOps tools market (Gartner 2024) + adjacent CI/CD and developer productivity tools",
     ...
[Parser] JSON.parse SUCCESS for oracle
[Parser] Agent oracle: parsed.files exists = false, isArray = false, length = 0
[Executor] Parsed successfully: artifacts=1, status=completed
[EXECUTOR] 2026-01-27T10:02:21.473Z - executor.execute() RETURNED for oracle in 9341ms {"success":true,"hasOutput":true,"errorMessage":null,"artifactCount":1}
[Orchestrator] Agent oracle - Quality Score: 100/100 (min: 60)
[Orchestrator] Agent oracle - Quality PASSED on iteration 1
[ARCHON-PARSER] ‚ö†Ô∏è WARNING: ARCHON output failed validation. Using partial merge with defaults. 
  Output keys:  
  This may indicate a malformed ARCHON response.
[PERSISTENCE] Database connection failed for critical decisions: Error: Missing SUPABASE_SERVICE_ROLE_KEY
    at createServiceRoleClient (C:\Users\SBS\Desktop\New folder (4)\vito\src\lib\auth\clients\admin.ts:20:11)
    at saveCriticalDecisions (C:\Users\SBS\Desktop\New folder (4)\vito\src\lib\agents\context\persistence.ts:189:22)
    at BuildContextManager.persistCriticalDecisions (C:\Users\SBS\Desktop\New folder (4)\vito\src\lib\agents\context\manager.ts:204:5)
    at BuildContextManager.updateCriticalDecisions (C:\Users\SBS\Desktop\New folder (4)\vito\src\lib\agents\context\manager.ts:169:10)
    at BuildContextManager.recordOutput (C:\Users\SBS\Desktop\New folder (4)\vito\src\lib\agents\context\manager.ts:147:10)
    at BuildOrchestrator.finalizeAgentSuccess (C:\Users\SBS\Desktop\New folder (4)\vito\src\lib\agents\orchestrator\orchestrator.ts:1779:18)
    at BuildOrchestrator.executeAgentWithFeedback (C:\Users\SBS\Desktop\New folder (4)\vito\src\lib\agents\orchestrator\orchestrator.ts:1481:23)
    at process.processTicksAndRejections (node:internal/process/task_queues:103:5)
    at async BuildOrchestrator.executeAgent (C:\Users\SBS\Desktop\New folder (4)\vito\src\lib\agents\orchestrator\orchestrator.ts:1234:22)
    at async Promise.all (index 0)
[PERSISTENCE] Database connection failed (non-fatal): Error: Missing SUPABASE_SERVICE_ROLE_KEY
    at createServiceRoleClient (C:\Users\SBS\Desktop\New folder (4)\vito\src\lib\auth\clients\admin.ts:20:11)
    at saveAgentOutput (C:\Users\SBS\Desktop\New folder (4)\vito\src\lib\agents\context\persistence.ts:74:22)
    at BuildOrchestrator.finalizeAgentSuccess (C:\Users\SBS\Desktop\New folder (4)\vito\src\lib\agents\orchestrator\orchestrator.ts:1780:11)
    at BuildOrchestrator.executeAgentWithFeedback (C:\Users\SBS\Desktop\New folder (4)\vito\src\lib\agents\orchestrator\orchestrator.ts:1481:23)
    at process.processTicksAndRejections (node:internal/process/task_queues:103:5)
    at async BuildOrchestrator.executeAgent (C:\Users\SBS\Desktop\New folder (4)\vito\src\lib\agents\orchestrator\orchestrator.ts:1234:22)
    at async Promise.all (index 0)
    at async BuildOrchestrator.executePhase (C:\Users\SBS\Desktop\New folder (4)\vito\src\lib\agents\orchestrator\orchestrator.ts:1060:26)
    at async BuildOrchestrator.start (C:\Users\SBS\Desktop\New folder (4)\vito\src\lib\agents\orchestrator\orchestrator.ts:658:29)
    at async runBuild (C:\Users\SBS\Desktop\New folder (4)\vito\scripts\build-olympus-dashboard.ts:189:18)
    ‚Üí Agent oracle: completed (1 artifacts)
[AGENT_CALL] 2026-01-27T10:02:21.489Z - COMPLETED: oracle in 9359ms, success=true
  [3%] Phase: discovery | Agents: none
[AGENT_CALL] 2026-01-27T10:02:21.490Z - ENTERING: executeAgent(empathy)
[AGENT_CALL] 2026-01-27T10:02:21.490Z - CALLING: empathy (phase: discovery)
[Orchestrator] Agent empathy - Iteration 1/3
[ARCHON-PARSER] ‚ö†Ô∏è WARNING: ARCHON output failed validation. Using partial merge with defaults. 
  Output keys:  
  This may indicate a malformed ARCHON response.
[EXECUTOR] 2026-01-27T10:02:21.490Z - Creating executor for empathy, iteration 1
[EXECUTOR] 2026-01-27T10:02:21.490Z - CALLING executor.execute() for empathy
[PERSISTENCE] ‚úì CriticalDecisions saved to file: C:\Users\SBS\Desktop\New folder (4)\vito\.olympus\decisions\olympus-dashboard-1769508132118.json
[HEARTBEAT] 2026-01-27T10:02:22.142Z {"buildId":"olympus-dashboard-1769508132118","status":"running","currentPhase":"discovery","currentAgent":"empathy","completedAgents":["oracle"],"runningAgents":["empathy"],"failedAgents":[],"progress":3}
[HEARTBEAT] 2026-01-27T10:02:27.144Z {"buildId":"olympus-dashboard-1769508132118","status":"running","currentPhase":"discovery","currentAgent":"empathy","completedAgents":["oracle"],"runningAgents":["empathy"],"failedAgents":[],"progress":3}
[HEARTBEAT] 2026-01-27T10:02:32.153Z {"buildId":"olympus-dashboard-1769508132118","status":"running","currentPhase":"discovery","currentAgent":"empathy","completedAgents":["oracle"],"runningAgents":["empathy"],"failedAgents":[],"progress":3}
[HEARTBEAT] 2026-01-27T10:02:37.157Z {"buildId":"olympus-dashboard-1769508132118","status":"running","currentPhase":"discovery","currentAgent":"empathy","completedAgents":["oracle"],"runningAgents":["empathy"],"failedAgents":[],"progress":3}
[Executor] AI execution succeeded: 6405 tokens, provider=anthropic
[Executor] Response content type: string, length: 9901
[Executor] Parsing response: {
  "personas": [
    {
      "name": "Diligent Dominic",
      "archetype": "The Experienced Develo...
[Parser] ===== PARSING empathy =====
[Parser] Raw content length: 9901
[Parser] Raw content start: {
  "personas": [
    {
      "name": "Diligent Dominic",
      "archetype": "The Experienced Developer",
      "demographics": {
        "age_range": "35-45",
        "occupation": "Senior Software E...
[Parser] Extracted JSON length: 9901
[Parser] Extracted JSON start: {
  "personas": [
    {
      "name": "Diligent Dominic",
      "archetype": "The Experienced Developer",
      "demographics": {
        "age_range": "35-45",
        "occupation": "Senior Software E...
[Parser] JSON.parse SUCCESS for empathy
[Parser] Agent empathy: parsed.files exists = false, isArray = false, length = 0
[Executor] Parsed successfully: artifacts=1, status=completed
[EXECUTOR] 2026-01-27T10:02:38.025Z - executor.execute() RETURNED for empathy in 16535ms {"success":true,"hasOutput":true,"errorMessage":null,"artifactCount":1}
[Orchestrator] Agent empathy - Quality Score: 100/100 (min: 60)
[Orchestrator] Agent empathy - Quality PASSED on iteration 1
[PERSISTENCE] Database connection failed for critical decisions: Error: Missing SUPABASE_SERVICE_ROLE_KEY
    at createServiceRoleClient (C:\Users\SBS\Desktop\New folder (4)\vito\src\lib\auth\clients\admin.ts:20:11)
    at saveCriticalDecisions (C:\Users\SBS\Desktop\New folder (4)\vito\src\lib\agents\context\persistence.ts:189:22)
    at BuildContextManager.persistCriticalDecisions (C:\Users\SBS\Desktop\New folder (4)\vito\src\lib\agents\context\manager.ts:204:5)
    at BuildContextManager.updateCriticalDecisions (C:\Users\SBS\Desktop\New folder (4)\vito\src\lib\agents\context\manager.ts:169:10)
    at BuildContextManager.recordOutput (C:\Users\SBS\Desktop\New folder (4)\vito\src\lib\agents\context\manager.ts:147:10)
    at BuildOrchestrator.finalizeAgentSuccess (C:\Users\SBS\Desktop\New folder (4)\vito\src\lib\agents\orchestrator\orchestrator.ts:1779:18)
    at BuildOrchestrator.executeAgentWithFeedback (C:\Users\SBS\Desktop\New folder (4)\vito\src\lib\agents\orchestrator\orchestrator.ts:1481:23)
    at process.processTicksAndRejections (node:internal/process/task_queues:103:5)
    at async BuildOrchestrator.executeAgent (C:\Users\SBS\Desktop\New folder (4)\vito\src\lib\agents\orchestrator\orchestrator.ts:1234:22)
    at async Promise.all (index 0)
[PERSISTENCE] Database connection failed (non-fatal): Error: Missing SUPABASE_SERVICE_ROLE_KEY
    at createServiceRoleClient (C:\Users\SBS\Desktop\New folder (4)\vito\src\lib\auth\clients\admin.ts:20:11)
    at saveAgentOutput (C:\Users\SBS\Desktop\New folder (4)\vito\src\lib\agents\context\persistence.ts:74:22)
    at BuildOrchestrator.finalizeAgentSuccess (C:\Users\SBS\Desktop\New folder (4)\vito\src\lib\agents\orchestrator\orchestrator.ts:1780:11)
    at BuildOrchestrator.executeAgentWithFeedback (C:\Users\SBS\Desktop\New folder (4)\vito\src\lib\agents\orchestrator\orchestrator.ts:1481:23)
    at process.processTicksAndRejections (node:internal/process/task_queues:103:5)
    at async BuildOrchestrator.executeAgent (C:\Users\SBS\Desktop\New folder (4)\vito\src\lib\agents\orchestrator\orchestrator.ts:1234:22)
    at async Promise.all (index 0)
    at async BuildOrchestrator.executePhase (C:\Users\SBS\Desktop\New folder (4)\vito\src\lib\agents\orchestrator\orchestrator.ts:1060:26)
    at async BuildOrchestrator.start (C:\Users\SBS\Desktop\New folder (4)\vito\src\lib\agents\orchestrator\orchestrator.ts:658:29)
    at async runBuild (C:\Users\SBS\Desktop\New folder (4)\vito\scripts\build-olympus-dashboard.ts:189:18)
    ‚Üí Agent empathy: completed (1 artifacts)
[AGENT_CALL] 2026-01-27T10:02:38.026Z - COMPLETED: empathy in 16536ms, success=true
  [6%] Phase: discovery | Agents: none
[AGENT_CALL] 2026-01-27T10:02:38.027Z - ENTERING: executeAgent(venture)
[DEGRADATION] Agent venture not active in tier GOLD - skipping
[PERSISTENCE] Database connection failed for critical decisions: Error: Missing SUPABASE_SERVICE_ROLE_KEY
    at createServiceRoleClient (C:\Users\SBS\Desktop\New folder (4)\vito\src\lib\auth\clients\admin.ts:20:11)
    at saveCriticalDecisions (C:\Users\SBS\Desktop\New folder (4)\vito\src\lib\agents\context\persistence.ts:189:22)
    at BuildContextManager.persistCriticalDecisions (C:\Users\SBS\Desktop\New folder (4)\vito\src\lib\agents\context\manager.ts:204:5)
    at BuildContextManager.updateCriticalDecisions (C:\Users\SBS\Desktop\New folder (4)\vito\src\lib\agents\context\manager.ts:169:10)
    at BuildContextManager.recordOutput (C:\Users\SBS\Desktop\New folder (4)\vito\src\lib\agents\context\manager.ts:147:10)
    at BuildOrchestrator.executeAgent (C:\Users\SBS\Desktop\New folder (4)\vito\src\lib\agents\orchestrator\orchestrator.ts:1203:20)
    at <anonymous> (C:\Users\SBS\Desktop\New folder (4)\vito\src\lib\agents\orchestrator\orchestrator.ts:1053:59)
    at Array.map (<anonymous>)
    at BuildOrchestrator.executePhase (C:\Users\SBS\Desktop\New folder (4)\vito\src\lib\agents\orchestrator\orchestrator.ts:1053:37)
    at process.processTicksAndRejections (node:internal/process/task_queues:103:5)
  [9%] Phase: discovery | Agents: none
[AGENT_CALL] 2026-01-27T10:02:38.028Z - ENTERING: executeAgent(strategos)
[AGENT_CALL] 2026-01-27T10:02:38.028Z - CALLING: strategos (phase: discovery)
[Orchestrator] Agent strategos - Iteration 1/3
[ARCHON-PARSER] ‚ö†Ô∏è WARNING: ARCHON output failed validation. Using partial merge with defaults. 
  Output keys:  
  This may indicate a malformed ARCHON response.
[EXECUTOR] 2026-01-27T10:02:38.029Z - Creating executor for strategos, iteration 1
[EXECUTOR] 2026-01-27T10:02:38.029Z - CALLING executor.execute() for strategos
[Executor] Dependency venture was skipped (tier_degradation). Agent strategos will use fallback behavior.
[PERSISTENCE] ‚úì CriticalDecisions saved to file: C:\Users\SBS\Desktop\New folder (4)\vito\.olympus\decisions\olympus-dashboard-1769508132118.json
[PERSISTENCE] ‚úì CriticalDecisions saved to file: C:\Users\SBS\Desktop\New folder (4)\vito\.olympus\decisions\olympus-dashboard-1769508132118.json
[HEARTBEAT] 2026-01-27T10:02:42.168Z {"buildId":"olympus-dashboard-1769508132118","status":"running","currentPhase":"discovery","currentAgent":"strategos","completedAgents":["oracle","empathy","venture"],"runningAgents":["strategos"],"failedAgents":[],"progress":9}
[HEARTBEAT] 2026-01-27T10:02:47.171Z {"buildId":"olympus-dashboard-1769508132118","status":"running","currentPhase":"discovery","currentAgent":"strategos","completedAgents":["oracle","empathy","venture"],"runningAgents":["strategos"],"failedAgents":[],"progress":9}
[HEARTBEAT] 2026-01-27T10:02:52.176Z {"buildId":"olympus-dashboard-1769508132118","status":"running","currentPhase":"discovery","currentAgent":"strategos","completedAgents":["oracle","empathy","venture"],"runningAgents":["strategos"],"failedAgents":[],"progress":9}
[HEARTBEAT] 2026-01-27T10:02:57.177Z {"buildId":"olympus-dashboard-1769508132118","status":"running","currentPhase":"discovery","currentAgent":"strategos","completedAgents":["oracle","empathy","venture"],"runningAgents":["strategos"],"failedAgents":[],"progress":9}
[Executor] AI execution succeeded: 8130 tokens, provider=anthropic
[Executor] Response content type: string, length: 11750
[Executor] Parsing response: {
  "mvp_definition": {
    "core_value_proposition": "A comprehensive build console that provides r...
[Parser] ===== PARSING strategos =====
[Parser] Raw content length: 11750
[Parser] Raw content start: {
  "mvp_definition": {
    "core_value_proposition": "A comprehensive build console that provides real-time visibility and control over the OLYMPUS build process",
    "target_user": "Power users and...
[Parser] Extracted JSON length: 11750
[Parser] Extracted JSON start: {
  "mvp_definition": {
    "core_value_proposition": "A comprehensive build console that provides real-time visibility and control over the OLYMPUS build process",
    "target_user": "Power users and...
[Parser] JSON.parse SUCCESS for strategos
[Parser] Agent strategos: parsed.files exists = false, isArray = false, length = 0
[Executor] Parsed successfully: artifacts=1, status=completed
Agent strategos validation issues: 1 error(s): Expected array
[EXECUTOR] 2026-01-27T10:02:59.407Z - executor.execute() RETURNED for strategos in 21378ms {"success":true,"hasOutput":true,"errorMessage":null,"artifactCount":1}
[Orchestrator] Agent strategos - Quality Score: 100/100 (min: 60)
[Orchestrator] Agent strategos - Quality PASSED on iteration 1
[PERSISTENCE] Database connection failed for critical decisions: Error: Missing SUPABASE_SERVICE_ROLE_KEY
    at createServiceRoleClient (C:\Users\SBS\Desktop\New folder (4)\vito\src\lib\auth\clients\admin.ts:20:11)
    at saveCriticalDecisions (C:\Users\SBS\Desktop\New folder (4)\vito\src\lib\agents\context\persistence.ts:189:22)
    at BuildContextManager.persistCriticalDecisions (C:\Users\SBS\Desktop\New folder (4)\vito\src\lib\agents\context\manager.ts:204:5)
    at BuildContextManager.updateCriticalDecisions (C:\Users\SBS\Desktop\New folder (4)\vito\src\lib\agents\context\manager.ts:169:10)
    at BuildContextManager.recordOutput (C:\Users\SBS\Desktop\New folder (4)\vito\src\lib\agents\context\manager.ts:147:10)
    at BuildOrchestrator.finalizeAgentSuccess (C:\Users\SBS\Desktop\New folder (4)\vito\src\lib\agents\orchestrator\orchestrator.ts:1779:18)
    at BuildOrchestrator.executeAgentWithFeedback (C:\Users\SBS\Desktop\New folder (4)\vito\src\lib\agents\orchestrator\orchestrator.ts:1481:23)
    at process.processTicksAndRejections (node:internal/process/task_queues:103:5)
    at async BuildOrchestrator.executeAgent (C:\Users\SBS\Desktop\New folder (4)\vito\src\lib\agents\orchestrator\orchestrator.ts:1234:22)
    at async Promise.all (index 0)
[PERSISTENCE] Database connection failed (non-fatal): Error: Missing SUPABASE_SERVICE_ROLE_KEY
    at createServiceRoleClient (C:\Users\SBS\Desktop\New folder (4)\vito\src\lib\auth\clients\admin.ts:20:11)
    at saveAgentOutput (C:\Users\SBS\Desktop\New folder (4)\vito\src\lib\agents\context\persistence.ts:74:22)
    at BuildOrchestrator.finalizeAgentSuccess (C:\Users\SBS\Desktop\New folder (4)\vito\src\lib\agents\orchestrator\orchestrator.ts:1780:11)
    at BuildOrchestrator.executeAgentWithFeedback (C:\Users\SBS\Desktop\New folder (4)\vito\src\lib\agents\orchestrator\orchestrator.ts:1481:23)
    at process.processTicksAndRejections (node:internal/process/task_queues:103:5)
    at async BuildOrchestrator.executeAgent (C:\Users\SBS\Desktop\New folder (4)\vito\src\lib\agents\orchestrator\orchestrator.ts:1234:22)
    at async Promise.all (index 0)
    at async BuildOrchestrator.executePhase (C:\Users\SBS\Desktop\New folder (4)\vito\src\lib\agents\orchestrator\orchestrator.ts:1060:26)
    at async BuildOrchestrator.start (C:\Users\SBS\Desktop\New folder (4)\vito\src\lib\agents\orchestrator\orchestrator.ts:658:29)
    at async runBuild (C:\Users\SBS\Desktop\New folder (4)\vito\scripts\build-olympus-dashboard.ts:189:18)
    ‚Üí Agent strategos: completed (1 artifacts)
[AGENT_CALL] 2026-01-27T10:02:59.409Z - COMPLETED: strategos in 21381ms, success=true
  [13%] Phase: discovery | Agents: none
[AGENT_CALL] 2026-01-27T10:02:59.411Z - ENTERING: executeAgent(scope)
[AGENT_CALL] 2026-01-27T10:02:59.411Z - CALLING: scope (phase: discovery)
[Orchestrator] Agent scope - Iteration 1/3
[ARCHON-PARSER] ‚ö†Ô∏è WARNING: ARCHON output failed validation. Using partial merge with defaults. 
  Output keys:  
  This may indicate a malformed ARCHON response.
[EXECUTOR] 2026-01-27T10:02:59.411Z - Creating executor for scope, iteration 1
[EXECUTOR] 2026-01-27T10:02:59.411Z - CALLING executor.execute() for scope
[PERSISTENCE] ‚úì CriticalDecisions saved to file: C:\Users\SBS\Desktop\New folder (4)\vito\.olympus\decisions\olympus-dashboard-1769508132118.json
[HEARTBEAT] 2026-01-27T10:03:02.190Z {"buildId":"olympus-dashboard-1769508132118","status":"running","currentPhase":"discovery","currentAgent":"scope","completedAgents":["oracle","empathy","venture","strategos"],"runningAgents":["scope"],"failedAgents":[],"progress":13}
[HEARTBEAT] 2026-01-27T10:03:07.203Z {"buildId":"olympus-dashboard-1769508132118","status":"running","currentPhase":"discovery","currentAgent":"scope","completedAgents":["oracle","empathy","venture","strategos"],"runningAgents":["scope"],"failedAgents":[],"progress":13}
[Executor] AI execution succeeded: 5319 tokens, provider=anthropic
[Executor] Response content type: string, length: 6886
[Executor] Parsing response: {
  "in_scope": [
    {
      "feature": "Build List Panel",
      "description": "Shows a list of a...
[Parser] ===== PARSING scope =====
[Parser] Raw content length: 6886
[Parser] Raw content start: {
  "in_scope": [
    {
      "feature": "Build List Panel",
      "description": "Shows a list of active and completed builds with status indicators, timestamps, and duration",
      "priority": "P0"...
[Parser] Extracted JSON length: 6886
[Parser] Extracted JSON start: {
  "in_scope": [
    {
      "feature": "Build List Panel",
      "description": "Shows a list of active and completed builds with status indicators, timestamps, and duration",
      "priority": "P0"...
[Parser] JSON.parse SUCCESS for scope
[Parser] Agent scope: parsed.files exists = false, isArray = false, length = 0
[Executor] Parsed successfully: artifacts=1, status=completed
Agent scope validation issues: 1 error(s): Expected array
[EXECUTOR] 2026-01-27T10:03:11.011Z - executor.execute() RETURNED for scope in 11600ms {"success":true,"hasOutput":true,"errorMessage":null,"artifactCount":1}
[Orchestrator] Agent scope - Quality Score: 100/100 (min: 60)
[Orchestrator] Agent scope - Quality PASSED on iteration 1
[PERSISTENCE] Database connection failed for critical decisions: Error: Missing SUPABASE_SERVICE_ROLE_KEY
    at createServiceRoleClient (C:\Users\SBS\Desktop\New folder (4)\vito\src\lib\auth\clients\admin.ts:20:11)
    at saveCriticalDecisions (C:\Users\SBS\Desktop\New folder (4)\vito\src\lib\agents\context\persistence.ts:189:22)
    at BuildContextManager.persistCriticalDecisions (C:\Users\SBS\Desktop\New folder (4)\vito\src\lib\agents\context\manager.ts:204:5)
    at BuildContextManager.updateCriticalDecisions (C:\Users\SBS\Desktop\New folder (4)\vito\src\lib\agents\context\manager.ts:169:10)
    at BuildContextManager.recordOutput (C:\Users\SBS\Desktop\New folder (4)\vito\src\lib\agents\context\manager.ts:147:10)
    at BuildOrchestrator.finalizeAgentSuccess (C:\Users\SBS\Desktop\New folder (4)\vito\src\lib\agents\orchestrator\orchestrator.ts:1779:18)
    at BuildOrchestrator.executeAgentWithFeedback (C:\Users\SBS\Desktop\New folder (4)\vito\src\lib\agents\orchestrator\orchestrator.ts:1481:23)
    at process.processTicksAndRejections (node:internal/process/task_queues:103:5)
    at async BuildOrchestrator.executeAgent (C:\Users\SBS\Desktop\New folder (4)\vito\src\lib\agents\orchestrator\orchestrator.ts:1234:22)
    at async Promise.all (index 0)
[PERSISTENCE] Database connection failed (non-fatal): Error: Missing SUPABASE_SERVICE_ROLE_KEY
    at createServiceRoleClient (C:\Users\SBS\Desktop\New folder (4)\vito\src\lib\auth\clients\admin.ts:20:11)
    at saveAgentOutput (C:\Users\SBS\Desktop\New folder (4)\vito\src\lib\agents\context\persistence.ts:74:22)
    at BuildOrchestrator.finalizeAgentSuccess (C:\Users\SBS\Desktop\New folder (4)\vito\src\lib\agents\orchestrator\orchestrator.ts:1780:11)
    at BuildOrchestrator.executeAgentWithFeedback (C:\Users\SBS\Desktop\New folder (4)\vito\src\lib\agents\orchestrator\orchestrator.ts:1481:23)
    at process.processTicksAndRejections (node:internal/process/task_queues:103:5)
    at async BuildOrchestrator.executeAgent (C:\Users\SBS\Desktop\New folder (4)\vito\src\lib\agents\orchestrator\orchestrator.ts:1234:22)
    at async Promise.all (index 0)
    at async BuildOrchestrator.executePhase (C:\Users\SBS\Desktop\New folder (4)\vito\src\lib\agents\orchestrator\orchestrator.ts:1060:26)
    at async BuildOrchestrator.start (C:\Users\SBS\Desktop\New folder (4)\vito\src\lib\agents\orchestrator\orchestrator.ts:658:29)
    at async runBuild (C:\Users\SBS\Desktop\New folder (4)\vito\scripts\build-olympus-dashboard.ts:189:18)
    ‚Üí Agent scope: completed (1 artifacts)
[AGENT_CALL] 2026-01-27T10:03:11.014Z - COMPLETED: scope in 11603ms, success=true
  [16%] Phase: discovery | Agents: none
[Scheduler] Phase discovery COMPLETE. Status: [{"agentId":"oracle","completed":true,"failed":false,"optional":false},{"agentId":"empathy","completed":true,"failed":false,"optional":false},{"agentId":"venture","completed":true,"failed":false,"optional":true},{"agentId":"strategos","completed":true,"failed":false,"optional":false},{"agentId":"scope","completed":true,"failed":false,"optional":false}]
  ‚úì Phase discovery completed (completed)
[ORCH_PHASE] 2026-01-27T10:03:11.017Z - Phase discovery result: success=true, error=none
[Orchestrator] ‚úì Phase discovery completed. Completed phases: discovery
[Orchestrator] ===== PHASE 2/7: conversion =====
[Orchestrator] Phase agents (4): psyche, scribe, architect_conversion, conversion_judge
[ORCH_PHASE] 2026-01-27T10:03:11.018Z - ENTERING: executePhase(conversion)
[ORCH_PHASE] 2026-01-27T10:03:11.018Z - Starting phase loop for conversion
[ORCH_LOOP] 2026-01-27T10:03:11.018Z - Loop iteration 1 {"phase":"conversion","nextAgents":["psyche"],"runningAgents":[],"deadlockCounter":0,"isPhaseComplete":false}
[AGENT_CALL] 2026-01-27T10:03:11.019Z - ENTERING: executeAgent(psyche)
[DEGRADATION] Agent psyche not active in tier GOLD - skipping
[PERSISTENCE] Database connection failed for critical decisions: Error: Missing SUPABASE_SERVICE_ROLE_KEY
    at createServiceRoleClient (C:\Users\SBS\Desktop\New folder (4)\vito\src\lib\auth\clients\admin.ts:20:11)
    at saveCriticalDecisions (C:\Users\SBS\Desktop\New folder (4)\vito\src\lib\agents\context\persistence.ts:189:22)
    at BuildContextManager.persistCriticalDecisions (C:\Users\SBS\Desktop\New folder (4)\vito\src\lib\agents\context\manager.ts:204:5)
    at BuildContextManager.updateCriticalDecisions (C:\Users\SBS\Desktop\New folder (4)\vito\src\lib\agents\context\manager.ts:169:10)
    at BuildContextManager.recordOutput (C:\Users\SBS\Desktop\New folder (4)\vito\src\lib\agents\context\manager.ts:147:10)
    at BuildOrchestrator.executeAgent (C:\Users\SBS\Desktop\New folder (4)\vito\src\lib\agents\orchestrator\orchestrator.ts:1203:20)
    at <anonymous> (C:\Users\SBS\Desktop\New folder (4)\vito\src\lib\agents\orchestrator\orchestrator.ts:1053:59)
    at Array.map (<anonymous>)
    at BuildOrchestrator.executePhase (C:\Users\SBS\Desktop\New folder (4)\vito\src\lib\agents\orchestrator\orchestrator.ts:1053:37)
    at BuildOrchestrator.start (C:\Users\SBS\Desktop\New folder (4)\vito\src\lib\agents\orchestrator\orchestrator.ts:658:40)
  [19%] Phase: conversion | Agents: none
[AGENT_CALL] 2026-01-27T10:03:11.022Z - ENTERING: executeAgent(scribe)
[AGENT_CALL] 2026-01-27T10:03:11.022Z - CALLING: scribe (phase: conversion)
[Orchestrator] Agent scribe - Iteration 1/3
[ARCHON-PARSER] ‚ö†Ô∏è WARNING: ARCHON output failed validation. Using partial merge with defaults. 
  Output keys:  
  This may indicate a malformed ARCHON response.
[50X COORDINATION] scribe: Injected 286 tokens of upstream constraints
[EXECUTOR] 2026-01-27T10:03:11.023Z - Creating executor for scribe, iteration 1
[EXECUTOR] 2026-01-27T10:03:11.023Z - CALLING executor.execute() for scribe
[Executor] Dependency psyche was skipped (tier_degradation). Agent scribe will use fallback behavior.
[PERSISTENCE] ‚úì CriticalDecisions saved to file: C:\Users\SBS\Desktop\New folder (4)\vito\.olympus\decisions\olympus-dashboard-1769508132118.json
[PERSISTENCE] ‚úì CriticalDecisions saved to file: C:\Users\SBS\Desktop\New folder (4)\vito\.olympus\decisions\olympus-dashboard-1769508132118.json
[HEARTBEAT] 2026-01-27T10:03:12.215Z {"buildId":"olympus-dashboard-1769508132118","status":"running","currentPhase":"conversion","currentAgent":"scribe","completedAgents":["oracle","empathy","venture","strategos","scope","psyche"],"runningAgents":["scribe"],"failedAgents":[],"progress":19}
[HEARTBEAT] 2026-01-27T10:03:17.219Z {"buildId":"olympus-dashboard-1769508132118","status":"running","currentPhase":"conversion","currentAgent":"scribe","completedAgents":["oracle","empathy","venture","strategos","scope","psyche"],"runningAgents":["scribe"],"failedAgents":[],"progress":19}
[HEARTBEAT] 2026-01-27T10:03:22.220Z {"buildId":"olympus-dashboard-1769508132118","status":"running","currentPhase":"conversion","currentAgent":"scribe","completedAgents":["oracle","empathy","venture","strategos","scope","psyche"],"runningAgents":["scribe"],"failedAgents":[],"progress":19}
[HEARTBEAT] 2026-01-27T10:03:27.222Z {"buildId":"olympus-dashboard-1769508132118","status":"running","currentPhase":"conversion","currentAgent":"scribe","completedAgents":["oracle","empathy","venture","strategos","scope","psyche"],"runningAgents":["scribe"],"failedAgents":[],"progress":19}
[HEARTBEAT] 2026-01-27T10:03:32.223Z {"buildId":"olympus-dashboard-1769508132118","status":"running","currentPhase":"conversion","currentAgent":"scribe","completedAgents":["oracle","empathy","venture","strategos","scope","psyche"],"runningAgents":["scribe"],"failedAgents":[],"progress":19}
[HEARTBEAT] 2026-01-27T10:03:37.224Z {"buildId":"olympus-dashboard-1769508132118","status":"running","currentPhase":"conversion","currentAgent":"scribe","completedAgents":["oracle","empathy","venture","strategos","scope","psyche"],"runningAgents":["scribe"],"failedAgents":[],"progress":19}
[HEARTBEAT] 2026-01-27T10:03:42.230Z {"buildId":"olympus-dashboard-1769508132118","status":"running","currentPhase":"conversion","currentAgent":"scribe","completedAgents":["oracle","empathy","venture","strategos","scope","psyche"],"runningAgents":["scribe"],"failedAgents":[],"progress":19}
[Executor] AI execution succeeded: 8689 tokens, provider=anthropic
[Executor] Response content type: string, length: 16370
[Executor] Parsing response: {
  "headlines": [
    {
      "text": "Demystify Your Next Build With OLYMPUS Builder",
      "form...
[Parser] ===== PARSING scribe =====
[Parser] Raw content length: 16370
[Parser] Raw content start: {
  "headlines": [
    {
      "text": "Demystify Your Next Build With OLYMPUS Builder",
      "formula": "outcome-without-pain",
      "trigger": "salvation"
    },
    {
      "text": "See Exactly W...
[Parser] Extracted JSON length: 15980
[Parser] Extracted JSON start: {
  "headlines": [
    {
      "text": "Demystify Your Next Build With OLYMPUS Builder",
      "formula": "outcome-without-pain",
      "trigger": "salvation"
    },
    {
      "text": "See Exactly W...
[Parser] ===== PARSE FAILED for scribe =====
[Parser] Error: Expected ',' or '}' after property value in JSON at position 341 (line 14 column 30)
[Parser] Raw content first 500 chars: {
  "headlines": [
    {
      "text": "Demystify Your Next Build With OLYMPUS Builder",
      "formula": "outcome-without-pain",
      "trigger": "salvation"
    },
    {
      "text": "See Exactly What's Happening in Your Build - In Real-Time",
      "formula": "how-to",
      "trigger": "greed"
    },
    {
      "text": "Never Wonder "What's Going On?" With Your Build Again",
      "formula": "outcome-without-pain",
      "trigger": "fear"
    },
    {
      "text": "7 Things You Must Know B
[Executor] Parsed successfully: artifacts=1, status=completed
[EXECUTOR] 2026-01-27T10:03:42.232Z - executor.execute() RETURNED for scribe in 31209ms {"success":true,"hasOutput":true,"errorMessage":null,"artifactCount":1}
[Orchestrator] Agent scribe - Quality Score: 100/100 (min: 60)
[Orchestrator] Agent scribe - Quality PASSED on iteration 1
[PERSISTENCE] Database connection failed for critical decisions: Error: Missing SUPABASE_SERVICE_ROLE_KEY
    at createServiceRoleClient (C:\Users\SBS\Desktop\New folder (4)\vito\src\lib\auth\clients\admin.ts:20:11)
    at saveCriticalDecisions (C:\Users\SBS\Desktop\New folder (4)\vito\src\lib\agents\context\persistence.ts:189:22)
    at BuildContextManager.persistCriticalDecisions (C:\Users\SBS\Desktop\New folder (4)\vito\src\lib\agents\context\manager.ts:204:5)
    at BuildContextManager.updateCriticalDecisions (C:\Users\SBS\Desktop\New folder (4)\vito\src\lib\agents\context\manager.ts:169:10)
    at BuildContextManager.recordOutput (C:\Users\SBS\Desktop\New folder (4)\vito\src\lib\agents\context\manager.ts:147:10)
    at BuildOrchestrator.finalizeAgentSuccess (C:\Users\SBS\Desktop\New folder (4)\vito\src\lib\agents\orchestrator\orchestrator.ts:1779:18)
    at BuildOrchestrator.executeAgentWithFeedback (C:\Users\SBS\Desktop\New folder (4)\vito\src\lib\agents\orchestrator\orchestrator.ts:1481:23)
    at process.processTicksAndRejections (node:internal/process/task_queues:103:5)
    at async BuildOrchestrator.executeAgent (C:\Users\SBS\Desktop\New folder (4)\vito\src\lib\agents\orchestrator\orchestrator.ts:1234:22)
    at async Promise.all (index 0)
[PERSISTENCE] Database connection failed (non-fatal): Error: Missing SUPABASE_SERVICE_ROLE_KEY
    at createServiceRoleClient (C:\Users\SBS\Desktop\New folder (4)\vito\src\lib\auth\clients\admin.ts:20:11)
    at saveAgentOutput (C:\Users\SBS\Desktop\New folder (4)\vito\src\lib\agents\context\persistence.ts:74:22)
    at BuildOrchestrator.finalizeAgentSuccess (C:\Users\SBS\Desktop\New folder (4)\vito\src\lib\agents\orchestrator\orchestrator.ts:1780:11)
    at BuildOrchestrator.executeAgentWithFeedback (C:\Users\SBS\Desktop\New folder (4)\vito\src\lib\agents\orchestrator\orchestrator.ts:1481:23)
    at process.processTicksAndRejections (node:internal/process/task_queues:103:5)
    at async BuildOrchestrator.executeAgent (C:\Users\SBS\Desktop\New folder (4)\vito\src\lib\agents\orchestrator\orchestrator.ts:1234:22)
    at async Promise.all (index 0)
    at async BuildOrchestrator.executePhase (C:\Users\SBS\Desktop\New folder (4)\vito\src\lib\agents\orchestrator\orchestrator.ts:1060:26)
    at async BuildOrchestrator.start (C:\Users\SBS\Desktop\New folder (4)\vito\src\lib\agents\orchestrator\orchestrator.ts:658:29)
    at async runBuild (C:\Users\SBS\Desktop\New folder (4)\vito\scripts\build-olympus-dashboard.ts:189:18)
    ‚Üí Agent scribe: completed (1 artifacts)
[AGENT_CALL] 2026-01-27T10:03:42.234Z - COMPLETED: scribe in 31212ms, success=true
  [22%] Phase: conversion | Agents: none
[AGENT_CALL] 2026-01-27T10:03:42.234Z - ENTERING: executeAgent(architect_conversion)
[AGENT_CALL] 2026-01-27T10:03:42.234Z - CALLING: architect_conversion (phase: conversion)
[Orchestrator] Agent architect_conversion - Iteration 1/3
[ARCHON-PARSER] ‚ö†Ô∏è WARNING: ARCHON output failed validation. Using partial merge with defaults. 
  Output keys:  
  This may indicate a malformed ARCHON response.
[50X COORDINATION] architect_conversion: Injected 286 tokens of upstream constraints
[EXECUTOR] 2026-01-27T10:03:42.234Z - Creating executor for architect_conversion, iteration 1
[EXECUTOR] 2026-01-27T10:03:42.234Z - CALLING executor.execute() for architect_conversion
[Executor] Dependency venture was skipped (tier_degradation). Agent architect_conversion will use fallback behavior.
[PERSISTENCE] ‚úì CriticalDecisions saved to file: C:\Users\SBS\Desktop\New folder (4)\vito\.olympus\decisions\olympus-dashboard-1769508132118.json
[HEARTBEAT] 2026-01-27T10:03:47.230Z {"buildId":"olympus-dashboard-1769508132118","status":"running","currentPhase":"conversion","currentAgent":"architect_conversion","completedAgents":["oracle","empathy","venture","strategos","scope","psyche","scribe"],"runningAgents":["architect_conversion"],"failedAgents":[],"progress":22}
[HEARTBEAT] 2026-01-27T10:03:52.237Z {"buildId":"olympus-dashboard-1769508132118","status":"running","currentPhase":"conversion","currentAgent":"architect_conversion","completedAgents":["oracle","empathy","venture","strategos","scope","psyche","scribe"],"runningAgents":["architect_conversion"],"failedAgents":[],"progress":22}
[HEARTBEAT] 2026-01-27T10:03:57.248Z {"buildId":"olympus-dashboard-1769508132118","status":"running","currentPhase":"conversion","currentAgent":"architect_conversion","completedAgents":["oracle","empathy","venture","strategos","scope","psyche","scribe"],"runningAgents":["architect_conversion"],"failedAgents":[],"progress":22}
[Executor] AI execution succeeded: 5287 tokens, provider=anthropic
[Executor] Response content type: string, length: 7844
[Executor] Parsing response: {
  "page_blueprint": {
    "page_type": "sales_page",
    "sections": [
      {
        "id": "hero...
[Parser] ===== PARSING architect_conversion =====
[Parser] Raw content length: 7844
[Parser] Raw content start: {
  "page_blueprint": {
    "page_type": "sales_page",
    "sections": [
      {
        "id": "hero",
        "order": 1,
        "type": "hero",
        "headline": "Unlock the Power of Your Builds ...
[Parser] Extracted JSON length: 7844
[Parser] Extracted JSON start: {
  "page_blueprint": {
    "page_type": "sales_page",
    "sections": [
      {
        "id": "hero",
        "order": 1,
        "type": "hero",
        "headline": "Unlock the Power of Your Builds ...
[Parser] JSON.parse SUCCESS for architect_conversion
[Parser] Agent architect_conversion: parsed.files exists = false, isArray = false, length = 0
[Executor] Parsed successfully: artifacts=1, status=completed
[EXECUTOR] 2026-01-27T10:03:59.233Z - executor.execute() RETURNED for architect_conversion in 16999ms {"success":true,"hasOutput":true,"errorMessage":null,"artifactCount":1}
[Orchestrator] Agent architect_conversion - Quality Score: 100/100 (min: 60)
[Orchestrator] Agent architect_conversion - Quality PASSED on iteration 1
[PERSISTENCE] Database connection failed for critical decisions: Error: Missing SUPABASE_SERVICE_ROLE_KEY
    at createServiceRoleClient (C:\Users\SBS\Desktop\New folder (4)\vito\src\lib\auth\clients\admin.ts:20:11)
    at saveCriticalDecisions (C:\Users\SBS\Desktop\New folder (4)\vito\src\lib\agents\context\persistence.ts:189:22)
    at BuildContextManager.persistCriticalDecisions (C:\Users\SBS\Desktop\New folder (4)\vito\src\lib\agents\context\manager.ts:204:5)
    at BuildContextManager.updateCriticalDecisions (C:\Users\SBS\Desktop\New folder (4)\vito\src\lib\agents\context\manager.ts:169:10)
    at BuildContextManager.recordOutput (C:\Users\SBS\Desktop\New folder (4)\vito\src\lib\agents\context\manager.ts:147:10)
    at BuildOrchestrator.finalizeAgentSuccess (C:\Users\SBS\Desktop\New folder (4)\vito\src\lib\agents\orchestrator\orchestrator.ts:1779:18)
    at BuildOrchestrator.executeAgentWithFeedback (C:\Users\SBS\Desktop\New folder (4)\vito\src\lib\agents\orchestrator\orchestrator.ts:1481:23)
    at process.processTicksAndRejections (node:internal/process/task_queues:103:5)
    at async BuildOrchestrator.executeAgent (C:\Users\SBS\Desktop\New folder (4)\vito\src\lib\agents\orchestrator\orchestrator.ts:1234:22)
    at async Promise.all (index 0)
[PERSISTENCE] Database connection failed (non-fatal): Error: Missing SUPABASE_SERVICE_ROLE_KEY
    at createServiceRoleClient (C:\Users\SBS\Desktop\New folder (4)\vito\src\lib\auth\clients\admin.ts:20:11)
    at saveAgentOutput (C:\Users\SBS\Desktop\New folder (4)\vito\src\lib\agents\context\persistence.ts:74:22)
    at BuildOrchestrator.finalizeAgentSuccess (C:\Users\SBS\Desktop\New folder (4)\vito\src\lib\agents\orchestrator\orchestrator.ts:1780:11)
    at BuildOrchestrator.executeAgentWithFeedback (C:\Users\SBS\Desktop\New folder (4)\vito\src\lib\agents\orchestrator\orchestrator.ts:1481:23)
    at process.processTicksAndRejections (node:internal/process/task_queues:103:5)
    at async BuildOrchestrator.executeAgent (C:\Users\SBS\Desktop\New folder (4)\vito\src\lib\agents\orchestrator\orchestrator.ts:1234:22)
    at async Promise.all (index 0)
    at async BuildOrchestrator.executePhase (C:\Users\SBS\Desktop\New folder (4)\vito\src\lib\agents\orchestrator\orchestrator.ts:1060:26)
    at async BuildOrchestrator.start (C:\Users\SBS\Desktop\New folder (4)\vito\src\lib\agents\orchestrator\orchestrator.ts:658:29)
    at async runBuild (C:\Users\SBS\Desktop\New folder (4)\vito\scripts\build-olympus-dashboard.ts:189:18)
    ‚Üí Agent architect_conversion: completed (1 artifacts)
[AGENT_CALL] 2026-01-27T10:03:59.234Z - COMPLETED: architect_conversion in 17000ms, success=true
  [25%] Phase: conversion | Agents: none
[AGENT_CALL] 2026-01-27T10:03:59.234Z - ENTERING: executeAgent(conversion_judge)
[DEGRADATION] Agent conversion_judge not active in tier GOLD - skipping
[PERSISTENCE] Database connection failed for critical decisions: Error: Missing SUPABASE_SERVICE_ROLE_KEY
    at createServiceRoleClient (C:\Users\SBS\Desktop\New folder (4)\vito\src\lib\auth\clients\admin.ts:20:11)
    at saveCriticalDecisions (C:\Users\SBS\Desktop\New folder (4)\vito\src\lib\agents\context\persistence.ts:189:22)
    at BuildContextManager.persistCriticalDecisions (C:\Users\SBS\Desktop\New folder (4)\vito\src\lib\agents\context\manager.ts:204:5)
    at BuildContextManager.updateCriticalDecisions (C:\Users\SBS\Desktop\New folder (4)\vito\src\lib\agents\context\manager.ts:169:10)
    at BuildContextManager.recordOutput (C:\Users\SBS\Desktop\New folder (4)\vito\src\lib\agents\context\manager.ts:147:10)
    at BuildOrchestrator.executeAgent (C:\Users\SBS\Desktop\New folder (4)\vito\src\lib\agents\orchestrator\orchestrator.ts:1203:20)
    at <anonymous> (C:\Users\SBS\Desktop\New folder (4)\vito\src\lib\agents\orchestrator\orchestrator.ts:1053:59)
    at Array.map (<anonymous>)
    at BuildOrchestrator.executePhase (C:\Users\SBS\Desktop\New folder (4)\vito\src\lib\agents\orchestrator\orchestrator.ts:1053:37)
    at process.processTicksAndRejections (node:internal/process/task_queues:103:5)
  [28%] Phase: conversion | Agents: none
[Scheduler] Phase conversion COMPLETE. Status: [{"agentId":"psyche","completed":true,"failed":false,"optional":false},{"agentId":"scribe","completed":true,"failed":false,"optional":false},{"agentId":"architect_conversion","completed":true,"failed":false,"optional":false},{"agentId":"conversion_judge","completed":true,"failed":false,"optional":false}]
  ‚úì Phase conversion completed (completed)
[ORCH_PHASE] 2026-01-27T10:03:59.236Z - Phase conversion result: success=true, error=none
[Orchestrator] ‚úì Phase conversion completed. Completed phases: discovery, conversion
[Orchestrator] ===== PHASE 3/7: design =====
[Orchestrator] Phase agents (6): palette, grid, blocks, cartographer, flow, artist
[ORCH_PHASE] 2026-01-27T10:03:59.236Z - ENTERING: executePhase(design)
[ORCH_PHASE] 2026-01-27T10:03:59.236Z - Starting phase loop for design
[ORCH_LOOP] 2026-01-27T10:03:59.236Z - Loop iteration 1 {"phase":"design","nextAgents":["palette"],"runningAgents":[],"deadlockCounter":0,"isPhaseComplete":false}
[AGENT_CALL] 2026-01-27T10:03:59.236Z - ENTERING: executeAgent(palette)
[AGENT_CALL] 2026-01-27T10:03:59.236Z - CALLING: palette (phase: design)
[Orchestrator] Agent palette - Iteration 1/3
[ARCHON-PARSER] ‚ö†Ô∏è WARNING: ARCHON output failed validation. Using partial merge with defaults. 
  Output keys:  
  This may indicate a malformed ARCHON response.
[50X COORDINATION] palette: Injected 500 tokens of upstream constraints
[EXECUTOR] 2026-01-27T10:03:59.238Z - Creating executor for palette, iteration 1
[EXECUTOR] 2026-01-27T10:03:59.238Z - CALLING executor.execute() for palette
[PERSISTENCE] ‚úì CriticalDecisions saved to file: C:\Users\SBS\Desktop\New folder (4)\vito\.olympus\decisions\olympus-dashboard-1769508132118.json
[PERSISTENCE] ‚úì CriticalDecisions saved to file: C:\Users\SBS\Desktop\New folder (4)\vito\.olympus\decisions\olympus-dashboard-1769508132118.json
[searchExamples] Collection dimension detected: 768
[Redis] Connected successfully
[HEARTBEAT] 2026-01-27T10:04:02.251Z {"buildId":"olympus-dashboard-1769508132118","status":"running","currentPhase":"design","currentAgent":"palette","completedAgents":["oracle","empathy","venture","strategos","scope","psyche","scribe","architect_conversion","conversion_judge"],"runningAgents":["palette"],"failedAgents":[],"progress":28}
[HEARTBEAT] 2026-01-27T10:04:07.254Z {"buildId":"olympus-dashboard-1769508132118","status":"running","currentPhase":"design","currentAgent":"palette","completedAgents":["oracle","empathy","venture","strategos","scope","psyche","scribe","architect_conversion","conversion_judge"],"runningAgents":["palette"],"failedAgents":[],"progress":28}
[HEARTBEAT] 2026-01-27T10:04:12.257Z {"buildId":"olympus-dashboard-1769508132118","status":"running","currentPhase":"design","currentAgent":"palette","completedAgents":["oracle","empathy","venture","strategos","scope","psyche","scribe","architect_conversion","conversion_judge"],"runningAgents":["palette"],"failedAgents":[],"progress":28}
[HEARTBEAT] 2026-01-27T10:04:17.258Z {"buildId":"olympus-dashboard-1769508132118","status":"running","currentPhase":"design","currentAgent":"palette","completedAgents":["oracle","empathy","venture","strategos","scope","psyche","scribe","architect_conversion","conversion_judge"],"runningAgents":["palette"],"failedAgents":[],"progress":28}
[Executor] AI execution succeeded: 8794 tokens, provider=anthropic
[Executor] Response content type: string, length: 5473
[Executor] Parsing response: ```json
{
  "brand_interpretation": {
    "user_request": "modern, professional, dark theme",
    "i...
[Parser] ===== PARSING palette =====
[Parser] Raw content length: 5473
[Parser] Raw content start: ```json
{
  "brand_interpretation": {
    "user_request": "modern, professional, dark theme",
    "interpreted_as": "A sophisticated, enterprise-grade design system with a focus on trustworthiness and...
[Parser] Extracted JSON length: 5461
[Parser] Extracted JSON start: {
  "brand_interpretation": {
    "user_request": "modern, professional, dark theme",
    "interpreted_as": "A sophisticated, enterprise-grade design system with a focus on trustworthiness and clarity...
[Parser] JSON.parse SUCCESS for palette
[Parser] Agent palette: parsed.files exists = false, isArray = false, length = 0
[Executor] Parsed successfully: artifacts=1, status=completed
[EXECUTOR] 2026-01-27T10:04:17.744Z - executor.execute() RETURNED for palette in 18506ms {"success":true,"hasOutput":true,"errorMessage":null,"artifactCount":1}
[Orchestrator] Agent palette - Quality Score: 100/100 (min: 60)
[Orchestrator] Agent palette - Quality PASSED on iteration 1
[PERSISTENCE] Database connection failed for critical decisions: Error: Missing SUPABASE_SERVICE_ROLE_KEY
    at createServiceRoleClient (C:\Users\SBS\Desktop\New folder (4)\vito\src\lib\auth\clients\admin.ts:20:11)
    at saveCriticalDecisions (C:\Users\SBS\Desktop\New folder (4)\vito\src\lib\agents\context\persistence.ts:189:22)
    at BuildContextManager.persistCriticalDecisions (C:\Users\SBS\Desktop\New folder (4)\vito\src\lib\agents\context\manager.ts:204:5)
    at BuildContextManager.updateCriticalDecisions (C:\Users\SBS\Desktop\New folder (4)\vito\src\lib\agents\context\manager.ts:169:10)
    at BuildContextManager.recordOutput (C:\Users\SBS\Desktop\New folder (4)\vito\src\lib\agents\context\manager.ts:147:10)
    at BuildOrchestrator.finalizeAgentSuccess (C:\Users\SBS\Desktop\New folder (4)\vito\src\lib\agents\orchestrator\orchestrator.ts:1779:18)
    at BuildOrchestrator.executeAgentWithFeedback (C:\Users\SBS\Desktop\New folder (4)\vito\src\lib\agents\orchestrator\orchestrator.ts:1481:23)
    at process.processTicksAndRejections (node:internal/process/task_queues:103:5)
    at async BuildOrchestrator.executeAgent (C:\Users\SBS\Desktop\New folder (4)\vito\src\lib\agents\orchestrator\orchestrator.ts:1234:22)
    at async Promise.all (index 0)
[PERSISTENCE] Database connection failed (non-fatal): Error: Missing SUPABASE_SERVICE_ROLE_KEY
    at createServiceRoleClient (C:\Users\SBS\Desktop\New folder (4)\vito\src\lib\auth\clients\admin.ts:20:11)
    at saveAgentOutput (C:\Users\SBS\Desktop\New folder (4)\vito\src\lib\agents\context\persistence.ts:74:22)
    at BuildOrchestrator.finalizeAgentSuccess (C:\Users\SBS\Desktop\New folder (4)\vito\src\lib\agents\orchestrator\orchestrator.ts:1780:11)
    at BuildOrchestrator.executeAgentWithFeedback (C:\Users\SBS\Desktop\New folder (4)\vito\src\lib\agents\orchestrator\orchestrator.ts:1481:23)
    at process.processTicksAndRejections (node:internal/process/task_queues:103:5)
    at async BuildOrchestrator.executeAgent (C:\Users\SBS\Desktop\New folder (4)\vito\src\lib\agents\orchestrator\orchestrator.ts:1234:22)
    at async Promise.all (index 0)
    at async BuildOrchestrator.executePhase (C:\Users\SBS\Desktop\New folder (4)\vito\src\lib\agents\orchestrator\orchestrator.ts:1060:26)
    at async BuildOrchestrator.start (C:\Users\SBS\Desktop\New folder (4)\vito\src\lib\agents\orchestrator\orchestrator.ts:658:29)
    at async runBuild (C:\Users\SBS\Desktop\New folder (4)\vito\scripts\build-olympus-dashboard.ts:189:18)
    ‚Üí Agent palette: completed (1 artifacts)
[AGENT_CALL] 2026-01-27T10:04:17.745Z - COMPLETED: palette in 18509ms, success=true
  [31%] Phase: design | Agents: none
[AGENT_CALL] 2026-01-27T10:04:17.746Z - ENTERING: executeAgent(grid)
[DEGRADATION] Agent grid not active in tier GOLD - skipping
[PERSISTENCE] Database connection failed for critical decisions: Error: Missing SUPABASE_SERVICE_ROLE_KEY
    at createServiceRoleClient (C:\Users\SBS\Desktop\New folder (4)\vito\src\lib\auth\clients\admin.ts:20:11)
    at saveCriticalDecisions (C:\Users\SBS\Desktop\New folder (4)\vito\src\lib\agents\context\persistence.ts:189:22)
    at BuildContextManager.persistCriticalDecisions (C:\Users\SBS\Desktop\New folder (4)\vito\src\lib\agents\context\manager.ts:204:5)
    at BuildContextManager.updateCriticalDecisions (C:\Users\SBS\Desktop\New folder (4)\vito\src\lib\agents\context\manager.ts:169:10)
    at BuildContextManager.recordOutput (C:\Users\SBS\Desktop\New folder (4)\vito\src\lib\agents\context\manager.ts:147:10)
    at BuildOrchestrator.executeAgent (C:\Users\SBS\Desktop\New folder (4)\vito\src\lib\agents\orchestrator\orchestrator.ts:1203:20)
    at <anonymous> (C:\Users\SBS\Desktop\New folder (4)\vito\src\lib\agents\orchestrator\orchestrator.ts:1053:59)
    at Array.map (<anonymous>)
    at BuildOrchestrator.executePhase (C:\Users\SBS\Desktop\New folder (4)\vito\src\lib\agents\orchestrator\orchestrator.ts:1053:37)
    at process.processTicksAndRejections (node:internal/process/task_queues:103:5)
  [34%] Phase: design | Agents: none
[AGENT_CALL] 2026-01-27T10:04:17.747Z - ENTERING: executeAgent(blocks)
[AGENT_CALL] 2026-01-27T10:04:17.748Z - CALLING: blocks (phase: design)
[Orchestrator] Agent blocks - Iteration 1/3
[ARCHON-PARSER] ‚ö†Ô∏è WARNING: ARCHON output failed validation. Using partial merge with defaults. 
  Output keys:  
  This may indicate a malformed ARCHON response.
[50X COORDINATION] blocks: Injected 845 tokens of upstream constraints
[EXECUTOR] 2026-01-27T10:04:17.748Z - Creating executor for blocks, iteration 1
[EXECUTOR] 2026-01-27T10:04:17.748Z - CALLING executor.execute() for blocks
[Executor] Dependency grid was skipped (tier_degradation). Agent blocks will use fallback behavior.
[PERSISTENCE] ‚úì CriticalDecisions saved to file: C:\Users\SBS\Desktop\New folder (4)\vito\.olympus\decisions\olympus-dashboard-1769508132118.json
[PERSISTENCE] ‚úì CriticalDecisions saved to file: C:\Users\SBS\Desktop\New folder (4)\vito\.olympus\decisions\olympus-dashboard-1769508132118.json
[HEARTBEAT] 2026-01-27T10:04:22.267Z {"buildId":"olympus-dashboard-1769508132118","status":"running","currentPhase":"design","currentAgent":"blocks","completedAgents":["oracle","empathy","venture","strategos","scope","psyche","scribe","architect_conversion","conversion_judge","palette","grid"],"runningAgents":["blocks"],"failedAgents":[],"progress":34}
[HEARTBEAT] 2026-01-27T10:04:27.271Z {"buildId":"olympus-dashboard-1769508132118","status":"running","currentPhase":"design","currentAgent":"blocks","completedAgents":["oracle","empathy","venture","strategos","scope","psyche","scribe","architect_conversion","conversion_judge","palette","grid"],"runningAgents":["blocks"],"failedAgents":[],"progress":34}
[HEARTBEAT] 2026-01-27T10:04:32.285Z {"buildId":"olympus-dashboard-1769508132118","status":"running","currentPhase":"design","currentAgent":"blocks","completedAgents":["oracle","empathy","venture","strategos","scope","psyche","scribe","architect_conversion","conversion_judge","palette","grid"],"runningAgents":["blocks"],"failedAgents":[],"progress":34}
[HEARTBEAT] 2026-01-27T10:04:37.292Z {"buildId":"olympus-dashboard-1769508132118","status":"running","currentPhase":"design","currentAgent":"blocks","completedAgents":["oracle","empathy","venture","strategos","scope","psyche","scribe","architect_conversion","conversion_judge","palette","grid"],"runningAgents":["blocks"],"failedAgents":[],"progress":34}
[HEARTBEAT] 2026-01-27T10:04:42.295Z {"buildId":"olympus-dashboard-1769508132118","status":"running","currentPhase":"design","currentAgent":"blocks","completedAgents":["oracle","empathy","venture","strategos","scope","psyche","scribe","architect_conversion","conversion_judge","palette","grid"],"runningAgents":["blocks"],"failedAgents":[],"progress":34}
[Executor] AI execution succeeded: 19199 tokens, provider=anthropic
[Executor] Response content type: string, length: 12639
[Executor] Parsing response: {
  "architecture_overview": {
    "total_components": 60,
    "atoms": 8,
    "molecules": 32,
    ...
[Parser] ===== PARSING blocks =====
[Parser] Raw content length: 12639
[Parser] Raw content start: {
  "architecture_overview": {
    "total_components": 60,
    "atoms": 8,
    "molecules": 32,
    "organisms": 15,
    "templates": 5,
    "design_system": "OLYMPUS 50X"
  },
  "design_tokens_consum...
[Parser] Extracted JSON length: 12639
[Parser] Extracted JSON start: {
  "architecture_overview": {
    "total_components": 60,
    "atoms": 8,
    "molecules": 32,
    "organisms": 15,
    "templates": 5,
    "design_system": "OLYMPUS 50X"
  },
  "design_tokens_consum...
[Parser] ===== PARSE FAILED for blocks =====
[Parser] Error: Bad control character in string literal in JSON at position 12333 (line 473 column 37)
[Parser] Raw content first 500 chars: {
  "architecture_overview": {
    "total_components": 60,
    "atoms": 8,
    "molecules": 32,
    "organisms": 15,
    "templates": 5,
    "design_system": "OLYMPUS 50X"
  },
  "design_tokens_consumed": {
    "from_palette": [
      "colors",
      "typography",
      "spacing",
      "radius",
      "shadows",
      "motion"
    ],
    "token_mapping": {
      "button.background": "colors.primary.500",
      "button.text": "colors.neutral.50"
    }
  },
  "components": [
    {
      "name": "
[Executor] Parsed successfully: artifacts=1, status=completed
[EXECUTOR] 2026-01-27T10:04:46.001Z - executor.execute() RETURNED for blocks in 28253ms {"success":true,"hasOutput":true,"errorMessage":null,"artifactCount":1}
[Orchestrator] Agent blocks - Quality Score: 100/100 (min: 60)
[Orchestrator] Agent blocks - Quality PASSED on iteration 1
[JSON] Parse failed in critical-summarizer:paletteDecisions: SyntaxError: Bad control character in string literal in JSON at position 12333 (line 473 column 37)
    at JSON.parse (<anonymous>)
    at safeJsonParse (C:\Users\SBS\Desktop\New folder (4)\vito\src\lib\utils\safe-json.ts:23:17)
    at extractPaletteDecisions (C:\Users\SBS\Desktop\New folder (4)\vito\src\lib\agents\coordination\critical-summarizer.ts:241:18)
    at updateCriticalDecisions (C:\Users\SBS\Desktop\New folder (4)\vito\src\lib\agents\coordination\critical-summarizer.ts:502:27)
    at BuildContextManager.updateCriticalDecisions (C:\Users\SBS\Desktop\New folder (4)\vito\src\lib\agents\context\manager.ts:160:33)
    at BuildContextManager.recordOutput (C:\Users\SBS\Desktop\New folder (4)\vito\src\lib\agents\context\manager.ts:147:10)
    at BuildOrchestrator.finalizeAgentSuccess (C:\Users\SBS\Desktop\New folder (4)\vito\src\lib\agents\orchestrator\orchestrator.ts:1779:18)
    at BuildOrchestrator.executeAgentWithFeedback (C:\Users\SBS\Desktop\New folder (4)\vito\src\lib\agents\orchestrator\orchestrator.ts:1481:23)
    at process.processTicksAndRejections (node:internal/process/task_queues:103:5)
    at async BuildOrchestrator.executeAgent (C:\Users\SBS\Desktop\New folder (4)\vito\src\lib\agents\orchestrator\orchestrator.ts:1234:22)
[JSON] Content preview: {
  "architecture_overview": {
    "total_components": 60,
    "atoms": 8,
    "molecules": 32,
    "organisms": 15,
    "templates": 5,
    "design_system": "OLYMPUS 50X"
  },
  "design_tokens_consum...
[PERSISTENCE] Database connection failed for critical decisions: Error: Missing SUPABASE_SERVICE_ROLE_KEY
    at createServiceRoleClient (C:\Users\SBS\Desktop\New folder (4)\vito\src\lib\auth\clients\admin.ts:20:11)
    at saveCriticalDecisions (C:\Users\SBS\Desktop\New folder (4)\vito\src\lib\agents\context\persistence.ts:189:22)
    at BuildContextManager.persistCriticalDecisions (C:\Users\SBS\Desktop\New folder (4)\vito\src\lib\agents\context\manager.ts:204:5)
    at BuildContextManager.updateCriticalDecisions (C:\Users\SBS\Desktop\New folder (4)\vito\src\lib\agents\context\manager.ts:169:10)
    at BuildContextManager.recordOutput (C:\Users\SBS\Desktop\New folder (4)\vito\src\lib\agents\context\manager.ts:147:10)
    at BuildOrchestrator.finalizeAgentSuccess (C:\Users\SBS\Desktop\New folder (4)\vito\src\lib\agents\orchestrator\orchestrator.ts:1779:18)
    at BuildOrchestrator.executeAgentWithFeedback (C:\Users\SBS\Desktop\New folder (4)\vito\src\lib\agents\orchestrator\orchestrator.ts:1481:23)
    at process.processTicksAndRejections (node:internal/process/task_queues:103:5)
    at async BuildOrchestrator.executeAgent (C:\Users\SBS\Desktop\New folder (4)\vito\src\lib\agents\orchestrator\orchestrator.ts:1234:22)
    at async Promise.all (index 0)
[PERSISTENCE] Database connection failed (non-fatal): Error: Missing SUPABASE_SERVICE_ROLE_KEY
    at createServiceRoleClient (C:\Users\SBS\Desktop\New folder (4)\vito\src\lib\auth\clients\admin.ts:20:11)
    at saveAgentOutput (C:\Users\SBS\Desktop\New folder (4)\vito\src\lib\agents\context\persistence.ts:74:22)
    at BuildOrchestrator.finalizeAgentSuccess (C:\Users\SBS\Desktop\New folder (4)\vito\src\lib\agents\orchestrator\orchestrator.ts:1780:11)
    at BuildOrchestrator.executeAgentWithFeedback (C:\Users\SBS\Desktop\New folder (4)\vito\src\lib\agents\orchestrator\orchestrator.ts:1481:23)
    at process.processTicksAndRejections (node:internal/process/task_queues:103:5)
    at async BuildOrchestrator.executeAgent (C:\Users\SBS\Desktop\New folder (4)\vito\src\lib\agents\orchestrator\orchestrator.ts:1234:22)
    at async Promise.all (index 0)
    at async BuildOrchestrator.executePhase (C:\Users\SBS\Desktop\New folder (4)\vito\src\lib\agents\orchestrator\orchestrator.ts:1060:26)
    at async BuildOrchestrator.start (C:\Users\SBS\Desktop\New folder (4)\vito\src\lib\agents\orchestrator\orchestrator.ts:658:29)
    at async runBuild (C:\Users\SBS\Desktop\New folder (4)\vito\scripts\build-olympus-dashboard.ts:189:18)
    ‚Üí Agent blocks: completed (1 artifacts)
[AGENT_CALL] 2026-01-27T10:04:46.003Z - COMPLETED: blocks in 28256ms, success=true
  [38%] Phase: design | Agents: none
[AGENT_CALL] 2026-01-27T10:04:46.003Z - ENTERING: executeAgent(cartographer)
[AGENT_CALL] 2026-01-27T10:04:46.003Z - CALLING: cartographer (phase: design)
[Orchestrator] Agent cartographer - Iteration 1/3
[ARCHON-PARSER] ‚ö†Ô∏è WARNING: ARCHON output failed validation. Using partial merge with defaults. 
  Output keys:  
  This may indicate a malformed ARCHON response.
[50X COORDINATION] cartographer: Injected 286 tokens of upstream constraints
[EXECUTOR] 2026-01-27T10:04:46.004Z - Creating executor for cartographer, iteration 1
[EXECUTOR] 2026-01-27T10:04:46.004Z - CALLING executor.execute() for cartographer
[PERSISTENCE] ‚úì CriticalDecisions saved to file: C:\Users\SBS\Desktop\New folder (4)\vito\.olympus\decisions\olympus-dashboard-1769508132118.json
[HEARTBEAT] 2026-01-27T10:04:47.304Z {"buildId":"olympus-dashboard-1769508132118","status":"running","currentPhase":"design","currentAgent":"cartographer","completedAgents":["oracle","empathy","venture","strategos","scope","psyche","scribe","architect_conversion","conversion_judge","palette","grid","blocks"],"runningAgents":["cartographer"],"failedAgents":[],"progress":38}
[HEARTBEAT] 2026-01-27T10:04:52.311Z {"buildId":"olympus-dashboard-1769508132118","status":"running","currentPhase":"design","currentAgent":"cartographer","completedAgents":["oracle","empathy","venture","strategos","scope","psyche","scribe","architect_conversion","conversion_judge","palette","grid","blocks"],"runningAgents":["cartographer"],"failedAgents":[],"progress":38}
[HEARTBEAT] 2026-01-27T10:04:57.314Z {"buildId":"olympus-dashboard-1769508132118","status":"running","currentPhase":"design","currentAgent":"cartographer","completedAgents":["oracle","empathy","venture","strategos","scope","psyche","scribe","architect_conversion","conversion_judge","palette","grid","blocks"],"runningAgents":["cartographer"],"failedAgents":[],"progress":38}
[HEARTBEAT] 2026-01-27T10:05:02.319Z {"buildId":"olympus-dashboard-1769508132118","status":"running","currentPhase":"design","currentAgent":"cartographer","completedAgents":["oracle","empathy","venture","strategos","scope","psyche","scribe","architect_conversion","conversion_judge","palette","grid","blocks"],"runningAgents":["cartographer"],"failedAgents":[],"progress":38}
[Executor] AI execution succeeded: 6198 tokens, provider=anthropic
[Executor] Response content type: string, length: 7584
[Executor] Parsing response: {
  "sitemap": {
    "pages": [
      {
        "id": "page_console",
        "path": "/console",
  ...
[Parser] ===== PARSING cartographer =====
[Parser] Raw content length: 7584
[Parser] Raw content start: {
  "sitemap": {
    "pages": [
      {
        "id": "page_console",
        "path": "/console",
        "title": "Build Console",
        "description": "Overview of active and completed builds",
  ...
[Parser] Extracted JSON length: 7584
[Parser] Extracted JSON start: {
  "sitemap": {
    "pages": [
      {
        "id": "page_console",
        "path": "/console",
        "title": "Build Console",
        "description": "Overview of active and completed builds",
  ...
[Parser] JSON.parse SUCCESS for cartographer
[Parser] Agent cartographer: parsed.files exists = false, isArray = false, length = 0
[Executor] Parsed successfully: artifacts=1, status=completed
Agent cartographer validation issues: 1 error(s): Missing required field: pages
[EXECUTOR] 2026-01-27T10:05:02.326Z - executor.execute() RETURNED for cartographer in 16322ms {"success":true,"hasOutput":true,"errorMessage":null,"artifactCount":1}
[Orchestrator] Agent cartographer - Quality Score: 100/100 (min: 60)
[Orchestrator] Agent cartographer - Quality PASSED on iteration 1
[PERSISTENCE] Database connection failed for critical decisions: Error: Missing SUPABASE_SERVICE_ROLE_KEY
    at createServiceRoleClient (C:\Users\SBS\Desktop\New folder (4)\vito\src\lib\auth\clients\admin.ts:20:11)
    at saveCriticalDecisions (C:\Users\SBS\Desktop\New folder (4)\vito\src\lib\agents\context\persistence.ts:189:22)
    at BuildContextManager.persistCriticalDecisions (C:\Users\SBS\Desktop\New folder (4)\vito\src\lib\agents\context\manager.ts:204:5)
    at BuildContextManager.updateCriticalDecisions (C:\Users\SBS\Desktop\New folder (4)\vito\src\lib\agents\context\manager.ts:169:10)
    at BuildContextManager.recordOutput (C:\Users\SBS\Desktop\New folder (4)\vito\src\lib\agents\context\manager.ts:147:10)
    at BuildOrchestrator.finalizeAgentSuccess (C:\Users\SBS\Desktop\New folder (4)\vito\src\lib\agents\orchestrator\orchestrator.ts:1779:18)
    at BuildOrchestrator.executeAgentWithFeedback (C:\Users\SBS\Desktop\New folder (4)\vito\src\lib\agents\orchestrator\orchestrator.ts:1481:23)
    at process.processTicksAndRejections (node:internal/process/task_queues:103:5)
    at async BuildOrchestrator.executeAgent (C:\Users\SBS\Desktop\New folder (4)\vito\src\lib\agents\orchestrator\orchestrator.ts:1234:22)
    at async Promise.all (index 0)
[PERSISTENCE] Database connection failed (non-fatal): Error: Missing SUPABASE_SERVICE_ROLE_KEY
    at createServiceRoleClient (C:\Users\SBS\Desktop\New folder (4)\vito\src\lib\auth\clients\admin.ts:20:11)
    at saveAgentOutput (C:\Users\SBS\Desktop\New folder (4)\vito\src\lib\agents\context\persistence.ts:74:22)
    at BuildOrchestrator.finalizeAgentSuccess (C:\Users\SBS\Desktop\New folder (4)\vito\src\lib\agents\orchestrator\orchestrator.ts:1780:11)
    at BuildOrchestrator.executeAgentWithFeedback (C:\Users\SBS\Desktop\New folder (4)\vito\src\lib\agents\orchestrator\orchestrator.ts:1481:23)
    at process.processTicksAndRejections (node:internal/process/task_queues:103:5)
    at async BuildOrchestrator.executeAgent (C:\Users\SBS\Desktop\New folder (4)\vito\src\lib\agents\orchestrator\orchestrator.ts:1234:22)
    at async Promise.all (index 0)
    at async BuildOrchestrator.executePhase (C:\Users\SBS\Desktop\New folder (4)\vito\src\lib\agents\orchestrator\orchestrator.ts:1060:26)
    at async BuildOrchestrator.start (C:\Users\SBS\Desktop\New folder (4)\vito\src\lib\agents\orchestrator\orchestrator.ts:658:29)
    at async runBuild (C:\Users\SBS\Desktop\New folder (4)\vito\scripts\build-olympus-dashboard.ts:189:18)
    ‚Üí Agent cartographer: completed (1 artifacts)
[AGENT_CALL] 2026-01-27T10:05:02.328Z - COMPLETED: cartographer in 16325ms, success=true
  [41%] Phase: design | Agents: none
[AGENT_CALL] 2026-01-27T10:05:02.329Z - ENTERING: executeAgent(flow)
[DEGRADATION] Agent flow not active in tier GOLD - skipping
[PERSISTENCE] Database connection failed for critical decisions: Error: Missing SUPABASE_SERVICE_ROLE_KEY
    at createServiceRoleClient (C:\Users\SBS\Desktop\New folder (4)\vito\src\lib\auth\clients\admin.ts:20:11)
    at saveCriticalDecisions (C:\Users\SBS\Desktop\New folder (4)\vito\src\lib\agents\context\persistence.ts:189:22)
    at BuildContextManager.persistCriticalDecisions (C:\Users\SBS\Desktop\New folder (4)\vito\src\lib\agents\context\manager.ts:204:5)
    at BuildContextManager.updateCriticalDecisions (C:\Users\SBS\Desktop\New folder (4)\vito\src\lib\agents\context\manager.ts:169:10)
    at BuildContextManager.recordOutput (C:\Users\SBS\Desktop\New folder (4)\vito\src\lib\agents\context\manager.ts:147:10)
    at BuildOrchestrator.executeAgent (C:\Users\SBS\Desktop\New folder (4)\vito\src\lib\agents\orchestrator\orchestrator.ts:1203:20)
    at <anonymous> (C:\Users\SBS\Desktop\New folder (4)\vito\src\lib\agents\orchestrator\orchestrator.ts:1053:59)
    at Array.map (<anonymous>)
    at BuildOrchestrator.executePhase (C:\Users\SBS\Desktop\New folder (4)\vito\src\lib\agents\orchestrator\orchestrator.ts:1053:37)
    at process.processTicksAndRejections (node:internal/process/task_queues:103:5)
  [44%] Phase: design | Agents: none
[AGENT_CALL] 2026-01-27T10:05:02.331Z - ENTERING: executeAgent(artist)
[AGENT_CALL] 2026-01-27T10:05:02.331Z - CALLING: artist (phase: design)
[Orchestrator] Agent artist - Iteration 1/3
[ARCHON-PARSER] ‚ö†Ô∏è WARNING: ARCHON output failed validation. Using partial merge with defaults. 
  Output keys:  
  This may indicate a malformed ARCHON response.
[50X COORDINATION] artist: Injected 500 tokens of upstream constraints
[EXECUTOR] 2026-01-27T10:05:02.332Z - Creating executor for artist, iteration 1
[EXECUTOR] 2026-01-27T10:05:02.332Z - CALLING executor.execute() for artist
[PERSISTENCE] ‚úì CriticalDecisions saved to file: C:\Users\SBS\Desktop\New folder (4)\vito\.olympus\decisions\olympus-dashboard-1769508132118.json
[PERSISTENCE] ‚úì CriticalDecisions saved to file: C:\Users\SBS\Desktop\New folder (4)\vito\.olympus\decisions\olympus-dashboard-1769508132118.json
[HEARTBEAT] 2026-01-27T10:05:07.327Z {"buildId":"olympus-dashboard-1769508132118","status":"running","currentPhase":"design","currentAgent":"artist","completedAgents":["oracle","empathy","venture","strategos","scope","psyche","scribe","architect_conversion","conversion_judge","palette","grid","blocks","cartographer","flow"],"runningAgents":["artist"],"failedAgents":[],"progress":44}
[HEARTBEAT] 2026-01-27T10:05:12.336Z {"buildId":"olympus-dashboard-1769508132118","status":"running","currentPhase":"design","currentAgent":"artist","completedAgents":["oracle","empathy","venture","strategos","scope","psyche","scribe","architect_conversion","conversion_judge","palette","grid","blocks","cartographer","flow"],"runningAgents":["artist"],"failedAgents":[],"progress":44}
[Executor] AI execution succeeded: 3041 tokens, provider=anthropic
[Executor] Response content type: string, length: 7411
[Executor] Parsing response: {
  "imageRequirements": [
    {
      "type": "hero",
      "description": "A bold, abstract illust...
[Parser] ===== PARSING artist =====
[Parser] Raw content length: 7411
[Parser] Raw content start: {
  "imageRequirements": [
    {
      "type": "hero",
      "description": "A bold, abstract illustration representing the power and capabilities of the OLYMPUS Builder Dashboard. The image should co...
[Parser] Extracted JSON length: 7411
[Parser] Extracted JSON start: {
  "imageRequirements": [
    {
      "type": "hero",
      "description": "A bold, abstract illustration representing the power and capabilities of the OLYMPUS Builder Dashboard. The image should co...
[Parser] JSON.parse SUCCESS for artist
[Parser] Agent artist: parsed.files exists = false, isArray = false, length = 0
[Executor] Parsed successfully: artifacts=1, status=completed
[EXECUTOR] 2026-01-27T10:05:15.552Z - executor.execute() RETURNED for artist in 13220ms {"success":true,"hasOutput":true,"errorMessage":null,"artifactCount":1}
[Orchestrator] Agent artist - Quality Score: 100/100 (min: 60)
[Orchestrator] Agent artist - Quality PASSED on iteration 1
[PERSISTENCE] Database connection failed for critical decisions: Error: Missing SUPABASE_SERVICE_ROLE_KEY
    at createServiceRoleClient (C:\Users\SBS\Desktop\New folder (4)\vito\src\lib\auth\clients\admin.ts:20:11)
    at saveCriticalDecisions (C:\Users\SBS\Desktop\New folder (4)\vito\src\lib\agents\context\persistence.ts:189:22)
    at BuildContextManager.persistCriticalDecisions (C:\Users\SBS\Desktop\New folder (4)\vito\src\lib\agents\context\manager.ts:204:5)
    at BuildContextManager.updateCriticalDecisions (C:\Users\SBS\Desktop\New folder (4)\vito\src\lib\agents\context\manager.ts:169:10)
    at BuildContextManager.recordOutput (C:\Users\SBS\Desktop\New folder (4)\vito\src\lib\agents\context\manager.ts:147:10)
    at BuildOrchestrator.finalizeAgentSuccess (C:\Users\SBS\Desktop\New folder (4)\vito\src\lib\agents\orchestrator\orchestrator.ts:1779:18)
    at BuildOrchestrator.executeAgentWithFeedback (C:\Users\SBS\Desktop\New folder (4)\vito\src\lib\agents\orchestrator\orchestrator.ts:1481:23)
    at process.processTicksAndRejections (node:internal/process/task_queues:103:5)
    at async BuildOrchestrator.executeAgent (C:\Users\SBS\Desktop\New folder (4)\vito\src\lib\agents\orchestrator\orchestrator.ts:1234:22)
    at async Promise.all (index 0)
[PERSISTENCE] Database connection failed (non-fatal): Error: Missing SUPABASE_SERVICE_ROLE_KEY
    at createServiceRoleClient (C:\Users\SBS\Desktop\New folder (4)\vito\src\lib\auth\clients\admin.ts:20:11)
    at saveAgentOutput (C:\Users\SBS\Desktop\New folder (4)\vito\src\lib\agents\context\persistence.ts:74:22)
    at BuildOrchestrator.finalizeAgentSuccess (C:\Users\SBS\Desktop\New folder (4)\vito\src\lib\agents\orchestrator\orchestrator.ts:1780:11)
    at BuildOrchestrator.executeAgentWithFeedback (C:\Users\SBS\Desktop\New folder (4)\vito\src\lib\agents\orchestrator\orchestrator.ts:1481:23)
    at process.processTicksAndRejections (node:internal/process/task_queues:103:5)
    at async BuildOrchestrator.executeAgent (C:\Users\SBS\Desktop\New folder (4)\vito\src\lib\agents\orchestrator\orchestrator.ts:1234:22)
    at async Promise.all (index 0)
    at async BuildOrchestrator.executePhase (C:\Users\SBS\Desktop\New folder (4)\vito\src\lib\agents\orchestrator\orchestrator.ts:1060:26)
    at async BuildOrchestrator.start (C:\Users\SBS\Desktop\New folder (4)\vito\src\lib\agents\orchestrator\orchestrator.ts:658:29)
    at async runBuild (C:\Users\SBS\Desktop\New folder (4)\vito\scripts\build-olympus-dashboard.ts:189:18)
    ‚Üí Agent artist: completed (1 artifacts)
[AGENT_CALL] 2026-01-27T10:05:15.553Z - COMPLETED: artist in 13222ms, success=true
  [47%] Phase: design | Agents: none
[Scheduler] Phase design COMPLETE. Status: [{"agentId":"palette","completed":true,"failed":false,"optional":false},{"agentId":"grid","completed":true,"failed":false,"optional":false},{"agentId":"blocks","completed":true,"failed":false,"optional":false},{"agentId":"cartographer","completed":true,"failed":false,"optional":false},{"agentId":"flow","completed":true,"failed":false,"optional":false},{"agentId":"artist","completed":true,"failed":false,"optional":true}]
  ‚úì Phase design completed (completed)
[ORCH_PHASE] 2026-01-27T10:05:15.554Z - Phase design result: success=true, error=none
[Orchestrator] ‚úì Phase design completed. Completed phases: discovery, conversion, design
[Orchestrator] ===== PHASE 4/7: architecture =====
[Orchestrator] Phase agents (6): archon, datum, nexus, forge, sentinel, atlas
[ORCH_PHASE] 2026-01-27T10:05:15.554Z - ENTERING: executePhase(architecture)
[ORCH_PHASE] 2026-01-27T10:05:15.554Z - Starting phase loop for architecture
[ORCH_LOOP] 2026-01-27T10:05:15.554Z - Loop iteration 1 {"phase":"architecture","nextAgents":["archon"],"runningAgents":[],"deadlockCounter":0,"isPhaseComplete":false}
[AGENT_CALL] 2026-01-27T10:05:15.554Z - ENTERING: executeAgent(archon)
[AGENT_CALL] 2026-01-27T10:05:15.554Z - CALLING: archon (phase: architecture)
[Orchestrator] Agent archon - Iteration 1/3
[ARCHON-PARSER] ‚ö†Ô∏è WARNING: ARCHON output failed validation. Using partial merge with defaults. 
  Output keys:  
  This may indicate a malformed ARCHON response.
[EXECUTOR] 2026-01-27T10:05:15.555Z - Creating executor for archon, iteration 1
[EXECUTOR] 2026-01-27T10:05:15.555Z - CALLING executor.execute() for archon
[PERSISTENCE] ‚úì CriticalDecisions saved to file: C:\Users\SBS\Desktop\New folder (4)\vito\.olympus\decisions\olympus-dashboard-1769508132118.json
Anthropic completion failed after 348ms: NotFoundError: 404 {"type":"error","error":{"type":"not_found_error","message":"model: claude-3-5-sonnet-20241022"},"request_id":"req_011CXXhEv85grdGpNiJFZL2t"}
    at APIError.generate (C:\Users\SBS\Desktop\New folder (4)\vito\node_modules\@anthropic-ai\sdk\src\core\error.ts:75:14)
    at Anthropic.makeStatusError (C:\Users\SBS\Desktop\New folder (4)\vito\node_modules\@anthropic-ai\sdk\src\client.ts:443:28)
    at Anthropic.makeRequest (C:\Users\SBS\Desktop\New folder (4)\vito\node_modules\@anthropic-ai\sdk\src\client.ts:678:24)
    at process.processTicksAndRejections (node:internal/process/task_queues:103:5)
    at async AnthropicProvider.complete (C:\Users\SBS\Desktop\New folder (4)\vito\src\lib\agents\providers\anthropic.ts:200:24)
    at async AIRouter.execute (C:\Users\SBS\Desktop\New folder (4)\vito\src\lib\agents\providers\router.ts:248:26)
    at async AgentExecutor.executeCompletion (C:\Users\SBS\Desktop\New folder (4)\vito\src\lib\agents\executor\executor.ts:152:20)
    at async RetryHandler.executeWithRetry (C:\Users\SBS\Desktop\New folder (4)\vito\src\lib\agents\executor\retry.ts:63:24)
    at async AgentExecutor.execute (C:\Users\SBS\Desktop\New folder (4)\vito\src\lib\agents\executor\executor.ts:95:22)
    at async BuildOrchestrator.executeAgentWithFeedback (C:\Users\SBS\Desktop\New folder (4)\vito\src\lib\agents\orchestrator\orchestrator.ts:1393:22) {
  status: 404,
  headers: Headers {
    date: 'Tue, 27 Jan 2026 10:05:15 GMT',
    'content-type': 'application/json',
    'transfer-encoding': 'chunked',
    connection: 'keep-alive',
    'x-should-retry': 'false',
    'request-id': 'req_011CXXhEv85grdGpNiJFZL2t',
    'strict-transport-security': 'max-age=31536000; includeSubDomains; preload',
    'anthropic-organization-id': 'd06567ef-3469-4f53-ac13-52b8fe9f18b6',
    server: 'cloudflare',
    'x-envoy-upstream-service-time': '158',
    'cf-cache-status': 'DYNAMIC',
    'x-robots-tag': 'none',
    'content-encoding': 'gzip',
    'cf-ray': '9c476e3a4fb95237-MXP'
  },
  requestID: 'req_011CXXhEv85grdGpNiJFZL2t',
  error: {
    type: 'error',
    error: {
      type: 'not_found_error',
      message: 'model: claude-3-5-sonnet-20241022'
    },
    request_id: 'req_011CXXhEv85grdGpNiJFZL2t'
  }
}
Primary provider anthropic failed: 404 {"type":"error","error":{"type":"not_found_error","message":"model: claude-3-5-sonnet-20241022"},"request_id":"req_011CXXhEv85grdGpNiJFZL2t"}
[AIRouter] Checking fallback: enabled=true, fallbackProvider=openai
[AIRouter] Fallback provider found: true, providers keys: anthropic, openai, groq
[AIRouter] Attempting fallback to openai with model gpt-4o-mini
[AIRouter] Calling openai.complete()...
[HEARTBEAT] 2026-01-27T10:05:17.338Z {"buildId":"olympus-dashboard-1769508132118","status":"running","currentPhase":"architecture","currentAgent":"archon","completedAgents":["oracle","empathy","venture","strategos","scope","psyche","scribe","architect_conversion","conversion_judge","palette","grid","blocks","cartographer","flow","artist"],"runningAgents":["archon"],"failedAgents":[],"progress":47}
[HEARTBEAT] 2026-01-27T10:05:22.345Z {"buildId":"olympus-dashboard-1769508132118","status":"running","currentPhase":"architecture","currentAgent":"archon","completedAgents":["oracle","empathy","venture","strategos","scope","psyche","scribe","architect_conversion","conversion_judge","palette","grid","blocks","cartographer","flow","artist"],"runningAgents":["archon"],"failedAgents":[],"progress":47}
[HEARTBEAT] 2026-01-27T10:05:27.359Z {"buildId":"olympus-dashboard-1769508132118","status":"running","currentPhase":"architecture","currentAgent":"archon","completedAgents":["oracle","empathy","venture","strategos","scope","psyche","scribe","architect_conversion","conversion_judge","palette","grid","blocks","cartographer","flow","artist"],"runningAgents":["archon"],"failedAgents":[],"progress":47}
[HEARTBEAT] 2026-01-27T10:05:32.362Z {"buildId":"olympus-dashboard-1769508132118","status":"running","currentPhase":"architecture","currentAgent":"archon","completedAgents":["oracle","empathy","venture","strategos","scope","psyche","scribe","architect_conversion","conversion_judge","palette","grid","blocks","cartographer","flow","artist"],"runningAgents":["archon"],"failedAgents":[],"progress":47}
[AIRouter] Fallback openai succeeded! Tokens: 5897
[Executor] AI execution succeeded: 5897 tokens, provider=anthropic,openai
[Executor] Response content type: string, length: 3888
[Executor] Parsing response: {
  "tech_stack": {
    "framework": "Next.js 14 App Router",
    "database": "Supabase PostgreSQL",...
[Parser] ===== PARSING archon =====
[Parser] Raw content length: 3888
[Parser] Raw content start: {
  "tech_stack": {
    "framework": "Next.js 14 App Router",
    "database": "Supabase PostgreSQL",
    "orm": "Prisma",
    "auth": "Supabase Auth",
    "cache": "Upstash Redis",
    "state": "Zusta...
[Parser] Extracted JSON length: 3888
[Parser] Extracted JSON start: {
  "tech_stack": {
    "framework": "Next.js 14 App Router",
    "database": "Supabase PostgreSQL",
    "orm": "Prisma",
    "auth": "Supabase Auth",
    "cache": "Upstash Redis",
    "state": "Zusta...
[Parser] JSON.parse SUCCESS for archon
[Parser] Agent archon: parsed.files exists = false, isArray = false, length = 0
[Executor] Parsed successfully: artifacts=1, status=completed
[EXECUTOR] 2026-01-27T10:05:33.805Z - executor.execute() RETURNED for archon in 18250ms {"success":true,"hasOutput":true,"errorMessage":null,"artifactCount":1}
[Orchestrator] Agent archon - Quality Score: 100/100 (min: 60)
[Orchestrator] Agent archon - Quality PASSED on iteration 1
[Orchestrator] ARCHITECTURE VALIDATION PASSED for archon (score: 100)
[Orchestrator] Agent archon - Architecture validation PASSED (score: 100)
[50X GATE] ARCHON output validated: structured architecture decisions present
[PERSISTENCE] Database connection failed for critical decisions: Error: Missing SUPABASE_SERVICE_ROLE_KEY
    at createServiceRoleClient (C:\Users\SBS\Desktop\New folder (4)\vito\src\lib\auth\clients\admin.ts:20:11)
    at saveCriticalDecisions (C:\Users\SBS\Desktop\New folder (4)\vito\src\lib\agents\context\persistence.ts:189:22)
    at BuildContextManager.persistCriticalDecisions (C:\Users\SBS\Desktop\New folder (4)\vito\src\lib\agents\context\manager.ts:204:5)
    at BuildContextManager.updateCriticalDecisions (C:\Users\SBS\Desktop\New folder (4)\vito\src\lib\agents\context\manager.ts:169:10)
    at BuildContextManager.recordOutput (C:\Users\SBS\Desktop\New folder (4)\vito\src\lib\agents\context\manager.ts:147:10)
    at BuildOrchestrator.finalizeAgentSuccess (C:\Users\SBS\Desktop\New folder (4)\vito\src\lib\agents\orchestrator\orchestrator.ts:1779:18)
    at BuildOrchestrator.executeAgentWithFeedback (C:\Users\SBS\Desktop\New folder (4)\vito\src\lib\agents\orchestrator\orchestrator.ts:1481:23)
    at process.processTicksAndRejections (node:internal/process/task_queues:103:5)
    at async BuildOrchestrator.executeAgent (C:\Users\SBS\Desktop\New folder (4)\vito\src\lib\agents\orchestrator\orchestrator.ts:1234:22)
    at async Promise.all (index 0)
[PERSISTENCE] Database connection failed (non-fatal): Error: Missing SUPABASE_SERVICE_ROLE_KEY
    at createServiceRoleClient (C:\Users\SBS\Desktop\New folder (4)\vito\src\lib\auth\clients\admin.ts:20:11)
    at saveAgentOutput (C:\Users\SBS\Desktop\New folder (4)\vito\src\lib\agents\context\persistence.ts:74:22)
    at BuildOrchestrator.finalizeAgentSuccess (C:\Users\SBS\Desktop\New folder (4)\vito\src\lib\agents\orchestrator\orchestrator.ts:1780:11)
    at BuildOrchestrator.executeAgentWithFeedback (C:\Users\SBS\Desktop\New folder (4)\vito\src\lib\agents\orchestrator\orchestrator.ts:1481:23)
    at process.processTicksAndRejections (node:internal/process/task_queues:103:5)
    at async BuildOrchestrator.executeAgent (C:\Users\SBS\Desktop\New folder (4)\vito\src\lib\agents\orchestrator\orchestrator.ts:1234:22)
    at async Promise.all (index 0)
    at async BuildOrchestrator.executePhase (C:\Users\SBS\Desktop\New folder (4)\vito\src\lib\agents\orchestrator\orchestrator.ts:1060:26)
    at async BuildOrchestrator.start (C:\Users\SBS\Desktop\New folder (4)\vito\src\lib\agents\orchestrator\orchestrator.ts:658:29)
    at async runBuild (C:\Users\SBS\Desktop\New folder (4)\vito\scripts\build-olympus-dashboard.ts:189:18)
    ‚Üí Agent archon: completed (1 artifacts)
[AGENT_CALL] 2026-01-27T10:05:33.808Z - COMPLETED: archon in 18254ms, success=true
  [50%] Phase: architecture | Agents: none
[AGENT_CALL] 2026-01-27T10:05:33.808Z - ENTERING: executeAgent(datum)
[AGENT_CALL] 2026-01-27T10:05:33.808Z - CALLING: datum (phase: architecture)
[Orchestrator] Agent datum - Iteration 1/3
[50X COORDINATION] datum: Injected 241 tokens of upstream constraints
[EXECUTOR] 2026-01-27T10:05:33.809Z - Creating executor for datum, iteration 1
[EXECUTOR] 2026-01-27T10:05:33.809Z - CALLING executor.execute() for datum
[PERSISTENCE] ‚úì CriticalDecisions saved to file: C:\Users\SBS\Desktop\New folder (4)\vito\.olympus\decisions\olympus-dashboard-1769508132118.json
[HEARTBEAT] 2026-01-27T10:05:37.365Z {"buildId":"olympus-dashboard-1769508132118","status":"running","currentPhase":"architecture","currentAgent":"datum","completedAgents":["oracle","empathy","venture","strategos","scope","psyche","scribe","architect_conversion","conversion_judge","palette","grid","blocks","cartographer","flow","artist","archon"],"runningAgents":["datum"],"failedAgents":[],"progress":50}
[HEARTBEAT] 2026-01-27T10:05:42.376Z {"buildId":"olympus-dashboard-1769508132118","status":"running","currentPhase":"architecture","currentAgent":"datum","completedAgents":["oracle","empathy","venture","strategos","scope","psyche","scribe","architect_conversion","conversion_judge","palette","grid","blocks","cartographer","flow","artist","archon"],"runningAgents":["datum"],"failedAgents":[],"progress":50}
[HEARTBEAT] 2026-01-27T10:05:47.381Z {"buildId":"olympus-dashboard-1769508132118","status":"running","currentPhase":"architecture","currentAgent":"datum","completedAgents":["oracle","empathy","venture","strategos","scope","psyche","scribe","architect_conversion","conversion_judge","palette","grid","blocks","cartographer","flow","artist","archon"],"runningAgents":["datum"],"failedAgents":[],"progress":50}
[HEARTBEAT] 2026-01-27T10:05:52.383Z {"buildId":"olympus-dashboard-1769508132118","status":"running","currentPhase":"architecture","currentAgent":"datum","completedAgents":["oracle","empathy","venture","strategos","scope","psyche","scribe","architect_conversion","conversion_judge","palette","grid","blocks","cartographer","flow","artist","archon"],"runningAgents":["datum"],"failedAgents":[],"progress":50}
[HEARTBEAT] 2026-01-27T10:05:57.397Z {"buildId":"olympus-dashboard-1769508132118","status":"running","currentPhase":"architecture","currentAgent":"datum","completedAgents":["oracle","empathy","venture","strategos","scope","psyche","scribe","architect_conversion","conversion_judge","palette","grid","blocks","cartographer","flow","artist","archon"],"runningAgents":["datum"],"failedAgents":[],"progress":50}
[HEARTBEAT] 2026-01-27T10:06:02.406Z {"buildId":"olympus-dashboard-1769508132118","status":"running","currentPhase":"architecture","currentAgent":"datum","completedAgents":["oracle","empathy","venture","strategos","scope","psyche","scribe","architect_conversion","conversion_judge","palette","grid","blocks","cartographer","flow","artist","archon"],"runningAgents":["datum"],"failedAgents":[],"progress":50}
[HEARTBEAT] 2026-01-27T10:06:07.408Z {"buildId":"olympus-dashboard-1769508132118","status":"running","currentPhase":"architecture","currentAgent":"datum","completedAgents":["oracle","empathy","venture","strategos","scope","psyche","scribe","architect_conversion","conversion_judge","palette","grid","blocks","cartographer","flow","artist","archon"],"runningAgents":["datum"],"failedAgents":[],"progress":50}
[HEARTBEAT] 2026-01-27T10:06:12.421Z {"buildId":"olympus-dashboard-1769508132118","status":"running","currentPhase":"architecture","currentAgent":"datum","completedAgents":["oracle","empathy","venture","strategos","scope","psyche","scribe","architect_conversion","conversion_judge","palette","grid","blocks","cartographer","flow","artist","archon"],"runningAgents":["datum"],"failedAgents":[],"progress":50}
[HEARTBEAT] 2026-01-27T10:06:17.430Z {"buildId":"olympus-dashboard-1769508132118","status":"running","currentPhase":"architecture","currentAgent":"datum","completedAgents":["oracle","empathy","venture","strategos","scope","psyche","scribe","architect_conversion","conversion_judge","palette","grid","blocks","cartographer","flow","artist","archon"],"runningAgents":["datum"],"failedAgents":[],"progress":50}
[Executor] AI execution succeeded: 5890 tokens, provider=openai
[Executor] Response content type: string, length: 6400
[Executor] Parsing response: {
  "prisma_schema": "// Full schema.prisma content as string\n\ngenerator client {\n  provider = \"...
[Parser] ===== PARSING datum =====
[Parser] Raw content length: 6400
[Parser] Raw content start: {
  "prisma_schema": "// Full schema.prisma content as string\n\ngenerator client {\n  provider = \"prisma-client-js\"\n}\n\ndatasource db {\n  provider = \"postgresql\"\n  url      = env(\"DATABASE_U...
[Parser] Extracted JSON length: 6400
[Parser] Extracted JSON start: {
  "prisma_schema": "// Full schema.prisma content as string\n\ngenerator client {\n  provider = \"prisma-client-js\"\n}\n\ndatasource db {\n  provider = \"postgresql\"\n  url      = env(\"DATABASE_U...
[Parser] JSON.parse SUCCESS for datum
[Parser] Agent datum: parsed.files exists = true, isArray = true, length = 2
[Parser] Agent datum: Processing 2 files
[Parser] File: prisma/schema.prisma, type=code, hasContent=true, contentLength=18
[Parser] File: prisma/seed.ts, type=code, hasContent=true, contentLength=23
[Parser] Agent datum: Added 2 file artifacts
[Executor] Parsed successfully: artifacts=3, status=completed
Agent datum validation issues: 1 error(s): Missing required field: mock_data
[EXECUTOR] 2026-01-27T10:06:19.993Z - executor.execute() RETURNED for datum in 46184ms {"success":true,"hasOutput":true,"errorMessage":null,"artifactCount":3}
[QualityOrchestrator] Running quality gates for build olympus-dashboard-1769508132118
[QualityOrchestrator] Files to check: 2
[QualityOrchestrator] Running gate: typescript
[QualityOrchestrator] typescript: ‚úÖ PASSED (0 issues)
[QualityOrchestrator] Running gate: eslint
[QualityOrchestrator] eslint: ‚úÖ PASSED (0 issues)
[QualityOrchestrator] Running gate: security
[QualityOrchestrator] security: ‚úÖ PASSED (0 issues)
[QualityOrchestrator] Running gate: links
[QualityOrchestrator] links: ‚úÖ PASSED (0 issues)
[QualityOrchestrator] Running gate: build
[QualityOrchestrator] build: ‚úÖ PASSED (0 issues)
[QualityOrchestrator] Quality check complete: passed (score: 100, threshold: 70, stopOnFailure: false)
[Orchestrator] Agent datum - Quality Score: 100/100 (min: 60)
[Orchestrator] Agent datum - Quality PASSED on iteration 1
[Orchestrator] ARCHITECTURE VALIDATION PASSED for datum (score: 100)
[Orchestrator] Agent datum - Architecture validation PASSED (score: 100)
[50X GATE] datum has 4 constraint warnings:
  ‚ö†Ô∏è ID strategy: cuid: Table "Build" uses wrong ID strategy: 
  ‚ö†Ô∏è ID strategy: cuid: Table "Phase" uses wrong ID strategy: 
  ‚ö†Ô∏è ID strategy: cuid: Table "Agent" uses wrong ID strategy: 
  ‚ö†Ô∏è ID strategy: cuid: Table "ConstitutionalCheck" uses wrong ID strategy: 
[PERSISTENCE] Database connection failed for critical decisions: Error: Missing SUPABASE_SERVICE_ROLE_KEY
    at createServiceRoleClient (C:\Users\SBS\Desktop\New folder (4)\vito\src\lib\auth\clients\admin.ts:20:11)
    at saveCriticalDecisions (C:\Users\SBS\Desktop\New folder (4)\vito\src\lib\agents\context\persistence.ts:189:22)
    at BuildContextManager.persistCriticalDecisions (C:\Users\SBS\Desktop\New folder (4)\vito\src\lib\agents\context\manager.ts:204:5)
    at BuildContextManager.updateCriticalDecisions (C:\Users\SBS\Desktop\New folder (4)\vito\src\lib\agents\context\manager.ts:169:10)
    at BuildContextManager.recordOutput (C:\Users\SBS\Desktop\New folder (4)\vito\src\lib\agents\context\manager.ts:147:10)
    at BuildOrchestrator.finalizeAgentSuccess (C:\Users\SBS\Desktop\New folder (4)\vito\src\lib\agents\orchestrator\orchestrator.ts:1779:18)
    at BuildOrchestrator.executeAgentWithFeedback (C:\Users\SBS\Desktop\New folder (4)\vito\src\lib\agents\orchestrator\orchestrator.ts:1481:23)
    at process.processTicksAndRejections (node:internal/process/task_queues:103:5)
    at async BuildOrchestrator.executeAgent (C:\Users\SBS\Desktop\New folder (4)\vito\src\lib\agents\orchestrator\orchestrator.ts:1234:22)
    at async Promise.all (index 0)
[PERSISTENCE] Database connection failed (non-fatal): Error: Missing SUPABASE_SERVICE_ROLE_KEY
    at createServiceRoleClient (C:\Users\SBS\Desktop\New folder (4)\vito\src\lib\auth\clients\admin.ts:20:11)
    at saveAgentOutput (C:\Users\SBS\Desktop\New folder (4)\vito\src\lib\agents\context\persistence.ts:74:22)
    at BuildOrchestrator.finalizeAgentSuccess (C:\Users\SBS\Desktop\New folder (4)\vito\src\lib\agents\orchestrator\orchestrator.ts:1780:11)
    at BuildOrchestrator.executeAgentWithFeedback (C:\Users\SBS\Desktop\New folder (4)\vito\src\lib\agents\orchestrator\orchestrator.ts:1481:23)
    at process.processTicksAndRejections (node:internal/process/task_queues:103:5)
    at async BuildOrchestrator.executeAgent (C:\Users\SBS\Desktop\New folder (4)\vito\src\lib\agents\orchestrator\orchestrator.ts:1234:22)
    at async Promise.all (index 0)
    at async BuildOrchestrator.executePhase (C:\Users\SBS\Desktop\New folder (4)\vito\src\lib\agents\orchestrator\orchestrator.ts:1060:26)
    at async BuildOrchestrator.start (C:\Users\SBS\Desktop\New folder (4)\vito\src\lib\agents\orchestrator\orchestrator.ts:658:29)
    at async runBuild (C:\Users\SBS\Desktop\New folder (4)\vito\scripts\build-olympus-dashboard.ts:189:18)
    ‚Üí Agent datum: completed (3 artifacts)
[AGENT_CALL] 2026-01-27T10:06:20.002Z - COMPLETED: datum in 46194ms, success=true
  [53%] Phase: architecture | Agents: none
[AGENT_CALL] 2026-01-27T10:06:20.003Z - ENTERING: executeAgent(nexus)
[AGENT_CALL] 2026-01-27T10:06:20.003Z - CALLING: nexus (phase: architecture)
[Orchestrator] Agent nexus - Iteration 1/3
[50X COORDINATION] nexus: Injected 241 tokens of upstream constraints
[EXECUTOR] 2026-01-27T10:06:20.004Z - Creating executor for nexus, iteration 1
[EXECUTOR] 2026-01-27T10:06:20.004Z - CALLING executor.execute() for nexus
[PERSISTENCE] ‚úì CriticalDecisions saved to file: C:\Users\SBS\Desktop\New folder (4)\vito\.olympus\decisions\olympus-dashboard-1769508132118.json
Anthropic completion failed after 764ms: NotFoundError: 404 {"type":"error","error":{"type":"not_found_error","message":"model: claude-3-5-sonnet-20241022"},"request_id":"req_011CXXhKhespvgq1wRqYEHQ8"}
    at APIError.generate (C:\Users\SBS\Desktop\New folder (4)\vito\node_modules\@anthropic-ai\sdk\src\core\error.ts:75:14)
    at Anthropic.makeStatusError (C:\Users\SBS\Desktop\New folder (4)\vito\node_modules\@anthropic-ai\sdk\src\client.ts:443:28)
    at Anthropic.makeRequest (C:\Users\SBS\Desktop\New folder (4)\vito\node_modules\@anthropic-ai\sdk\src\client.ts:678:24)
    at process.processTicksAndRejections (node:internal/process/task_queues:103:5)
    at async AnthropicProvider.complete (C:\Users\SBS\Desktop\New folder (4)\vito\src\lib\agents\providers\anthropic.ts:200:24)
    at async AIRouter.execute (C:\Users\SBS\Desktop\New folder (4)\vito\src\lib\agents\providers\router.ts:248:26)
    at async AgentExecutor.executeCompletion (C:\Users\SBS\Desktop\New folder (4)\vito\src\lib\agents\executor\executor.ts:152:20)
    at async RetryHandler.executeWithRetry (C:\Users\SBS\Desktop\New folder (4)\vito\src\lib\agents\executor\retry.ts:63:24)
    at async AgentExecutor.execute (C:\Users\SBS\Desktop\New folder (4)\vito\src\lib\agents\executor\executor.ts:95:22)
    at async BuildOrchestrator.executeAgentWithFeedback (C:\Users\SBS\Desktop\New folder (4)\vito\src\lib\agents\orchestrator\orchestrator.ts:1393:22) {
  status: 404,
  headers: Headers {
    date: 'Tue, 27 Jan 2026 10:06:20 GMT',
    'content-type': 'application/json',
    'transfer-encoding': 'chunked',
    connection: 'keep-alive',
    'x-should-retry': 'false',
    'request-id': 'req_011CXXhKhespvgq1wRqYEHQ8',
    'strict-transport-security': 'max-age=31536000; includeSubDomains; preload',
    'anthropic-organization-id': 'd06567ef-3469-4f53-ac13-52b8fe9f18b6',
    server: 'cloudflare',
    'x-envoy-upstream-service-time': '41',
    'cf-cache-status': 'DYNAMIC',
    'x-robots-tag': 'none',
    'content-encoding': 'gzip',
    'cf-ray': '9c476fcfc960503c-MXP'
  },
  requestID: 'req_011CXXhKhespvgq1wRqYEHQ8',
  error: {
    type: 'error',
    error: {
      type: 'not_found_error',
      message: 'model: claude-3-5-sonnet-20241022'
    },
    request_id: 'req_011CXXhKhespvgq1wRqYEHQ8'
  }
}
Primary provider anthropic failed: 404 {"type":"error","error":{"type":"not_found_error","message":"model: claude-3-5-sonnet-20241022"},"request_id":"req_011CXXhKhespvgq1wRqYEHQ8"}
[AIRouter] Checking fallback: enabled=true, fallbackProvider=openai
[AIRouter] Fallback provider found: true, providers keys: anthropic, openai, groq
[AIRouter] Attempting fallback to openai with model gpt-4o-mini
[AIRouter] Calling openai.complete()...
[HEARTBEAT] 2026-01-27T10:06:22.441Z {"buildId":"olympus-dashboard-1769508132118","status":"running","currentPhase":"architecture","currentAgent":"nexus","completedAgents":["oracle","empathy","venture","strategos","scope","psyche","scribe","architect_conversion","conversion_judge","palette","grid","blocks","cartographer","flow","artist","archon","datum"],"runningAgents":["nexus"],"failedAgents":[],"progress":53}
[HEARTBEAT] 2026-01-27T10:06:27.446Z {"buildId":"olympus-dashboard-1769508132118","status":"running","currentPhase":"architecture","currentAgent":"nexus","completedAgents":["oracle","empathy","venture","strategos","scope","psyche","scribe","architect_conversion","conversion_judge","palette","grid","blocks","cartographer","flow","artist","archon","datum"],"runningAgents":["nexus"],"failedAgents":[],"progress":53}
[HEARTBEAT] 2026-01-27T10:06:32.460Z {"buildId":"olympus-dashboard-1769508132118","status":"running","currentPhase":"architecture","currentAgent":"nexus","completedAgents":["oracle","empathy","venture","strategos","scope","psyche","scribe","architect_conversion","conversion_judge","palette","grid","blocks","cartographer","flow","artist","archon","datum"],"runningAgents":["nexus"],"failedAgents":[],"progress":53}
[HEARTBEAT] 2026-01-27T10:06:37.474Z {"buildId":"olympus-dashboard-1769508132118","status":"running","currentPhase":"architecture","currentAgent":"nexus","completedAgents":["oracle","empathy","venture","strategos","scope","psyche","scribe","architect_conversion","conversion_judge","palette","grid","blocks","cartographer","flow","artist","archon","datum"],"runningAgents":["nexus"],"failedAgents":[],"progress":53}
[HEARTBEAT] 2026-01-27T10:06:42.477Z {"buildId":"olympus-dashboard-1769508132118","status":"running","currentPhase":"architecture","currentAgent":"nexus","completedAgents":["oracle","empathy","venture","strategos","scope","psyche","scribe","architect_conversion","conversion_judge","palette","grid","blocks","cartographer","flow","artist","archon","datum"],"runningAgents":["nexus"],"failedAgents":[],"progress":53}
[HEARTBEAT] 2026-01-27T10:06:47.479Z {"buildId":"olympus-dashboard-1769508132118","status":"running","currentPhase":"architecture","currentAgent":"nexus","completedAgents":["oracle","empathy","venture","strategos","scope","psyche","scribe","architect_conversion","conversion_judge","palette","grid","blocks","cartographer","flow","artist","archon","datum"],"runningAgents":["nexus"],"failedAgents":[],"progress":53}
[HEARTBEAT] 2026-01-27T10:06:52.491Z {"buildId":"olympus-dashboard-1769508132118","status":"running","currentPhase":"architecture","currentAgent":"nexus","completedAgents":["oracle","empathy","venture","strategos","scope","psyche","scribe","architect_conversion","conversion_judge","palette","grid","blocks","cartographer","flow","artist","archon","datum"],"runningAgents":["nexus"],"failedAgents":[],"progress":53}
[AIRouter] Fallback openai succeeded! Tokens: 5885
[Executor] AI execution succeeded: 5885 tokens, provider=anthropic,openai
[Executor] Response content type: string, length: 7875
[Executor] Parsing response: {
  "openapi": "3.0.3",
  "info": {
    "title": "OLYMPUS Builder Dashboard API",
    "version": "1....
[Parser] ===== PARSING nexus =====
[Parser] Raw content length: 7875
[Parser] Raw content start: {
  "openapi": "3.0.3",
  "info": {
    "title": "OLYMPUS Builder Dashboard API",
    "version": "1.0.0",
    "description": "API documentation for the OLYMPUS Builder Dashboard"
  },
  "servers": [
 ...
[Parser] Extracted JSON length: 7875
[Parser] Extracted JSON start: {
  "openapi": "3.0.3",
  "info": {
    "title": "OLYMPUS Builder Dashboard API",
    "version": "1.0.0",
    "description": "API documentation for the OLYMPUS Builder Dashboard"
  },
  "servers": [
 ...
[Parser] ===== PARSE FAILED for nexus =====
[Parser] Error: Expected property name or '}' in JSON at position 851 (line 34 column 13)
[Parser] Raw content first 500 chars: {
  "openapi": "3.0.3",
  "info": {
    "title": "OLYMPUS Builder Dashboard API",
    "version": "1.0.0",
    "description": "API documentation for the OLYMPUS Builder Dashboard"
  },
  "servers": [
    { "url": "/api/v1", "description": "API v1" }
  ],
  "paths": {
    "/builds": {
      "get": {
        "operationId": "listBuilds",
        "summary": "List all builds",
        "tags": ["Builds"],
        "security": [
          { "bearerAuth": [] }
        ],
        "parameters": [
          
[Executor] Parsed successfully: artifacts=1, status=completed
[EXECUTOR] 2026-01-27T10:06:56.827Z - executor.execute() RETURNED for nexus in 36823ms {"success":true,"hasOutput":true,"errorMessage":null,"artifactCount":1}
[Orchestrator] Agent nexus - Quality Score: 100/100 (min: 60)
[Orchestrator] Agent nexus - Quality PASSED on iteration 1
[Orchestrator] ARCHITECTURE VALIDATION PASSED for nexus (score: 100)
[Orchestrator] Agent nexus - Architecture validation PASSED (score: 100)
[50X GATE] nexus passed all constraint checks ‚úÖ
[JSON] Parse failed in critical-summarizer:nexusDecisions: SyntaxError: Expected property name or '}' in JSON at position 851 (line 34 column 13)
    at JSON.parse (<anonymous>)
    at safeJsonParse (C:\Users\SBS\Desktop\New folder (4)\vito\src\lib\utils\safe-json.ts:23:17)
    at extractNexusDecisions (C:\Users\SBS\Desktop\New folder (4)\vito\src\lib\agents\coordination\critical-summarizer.ts:319:18)
    at updateCriticalDecisions (C:\Users\SBS\Desktop\New folder (4)\vito\src\lib\agents\coordination\critical-summarizer.ts:509:42)
    at BuildContextManager.updateCriticalDecisions (C:\Users\SBS\Desktop\New folder (4)\vito\src\lib\agents\context\manager.ts:160:33)
    at BuildContextManager.recordOutput (C:\Users\SBS\Desktop\New folder (4)\vito\src\lib\agents\context\manager.ts:147:10)
    at BuildOrchestrator.finalizeAgentSuccess (C:\Users\SBS\Desktop\New folder (4)\vito\src\lib\agents\orchestrator\orchestrator.ts:1779:18)
    at BuildOrchestrator.executeAgentWithFeedback (C:\Users\SBS\Desktop\New folder (4)\vito\src\lib\agents\orchestrator\orchestrator.ts:1481:23)
    at process.processTicksAndRejections (node:internal/process/task_queues:103:5)
    at async BuildOrchestrator.executeAgent (C:\Users\SBS\Desktop\New folder (4)\vito\src\lib\agents\orchestrator\orchestrator.ts:1234:22)
[JSON] Content preview: {
  "openapi": "3.0.3",
  "info": {
    "title": "OLYMPUS Builder Dashboard API",
    "version": "1.0.0",
    "description": "API documentation for the OLYMPUS Builder Dashboard"
  },
  "servers": [
 ...
[PERSISTENCE] Database connection failed for critical decisions: Error: Missing SUPABASE_SERVICE_ROLE_KEY
    at createServiceRoleClient (C:\Users\SBS\Desktop\New folder (4)\vito\src\lib\auth\clients\admin.ts:20:11)
    at saveCriticalDecisions (C:\Users\SBS\Desktop\New folder (4)\vito\src\lib\agents\context\persistence.ts:189:22)
    at BuildContextManager.persistCriticalDecisions (C:\Users\SBS\Desktop\New folder (4)\vito\src\lib\agents\context\manager.ts:204:5)
    at BuildContextManager.updateCriticalDecisions (C:\Users\SBS\Desktop\New folder (4)\vito\src\lib\agents\context\manager.ts:169:10)
    at BuildContextManager.recordOutput (C:\Users\SBS\Desktop\New folder (4)\vito\src\lib\agents\context\manager.ts:147:10)
    at BuildOrchestrator.finalizeAgentSuccess (C:\Users\SBS\Desktop\New folder (4)\vito\src\lib\agents\orchestrator\orchestrator.ts:1779:18)
    at BuildOrchestrator.executeAgentWithFeedback (C:\Users\SBS\Desktop\New folder (4)\vito\src\lib\agents\orchestrator\orchestrator.ts:1481:23)
    at process.processTicksAndRejections (node:internal/process/task_queues:103:5)
    at async BuildOrchestrator.executeAgent (C:\Users\SBS\Desktop\New folder (4)\vito\src\lib\agents\orchestrator\orchestrator.ts:1234:22)
    at async Promise.all (index 0)
[PERSISTENCE] Database connection failed (non-fatal): Error: Missing SUPABASE_SERVICE_ROLE_KEY
    at createServiceRoleClient (C:\Users\SBS\Desktop\New folder (4)\vito\src\lib\auth\clients\admin.ts:20:11)
    at saveAgentOutput (C:\Users\SBS\Desktop\New folder (4)\vito\src\lib\agents\context\persistence.ts:74:22)
    at BuildOrchestrator.finalizeAgentSuccess (C:\Users\SBS\Desktop\New folder (4)\vito\src\lib\agents\orchestrator\orchestrator.ts:1780:11)
    at BuildOrchestrator.executeAgentWithFeedback (C:\Users\SBS\Desktop\New folder (4)\vito\src\lib\agents\orchestrator\orchestrator.ts:1481:23)
    at process.processTicksAndRejections (node:internal/process/task_queues:103:5)
    at async BuildOrchestrator.executeAgent (C:\Users\SBS\Desktop\New folder (4)\vito\src\lib\agents\orchestrator\orchestrator.ts:1234:22)
    at async Promise.all (index 0)
    at async BuildOrchestrator.executePhase (C:\Users\SBS\Desktop\New folder (4)\vito\src\lib\agents\orchestrator\orchestrator.ts:1060:26)
    at async BuildOrchestrator.start (C:\Users\SBS\Desktop\New folder (4)\vito\src\lib\agents\orchestrator\orchestrator.ts:658:29)
    at async runBuild (C:\Users\SBS\Desktop\New folder (4)\vito\scripts\build-olympus-dashboard.ts:189:18)
    ‚Üí Agent nexus: completed (1 artifacts)
[AGENT_CALL] 2026-01-27T10:06:56.830Z - COMPLETED: nexus in 36827ms, success=true
  [56%] Phase: architecture | Agents: none
[AGENT_CALL] 2026-01-27T10:06:56.831Z - ENTERING: executeAgent(forge)
[AGENT_CALL] 2026-01-27T10:06:56.831Z - CALLING: forge (phase: architecture)
[Orchestrator] Agent forge - Iteration 1/3
[JSON] Parse failed in critical-summarizer:nexusDecisions: SyntaxError: Expected property name or '}' in JSON at position 851 (line 34 column 13)
    at JSON.parse (<anonymous>)
    at safeJsonParse (C:\Users\SBS\Desktop\New folder (4)\vito\src\lib\utils\safe-json.ts:23:17)
    at extractNexusDecisions (C:\Users\SBS\Desktop\New folder (4)\vito\src\lib\agents\coordination\critical-summarizer.ts:319:18)
    at buildCriticalDecisions (C:\Users\SBS\Desktop\New folder (4)\vito\src\lib\agents\coordination\critical-summarizer.ts:452:29)
    at prepareAgentWithConstraints (C:\Users\SBS\Desktop\New folder (4)\vito\src\lib\agents\coordination\index.ts:122:29)
    at BuildOrchestrator.executeAgentWithFeedback (C:\Users\SBS\Desktop\New folder (4)\vito\src\lib\agents\orchestrator\orchestrator.ts:1374:73)
    at BuildOrchestrator.executeAgent (C:\Users\SBS\Desktop\New folder (4)\vito\src\lib\agents\orchestrator\orchestrator.ts:1235:14)
    at <anonymous> (C:\Users\SBS\Desktop\New folder (4)\vito\src\lib\agents\orchestrator\orchestrator.ts:1053:59)
    at Array.map (<anonymous>)
    at BuildOrchestrator.executePhase (C:\Users\SBS\Desktop\New folder (4)\vito\src\lib\agents\orchestrator\orchestrator.ts:1053:37)
[JSON] Content preview: {
  "openapi": "3.0.3",
  "info": {
    "title": "OLYMPUS Builder Dashboard API",
    "version": "1.0.0",
    "description": "API documentation for the OLYMPUS Builder Dashboard"
  },
  "servers": [
 ...
[50X COORDINATION] forge: Injected 241 tokens of upstream constraints
[EXECUTOR] 2026-01-27T10:06:56.832Z - Creating executor for forge, iteration 1
[EXECUTOR] 2026-01-27T10:06:56.832Z - CALLING executor.execute() for forge
[PERSISTENCE] ‚úì CriticalDecisions saved to file: C:\Users\SBS\Desktop\New folder (4)\vito\.olympus\decisions\olympus-dashboard-1769508132118.json
[HEARTBEAT] 2026-01-27T10:06:57.499Z {"buildId":"olympus-dashboard-1769508132118","status":"running","currentPhase":"architecture","currentAgent":"forge","completedAgents":["oracle","empathy","venture","strategos","scope","psyche","scribe","architect_conversion","conversion_judge","palette","grid","blocks","cartographer","flow","artist","archon","datum","nexus"],"runningAgents":["forge"],"failedAgents":[],"progress":56}
Anthropic completion failed after 905ms: NotFoundError: 404 {"type":"error","error":{"type":"not_found_error","message":"model: claude-3-5-sonnet-20241022"},"request_id":"req_011CXXhNRVNE4ssv4ZFidrcA"}
    at APIError.generate (C:\Users\SBS\Desktop\New folder (4)\vito\node_modules\@anthropic-ai\sdk\src\core\error.ts:75:14)
    at Anthropic.makeStatusError (C:\Users\SBS\Desktop\New folder (4)\vito\node_modules\@anthropic-ai\sdk\src\client.ts:443:28)
    at Anthropic.makeRequest (C:\Users\SBS\Desktop\New folder (4)\vito\node_modules\@anthropic-ai\sdk\src\client.ts:678:24)
    at process.processTicksAndRejections (node:internal/process/task_queues:103:5)
    at async AnthropicProvider.complete (C:\Users\SBS\Desktop\New folder (4)\vito\src\lib\agents\providers\anthropic.ts:200:24)
    at async AIRouter.execute (C:\Users\SBS\Desktop\New folder (4)\vito\src\lib\agents\providers\router.ts:248:26)
    at async AgentExecutor.executeCompletion (C:\Users\SBS\Desktop\New folder (4)\vito\src\lib\agents\executor\executor.ts:152:20)
    at async RetryHandler.executeWithRetry (C:\Users\SBS\Desktop\New folder (4)\vito\src\lib\agents\executor\retry.ts:63:24)
    at async AgentExecutor.execute (C:\Users\SBS\Desktop\New folder (4)\vito\src\lib\agents\executor\executor.ts:95:22)
    at async BuildOrchestrator.executeAgentWithFeedback (C:\Users\SBS\Desktop\New folder (4)\vito\src\lib\agents\orchestrator\orchestrator.ts:1393:22) {
  status: 404,
  headers: Headers {
    date: 'Tue, 27 Jan 2026 10:06:57 GMT',
    'content-type': 'application/json',
    'transfer-encoding': 'chunked',
    connection: 'keep-alive',
    'x-should-retry': 'false',
    'request-id': 'req_011CXXhNRVNE4ssv4ZFidrcA',
    'strict-transport-security': 'max-age=31536000; includeSubDomains; preload',
    'anthropic-organization-id': 'd06567ef-3469-4f53-ac13-52b8fe9f18b6',
    server: 'cloudflare',
    'x-envoy-upstream-service-time': '89',
    'cf-cache-status': 'DYNAMIC',
    'x-robots-tag': 'none',
    'content-encoding': 'gzip',
    'cf-ray': '9c4770b73dd64be1-MXP'
  },
  requestID: 'req_011CXXhNRVNE4ssv4ZFidrcA',
  error: {
    type: 'error',
    error: {
      type: 'not_found_error',
      message: 'model: claude-3-5-sonnet-20241022'
    },
    request_id: 'req_011CXXhNRVNE4ssv4ZFidrcA'
  }
}
Primary provider anthropic failed: 404 {"type":"error","error":{"type":"not_found_error","message":"model: claude-3-5-sonnet-20241022"},"request_id":"req_011CXXhNRVNE4ssv4ZFidrcA"}
[AIRouter] Checking fallback: enabled=true, fallbackProvider=openai
[AIRouter] Fallback provider found: true, providers keys: anthropic, openai, groq
[AIRouter] Attempting fallback to openai with model gpt-4o-mini
[AIRouter] Calling openai.complete()...
[HEARTBEAT] 2026-01-27T10:07:02.513Z {"buildId":"olympus-dashboard-1769508132118","status":"running","currentPhase":"architecture","currentAgent":"forge","completedAgents":["oracle","empathy","venture","strategos","scope","psyche","scribe","architect_conversion","conversion_judge","palette","grid","blocks","cartographer","flow","artist","archon","datum","nexus"],"runningAgents":["forge"],"failedAgents":[],"progress":56}
[HEARTBEAT] 2026-01-27T10:07:07.522Z {"buildId":"olympus-dashboard-1769508132118","status":"running","currentPhase":"architecture","currentAgent":"forge","completedAgents":["oracle","empathy","venture","strategos","scope","psyche","scribe","architect_conversion","conversion_judge","palette","grid","blocks","cartographer","flow","artist","archon","datum","nexus"],"runningAgents":["forge"],"failedAgents":[],"progress":56}
[HEARTBEAT] 2026-01-27T10:07:12.530Z {"buildId":"olympus-dashboard-1769508132118","status":"running","currentPhase":"architecture","currentAgent":"forge","completedAgents":["oracle","empathy","venture","strategos","scope","psyche","scribe","architect_conversion","conversion_judge","palette","grid","blocks","cartographer","flow","artist","archon","datum","nexus"],"runningAgents":["forge"],"failedAgents":[],"progress":56}
[HEARTBEAT] 2026-01-27T10:07:17.536Z {"buildId":"olympus-dashboard-1769508132118","status":"running","currentPhase":"architecture","currentAgent":"forge","completedAgents":["oracle","empathy","venture","strategos","scope","psyche","scribe","architect_conversion","conversion_judge","palette","grid","blocks","cartographer","flow","artist","archon","datum","nexus"],"runningAgents":["forge"],"failedAgents":[],"progress":56}
[HEARTBEAT] 2026-01-27T10:07:22.545Z {"buildId":"olympus-dashboard-1769508132118","status":"running","currentPhase":"architecture","currentAgent":"forge","completedAgents":["oracle","empathy","venture","strategos","scope","psyche","scribe","architect_conversion","conversion_judge","palette","grid","blocks","cartographer","flow","artist","archon","datum","nexus"],"runningAgents":["forge"],"failedAgents":[],"progress":56}
[HEARTBEAT] 2026-01-27T10:07:27.552Z {"buildId":"olympus-dashboard-1769508132118","status":"running","currentPhase":"architecture","currentAgent":"forge","completedAgents":["oracle","empathy","venture","strategos","scope","psyche","scribe","architect_conversion","conversion_judge","palette","grid","blocks","cartographer","flow","artist","archon","datum","nexus"],"runningAgents":["forge"],"failedAgents":[],"progress":56}
[HEARTBEAT] 2026-01-27T10:07:32.557Z {"buildId":"olympus-dashboard-1769508132118","status":"running","currentPhase":"architecture","currentAgent":"forge","completedAgents":["oracle","empathy","venture","strategos","scope","psyche","scribe","architect_conversion","conversion_judge","palette","grid","blocks","cartographer","flow","artist","archon","datum","nexus"],"runningAgents":["forge"],"failedAgents":[],"progress":56}
[AIRouter] Fallback openai succeeded! Tokens: 6697
[Executor] AI execution succeeded: 6697 tokens, provider=anthropic,openai
[Executor] Response content type: string, length: 5482
[Executor] Parsing response: {
  "files": [
    {
      "path": "src/app/api/v1/builds/route.ts",
      "content": "// src/app/ap...
[Parser] ===== PARSING forge =====
[Parser] Raw content length: 5482
[Parser] Raw content start: {
  "files": [
    {
      "path": "src/app/api/v1/builds/route.ts",
      "content": "// src/app/api/v1/builds/route.ts\nimport { NextRequest, NextResponse } from 'next/server';\nimport { z } from 'z...
[Parser] Extracted JSON length: 5482
[Parser] Extracted JSON start: {
  "files": [
    {
      "path": "src/app/api/v1/builds/route.ts",
      "content": "// src/app/api/v1/builds/route.ts\nimport { NextRequest, NextResponse } from 'next/server';\nimport { z } from 'z...
[Parser] JSON.parse SUCCESS for forge
[Parser] Agent forge: parsed.files exists = true, isArray = true, length = 3
[Parser] Agent forge: Processing 3 files
[Parser] File: src/app/api/v1/builds/route.ts, type=code, hasContent=true, contentLength=1886
[Parser] File: src/app/api/v1/builds/[buildId]/route.ts, type=code, hasContent=true, contentLength=2021
[Parser] File: src/app/api/v1/agents/route.ts, type=code, hasContent=true, contentLength=804
[Parser] Agent forge: Added 3 file artifacts
[Executor] Parsed successfully: artifacts=4, status=completed
Agent forge validation issues: 1 error(s): Unresolved imports: 3 missing files
[EXECUTOR] 2026-01-27T10:07:35.226Z - executor.execute() RETURNED for forge in 38394ms {"success":true,"hasOutput":true,"errorMessage":null,"artifactCount":4}
[QualityOrchestrator] Running quality gates for build olympus-dashboard-1769508132118
[QualityOrchestrator] Files to check: 3
[QualityOrchestrator] Running gate: typescript
[QualityOrchestrator] typescript: ‚úÖ PASSED (5 issues)
[QualityOrchestrator] Running gate: eslint
[QualityOrchestrator] eslint: ‚úÖ PASSED (5 issues)
[QualityOrchestrator] Running gate: security
[QualityOrchestrator] security: ‚úÖ PASSED (3 issues)
[QualityOrchestrator] Running gate: links
[QualityOrchestrator] links: ‚úÖ PASSED (0 issues)
[QualityOrchestrator] Running gate: build
[QualityOrchestrator] build: ‚úÖ PASSED (0 issues)
[QualityOrchestrator] Quality check complete: passed (score: 99, threshold: 70, stopOnFailure: false)
[Orchestrator] Agent forge - Quality Score: 99/100 (min: 60)
[Orchestrator] Agent forge - Quality PASSED on iteration 1
[Orchestrator] ARCHITECTURE VALIDATION PASSED for forge (score: 100)
[Orchestrator] Agent forge - Architecture validation PASSED (score: 100)
[JSON] Parse failed in critical-summarizer:nexusDecisions: SyntaxError: Expected property name or '}' in JSON at position 851 (line 34 column 13)
    at JSON.parse (<anonymous>)
    at safeJsonParse (C:\Users\SBS\Desktop\New folder (4)\vito\src\lib\utils\safe-json.ts:23:17)
    at extractNexusDecisions (C:\Users\SBS\Desktop\New folder (4)\vito\src\lib\agents\coordination\critical-summarizer.ts:319:18)
    at buildCriticalDecisions (C:\Users\SBS\Desktop\New folder (4)\vito\src\lib\agents\coordination\critical-summarizer.ts:452:29)
    at BuildOrchestrator.finalizeAgentSuccess (C:\Users\SBS\Desktop\New folder (4)\vito\src\lib\agents\orchestrator\orchestrator.ts:1730:33)
    at BuildOrchestrator.executeAgentWithFeedback (C:\Users\SBS\Desktop\New folder (4)\vito\src\lib\agents\orchestrator\orchestrator.ts:1481:23)
    at process.processTicksAndRejections (node:internal/process/task_queues:103:5)
    at async BuildOrchestrator.executeAgent (C:\Users\SBS\Desktop\New folder (4)\vito\src\lib\agents\orchestrator\orchestrator.ts:1234:22)
    at async Promise.all (index 0)
    at async BuildOrchestrator.executePhase (C:\Users\SBS\Desktop\New folder (4)\vito\src\lib\agents\orchestrator\orchestrator.ts:1060:26)
[JSON] Content preview: {
  "openapi": "3.0.3",
  "info": {
    "title": "OLYMPUS Builder Dashboard API",
    "version": "1.0.0",
    "description": "API documentation for the OLYMPUS Builder Dashboard"
  },
  "servers": [
 ...
[50X GATE] forge passed all constraint checks ‚úÖ
[PERSISTENCE] Database connection failed for critical decisions: Error: Missing SUPABASE_SERVICE_ROLE_KEY
    at createServiceRoleClient (C:\Users\SBS\Desktop\New folder (4)\vito\src\lib\auth\clients\admin.ts:20:11)
    at saveCriticalDecisions (C:\Users\SBS\Desktop\New folder (4)\vito\src\lib\agents\context\persistence.ts:189:22)
    at BuildContextManager.persistCriticalDecisions (C:\Users\SBS\Desktop\New folder (4)\vito\src\lib\agents\context\manager.ts:204:5)
    at BuildContextManager.updateCriticalDecisions (C:\Users\SBS\Desktop\New folder (4)\vito\src\lib\agents\context\manager.ts:169:10)
    at BuildContextManager.recordOutput (C:\Users\SBS\Desktop\New folder (4)\vito\src\lib\agents\context\manager.ts:147:10)
    at BuildOrchestrator.finalizeAgentSuccess (C:\Users\SBS\Desktop\New folder (4)\vito\src\lib\agents\orchestrator\orchestrator.ts:1779:18)
    at BuildOrchestrator.executeAgentWithFeedback (C:\Users\SBS\Desktop\New folder (4)\vito\src\lib\agents\orchestrator\orchestrator.ts:1481:23)
    at process.processTicksAndRejections (node:internal/process/task_queues:103:5)
    at async BuildOrchestrator.executeAgent (C:\Users\SBS\Desktop\New folder (4)\vito\src\lib\agents\orchestrator\orchestrator.ts:1234:22)
    at async Promise.all (index 0)
[PERSISTENCE] Database connection failed (non-fatal): Error: Missing SUPABASE_SERVICE_ROLE_KEY
    at createServiceRoleClient (C:\Users\SBS\Desktop\New folder (4)\vito\src\lib\auth\clients\admin.ts:20:11)
    at saveAgentOutput (C:\Users\SBS\Desktop\New folder (4)\vito\src\lib\agents\context\persistence.ts:74:22)
    at BuildOrchestrator.finalizeAgentSuccess (C:\Users\SBS\Desktop\New folder (4)\vito\src\lib\agents\orchestrator\orchestrator.ts:1780:11)
    at BuildOrchestrator.executeAgentWithFeedback (C:\Users\SBS\Desktop\New folder (4)\vito\src\lib\agents\orchestrator\orchestrator.ts:1481:23)
    at process.processTicksAndRejections (node:internal/process/task_queues:103:5)
    at async BuildOrchestrator.executeAgent (C:\Users\SBS\Desktop\New folder (4)\vito\src\lib\agents\orchestrator\orchestrator.ts:1234:22)
    at async Promise.all (index 0)
    at async BuildOrchestrator.executePhase (C:\Users\SBS\Desktop\New folder (4)\vito\src\lib\agents\orchestrator\orchestrator.ts:1060:26)
    at async BuildOrchestrator.start (C:\Users\SBS\Desktop\New folder (4)\vito\src\lib\agents\orchestrator\orchestrator.ts:658:29)
    at async runBuild (C:\Users\SBS\Desktop\New folder (4)\vito\scripts\build-olympus-dashboard.ts:189:18)
    ‚Üí Agent forge: completed (4 artifacts)
[AGENT_CALL] 2026-01-27T10:07:35.232Z - COMPLETED: forge in 38401ms, success=true
  [59%] Phase: architecture | Agents: none
[AGENT_CALL] 2026-01-27T10:07:35.233Z - ENTERING: executeAgent(sentinel)
[AGENT_CALL] 2026-01-27T10:07:35.233Z - CALLING: sentinel (phase: architecture)
[Orchestrator] Agent sentinel - Iteration 1/3
[JSON] Parse failed in critical-summarizer:nexusDecisions: SyntaxError: Expected property name or '}' in JSON at position 851 (line 34 column 13)
    at JSON.parse (<anonymous>)
    at safeJsonParse (C:\Users\SBS\Desktop\New folder (4)\vito\src\lib\utils\safe-json.ts:23:17)
    at extractNexusDecisions (C:\Users\SBS\Desktop\New folder (4)\vito\src\lib\agents\coordination\critical-summarizer.ts:319:18)
    at buildCriticalDecisions (C:\Users\SBS\Desktop\New folder (4)\vito\src\lib\agents\coordination\critical-summarizer.ts:452:29)
    at prepareAgentWithConstraints (C:\Users\SBS\Desktop\New folder (4)\vito\src\lib\agents\coordination\index.ts:122:29)
    at BuildOrchestrator.executeAgentWithFeedback (C:\Users\SBS\Desktop\New folder (4)\vito\src\lib\agents\orchestrator\orchestrator.ts:1374:73)
    at BuildOrchestrator.executeAgent (C:\Users\SBS\Desktop\New folder (4)\vito\src\lib\agents\orchestrator\orchestrator.ts:1235:14)
    at <anonymous> (C:\Users\SBS\Desktop\New folder (4)\vito\src\lib\agents\orchestrator\orchestrator.ts:1053:59)
    at Array.map (<anonymous>)
    at BuildOrchestrator.executePhase (C:\Users\SBS\Desktop\New folder (4)\vito\src\lib\agents\orchestrator\orchestrator.ts:1053:37)
[JSON] Content preview: {
  "openapi": "3.0.3",
  "info": {
    "title": "OLYMPUS Builder Dashboard API",
    "version": "1.0.0",
    "description": "API documentation for the OLYMPUS Builder Dashboard"
  },
  "servers": [
 ...
[50X COORDINATION] sentinel: Injected 241 tokens of upstream constraints
[EXECUTOR] 2026-01-27T10:07:35.233Z - Creating executor for sentinel, iteration 1
[EXECUTOR] 2026-01-27T10:07:35.233Z - CALLING executor.execute() for sentinel
[PERSISTENCE] ‚úì CriticalDecisions saved to file: C:\Users\SBS\Desktop\New folder (4)\vito\.olympus\decisions\olympus-dashboard-1769508132118.json
Anthropic completion failed after 955ms: NotFoundError: 404 {"type":"error","error":{"type":"not_found_error","message":"model: claude-3-5-sonnet-20241022"},"request_id":"req_011CXXhRG4RKuZxX764qY7JW"}
    at APIError.generate (C:\Users\SBS\Desktop\New folder (4)\vito\node_modules\@anthropic-ai\sdk\src\core\error.ts:75:14)
    at Anthropic.makeStatusError (C:\Users\SBS\Desktop\New folder (4)\vito\node_modules\@anthropic-ai\sdk\src\client.ts:443:28)
    at Anthropic.makeRequest (C:\Users\SBS\Desktop\New folder (4)\vito\node_modules\@anthropic-ai\sdk\src\client.ts:678:24)
    at process.processTicksAndRejections (node:internal/process/task_queues:103:5)
    at async AnthropicProvider.complete (C:\Users\SBS\Desktop\New folder (4)\vito\src\lib\agents\providers\anthropic.ts:200:24)
    at async AIRouter.execute (C:\Users\SBS\Desktop\New folder (4)\vito\src\lib\agents\providers\router.ts:248:26)
    at async AgentExecutor.executeCompletion (C:\Users\SBS\Desktop\New folder (4)\vito\src\lib\agents\executor\executor.ts:152:20)
    at async RetryHandler.executeWithRetry (C:\Users\SBS\Desktop\New folder (4)\vito\src\lib\agents\executor\retry.ts:63:24)
    at async AgentExecutor.execute (C:\Users\SBS\Desktop\New folder (4)\vito\src\lib\agents\executor\executor.ts:95:22)
    at async BuildOrchestrator.executeAgentWithFeedback (C:\Users\SBS\Desktop\New folder (4)\vito\src\lib\agents\orchestrator\orchestrator.ts:1393:22) {
  status: 404,
  headers: Headers {
    date: 'Tue, 27 Jan 2026 10:07:35 GMT',
    'content-type': 'application/json',
    'transfer-encoding': 'chunked',
    connection: 'keep-alive',
    'x-should-retry': 'false',
    'request-id': 'req_011CXXhRG4RKuZxX764qY7JW',
    'strict-transport-security': 'max-age=31536000; includeSubDomains; preload',
    'anthropic-organization-id': 'd06567ef-3469-4f53-ac13-52b8fe9f18b6',
    server: 'cloudflare',
    'x-envoy-upstream-service-time': '42',
    'cf-cache-status': 'DYNAMIC',
    'x-robots-tag': 'none',
    'content-encoding': 'gzip',
    'cf-ray': '9c4771a7cda45628-MXP'
  },
  requestID: 'req_011CXXhRG4RKuZxX764qY7JW',
  error: {
    type: 'error',
    error: {
      type: 'not_found_error',
      message: 'model: claude-3-5-sonnet-20241022'
    },
    request_id: 'req_011CXXhRG4RKuZxX764qY7JW'
  }
}
Primary provider anthropic failed: 404 {"type":"error","error":{"type":"not_found_error","message":"model: claude-3-5-sonnet-20241022"},"request_id":"req_011CXXhRG4RKuZxX764qY7JW"}
[AIRouter] Checking fallback: enabled=true, fallbackProvider=openai
[AIRouter] Fallback provider found: true, providers keys: anthropic, openai, groq
[AIRouter] Attempting fallback to openai with model gpt-4o-mini
[AIRouter] Calling openai.complete()...
[HEARTBEAT] 2026-01-27T10:07:37.562Z {"buildId":"olympus-dashboard-1769508132118","status":"running","currentPhase":"architecture","currentAgent":"sentinel","completedAgents":["oracle","empathy","venture","strategos","scope","psyche","scribe","architect_conversion","conversion_judge","palette","grid","blocks","cartographer","flow","artist","archon","datum","nexus","forge"],"runningAgents":["sentinel"],"failedAgents":[],"progress":59}
[HEARTBEAT] 2026-01-27T10:07:42.565Z {"buildId":"olympus-dashboard-1769508132118","status":"running","currentPhase":"architecture","currentAgent":"sentinel","completedAgents":["oracle","empathy","venture","strategos","scope","psyche","scribe","architect_conversion","conversion_judge","palette","grid","blocks","cartographer","flow","artist","archon","datum","nexus","forge"],"runningAgents":["sentinel"],"failedAgents":[],"progress":59}
[HEARTBEAT] 2026-01-27T10:07:47.581Z {"buildId":"olympus-dashboard-1769508132118","status":"running","currentPhase":"architecture","currentAgent":"sentinel","completedAgents":["oracle","empathy","venture","strategos","scope","psyche","scribe","architect_conversion","conversion_judge","palette","grid","blocks","cartographer","flow","artist","archon","datum","nexus","forge"],"runningAgents":["sentinel"],"failedAgents":[],"progress":59}
[HEARTBEAT] 2026-01-27T10:07:52.594Z {"buildId":"olympus-dashboard-1769508132118","status":"running","currentPhase":"architecture","currentAgent":"sentinel","completedAgents":["oracle","empathy","venture","strategos","scope","psyche","scribe","architect_conversion","conversion_judge","palette","grid","blocks","cartographer","flow","artist","archon","datum","nexus","forge"],"runningAgents":["sentinel"],"failedAgents":[],"progress":59}
[AIRouter] Fallback openai succeeded! Tokens: 4669
[Executor] AI execution succeeded: 4669 tokens, provider=anthropic,openai
[Executor] Response content type: string, length: 4323
[Executor] Parsing response: {
  "authentication": {
    "provider": "supabase",
    "methods": ["email", "google", "github"],
  ...
[Parser] ===== PARSING sentinel =====
[Parser] Raw content length: 4323
[Parser] Raw content start: {
  "authentication": {
    "provider": "supabase",
    "methods": ["email", "google", "github"],
    "passwordPolicy": {
      "minLength": 8,
      "requireUppercase": true,
      "requireLowercase"...
[Parser] Extracted JSON length: 4323
[Parser] Extracted JSON start: {
  "authentication": {
    "provider": "supabase",
    "methods": ["email", "google", "github"],
    "passwordPolicy": {
      "minLength": 8,
      "requireUppercase": true,
      "requireLowercase"...
[Parser] JSON.parse SUCCESS for sentinel
[Parser] Agent sentinel: parsed.files exists = true, isArray = true, length = 4
[Parser] Agent sentinel: Processing 4 files
[Parser] File: src/middleware.ts, type=code, hasContent=false, contentLength=0
[Parser] File: src/lib/auth/config.ts, type=code, hasContent=false, contentLength=0
[Parser] File: src/lib/auth/roles.ts, type=code, hasContent=false, contentLength=0
[Parser] File: supabase/migrations/001_rls_policies.sql, type=schema, hasContent=false, contentLength=0
[Parser] Agent sentinel: Added 4 file artifacts
[Executor] Parsed successfully: artifacts=5, status=completed
[EXECUTOR] 2026-01-27T10:07:55.999Z - executor.execute() RETURNED for sentinel in 20766ms {"success":true,"hasOutput":true,"errorMessage":null,"artifactCount":5}
[Orchestrator] Agent sentinel - Quality Score: 100/100 (min: 60)
[Orchestrator] Agent sentinel - Quality PASSED on iteration 1
[Orchestrator] ARCHITECTURE VALIDATION PASSED for sentinel (score: 100)
[Orchestrator] Agent sentinel - Architecture validation PASSED (score: 100)
[PERSISTENCE] Database connection failed for critical decisions: Error: Missing SUPABASE_SERVICE_ROLE_KEY
    at createServiceRoleClient (C:\Users\SBS\Desktop\New folder (4)\vito\src\lib\auth\clients\admin.ts:20:11)
    at saveCriticalDecisions (C:\Users\SBS\Desktop\New folder (4)\vito\src\lib\agents\context\persistence.ts:189:22)
    at BuildContextManager.persistCriticalDecisions (C:\Users\SBS\Desktop\New folder (4)\vito\src\lib\agents\context\manager.ts:204:5)
    at BuildContextManager.updateCriticalDecisions (C:\Users\SBS\Desktop\New folder (4)\vito\src\lib\agents\context\manager.ts:169:10)
    at BuildContextManager.recordOutput (C:\Users\SBS\Desktop\New folder (4)\vito\src\lib\agents\context\manager.ts:147:10)
    at BuildOrchestrator.finalizeAgentSuccess (C:\Users\SBS\Desktop\New folder (4)\vito\src\lib\agents\orchestrator\orchestrator.ts:1779:18)
    at BuildOrchestrator.executeAgentWithFeedback (C:\Users\SBS\Desktop\New folder (4)\vito\src\lib\agents\orchestrator\orchestrator.ts:1481:23)
    at process.processTicksAndRejections (node:internal/process/task_queues:103:5)
    at async BuildOrchestrator.executeAgent (C:\Users\SBS\Desktop\New folder (4)\vito\src\lib\agents\orchestrator\orchestrator.ts:1234:22)
    at async Promise.all (index 0)
[PERSISTENCE] Database connection failed (non-fatal): Error: Missing SUPABASE_SERVICE_ROLE_KEY
    at createServiceRoleClient (C:\Users\SBS\Desktop\New folder (4)\vito\src\lib\auth\clients\admin.ts:20:11)
    at saveAgentOutput (C:\Users\SBS\Desktop\New folder (4)\vito\src\lib\agents\context\persistence.ts:74:22)
    at BuildOrchestrator.finalizeAgentSuccess (C:\Users\SBS\Desktop\New folder (4)\vito\src\lib\agents\orchestrator\orchestrator.ts:1780:11)
    at BuildOrchestrator.executeAgentWithFeedback (C:\Users\SBS\Desktop\New folder (4)\vito\src\lib\agents\orchestrator\orchestrator.ts:1481:23)
    at process.processTicksAndRejections (node:internal/process/task_queues:103:5)
    at async BuildOrchestrator.executeAgent (C:\Users\SBS\Desktop\New folder (4)\vito\src\lib\agents\orchestrator\orchestrator.ts:1234:22)
    at async Promise.all (index 0)
    at async BuildOrchestrator.executePhase (C:\Users\SBS\Desktop\New folder (4)\vito\src\lib\agents\orchestrator\orchestrator.ts:1060:26)
    at async BuildOrchestrator.start (C:\Users\SBS\Desktop\New folder (4)\vito\src\lib\agents\orchestrator\orchestrator.ts:658:29)
    at async runBuild (C:\Users\SBS\Desktop\New folder (4)\vito\scripts\build-olympus-dashboard.ts:189:18)
    ‚Üí Agent sentinel: completed (5 artifacts)
[AGENT_CALL] 2026-01-27T10:07:56.000Z - COMPLETED: sentinel in 20767ms, success=true
  [63%] Phase: architecture | Agents: none
[AGENT_CALL] 2026-01-27T10:07:56.001Z - ENTERING: executeAgent(atlas)
[DEGRADATION] Agent atlas not active in tier GOLD - skipping
[PERSISTENCE] Database connection failed for critical decisions: Error: Missing SUPABASE_SERVICE_ROLE_KEY
    at createServiceRoleClient (C:\Users\SBS\Desktop\New folder (4)\vito\src\lib\auth\clients\admin.ts:20:11)
    at saveCriticalDecisions (C:\Users\SBS\Desktop\New folder (4)\vito\src\lib\agents\context\persistence.ts:189:22)
    at BuildContextManager.persistCriticalDecisions (C:\Users\SBS\Desktop\New folder (4)\vito\src\lib\agents\context\manager.ts:204:5)
    at BuildContextManager.updateCriticalDecisions (C:\Users\SBS\Desktop\New folder (4)\vito\src\lib\agents\context\manager.ts:169:10)
    at BuildContextManager.recordOutput (C:\Users\SBS\Desktop\New folder (4)\vito\src\lib\agents\context\manager.ts:147:10)
    at BuildOrchestrator.executeAgent (C:\Users\SBS\Desktop\New folder (4)\vito\src\lib\agents\orchestrator\orchestrator.ts:1203:20)
    at <anonymous> (C:\Users\SBS\Desktop\New folder (4)\vito\src\lib\agents\orchestrator\orchestrator.ts:1053:59)
    at Array.map (<anonymous>)
    at BuildOrchestrator.executePhase (C:\Users\SBS\Desktop\New folder (4)\vito\src\lib\agents\orchestrator\orchestrator.ts:1053:37)
    at process.processTicksAndRejections (node:internal/process/task_queues:103:5)
  [66%] Phase: architecture | Agents: none
[Scheduler] Phase architecture COMPLETE. Status: [{"agentId":"archon","completed":true,"failed":false,"optional":false},{"agentId":"datum","completed":true,"failed":false,"optional":false},{"agentId":"nexus","completed":true,"failed":false,"optional":false},{"agentId":"forge","completed":true,"failed":false,"optional":false},{"agentId":"sentinel","completed":true,"failed":false,"optional":false},{"agentId":"atlas","completed":true,"failed":false,"optional":true}]
  ‚úì Phase architecture completed (completed)
[ORCH_PHASE] 2026-01-27T10:07:56.002Z - Phase architecture result: success=true, error=none
[Orchestrator] ‚úì Phase architecture completed. Completed phases: discovery, conversion, design, architecture
[Orchestrator] ===== PHASE 5/7: frontend =====
[Orchestrator] Phase agents (3): pixel, wire, polish
[ORCH_PHASE] 2026-01-27T10:07:56.002Z - ENTERING: executePhase(frontend)
[ORCH_PHASE] 2026-01-27T10:07:56.002Z - Starting phase loop for frontend
[ORCH_LOOP] 2026-01-27T10:07:56.002Z - Loop iteration 1 {"phase":"frontend","nextAgents":["pixel"],"runningAgents":[],"deadlockCounter":0,"isPhaseComplete":false}
[AGENT_CALL] 2026-01-27T10:07:56.002Z - ENTERING: executeAgent(pixel)
[AGENT_CALL] 2026-01-27T10:07:56.002Z - CALLING: pixel (phase: frontend)
[Orchestrator] PIXEL-AS-EMITTER: No document artifact in Blocks output
[Orchestrator] PIXEL: No components found in Blocks output, falling back to standard execution
[Orchestrator] Agent pixel - Iteration 1/3
[JSON] Parse failed in critical-summarizer:nexusDecisions: SyntaxError: Expected property name or '}' in JSON at position 851 (line 34 column 13)
    at JSON.parse (<anonymous>)
    at safeJsonParse (C:\Users\SBS\Desktop\New folder (4)\vito\src\lib\utils\safe-json.ts:23:17)
    at extractNexusDecisions (C:\Users\SBS\Desktop\New folder (4)\vito\src\lib\agents\coordination\critical-summarizer.ts:319:18)
    at buildCriticalDecisions (C:\Users\SBS\Desktop\New folder (4)\vito\src\lib\agents\coordination\critical-summarizer.ts:452:29)
    at prepareAgentWithConstraints (C:\Users\SBS\Desktop\New folder (4)\vito\src\lib\agents\coordination\index.ts:122:29)
    at BuildOrchestrator.executeAgentWithFeedback (C:\Users\SBS\Desktop\New folder (4)\vito\src\lib\agents\orchestrator\orchestrator.ts:1374:73)
    at BuildOrchestrator.executeAgent (C:\Users\SBS\Desktop\New folder (4)\vito\src\lib\agents\orchestrator\orchestrator.ts:1235:14)
    at <anonymous> (C:\Users\SBS\Desktop\New folder (4)\vito\src\lib\agents\orchestrator\orchestrator.ts:1053:59)
    at Array.map (<anonymous>)
    at BuildOrchestrator.executePhase (C:\Users\SBS\Desktop\New folder (4)\vito\src\lib\agents\orchestrator\orchestrator.ts:1053:37)
[JSON] Content preview: {
  "openapi": "3.0.3",
  "info": {
    "title": "OLYMPUS Builder Dashboard API",
    "version": "1.0.0",
    "description": "API documentation for the OLYMPUS Builder Dashboard"
  },
  "servers": [
 ...
[50X COORDINATION] pixel: Injected 800 tokens of upstream constraints
[EXECUTOR] 2026-01-27T10:07:56.003Z - Creating executor for pixel, iteration 1
[EXECUTOR] 2026-01-27T10:07:56.003Z - CALLING executor.execute() for pixel
[PERSISTENCE] ‚úì CriticalDecisions saved to file: C:\Users\SBS\Desktop\New folder (4)\vito\.olympus\decisions\olympus-dashboard-1769508132118.json
[PERSISTENCE] ‚úì CriticalDecisions saved to file: C:\Users\SBS\Desktop\New folder (4)\vito\.olympus\decisions\olympus-dashboard-1769508132118.json
[HEARTBEAT] 2026-01-27T10:07:57.597Z {"buildId":"olympus-dashboard-1769508132118","status":"running","currentPhase":"frontend","currentAgent":"pixel","completedAgents":["oracle","empathy","venture","strategos","scope","psyche","scribe","architect_conversion","conversion_judge","palette","grid","blocks","cartographer","flow","artist","archon","datum","nexus","forge","sentinel","atlas"],"runningAgents":["pixel"],"failedAgents":[],"progress":66}
[HEARTBEAT] 2026-01-27T10:08:02.597Z {"buildId":"olympus-dashboard-1769508132118","status":"running","currentPhase":"frontend","currentAgent":"pixel","completedAgents":["oracle","empathy","venture","strategos","scope","psyche","scribe","architect_conversion","conversion_judge","palette","grid","blocks","cartographer","flow","artist","archon","datum","nexus","forge","sentinel","atlas"],"runningAgents":["pixel"],"failedAgents":[],"progress":66}
[HEARTBEAT] 2026-01-27T10:08:07.598Z {"buildId":"olympus-dashboard-1769508132118","status":"running","currentPhase":"frontend","currentAgent":"pixel","completedAgents":["oracle","empathy","venture","strategos","scope","psyche","scribe","architect_conversion","conversion_judge","palette","grid","blocks","cartographer","flow","artist","archon","datum","nexus","forge","sentinel","atlas"],"runningAgents":["pixel"],"failedAgents":[],"progress":66}
[HEARTBEAT] 2026-01-27T10:08:12.600Z {"buildId":"olympus-dashboard-1769508132118","status":"running","currentPhase":"frontend","currentAgent":"pixel","completedAgents":["oracle","empathy","venture","strategos","scope","psyche","scribe","architect_conversion","conversion_judge","palette","grid","blocks","cartographer","flow","artist","archon","datum","nexus","forge","sentinel","atlas"],"runningAgents":["pixel"],"failedAgents":[],"progress":66}
[HEARTBEAT] 2026-01-27T10:08:17.608Z {"buildId":"olympus-dashboard-1769508132118","status":"running","currentPhase":"frontend","currentAgent":"pixel","completedAgents":["oracle","empathy","venture","strategos","scope","psyche","scribe","architect_conversion","conversion_judge","palette","grid","blocks","cartographer","flow","artist","archon","datum","nexus","forge","sentinel","atlas"],"runningAgents":["pixel"],"failedAgents":[],"progress":66}
[HEARTBEAT] 2026-01-27T10:08:22.609Z {"buildId":"olympus-dashboard-1769508132118","status":"running","currentPhase":"frontend","currentAgent":"pixel","completedAgents":["oracle","empathy","venture","strategos","scope","psyche","scribe","architect_conversion","conversion_judge","palette","grid","blocks","cartographer","flow","artist","archon","datum","nexus","forge","sentinel","atlas"],"runningAgents":["pixel"],"failedAgents":[],"progress":66}
[HEARTBEAT] 2026-01-27T10:08:27.621Z {"buildId":"olympus-dashboard-1769508132118","status":"running","currentPhase":"frontend","currentAgent":"pixel","completedAgents":["oracle","empathy","venture","strategos","scope","psyche","scribe","architect_conversion","conversion_judge","palette","grid","blocks","cartographer","flow","artist","archon","datum","nexus","forge","sentinel","atlas"],"runningAgents":["pixel"],"failedAgents":[],"progress":66}
[HEARTBEAT] 2026-01-27T10:08:32.623Z {"buildId":"olympus-dashboard-1769508132118","status":"running","currentPhase":"frontend","currentAgent":"pixel","completedAgents":["oracle","empathy","venture","strategos","scope","psyche","scribe","architect_conversion","conversion_judge","palette","grid","blocks","cartographer","flow","artist","archon","datum","nexus","forge","sentinel","atlas"],"runningAgents":["pixel"],"failedAgents":[],"progress":66}
[HEARTBEAT] 2026-01-27T10:08:37.624Z {"buildId":"olympus-dashboard-1769508132118","status":"running","currentPhase":"frontend","currentAgent":"pixel","completedAgents":["oracle","empathy","venture","strategos","scope","psyche","scribe","architect_conversion","conversion_judge","palette","grid","blocks","cartographer","flow","artist","archon","datum","nexus","forge","sentinel","atlas"],"runningAgents":["pixel"],"failedAgents":[],"progress":66}
[HEARTBEAT] 2026-01-27T10:08:42.630Z {"buildId":"olympus-dashboard-1769508132118","status":"running","currentPhase":"frontend","currentAgent":"pixel","completedAgents":["oracle","empathy","venture","strategos","scope","psyche","scribe","architect_conversion","conversion_judge","palette","grid","blocks","cartographer","flow","artist","archon","datum","nexus","forge","sentinel","atlas"],"runningAgents":["pixel"],"failedAgents":[],"progress":66}
[HEARTBEAT] 2026-01-27T10:08:47.638Z {"buildId":"olympus-dashboard-1769508132118","status":"running","currentPhase":"frontend","currentAgent":"pixel","completedAgents":["oracle","empathy","venture","strategos","scope","psyche","scribe","architect_conversion","conversion_judge","palette","grid","blocks","cartographer","flow","artist","archon","datum","nexus","forge","sentinel","atlas"],"runningAgents":["pixel"],"failedAgents":[],"progress":66}
[HEARTBEAT] 2026-01-27T10:08:52.638Z {"buildId":"olympus-dashboard-1769508132118","status":"running","currentPhase":"frontend","currentAgent":"pixel","completedAgents":["oracle","empathy","venture","strategos","scope","psyche","scribe","architect_conversion","conversion_judge","palette","grid","blocks","cartographer","flow","artist","archon","datum","nexus","forge","sentinel","atlas"],"runningAgents":["pixel"],"failedAgents":[],"progress":66}
[HEARTBEAT] 2026-01-27T10:08:57.646Z {"buildId":"olympus-dashboard-1769508132118","status":"running","currentPhase":"frontend","currentAgent":"pixel","completedAgents":["oracle","empathy","venture","strategos","scope","psyche","scribe","architect_conversion","conversion_judge","palette","grid","blocks","cartographer","flow","artist","archon","datum","nexus","forge","sentinel","atlas"],"runningAgents":["pixel"],"failedAgents":[],"progress":66}
[HEARTBEAT] 2026-01-27T10:09:02.647Z {"buildId":"olympus-dashboard-1769508132118","status":"running","currentPhase":"frontend","currentAgent":"pixel","completedAgents":["oracle","empathy","venture","strategos","scope","psyche","scribe","architect_conversion","conversion_judge","palette","grid","blocks","cartographer","flow","artist","archon","datum","nexus","forge","sentinel","atlas"],"runningAgents":["pixel"],"failedAgents":[],"progress":66}
[HEARTBEAT] 2026-01-27T10:09:07.653Z {"buildId":"olympus-dashboard-1769508132118","status":"running","currentPhase":"frontend","currentAgent":"pixel","completedAgents":["oracle","empathy","venture","strategos","scope","psyche","scribe","architect_conversion","conversion_judge","palette","grid","blocks","cartographer","flow","artist","archon","datum","nexus","forge","sentinel","atlas"],"runningAgents":["pixel"],"failedAgents":[],"progress":66}
[HEARTBEAT] 2026-01-27T10:09:12.665Z {"buildId":"olympus-dashboard-1769508132118","status":"running","currentPhase":"frontend","currentAgent":"pixel","completedAgents":["oracle","empathy","venture","strategos","scope","psyche","scribe","architect_conversion","conversion_judge","palette","grid","blocks","cartographer","flow","artist","archon","datum","nexus","forge","sentinel","atlas"],"runningAgents":["pixel"],"failedAgents":[],"progress":66}
[HEARTBEAT] 2026-01-27T10:09:17.673Z {"buildId":"olympus-dashboard-1769508132118","status":"running","currentPhase":"frontend","currentAgent":"pixel","completedAgents":["oracle","empathy","venture","strategos","scope","psyche","scribe","architect_conversion","conversion_judge","palette","grid","blocks","cartographer","flow","artist","archon","datum","nexus","forge","sentinel","atlas"],"runningAgents":["pixel"],"failedAgents":[],"progress":66}
[HEARTBEAT] 2026-01-27T10:09:22.681Z {"buildId":"olympus-dashboard-1769508132118","status":"running","currentPhase":"frontend","currentAgent":"pixel","completedAgents":["oracle","empathy","venture","strategos","scope","psyche","scribe","architect_conversion","conversion_judge","palette","grid","blocks","cartographer","flow","artist","archon","datum","nexus","forge","sentinel","atlas"],"runningAgents":["pixel"],"failedAgents":[],"progress":66}
[HEARTBEAT] 2026-01-27T10:09:27.685Z {"buildId":"olympus-dashboard-1769508132118","status":"running","currentPhase":"frontend","currentAgent":"pixel","completedAgents":["oracle","empathy","venture","strategos","scope","psyche","scribe","architect_conversion","conversion_judge","palette","grid","blocks","cartographer","flow","artist","archon","datum","nexus","forge","sentinel","atlas"],"runningAgents":["pixel"],"failedAgents":[],"progress":66}
[HEARTBEAT] 2026-01-27T10:09:32.685Z {"buildId":"olympus-dashboard-1769508132118","status":"running","currentPhase":"frontend","currentAgent":"pixel","completedAgents":["oracle","empathy","venture","strategos","scope","psyche","scribe","architect_conversion","conversion_judge","palette","grid","blocks","cartographer","flow","artist","archon","datum","nexus","forge","sentinel","atlas"],"runningAgents":["pixel"],"failedAgents":[],"progress":66}
[HEARTBEAT] 2026-01-27T10:09:37.696Z {"buildId":"olympus-dashboard-1769508132118","status":"running","currentPhase":"frontend","currentAgent":"pixel","completedAgents":["oracle","empathy","venture","strategos","scope","psyche","scribe","architect_conversion","conversion_judge","palette","grid","blocks","cartographer","flow","artist","archon","datum","nexus","forge","sentinel","atlas"],"runningAgents":["pixel"],"failedAgents":[],"progress":66}
[HEARTBEAT] 2026-01-27T10:09:42.698Z {"buildId":"olympus-dashboard-1769508132118","status":"running","currentPhase":"frontend","currentAgent":"pixel","completedAgents":["oracle","empathy","venture","strategos","scope","psyche","scribe","architect_conversion","conversion_judge","palette","grid","blocks","cartographer","flow","artist","archon","datum","nexus","forge","sentinel","atlas"],"runningAgents":["pixel"],"failedAgents":[],"progress":66}
[HEARTBEAT] 2026-01-27T10:09:47.701Z {"buildId":"olympus-dashboard-1769508132118","status":"running","currentPhase":"frontend","currentAgent":"pixel","completedAgents":["oracle","empathy","venture","strategos","scope","psyche","scribe","architect_conversion","conversion_judge","palette","grid","blocks","cartographer","flow","artist","archon","datum","nexus","forge","sentinel","atlas"],"runningAgents":["pixel"],"failedAgents":[],"progress":66}
[HEARTBEAT] 2026-01-27T10:09:52.714Z {"buildId":"olympus-dashboard-1769508132118","status":"running","currentPhase":"frontend","currentAgent":"pixel","completedAgents":["oracle","empathy","venture","strategos","scope","psyche","scribe","architect_conversion","conversion_judge","palette","grid","blocks","cartographer","flow","artist","archon","datum","nexus","forge","sentinel","atlas"],"runningAgents":["pixel"],"failedAgents":[],"progress":66}
OpenAI completion failed after 120016ms: DOMException [TimeoutError]: The operation was aborted due to timeout
    at node:internal/deps/undici/undici:15845:13
    at process.processTicksAndRejections (node:internal/process/task_queues:103:5)
    at async OpenAIProvider.complete (C:\Users\SBS\Desktop\New folder (4)\vito\src\lib\agents\providers\openai.ts:200:24)
    at async AIRouter.execute (C:\Users\SBS\Desktop\New folder (4)\vito\src\lib\agents\providers\router.ts:248:26)
    at async AgentExecutor.executeCompletion (C:\Users\SBS\Desktop\New folder (4)\vito\src\lib\agents\executor\executor.ts:152:20)
    at async RetryHandler.executeWithRetry (C:\Users\SBS\Desktop\New folder (4)\vito\src\lib\agents\executor\retry.ts:63:24)
    at async AgentExecutor.execute (C:\Users\SBS\Desktop\New folder (4)\vito\src\lib\agents\executor\executor.ts:95:22)
    at async BuildOrchestrator.executeAgentWithFeedback (C:\Users\SBS\Desktop\New folder (4)\vito\src\lib\agents\orchestrator\orchestrator.ts:1393:22)
    at async BuildOrchestrator.executeAgent (C:\Users\SBS\Desktop\New folder (4)\vito\src\lib\agents\orchestrator\orchestrator.ts:1234:22)
    at async Promise.all (index 0)
Primary provider openai failed: The operation was aborted due to timeout
[AIRouter] Checking fallback: enabled=true, fallbackProvider=undefined
[Executor] AI execution failed: success=false, hasResponse=false, error=The operation was aborted due to timeout
[HEARTBEAT] 2026-01-27T10:09:57.718Z {"buildId":"olympus-dashboard-1769508132118","status":"running","currentPhase":"frontend","currentAgent":"pixel","completedAgents":["oracle","empathy","venture","strategos","scope","psyche","scribe","architect_conversion","conversion_judge","palette","grid","blocks","cartographer","flow","artist","archon","datum","nexus","forge","sentinel","atlas"],"runningAgents":["pixel"],"failedAgents":[],"progress":66}
[HEARTBEAT] 2026-01-27T10:10:02.720Z {"buildId":"olympus-dashboard-1769508132118","status":"running","currentPhase":"frontend","currentAgent":"pixel","completedAgents":["oracle","empathy","venture","strategos","scope","psyche","scribe","architect_conversion","conversion_judge","palette","grid","blocks","cartographer","flow","artist","archon","datum","nexus","forge","sentinel","atlas"],"runningAgents":["pixel"],"failedAgents":[],"progress":66}
[HEARTBEAT] 2026-01-27T10:10:07.732Z {"buildId":"olympus-dashboard-1769508132118","status":"running","currentPhase":"frontend","currentAgent":"pixel","completedAgents":["oracle","empathy","venture","strategos","scope","psyche","scribe","architect_conversion","conversion_judge","palette","grid","blocks","cartographer","flow","artist","archon","datum","nexus","forge","sentinel","atlas"],"runningAgents":["pixel"],"failedAgents":[],"progress":66}
[HEARTBEAT] 2026-01-27T10:10:12.743Z {"buildId":"olympus-dashboard-1769508132118","status":"running","currentPhase":"frontend","currentAgent":"pixel","completedAgents":["oracle","empathy","venture","strategos","scope","psyche","scribe","architect_conversion","conversion_judge","palette","grid","blocks","cartographer","flow","artist","archon","datum","nexus","forge","sentinel","atlas"],"runningAgents":["pixel"],"failedAgents":[],"progress":66}
[HEARTBEAT] 2026-01-27T10:10:17.757Z {"buildId":"olympus-dashboard-1769508132118","status":"running","currentPhase":"frontend","currentAgent":"pixel","completedAgents":["oracle","empathy","venture","strategos","scope","psyche","scribe","architect_conversion","conversion_judge","palette","grid","blocks","cartographer","flow","artist","archon","datum","nexus","forge","sentinel","atlas"],"runningAgents":["pixel"],"failedAgents":[],"progress":66}
[HEARTBEAT] 2026-01-27T10:10:22.770Z {"buildId":"olympus-dashboard-1769508132118","status":"running","currentPhase":"frontend","currentAgent":"pixel","completedAgents":["oracle","empathy","venture","strategos","scope","psyche","scribe","architect_conversion","conversion_judge","palette","grid","blocks","cartographer","flow","artist","archon","datum","nexus","forge","sentinel","atlas"],"runningAgents":["pixel"],"failedAgents":[],"progress":66}
[Executor] AI execution succeeded: 29960 tokens, provider=anthropic
[Executor] Response content type: string, length: 13249
[Executor] Parsing response: ```json
{
  "files": [
    {
      "path": "src/app/console/layout.tsx",
      "language": "typescri...
[Parser] ===== PARSING pixel =====
[Parser] Raw content length: 13249
[Parser] Raw content start: ```json
{
  "files": [
    {
      "path": "src/app/console/layout.tsx",
      "language": "typescript",
      "content": "import * as React from 'react';
import { cn } from '@/lib/utils';
import { Bu...
[Parser] Extracted JSON length: 13193
[Parser] Extracted JSON start: {
  "files": [
    {
      "path": "src/app/console/layout.tsx",
      "language": "typescript",
      "content": "import * as React from 'react';
import { cn } from '@/lib/utils';
import { Button } f...
[Parser] ===== PARSE FAILED for pixel =====
[Parser] Error: Bad control character in string literal in JSON at position 146 (line 6 column 50)
[Parser] Raw content first 500 chars: ```json
{
  "files": [
    {
      "path": "src/app/console/layout.tsx",
      "language": "typescript",
      "content": "import * as React from 'react';
import { cn } from '@/lib/utils';
import { Button } from '@/components/ui/button';
import { Logo } from '@/components/logo';
import { Navigation } from '@/components/navigation';
import { UserMenu } from '@/components/user-menu';
import { ContextualChat } from '@/components/contextual-chat';

export default function ConsoleLayout({
  children,
[Executor] Parsed successfully: artifacts=1, status=completed
[EXECUTOR] 2026-01-27T10:10:27.037Z - executor.execute() RETURNED for pixel in 151034ms {"success":true,"hasOutput":true,"errorMessage":null,"artifactCount":1}
[Orchestrator] CRITICAL: Agent pixel completed but produced NO code files
[Orchestrator] Agent pixel - Quality Score: 0/100 (min: 60)
[Orchestrator] Agent pixel - QUALITY GATE HARD FAILURE (stopOnFailure=true, score=0)
[AGENT_CALL] 2026-01-27T10:10:27.037Z - COMPLETED: pixel in 151035ms, success=false
[SELF-HEAL] Suggested actions for pixel: REDUCE_SCOPE
[ORCH_PHASE] 2026-01-27T10:10:27.039Z - Phase frontend result: success=false, error=Quality gate failed: score 0 below threshold. Agent pixel failed to produce any code files. Check agent prompt and input context.
[ORCH_PHASE] 2026-01-27T10:10:27.039Z - STOPPING BUILD: Phase frontend failed and continueOnError=false
----------------------------------------------------------------------

[4/4] Build completed

======================================================================
BUILD RESULTS
======================================================================
Success: NO
Duration: 495 seconds
Error: QUALITY_THRESHOLD - Quality gate failed: score 0 below threshold. Agent pixel failed to produce any code files. Check agent prompt and input context.
Final Progress: 66%
Phases Completed: discovery, conversion, design, architecture
Agents Completed: 21
Tokens Used: 135173

Event log saved to: C:\Users\SBS\Desktop\New folder (4)\vito\output\olympus-dashboard-1769508132118\event-log.json
Build summary saved to: C:\Users\SBS\Desktop\New folder (4)\vito\output\olympus-dashboard-1769508132118\build-summary.json

======================================================================
