[dotenv@17.2.3] injecting env (13) from .env -- tip: ⚙️  suppress all logs with { quiet: true }
[dotenv@17.2.3] injecting env (25) from .env.local -- tip: ✅ audit secrets and track compliance: https://dotenvx.com/ops
[dotenv@17.2.3] injecting env (0) from .env -- tip: ⚙️  suppress all logs with { quiet: true }
======================================================================
OLYMPUS SELF-BUILD: Dashboard v1.0
======================================================================

Build ID: olympus-dashboard-1769508690316
Output Dir: C:\Users\SBS\Desktop\New folder (4)\vito\output\olympus-dashboard-1769508690316

[1/4] Initializing build context...
[2/4] Creating orchestrator (35 agents)...
[Orchestrator] Constructor called with tier: professional
[Orchestrator] TierConfig phases: discovery, conversion, design, architecture, frontend, backend, integration
[Orchestrator] TierConfig agents count: 32
[createBuildPlan] Creating plan for tier: professional
[createBuildPlan] Tier config phases: discovery, conversion, design, architecture, frontend, backend, integration
[createBuildPlan] Tier config agents count: 32
[createBuildPlan] PHASE_ORDER: discovery, conversion, design, architecture, frontend, backend, integration, testing, deployment
[createBuildPlan] ADDING phase discovery with 5 agents: oracle, empathy, venture, strategos, scope
[createBuildPlan] ADDING phase conversion with 4 agents: psyche, scribe, architect_conversion, conversion_judge
[createBuildPlan] ADDING phase design with 6 agents: palette, grid, blocks, cartographer, flow, artist
[createBuildPlan] ADDING phase architecture with 6 agents: archon, datum, nexus, forge, sentinel, atlas
[createBuildPlan] ADDING phase frontend with 3 agents: pixel, wire, polish
[createBuildPlan] ADDING phase backend with 4 agents: engine, gateway, keeper, cron
[createBuildPlan] ADDING phase integration with 4 agents: bridge, sync, notify, search
[createBuildPlan] SKIPPING phase testing - not in tier
[createBuildPlan] SKIPPING phase deployment - not in tier
[createBuildPlan] ===== PLAN SUMMARY =====
[createBuildPlan] Tier: professional
[createBuildPlan] Total phases: 7
[createBuildPlan] Total agents: 32
[createBuildPlan] Phases: discovery(5), conversion(4), design(6), architecture(6), frontend(3), backend(4), integration(4)
[Orchestrator] Plan created with 7 phases, 32 agents
[Scheduler] Initializing queue from plan with 7 phases
[Scheduler] Queueing phase discovery with 5 agents: oracle, empathy, venture, strategos, scope
[Scheduler] Queueing phase conversion with 4 agents: psyche, scribe, architect_conversion, conversion_judge
[Scheduler] Queueing phase design with 6 agents: palette, grid, blocks, cartographer, flow, artist
[Scheduler] Queueing phase architecture with 6 agents: archon, datum, nexus, forge, sentinel, atlas
[Scheduler] Queueing phase frontend with 3 agents: pixel, wire, polish
[Scheduler] Queueing phase backend with 4 agents: engine, gateway, keeper, cron
[Scheduler] Queueing phase integration with 4 agents: bridge, sync, notify, search
[Scheduler] Queue initialized with 32 agents total
[INFO] [fingerprint] [olympus-] Loaded 4 cached fingerprints { pruned: 0 }
[INFO] [health] [olympus-] ResilienceEngine v3.0 initialized { tier: 'GOLD' }
[Orchestrator] ResilienceEngine initialized (tier: GOLD)
[3/4] Starting build...

----------------------------------------------------------------------
[ORCH_START] 2026-01-27T10:11:30.320Z - ENTERING: start()
[ORCH_START] 2026-01-27T10:11:30.320Z - STATE: {"buildId":"olympus-dashboard-1769508690316","status":"idle","phasesInPlan":7,"totalAgents":32}
[ORCH_START] 2026-01-27T10:11:30.320Z - Starting build olympus-dashboard-1769508690316
[ORCH_START] 2026-01-27T10:11:30.320Z - Plan has 7 phases: discovery, conversion, design, architecture, frontend, backend, integration
[ORCH_START] 2026-01-27T10:11:30.320Z - Total agents in plan: 32
  [0%] Phase: initializing | Agents: none
[INFO] [health] [olympus-] Score: 88/100 (HIGH_CONFIDENCE) {
  factors: {
    promptComplexity: 100,
    historicalSuccessRate: 70,
    currentSystemLoad: 100,
    agentAvailability: 100,
    resourceBudget: 70
  },
  recommendations: []
}
[RESILIENCE] Health score: 88/100 (HIGH_CONFIDENCE)
[SPEC_COMPLIANCE] Parsing spec (2885 chars)...
[SPEC_COMPLIANCE] Parsed 0 pages, 13 components
[SPEC_COMPLIANCE] Critical: 0 pages, 1 components
[ORCH_START] 2026-01-27T10:11:30.326Z - Heartbeat started (5s interval)
[Orchestrator] ===== PHASE 1/7: discovery =====
[Orchestrator] Phase agents (5): oracle, empathy, venture, strategos, scope
[ORCH_PHASE] 2026-01-27T10:11:30.327Z - ENTERING: executePhase(discovery)
[ORCH_PHASE] 2026-01-27T10:11:30.327Z - Starting phase loop for discovery
[ORCH_LOOP] 2026-01-27T10:11:30.327Z - Loop iteration 1 {"phase":"discovery","nextAgents":["oracle"],"runningAgents":[],"deadlockCounter":0,"isPhaseComplete":false}
[AGENT_CALL] 2026-01-27T10:11:30.328Z - ENTERING: executeAgent(oracle)
[AGENT_CALL] 2026-01-27T10:11:30.328Z - CALLING: oracle (phase: discovery)
[Orchestrator] Agent oracle - Iteration 1/3
[ARCHON-PARSER] ⚠️ WARNING: ARCHON output failed validation. Using partial merge with defaults. 
  Output keys:  
  This may indicate a malformed ARCHON response.
[EXECUTOR] 2026-01-27T10:11:30.329Z - Creating executor for oracle, iteration 1
[EXECUTOR] 2026-01-27T10:11:30.329Z - CALLING executor.execute() for oracle
[AIRouter] Anthropic Claude provider initialized (PRIMARY)
[AIRouter] OpenAI provider initialized (FALLBACK)
[Groq] Initialized with 5 API key(s)
[AIRouter] Groq provider initialized (FALLBACK2)
[AIRouter] Active providers: anthropic, openai, groq
[HEARTBEAT] 2026-01-27T10:11:35.339Z {"buildId":"olympus-dashboard-1769508690316","status":"running","currentPhase":"discovery","currentAgent":"oracle","completedAgents":[],"runningAgents":["oracle"],"failedAgents":[],"progress":0}
[HEARTBEAT] 2026-01-27T10:11:40.353Z {"buildId":"olympus-dashboard-1769508690316","status":"running","currentPhase":"discovery","currentAgent":"oracle","completedAgents":[],"runningAgents":["oracle"],"failedAgents":[],"progress":0}
[Executor] AI execution succeeded: 5122 tokens, provider=anthropic
[Executor] Response content type: string, length: 5168
[Executor] Parsing response: {
  "market_analysis": {
    "tam": {
      "value": "$6.5 billion",
      "calculation": "Estimated...
[Parser] ===== PARSING oracle =====
[Parser] Raw content length: 5168
[Parser] Raw content start: {
  "market_analysis": {
    "tam": {
      "value": "$6.5 billion",
      "calculation": "Estimated global market for developer tools and DevOps platforms (MarketsandMarkets 2027)",
      "source_typ...
[Parser] Extracted JSON length: 5168
[Parser] Extracted JSON start: {
  "market_analysis": {
    "tam": {
      "value": "$6.5 billion",
      "calculation": "Estimated global market for developer tools and DevOps platforms (MarketsandMarkets 2027)",
      "source_typ...
[Parser] JSON.parse SUCCESS for oracle
[Parser] Agent oracle: parsed.files exists = false, isArray = false, length = 0
[Executor] Parsed successfully: artifacts=1, status=completed
[EXECUTOR] 2026-01-27T10:11:40.993Z - executor.execute() RETURNED for oracle in 10664ms {"success":true,"hasOutput":true,"errorMessage":null,"artifactCount":1}
[Orchestrator] Agent oracle - Quality Score: 100/100 (min: 60)
[Orchestrator] Agent oracle - Quality PASSED on iteration 1
[ARCHON-PARSER] ⚠️ WARNING: ARCHON output failed validation. Using partial merge with defaults. 
  Output keys:  
  This may indicate a malformed ARCHON response.
[PERSISTENCE] Database connection failed for critical decisions: Error: Missing SUPABASE_SERVICE_ROLE_KEY
    at createServiceRoleClient (C:\Users\SBS\Desktop\New folder (4)\vito\src\lib\auth\clients\admin.ts:20:11)
    at saveCriticalDecisions (C:\Users\SBS\Desktop\New folder (4)\vito\src\lib\agents\context\persistence.ts:189:22)
    at BuildContextManager.persistCriticalDecisions (C:\Users\SBS\Desktop\New folder (4)\vito\src\lib\agents\context\manager.ts:204:5)
    at BuildContextManager.updateCriticalDecisions (C:\Users\SBS\Desktop\New folder (4)\vito\src\lib\agents\context\manager.ts:169:10)
    at BuildContextManager.recordOutput (C:\Users\SBS\Desktop\New folder (4)\vito\src\lib\agents\context\manager.ts:147:10)
    at BuildOrchestrator.finalizeAgentSuccess (C:\Users\SBS\Desktop\New folder (4)\vito\src\lib\agents\orchestrator\orchestrator.ts:1779:18)
    at BuildOrchestrator.executeAgentWithFeedback (C:\Users\SBS\Desktop\New folder (4)\vito\src\lib\agents\orchestrator\orchestrator.ts:1481:23)
    at process.processTicksAndRejections (node:internal/process/task_queues:103:5)
    at async BuildOrchestrator.executeAgent (C:\Users\SBS\Desktop\New folder (4)\vito\src\lib\agents\orchestrator\orchestrator.ts:1234:22)
    at async Promise.all (index 0)
[PERSISTENCE] Database connection failed (non-fatal): Error: Missing SUPABASE_SERVICE_ROLE_KEY
    at createServiceRoleClient (C:\Users\SBS\Desktop\New folder (4)\vito\src\lib\auth\clients\admin.ts:20:11)
    at saveAgentOutput (C:\Users\SBS\Desktop\New folder (4)\vito\src\lib\agents\context\persistence.ts:74:22)
    at BuildOrchestrator.finalizeAgentSuccess (C:\Users\SBS\Desktop\New folder (4)\vito\src\lib\agents\orchestrator\orchestrator.ts:1780:11)
    at BuildOrchestrator.executeAgentWithFeedback (C:\Users\SBS\Desktop\New folder (4)\vito\src\lib\agents\orchestrator\orchestrator.ts:1481:23)
    at process.processTicksAndRejections (node:internal/process/task_queues:103:5)
    at async BuildOrchestrator.executeAgent (C:\Users\SBS\Desktop\New folder (4)\vito\src\lib\agents\orchestrator\orchestrator.ts:1234:22)
    at async Promise.all (index 0)
    at async BuildOrchestrator.executePhase (C:\Users\SBS\Desktop\New folder (4)\vito\src\lib\agents\orchestrator\orchestrator.ts:1060:26)
    at async BuildOrchestrator.start (C:\Users\SBS\Desktop\New folder (4)\vito\src\lib\agents\orchestrator\orchestrator.ts:658:29)
    at async runBuild (C:\Users\SBS\Desktop\New folder (4)\vito\scripts\build-olympus-dashboard.ts:189:18)
    → Agent oracle: completed (1 artifacts)
[AGENT_CALL] 2026-01-27T10:11:41.006Z - COMPLETED: oracle in 10678ms, success=true
  [3%] Phase: discovery | Agents: none
[AGENT_CALL] 2026-01-27T10:11:41.009Z - ENTERING: executeAgent(empathy)
[AGENT_CALL] 2026-01-27T10:11:41.010Z - CALLING: empathy (phase: discovery)
[Orchestrator] Agent empathy - Iteration 1/3
[ARCHON-PARSER] ⚠️ WARNING: ARCHON output failed validation. Using partial merge with defaults. 
  Output keys:  
  This may indicate a malformed ARCHON response.
[EXECUTOR] 2026-01-27T10:11:41.011Z - Creating executor for empathy, iteration 1
[EXECUTOR] 2026-01-27T10:11:41.011Z - CALLING executor.execute() for empathy
[PERSISTENCE] ✓ CriticalDecisions saved to file: C:\Users\SBS\Desktop\New folder (4)\vito\.olympus\decisions\olympus-dashboard-1769508690316.json
[HEARTBEAT] 2026-01-27T10:11:45.357Z {"buildId":"olympus-dashboard-1769508690316","status":"running","currentPhase":"discovery","currentAgent":"empathy","completedAgents":["oracle"],"runningAgents":["empathy"],"failedAgents":[],"progress":3}
[HEARTBEAT] 2026-01-27T10:11:50.367Z {"buildId":"olympus-dashboard-1769508690316","status":"running","currentPhase":"discovery","currentAgent":"empathy","completedAgents":["oracle"],"runningAgents":["empathy"],"failedAgents":[],"progress":3}
[HEARTBEAT] 2026-01-27T10:11:55.372Z {"buildId":"olympus-dashboard-1769508690316","status":"running","currentPhase":"discovery","currentAgent":"empathy","completedAgents":["oracle"],"runningAgents":["empathy"],"failedAgents":[],"progress":3}
[Executor] AI execution succeeded: 6185 tokens, provider=anthropic
[Executor] Response content type: string, length: 8700
[Executor] Parsing response: {
  "personas": [
    {
      "name": "Diligent Daniel",
      "archetype": "The Experienced Develop...
[Parser] ===== PARSING empathy =====
[Parser] Raw content length: 8700
[Parser] Raw content start: {
  "personas": [
    {
      "name": "Diligent Daniel",
      "archetype": "The Experienced Developer",
      "demographics": {
        "age_range": "35-45",
        "occupation": "Senior Software En...
[Parser] Extracted JSON length: 8700
[Parser] Extracted JSON start: {
  "personas": [
    {
      "name": "Diligent Daniel",
      "archetype": "The Experienced Developer",
      "demographics": {
        "age_range": "35-45",
        "occupation": "Senior Software En...
[Parser] JSON.parse SUCCESS for empathy
[Parser] Agent empathy: parsed.files exists = false, isArray = false, length = 0
[Executor] Parsed successfully: artifacts=1, status=completed
[EXECUTOR] 2026-01-27T10:11:58.528Z - executor.execute() RETURNED for empathy in 17517ms {"success":true,"hasOutput":true,"errorMessage":null,"artifactCount":1}
[Orchestrator] Agent empathy - Quality Score: 100/100 (min: 60)
[Orchestrator] Agent empathy - Quality PASSED on iteration 1
[PERSISTENCE] Database connection failed for critical decisions: Error: Missing SUPABASE_SERVICE_ROLE_KEY
    at createServiceRoleClient (C:\Users\SBS\Desktop\New folder (4)\vito\src\lib\auth\clients\admin.ts:20:11)
    at saveCriticalDecisions (C:\Users\SBS\Desktop\New folder (4)\vito\src\lib\agents\context\persistence.ts:189:22)
    at BuildContextManager.persistCriticalDecisions (C:\Users\SBS\Desktop\New folder (4)\vito\src\lib\agents\context\manager.ts:204:5)
    at BuildContextManager.updateCriticalDecisions (C:\Users\SBS\Desktop\New folder (4)\vito\src\lib\agents\context\manager.ts:169:10)
    at BuildContextManager.recordOutput (C:\Users\SBS\Desktop\New folder (4)\vito\src\lib\agents\context\manager.ts:147:10)
    at BuildOrchestrator.finalizeAgentSuccess (C:\Users\SBS\Desktop\New folder (4)\vito\src\lib\agents\orchestrator\orchestrator.ts:1779:18)
    at BuildOrchestrator.executeAgentWithFeedback (C:\Users\SBS\Desktop\New folder (4)\vito\src\lib\agents\orchestrator\orchestrator.ts:1481:23)
    at process.processTicksAndRejections (node:internal/process/task_queues:103:5)
    at async BuildOrchestrator.executeAgent (C:\Users\SBS\Desktop\New folder (4)\vito\src\lib\agents\orchestrator\orchestrator.ts:1234:22)
    at async Promise.all (index 0)
[PERSISTENCE] Database connection failed (non-fatal): Error: Missing SUPABASE_SERVICE_ROLE_KEY
    at createServiceRoleClient (C:\Users\SBS\Desktop\New folder (4)\vito\src\lib\auth\clients\admin.ts:20:11)
    at saveAgentOutput (C:\Users\SBS\Desktop\New folder (4)\vito\src\lib\agents\context\persistence.ts:74:22)
    at BuildOrchestrator.finalizeAgentSuccess (C:\Users\SBS\Desktop\New folder (4)\vito\src\lib\agents\orchestrator\orchestrator.ts:1780:11)
    at BuildOrchestrator.executeAgentWithFeedback (C:\Users\SBS\Desktop\New folder (4)\vito\src\lib\agents\orchestrator\orchestrator.ts:1481:23)
    at process.processTicksAndRejections (node:internal/process/task_queues:103:5)
    at async BuildOrchestrator.executeAgent (C:\Users\SBS\Desktop\New folder (4)\vito\src\lib\agents\orchestrator\orchestrator.ts:1234:22)
    at async Promise.all (index 0)
    at async BuildOrchestrator.executePhase (C:\Users\SBS\Desktop\New folder (4)\vito\src\lib\agents\orchestrator\orchestrator.ts:1060:26)
    at async BuildOrchestrator.start (C:\Users\SBS\Desktop\New folder (4)\vito\src\lib\agents\orchestrator\orchestrator.ts:658:29)
    at async runBuild (C:\Users\SBS\Desktop\New folder (4)\vito\scripts\build-olympus-dashboard.ts:189:18)
    → Agent empathy: completed (1 artifacts)
[AGENT_CALL] 2026-01-27T10:11:58.529Z - COMPLETED: empathy in 17519ms, success=true
  [6%] Phase: discovery | Agents: none
[AGENT_CALL] 2026-01-27T10:11:58.530Z - ENTERING: executeAgent(venture)
[DEGRADATION] Agent venture not active in tier GOLD - skipping
[PERSISTENCE] Database connection failed for critical decisions: Error: Missing SUPABASE_SERVICE_ROLE_KEY
    at createServiceRoleClient (C:\Users\SBS\Desktop\New folder (4)\vito\src\lib\auth\clients\admin.ts:20:11)
    at saveCriticalDecisions (C:\Users\SBS\Desktop\New folder (4)\vito\src\lib\agents\context\persistence.ts:189:22)
    at BuildContextManager.persistCriticalDecisions (C:\Users\SBS\Desktop\New folder (4)\vito\src\lib\agents\context\manager.ts:204:5)
    at BuildContextManager.updateCriticalDecisions (C:\Users\SBS\Desktop\New folder (4)\vito\src\lib\agents\context\manager.ts:169:10)
    at BuildContextManager.recordOutput (C:\Users\SBS\Desktop\New folder (4)\vito\src\lib\agents\context\manager.ts:147:10)
    at BuildOrchestrator.executeAgent (C:\Users\SBS\Desktop\New folder (4)\vito\src\lib\agents\orchestrator\orchestrator.ts:1203:20)
    at <anonymous> (C:\Users\SBS\Desktop\New folder (4)\vito\src\lib\agents\orchestrator\orchestrator.ts:1053:59)
    at Array.map (<anonymous>)
    at BuildOrchestrator.executePhase (C:\Users\SBS\Desktop\New folder (4)\vito\src\lib\agents\orchestrator\orchestrator.ts:1053:37)
    at process.processTicksAndRejections (node:internal/process/task_queues:103:5)
  [9%] Phase: discovery | Agents: none
[AGENT_CALL] 2026-01-27T10:11:58.531Z - ENTERING: executeAgent(strategos)
[AGENT_CALL] 2026-01-27T10:11:58.531Z - CALLING: strategos (phase: discovery)
[Orchestrator] Agent strategos - Iteration 1/3
[ARCHON-PARSER] ⚠️ WARNING: ARCHON output failed validation. Using partial merge with defaults. 
  Output keys:  
  This may indicate a malformed ARCHON response.
[EXECUTOR] 2026-01-27T10:11:58.531Z - Creating executor for strategos, iteration 1
[EXECUTOR] 2026-01-27T10:11:58.531Z - CALLING executor.execute() for strategos
[Executor] Dependency venture was skipped (tier_degradation). Agent strategos will use fallback behavior.
[PERSISTENCE] ✓ CriticalDecisions saved to file: C:\Users\SBS\Desktop\New folder (4)\vito\.olympus\decisions\olympus-dashboard-1769508690316.json
[PERSISTENCE] ✓ CriticalDecisions saved to file: C:\Users\SBS\Desktop\New folder (4)\vito\.olympus\decisions\olympus-dashboard-1769508690316.json
[HEARTBEAT] 2026-01-27T10:12:00.376Z {"buildId":"olympus-dashboard-1769508690316","status":"running","currentPhase":"discovery","currentAgent":"strategos","completedAgents":["oracle","empathy","venture"],"runningAgents":["strategos"],"failedAgents":[],"progress":9}
[HEARTBEAT] 2026-01-27T10:12:05.385Z {"buildId":"olympus-dashboard-1769508690316","status":"running","currentPhase":"discovery","currentAgent":"strategos","completedAgents":["oracle","empathy","venture"],"runningAgents":["strategos"],"failedAgents":[],"progress":9}
[HEARTBEAT] 2026-01-27T10:12:10.386Z {"buildId":"olympus-dashboard-1769508690316","status":"running","currentPhase":"discovery","currentAgent":"strategos","completedAgents":["oracle","empathy","venture"],"runningAgents":["strategos"],"failedAgents":[],"progress":9}
[HEARTBEAT] 2026-01-27T10:12:15.402Z {"buildId":"olympus-dashboard-1769508690316","status":"running","currentPhase":"discovery","currentAgent":"strategos","completedAgents":["oracle","empathy","venture"],"runningAgents":["strategos"],"failedAgents":[],"progress":9}
[Executor] AI execution succeeded: 7976 tokens, provider=anthropic
[Executor] Response content type: string, length: 11149
[Executor] Parsing response: {
  "mvp_definition": {
    "core_value_proposition": "A comprehensive build monitoring and manageme...
[Parser] ===== PARSING strategos =====
[Parser] Raw content length: 11149
[Parser] Raw content start: {
  "mvp_definition": {
    "core_value_proposition": "A comprehensive build monitoring and management dashboard for the OLYMPUS development team",
    "target_user": "Power users and developers who n...
[Parser] Extracted JSON length: 11149
[Parser] Extracted JSON start: {
  "mvp_definition": {
    "core_value_proposition": "A comprehensive build monitoring and management dashboard for the OLYMPUS development team",
    "target_user": "Power users and developers who n...
[Parser] JSON.parse SUCCESS for strategos
[Parser] Agent strategos: parsed.files exists = false, isArray = false, length = 0
[Executor] Parsed successfully: artifacts=1, status=completed
Agent strategos validation issues: 1 error(s): Expected array
[EXECUTOR] 2026-01-27T10:12:18.514Z - executor.execute() RETURNED for strategos in 19983ms {"success":true,"hasOutput":true,"errorMessage":null,"artifactCount":1}
[Orchestrator] Agent strategos - Quality Score: 100/100 (min: 60)
[Orchestrator] Agent strategos - Quality PASSED on iteration 1
[PERSISTENCE] Database connection failed for critical decisions: Error: Missing SUPABASE_SERVICE_ROLE_KEY
    at createServiceRoleClient (C:\Users\SBS\Desktop\New folder (4)\vito\src\lib\auth\clients\admin.ts:20:11)
    at saveCriticalDecisions (C:\Users\SBS\Desktop\New folder (4)\vito\src\lib\agents\context\persistence.ts:189:22)
    at BuildContextManager.persistCriticalDecisions (C:\Users\SBS\Desktop\New folder (4)\vito\src\lib\agents\context\manager.ts:204:5)
    at BuildContextManager.updateCriticalDecisions (C:\Users\SBS\Desktop\New folder (4)\vito\src\lib\agents\context\manager.ts:169:10)
    at BuildContextManager.recordOutput (C:\Users\SBS\Desktop\New folder (4)\vito\src\lib\agents\context\manager.ts:147:10)
    at BuildOrchestrator.finalizeAgentSuccess (C:\Users\SBS\Desktop\New folder (4)\vito\src\lib\agents\orchestrator\orchestrator.ts:1779:18)
    at BuildOrchestrator.executeAgentWithFeedback (C:\Users\SBS\Desktop\New folder (4)\vito\src\lib\agents\orchestrator\orchestrator.ts:1481:23)
    at process.processTicksAndRejections (node:internal/process/task_queues:103:5)
    at async BuildOrchestrator.executeAgent (C:\Users\SBS\Desktop\New folder (4)\vito\src\lib\agents\orchestrator\orchestrator.ts:1234:22)
    at async Promise.all (index 0)
[PERSISTENCE] Database connection failed (non-fatal): Error: Missing SUPABASE_SERVICE_ROLE_KEY
    at createServiceRoleClient (C:\Users\SBS\Desktop\New folder (4)\vito\src\lib\auth\clients\admin.ts:20:11)
    at saveAgentOutput (C:\Users\SBS\Desktop\New folder (4)\vito\src\lib\agents\context\persistence.ts:74:22)
    at BuildOrchestrator.finalizeAgentSuccess (C:\Users\SBS\Desktop\New folder (4)\vito\src\lib\agents\orchestrator\orchestrator.ts:1780:11)
    at BuildOrchestrator.executeAgentWithFeedback (C:\Users\SBS\Desktop\New folder (4)\vito\src\lib\agents\orchestrator\orchestrator.ts:1481:23)
    at process.processTicksAndRejections (node:internal/process/task_queues:103:5)
    at async BuildOrchestrator.executeAgent (C:\Users\SBS\Desktop\New folder (4)\vito\src\lib\agents\orchestrator\orchestrator.ts:1234:22)
    at async Promise.all (index 0)
    at async BuildOrchestrator.executePhase (C:\Users\SBS\Desktop\New folder (4)\vito\src\lib\agents\orchestrator\orchestrator.ts:1060:26)
    at async BuildOrchestrator.start (C:\Users\SBS\Desktop\New folder (4)\vito\src\lib\agents\orchestrator\orchestrator.ts:658:29)
    at async runBuild (C:\Users\SBS\Desktop\New folder (4)\vito\scripts\build-olympus-dashboard.ts:189:18)
    → Agent strategos: completed (1 artifacts)
[AGENT_CALL] 2026-01-27T10:12:18.516Z - COMPLETED: strategos in 19985ms, success=true
  [13%] Phase: discovery | Agents: none
[AGENT_CALL] 2026-01-27T10:12:18.516Z - ENTERING: executeAgent(scope)
[AGENT_CALL] 2026-01-27T10:12:18.516Z - CALLING: scope (phase: discovery)
[Orchestrator] Agent scope - Iteration 1/3
[ARCHON-PARSER] ⚠️ WARNING: ARCHON output failed validation. Using partial merge with defaults. 
  Output keys:  
  This may indicate a malformed ARCHON response.
[EXECUTOR] 2026-01-27T10:12:18.517Z - Creating executor for scope, iteration 1
[EXECUTOR] 2026-01-27T10:12:18.517Z - CALLING executor.execute() for scope
[PERSISTENCE] ✓ CriticalDecisions saved to file: C:\Users\SBS\Desktop\New folder (4)\vito\.olympus\decisions\olympus-dashboard-1769508690316.json
[HEARTBEAT] 2026-01-27T10:12:20.403Z {"buildId":"olympus-dashboard-1769508690316","status":"running","currentPhase":"discovery","currentAgent":"scope","completedAgents":["oracle","empathy","venture","strategos"],"runningAgents":["scope"],"failedAgents":[],"progress":13}
[HEARTBEAT] 2026-01-27T10:12:25.419Z {"buildId":"olympus-dashboard-1769508690316","status":"running","currentPhase":"discovery","currentAgent":"scope","completedAgents":["oracle","empathy","venture","strategos"],"runningAgents":["scope"],"failedAgents":[],"progress":13}
[HEARTBEAT] 2026-01-27T10:12:30.430Z {"buildId":"olympus-dashboard-1769508690316","status":"running","currentPhase":"discovery","currentAgent":"scope","completedAgents":["oracle","empathy","venture","strategos"],"runningAgents":["scope"],"failedAgents":[],"progress":13}
[Executor] AI execution succeeded: 5445 tokens, provider=anthropic
[Executor] Response content type: string, length: 7480
[Executor] Parsing response: {
  "in_scope": [
    {
      "feature": "Build List Panel",
      "description": "Displays a list o...
[Parser] ===== PARSING scope =====
[Parser] Raw content length: 7480
[Parser] Raw content start: {
  "in_scope": [
    {
      "feature": "Build List Panel",
      "description": "Displays a list of active and completed builds with status indicators, timestamps, and duration.",
      "priority": ...
[Parser] Extracted JSON length: 7480
[Parser] Extracted JSON start: {
  "in_scope": [
    {
      "feature": "Build List Panel",
      "description": "Displays a list of active and completed builds with status indicators, timestamps, and duration.",
      "priority": ...
[Parser] JSON.parse SUCCESS for scope
[Parser] Agent scope: parsed.files exists = false, isArray = false, length = 0
[Executor] Parsed successfully: artifacts=1, status=completed
Agent scope validation issues: 1 error(s): Expected array
[EXECUTOR] 2026-01-27T10:12:32.594Z - executor.execute() RETURNED for scope in 14077ms {"success":true,"hasOutput":true,"errorMessage":null,"artifactCount":1}
[Orchestrator] Agent scope - Quality Score: 100/100 (min: 60)
[Orchestrator] Agent scope - Quality PASSED on iteration 1
[PERSISTENCE] Database connection failed for critical decisions: Error: Missing SUPABASE_SERVICE_ROLE_KEY
    at createServiceRoleClient (C:\Users\SBS\Desktop\New folder (4)\vito\src\lib\auth\clients\admin.ts:20:11)
    at saveCriticalDecisions (C:\Users\SBS\Desktop\New folder (4)\vito\src\lib\agents\context\persistence.ts:189:22)
    at BuildContextManager.persistCriticalDecisions (C:\Users\SBS\Desktop\New folder (4)\vito\src\lib\agents\context\manager.ts:204:5)
    at BuildContextManager.updateCriticalDecisions (C:\Users\SBS\Desktop\New folder (4)\vito\src\lib\agents\context\manager.ts:169:10)
    at BuildContextManager.recordOutput (C:\Users\SBS\Desktop\New folder (4)\vito\src\lib\agents\context\manager.ts:147:10)
    at BuildOrchestrator.finalizeAgentSuccess (C:\Users\SBS\Desktop\New folder (4)\vito\src\lib\agents\orchestrator\orchestrator.ts:1779:18)
    at BuildOrchestrator.executeAgentWithFeedback (C:\Users\SBS\Desktop\New folder (4)\vito\src\lib\agents\orchestrator\orchestrator.ts:1481:23)
    at process.processTicksAndRejections (node:internal/process/task_queues:103:5)
    at async BuildOrchestrator.executeAgent (C:\Users\SBS\Desktop\New folder (4)\vito\src\lib\agents\orchestrator\orchestrator.ts:1234:22)
    at async Promise.all (index 0)
[PERSISTENCE] Database connection failed (non-fatal): Error: Missing SUPABASE_SERVICE_ROLE_KEY
    at createServiceRoleClient (C:\Users\SBS\Desktop\New folder (4)\vito\src\lib\auth\clients\admin.ts:20:11)
    at saveAgentOutput (C:\Users\SBS\Desktop\New folder (4)\vito\src\lib\agents\context\persistence.ts:74:22)
    at BuildOrchestrator.finalizeAgentSuccess (C:\Users\SBS\Desktop\New folder (4)\vito\src\lib\agents\orchestrator\orchestrator.ts:1780:11)
    at BuildOrchestrator.executeAgentWithFeedback (C:\Users\SBS\Desktop\New folder (4)\vito\src\lib\agents\orchestrator\orchestrator.ts:1481:23)
    at process.processTicksAndRejections (node:internal/process/task_queues:103:5)
    at async BuildOrchestrator.executeAgent (C:\Users\SBS\Desktop\New folder (4)\vito\src\lib\agents\orchestrator\orchestrator.ts:1234:22)
    at async Promise.all (index 0)
    at async BuildOrchestrator.executePhase (C:\Users\SBS\Desktop\New folder (4)\vito\src\lib\agents\orchestrator\orchestrator.ts:1060:26)
    at async BuildOrchestrator.start (C:\Users\SBS\Desktop\New folder (4)\vito\src\lib\agents\orchestrator\orchestrator.ts:658:29)
    at async runBuild (C:\Users\SBS\Desktop\New folder (4)\vito\scripts\build-olympus-dashboard.ts:189:18)
    → Agent scope: completed (1 artifacts)
[AGENT_CALL] 2026-01-27T10:12:32.595Z - COMPLETED: scope in 14079ms, success=true
  [16%] Phase: discovery | Agents: none
[Scheduler] Phase discovery COMPLETE. Status: [{"agentId":"oracle","completed":true,"failed":false,"optional":false},{"agentId":"empathy","completed":true,"failed":false,"optional":false},{"agentId":"venture","completed":true,"failed":false,"optional":true},{"agentId":"strategos","completed":true,"failed":false,"optional":false},{"agentId":"scope","completed":true,"failed":false,"optional":false}]
  ✓ Phase discovery completed (completed)
[ORCH_PHASE] 2026-01-27T10:12:32.595Z - Phase discovery result: success=true, error=none
[Orchestrator] ✓ Phase discovery completed. Completed phases: discovery
[Orchestrator] ===== PHASE 2/7: conversion =====
[Orchestrator] Phase agents (4): psyche, scribe, architect_conversion, conversion_judge
[ORCH_PHASE] 2026-01-27T10:12:32.596Z - ENTERING: executePhase(conversion)
[ORCH_PHASE] 2026-01-27T10:12:32.596Z - Starting phase loop for conversion
[ORCH_LOOP] 2026-01-27T10:12:32.596Z - Loop iteration 1 {"phase":"conversion","nextAgents":["psyche"],"runningAgents":[],"deadlockCounter":0,"isPhaseComplete":false}
[AGENT_CALL] 2026-01-27T10:12:32.596Z - ENTERING: executeAgent(psyche)
[DEGRADATION] Agent psyche not active in tier GOLD - skipping
[PERSISTENCE] Database connection failed for critical decisions: Error: Missing SUPABASE_SERVICE_ROLE_KEY
    at createServiceRoleClient (C:\Users\SBS\Desktop\New folder (4)\vito\src\lib\auth\clients\admin.ts:20:11)
    at saveCriticalDecisions (C:\Users\SBS\Desktop\New folder (4)\vito\src\lib\agents\context\persistence.ts:189:22)
    at BuildContextManager.persistCriticalDecisions (C:\Users\SBS\Desktop\New folder (4)\vito\src\lib\agents\context\manager.ts:204:5)
    at BuildContextManager.updateCriticalDecisions (C:\Users\SBS\Desktop\New folder (4)\vito\src\lib\agents\context\manager.ts:169:10)
    at BuildContextManager.recordOutput (C:\Users\SBS\Desktop\New folder (4)\vito\src\lib\agents\context\manager.ts:147:10)
    at BuildOrchestrator.executeAgent (C:\Users\SBS\Desktop\New folder (4)\vito\src\lib\agents\orchestrator\orchestrator.ts:1203:20)
    at <anonymous> (C:\Users\SBS\Desktop\New folder (4)\vito\src\lib\agents\orchestrator\orchestrator.ts:1053:59)
    at Array.map (<anonymous>)
    at BuildOrchestrator.executePhase (C:\Users\SBS\Desktop\New folder (4)\vito\src\lib\agents\orchestrator\orchestrator.ts:1053:37)
    at BuildOrchestrator.start (C:\Users\SBS\Desktop\New folder (4)\vito\src\lib\agents\orchestrator\orchestrator.ts:658:40)
  [19%] Phase: conversion | Agents: none
[AGENT_CALL] 2026-01-27T10:12:32.597Z - ENTERING: executeAgent(scribe)
[AGENT_CALL] 2026-01-27T10:12:32.597Z - CALLING: scribe (phase: conversion)
[Orchestrator] Agent scribe - Iteration 1/3
[ARCHON-PARSER] ⚠️ WARNING: ARCHON output failed validation. Using partial merge with defaults. 
  Output keys:  
  This may indicate a malformed ARCHON response.
[50X COORDINATION] scribe: Injected 286 tokens of upstream constraints
[EXECUTOR] 2026-01-27T10:12:32.598Z - Creating executor for scribe, iteration 1
[EXECUTOR] 2026-01-27T10:12:32.598Z - CALLING executor.execute() for scribe
[Executor] Dependency psyche was skipped (tier_degradation). Agent scribe will use fallback behavior.
[PERSISTENCE] ✓ CriticalDecisions saved to file: C:\Users\SBS\Desktop\New folder (4)\vito\.olympus\decisions\olympus-dashboard-1769508690316.json
[PERSISTENCE] ✓ CriticalDecisions saved to file: C:\Users\SBS\Desktop\New folder (4)\vito\.olympus\decisions\olympus-dashboard-1769508690316.json
[HEARTBEAT] 2026-01-27T10:12:35.444Z {"buildId":"olympus-dashboard-1769508690316","status":"running","currentPhase":"conversion","currentAgent":"scribe","completedAgents":["oracle","empathy","venture","strategos","scope","psyche"],"runningAgents":["scribe"],"failedAgents":[],"progress":19}
[HEARTBEAT] 2026-01-27T10:12:40.451Z {"buildId":"olympus-dashboard-1769508690316","status":"running","currentPhase":"conversion","currentAgent":"scribe","completedAgents":["oracle","empathy","venture","strategos","scope","psyche"],"runningAgents":["scribe"],"failedAgents":[],"progress":19}
[HEARTBEAT] 2026-01-27T10:12:45.464Z {"buildId":"olympus-dashboard-1769508690316","status":"running","currentPhase":"conversion","currentAgent":"scribe","completedAgents":["oracle","empathy","venture","strategos","scope","psyche"],"runningAgents":["scribe"],"failedAgents":[],"progress":19}
[HEARTBEAT] 2026-01-27T10:12:50.479Z {"buildId":"olympus-dashboard-1769508690316","status":"running","currentPhase":"conversion","currentAgent":"scribe","completedAgents":["oracle","empathy","venture","strategos","scope","psyche"],"runningAgents":["scribe"],"failedAgents":[],"progress":19}
[HEARTBEAT] 2026-01-27T10:12:55.487Z {"buildId":"olympus-dashboard-1769508690316","status":"running","currentPhase":"conversion","currentAgent":"scribe","completedAgents":["oracle","empathy","venture","strategos","scope","psyche"],"runningAgents":["scribe"],"failedAgents":[],"progress":19}
[Executor] AI execution succeeded: 7997 tokens, provider=anthropic
[Executor] Response content type: string, length: 13058
[Executor] Parsing response: {
  "headlines": [
    {
      "text": "Unlock the Power of Your Build - Effortlessly",
      "formu...
[Parser] ===== PARSING scribe =====
[Parser] Raw content length: 13058
[Parser] Raw content start: {
  "headlines": [
    {
      "text": "Unlock the Power of Your Build - Effortlessly",
      "formula": "outcome-without-pain",
      "trigger": "salvation"
    },
    {
      "text": "Tired of Guess...
[Parser] Extracted JSON length: 13058
[Parser] Extracted JSON start: {
  "headlines": [
    {
      "text": "Unlock the Power of Your Build - Effortlessly",
      "formula": "outcome-without-pain",
      "trigger": "salvation"
    },
    {
      "text": "Tired of Guess...
[Parser] JSON.parse SUCCESS for scribe
[Parser] Agent scribe: parsed.files exists = false, isArray = false, length = 0
[Executor] Parsed successfully: artifacts=1, status=completed
[EXECUTOR] 2026-01-27T10:12:56.115Z - executor.execute() RETURNED for scribe in 23517ms {"success":true,"hasOutput":true,"errorMessage":null,"artifactCount":1}
[Orchestrator] Agent scribe - Quality Score: 100/100 (min: 60)
[Orchestrator] Agent scribe - Quality PASSED on iteration 1
[PERSISTENCE] Database connection failed for critical decisions: Error: Missing SUPABASE_SERVICE_ROLE_KEY
    at createServiceRoleClient (C:\Users\SBS\Desktop\New folder (4)\vito\src\lib\auth\clients\admin.ts:20:11)
    at saveCriticalDecisions (C:\Users\SBS\Desktop\New folder (4)\vito\src\lib\agents\context\persistence.ts:189:22)
    at BuildContextManager.persistCriticalDecisions (C:\Users\SBS\Desktop\New folder (4)\vito\src\lib\agents\context\manager.ts:204:5)
    at BuildContextManager.updateCriticalDecisions (C:\Users\SBS\Desktop\New folder (4)\vito\src\lib\agents\context\manager.ts:169:10)
    at BuildContextManager.recordOutput (C:\Users\SBS\Desktop\New folder (4)\vito\src\lib\agents\context\manager.ts:147:10)
    at BuildOrchestrator.finalizeAgentSuccess (C:\Users\SBS\Desktop\New folder (4)\vito\src\lib\agents\orchestrator\orchestrator.ts:1779:18)
    at BuildOrchestrator.executeAgentWithFeedback (C:\Users\SBS\Desktop\New folder (4)\vito\src\lib\agents\orchestrator\orchestrator.ts:1481:23)
    at process.processTicksAndRejections (node:internal/process/task_queues:103:5)
    at async BuildOrchestrator.executeAgent (C:\Users\SBS\Desktop\New folder (4)\vito\src\lib\agents\orchestrator\orchestrator.ts:1234:22)
    at async Promise.all (index 0)
[PERSISTENCE] Database connection failed (non-fatal): Error: Missing SUPABASE_SERVICE_ROLE_KEY
    at createServiceRoleClient (C:\Users\SBS\Desktop\New folder (4)\vito\src\lib\auth\clients\admin.ts:20:11)
    at saveAgentOutput (C:\Users\SBS\Desktop\New folder (4)\vito\src\lib\agents\context\persistence.ts:74:22)
    at BuildOrchestrator.finalizeAgentSuccess (C:\Users\SBS\Desktop\New folder (4)\vito\src\lib\agents\orchestrator\orchestrator.ts:1780:11)
    at BuildOrchestrator.executeAgentWithFeedback (C:\Users\SBS\Desktop\New folder (4)\vito\src\lib\agents\orchestrator\orchestrator.ts:1481:23)
    at process.processTicksAndRejections (node:internal/process/task_queues:103:5)
    at async BuildOrchestrator.executeAgent (C:\Users\SBS\Desktop\New folder (4)\vito\src\lib\agents\orchestrator\orchestrator.ts:1234:22)
    at async Promise.all (index 0)
    at async BuildOrchestrator.executePhase (C:\Users\SBS\Desktop\New folder (4)\vito\src\lib\agents\orchestrator\orchestrator.ts:1060:26)
    at async BuildOrchestrator.start (C:\Users\SBS\Desktop\New folder (4)\vito\src\lib\agents\orchestrator\orchestrator.ts:658:29)
    at async runBuild (C:\Users\SBS\Desktop\New folder (4)\vito\scripts\build-olympus-dashboard.ts:189:18)
    → Agent scribe: completed (1 artifacts)
[AGENT_CALL] 2026-01-27T10:12:56.116Z - COMPLETED: scribe in 23519ms, success=true
  [22%] Phase: conversion | Agents: none
[AGENT_CALL] 2026-01-27T10:12:56.116Z - ENTERING: executeAgent(architect_conversion)
[AGENT_CALL] 2026-01-27T10:12:56.117Z - CALLING: architect_conversion (phase: conversion)
[Orchestrator] Agent architect_conversion - Iteration 1/3
[ARCHON-PARSER] ⚠️ WARNING: ARCHON output failed validation. Using partial merge with defaults. 
  Output keys:  
  This may indicate a malformed ARCHON response.
[50X COORDINATION] architect_conversion: Injected 286 tokens of upstream constraints
[EXECUTOR] 2026-01-27T10:12:56.117Z - Creating executor for architect_conversion, iteration 1
[EXECUTOR] 2026-01-27T10:12:56.117Z - CALLING executor.execute() for architect_conversion
[Executor] Dependency venture was skipped (tier_degradation). Agent architect_conversion will use fallback behavior.
[PERSISTENCE] ✓ CriticalDecisions saved to file: C:\Users\SBS\Desktop\New folder (4)\vito\.olympus\decisions\olympus-dashboard-1769508690316.json
[HEARTBEAT] 2026-01-27T10:13:00.503Z {"buildId":"olympus-dashboard-1769508690316","status":"running","currentPhase":"conversion","currentAgent":"architect_conversion","completedAgents":["oracle","empathy","venture","strategos","scope","psyche","scribe"],"runningAgents":["architect_conversion"],"failedAgents":[],"progress":22}
[HEARTBEAT] 2026-01-27T10:13:05.516Z {"buildId":"olympus-dashboard-1769508690316","status":"running","currentPhase":"conversion","currentAgent":"architect_conversion","completedAgents":["oracle","empathy","venture","strategos","scope","psyche","scribe"],"runningAgents":["architect_conversion"],"failedAgents":[],"progress":22}
[HEARTBEAT] 2026-01-27T10:13:10.518Z {"buildId":"olympus-dashboard-1769508690316","status":"running","currentPhase":"conversion","currentAgent":"architect_conversion","completedAgents":["oracle","empathy","venture","strategos","scope","psyche","scribe"],"runningAgents":["architect_conversion"],"failedAgents":[],"progress":22}
[Executor] AI execution succeeded: 5358 tokens, provider=anthropic
[Executor] Response content type: string, length: 8137
[Executor] Parsing response: {
  "page_blueprint": {
    "page_type": "sales_page",
    "sections": [
      {
        "id": "hero...
[Parser] ===== PARSING architect_conversion =====
[Parser] Raw content length: 8137
[Parser] Raw content start: {
  "page_blueprint": {
    "page_type": "sales_page",
    "sections": [
      {
        "id": "hero",
        "order": 1,
        "type": "hero",
        "headline": "Build the Perfect OLYMPUS Projec...
[Parser] Extracted JSON length: 8137
[Parser] Extracted JSON start: {
  "page_blueprint": {
    "page_type": "sales_page",
    "sections": [
      {
        "id": "hero",
        "order": 1,
        "type": "hero",
        "headline": "Build the Perfect OLYMPUS Projec...
[Parser] JSON.parse SUCCESS for architect_conversion
[Parser] Agent architect_conversion: parsed.files exists = false, isArray = false, length = 0
[Executor] Parsed successfully: artifacts=1, status=completed
[EXECUTOR] 2026-01-27T10:13:11.054Z - executor.execute() RETURNED for architect_conversion in 14937ms {"success":true,"hasOutput":true,"errorMessage":null,"artifactCount":1}
[Orchestrator] Agent architect_conversion - Quality Score: 100/100 (min: 60)
[Orchestrator] Agent architect_conversion - Quality PASSED on iteration 1
[PERSISTENCE] Database connection failed for critical decisions: Error: Missing SUPABASE_SERVICE_ROLE_KEY
    at createServiceRoleClient (C:\Users\SBS\Desktop\New folder (4)\vito\src\lib\auth\clients\admin.ts:20:11)
    at saveCriticalDecisions (C:\Users\SBS\Desktop\New folder (4)\vito\src\lib\agents\context\persistence.ts:189:22)
    at BuildContextManager.persistCriticalDecisions (C:\Users\SBS\Desktop\New folder (4)\vito\src\lib\agents\context\manager.ts:204:5)
    at BuildContextManager.updateCriticalDecisions (C:\Users\SBS\Desktop\New folder (4)\vito\src\lib\agents\context\manager.ts:169:10)
    at BuildContextManager.recordOutput (C:\Users\SBS\Desktop\New folder (4)\vito\src\lib\agents\context\manager.ts:147:10)
    at BuildOrchestrator.finalizeAgentSuccess (C:\Users\SBS\Desktop\New folder (4)\vito\src\lib\agents\orchestrator\orchestrator.ts:1779:18)
    at BuildOrchestrator.executeAgentWithFeedback (C:\Users\SBS\Desktop\New folder (4)\vito\src\lib\agents\orchestrator\orchestrator.ts:1481:23)
    at process.processTicksAndRejections (node:internal/process/task_queues:103:5)
    at async BuildOrchestrator.executeAgent (C:\Users\SBS\Desktop\New folder (4)\vito\src\lib\agents\orchestrator\orchestrator.ts:1234:22)
    at async Promise.all (index 0)
[PERSISTENCE] Database connection failed (non-fatal): Error: Missing SUPABASE_SERVICE_ROLE_KEY
    at createServiceRoleClient (C:\Users\SBS\Desktop\New folder (4)\vito\src\lib\auth\clients\admin.ts:20:11)
    at saveAgentOutput (C:\Users\SBS\Desktop\New folder (4)\vito\src\lib\agents\context\persistence.ts:74:22)
    at BuildOrchestrator.finalizeAgentSuccess (C:\Users\SBS\Desktop\New folder (4)\vito\src\lib\agents\orchestrator\orchestrator.ts:1780:11)
    at BuildOrchestrator.executeAgentWithFeedback (C:\Users\SBS\Desktop\New folder (4)\vito\src\lib\agents\orchestrator\orchestrator.ts:1481:23)
    at process.processTicksAndRejections (node:internal/process/task_queues:103:5)
    at async BuildOrchestrator.executeAgent (C:\Users\SBS\Desktop\New folder (4)\vito\src\lib\agents\orchestrator\orchestrator.ts:1234:22)
    at async Promise.all (index 0)
    at async BuildOrchestrator.executePhase (C:\Users\SBS\Desktop\New folder (4)\vito\src\lib\agents\orchestrator\orchestrator.ts:1060:26)
    at async BuildOrchestrator.start (C:\Users\SBS\Desktop\New folder (4)\vito\src\lib\agents\orchestrator\orchestrator.ts:658:29)
    at async runBuild (C:\Users\SBS\Desktop\New folder (4)\vito\scripts\build-olympus-dashboard.ts:189:18)
    → Agent architect_conversion: completed (1 artifacts)
[AGENT_CALL] 2026-01-27T10:13:11.055Z - COMPLETED: architect_conversion in 14939ms, success=true
  [25%] Phase: conversion | Agents: none
[AGENT_CALL] 2026-01-27T10:13:11.056Z - ENTERING: executeAgent(conversion_judge)
[DEGRADATION] Agent conversion_judge not active in tier GOLD - skipping
[PERSISTENCE] Database connection failed for critical decisions: Error: Missing SUPABASE_SERVICE_ROLE_KEY
    at createServiceRoleClient (C:\Users\SBS\Desktop\New folder (4)\vito\src\lib\auth\clients\admin.ts:20:11)
    at saveCriticalDecisions (C:\Users\SBS\Desktop\New folder (4)\vito\src\lib\agents\context\persistence.ts:189:22)
    at BuildContextManager.persistCriticalDecisions (C:\Users\SBS\Desktop\New folder (4)\vito\src\lib\agents\context\manager.ts:204:5)
    at BuildContextManager.updateCriticalDecisions (C:\Users\SBS\Desktop\New folder (4)\vito\src\lib\agents\context\manager.ts:169:10)
    at BuildContextManager.recordOutput (C:\Users\SBS\Desktop\New folder (4)\vito\src\lib\agents\context\manager.ts:147:10)
    at BuildOrchestrator.executeAgent (C:\Users\SBS\Desktop\New folder (4)\vito\src\lib\agents\orchestrator\orchestrator.ts:1203:20)
    at <anonymous> (C:\Users\SBS\Desktop\New folder (4)\vito\src\lib\agents\orchestrator\orchestrator.ts:1053:59)
    at Array.map (<anonymous>)
    at BuildOrchestrator.executePhase (C:\Users\SBS\Desktop\New folder (4)\vito\src\lib\agents\orchestrator\orchestrator.ts:1053:37)
    at process.processTicksAndRejections (node:internal/process/task_queues:103:5)
  [28%] Phase: conversion | Agents: none
[Scheduler] Phase conversion COMPLETE. Status: [{"agentId":"psyche","completed":true,"failed":false,"optional":false},{"agentId":"scribe","completed":true,"failed":false,"optional":false},{"agentId":"architect_conversion","completed":true,"failed":false,"optional":false},{"agentId":"conversion_judge","completed":true,"failed":false,"optional":false}]
  ✓ Phase conversion completed (completed)
[ORCH_PHASE] 2026-01-27T10:13:11.058Z - Phase conversion result: success=true, error=none
[Orchestrator] ✓ Phase conversion completed. Completed phases: discovery, conversion
[Orchestrator] ===== PHASE 3/7: design =====
[Orchestrator] Phase agents (6): palette, grid, blocks, cartographer, flow, artist
[ORCH_PHASE] 2026-01-27T10:13:11.058Z - ENTERING: executePhase(design)
[ORCH_PHASE] 2026-01-27T10:13:11.058Z - Starting phase loop for design
[ORCH_LOOP] 2026-01-27T10:13:11.058Z - Loop iteration 1 {"phase":"design","nextAgents":["palette"],"runningAgents":[],"deadlockCounter":0,"isPhaseComplete":false}
[AGENT_CALL] 2026-01-27T10:13:11.058Z - ENTERING: executeAgent(palette)
[AGENT_CALL] 2026-01-27T10:13:11.058Z - CALLING: palette (phase: design)
[Orchestrator] Agent palette - Iteration 1/3
[ARCHON-PARSER] ⚠️ WARNING: ARCHON output failed validation. Using partial merge with defaults. 
  Output keys:  
  This may indicate a malformed ARCHON response.
[50X COORDINATION] palette: Injected 500 tokens of upstream constraints
[EXECUTOR] 2026-01-27T10:13:11.060Z - Creating executor for palette, iteration 1
[EXECUTOR] 2026-01-27T10:13:11.060Z - CALLING executor.execute() for palette
[PERSISTENCE] ✓ CriticalDecisions saved to file: C:\Users\SBS\Desktop\New folder (4)\vito\.olympus\decisions\olympus-dashboard-1769508690316.json
[PERSISTENCE] ✓ CriticalDecisions saved to file: C:\Users\SBS\Desktop\New folder (4)\vito\.olympus\decisions\olympus-dashboard-1769508690316.json
[searchExamples] Collection dimension detected: 768
[Redis] Connected successfully
[HEARTBEAT] 2026-01-27T10:13:15.531Z {"buildId":"olympus-dashboard-1769508690316","status":"running","currentPhase":"design","currentAgent":"palette","completedAgents":["oracle","empathy","venture","strategos","scope","psyche","scribe","architect_conversion","conversion_judge"],"runningAgents":["palette"],"failedAgents":[],"progress":28}
[HEARTBEAT] 2026-01-27T10:13:20.545Z {"buildId":"olympus-dashboard-1769508690316","status":"running","currentPhase":"design","currentAgent":"palette","completedAgents":["oracle","empathy","venture","strategos","scope","psyche","scribe","architect_conversion","conversion_judge"],"runningAgents":["palette"],"failedAgents":[],"progress":28}
[HEARTBEAT] 2026-01-27T10:13:25.554Z {"buildId":"olympus-dashboard-1769508690316","status":"running","currentPhase":"design","currentAgent":"palette","completedAgents":["oracle","empathy","venture","strategos","scope","psyche","scribe","architect_conversion","conversion_judge"],"runningAgents":["palette"],"failedAgents":[],"progress":28}
[Executor] AI execution succeeded: 8849 tokens, provider=anthropic
[Executor] Response content type: string, length: 5645
[Executor] Parsing response: {
  "brand_interpretation": {
    "user_request": "Build the OLYMPUS Builder Dashboard v1.0",
    "i...
[Parser] ===== PARSING palette =====
[Parser] Raw content length: 5645
[Parser] Raw content start: {
  "brand_interpretation": {
    "user_request": "Build the OLYMPUS Builder Dashboard v1.0",
    "interpreted_as": "Olympus is a premium, enterprise-focused brand with a dark, sophisticated aesthetic...
[Parser] Extracted JSON length: 5645
[Parser] Extracted JSON start: {
  "brand_interpretation": {
    "user_request": "Build the OLYMPUS Builder Dashboard v1.0",
    "interpreted_as": "Olympus is a premium, enterprise-focused brand with a dark, sophisticated aesthetic...
[Parser] JSON.parse SUCCESS for palette
[Parser] Agent palette: parsed.files exists = false, isArray = false, length = 0
[Executor] Parsed successfully: artifacts=1, status=completed
[EXECUTOR] 2026-01-27T10:13:28.596Z - executor.execute() RETURNED for palette in 17536ms {"success":true,"hasOutput":true,"errorMessage":null,"artifactCount":1}
[Orchestrator] Agent palette - Quality Score: 100/100 (min: 60)
[Orchestrator] Agent palette - Quality PASSED on iteration 1
[PERSISTENCE] Database connection failed for critical decisions: Error: Missing SUPABASE_SERVICE_ROLE_KEY
    at createServiceRoleClient (C:\Users\SBS\Desktop\New folder (4)\vito\src\lib\auth\clients\admin.ts:20:11)
    at saveCriticalDecisions (C:\Users\SBS\Desktop\New folder (4)\vito\src\lib\agents\context\persistence.ts:189:22)
    at BuildContextManager.persistCriticalDecisions (C:\Users\SBS\Desktop\New folder (4)\vito\src\lib\agents\context\manager.ts:204:5)
    at BuildContextManager.updateCriticalDecisions (C:\Users\SBS\Desktop\New folder (4)\vito\src\lib\agents\context\manager.ts:169:10)
    at BuildContextManager.recordOutput (C:\Users\SBS\Desktop\New folder (4)\vito\src\lib\agents\context\manager.ts:147:10)
    at BuildOrchestrator.finalizeAgentSuccess (C:\Users\SBS\Desktop\New folder (4)\vito\src\lib\agents\orchestrator\orchestrator.ts:1779:18)
    at BuildOrchestrator.executeAgentWithFeedback (C:\Users\SBS\Desktop\New folder (4)\vito\src\lib\agents\orchestrator\orchestrator.ts:1481:23)
    at process.processTicksAndRejections (node:internal/process/task_queues:103:5)
    at async BuildOrchestrator.executeAgent (C:\Users\SBS\Desktop\New folder (4)\vito\src\lib\agents\orchestrator\orchestrator.ts:1234:22)
    at async Promise.all (index 0)
[PERSISTENCE] Database connection failed (non-fatal): Error: Missing SUPABASE_SERVICE_ROLE_KEY
    at createServiceRoleClient (C:\Users\SBS\Desktop\New folder (4)\vito\src\lib\auth\clients\admin.ts:20:11)
    at saveAgentOutput (C:\Users\SBS\Desktop\New folder (4)\vito\src\lib\agents\context\persistence.ts:74:22)
    at BuildOrchestrator.finalizeAgentSuccess (C:\Users\SBS\Desktop\New folder (4)\vito\src\lib\agents\orchestrator\orchestrator.ts:1780:11)
    at BuildOrchestrator.executeAgentWithFeedback (C:\Users\SBS\Desktop\New folder (4)\vito\src\lib\agents\orchestrator\orchestrator.ts:1481:23)
    at process.processTicksAndRejections (node:internal/process/task_queues:103:5)
    at async BuildOrchestrator.executeAgent (C:\Users\SBS\Desktop\New folder (4)\vito\src\lib\agents\orchestrator\orchestrator.ts:1234:22)
    at async Promise.all (index 0)
    at async BuildOrchestrator.executePhase (C:\Users\SBS\Desktop\New folder (4)\vito\src\lib\agents\orchestrator\orchestrator.ts:1060:26)
    at async BuildOrchestrator.start (C:\Users\SBS\Desktop\New folder (4)\vito\src\lib\agents\orchestrator\orchestrator.ts:658:29)
    at async runBuild (C:\Users\SBS\Desktop\New folder (4)\vito\scripts\build-olympus-dashboard.ts:189:18)
    → Agent palette: completed (1 artifacts)
[AGENT_CALL] 2026-01-27T10:13:28.597Z - COMPLETED: palette in 17539ms, success=true
  [31%] Phase: design | Agents: none
[AGENT_CALL] 2026-01-27T10:13:28.598Z - ENTERING: executeAgent(grid)
[DEGRADATION] Agent grid not active in tier GOLD - skipping
[PERSISTENCE] Database connection failed for critical decisions: Error: Missing SUPABASE_SERVICE_ROLE_KEY
    at createServiceRoleClient (C:\Users\SBS\Desktop\New folder (4)\vito\src\lib\auth\clients\admin.ts:20:11)
    at saveCriticalDecisions (C:\Users\SBS\Desktop\New folder (4)\vito\src\lib\agents\context\persistence.ts:189:22)
    at BuildContextManager.persistCriticalDecisions (C:\Users\SBS\Desktop\New folder (4)\vito\src\lib\agents\context\manager.ts:204:5)
    at BuildContextManager.updateCriticalDecisions (C:\Users\SBS\Desktop\New folder (4)\vito\src\lib\agents\context\manager.ts:169:10)
    at BuildContextManager.recordOutput (C:\Users\SBS\Desktop\New folder (4)\vito\src\lib\agents\context\manager.ts:147:10)
    at BuildOrchestrator.executeAgent (C:\Users\SBS\Desktop\New folder (4)\vito\src\lib\agents\orchestrator\orchestrator.ts:1203:20)
    at <anonymous> (C:\Users\SBS\Desktop\New folder (4)\vito\src\lib\agents\orchestrator\orchestrator.ts:1053:59)
    at Array.map (<anonymous>)
    at BuildOrchestrator.executePhase (C:\Users\SBS\Desktop\New folder (4)\vito\src\lib\agents\orchestrator\orchestrator.ts:1053:37)
    at process.processTicksAndRejections (node:internal/process/task_queues:103:5)
  [34%] Phase: design | Agents: none
[AGENT_CALL] 2026-01-27T10:13:28.600Z - ENTERING: executeAgent(blocks)
[AGENT_CALL] 2026-01-27T10:13:28.600Z - CALLING: blocks (phase: design)
[Orchestrator] Agent blocks - Iteration 1/3
[ARCHON-PARSER] ⚠️ WARNING: ARCHON output failed validation. Using partial merge with defaults. 
  Output keys:  
  This may indicate a malformed ARCHON response.
[50X COORDINATION] blocks: Injected 845 tokens of upstream constraints
[EXECUTOR] 2026-01-27T10:13:28.601Z - Creating executor for blocks, iteration 1
[EXECUTOR] 2026-01-27T10:13:28.601Z - CALLING executor.execute() for blocks
[Executor] Dependency grid was skipped (tier_degradation). Agent blocks will use fallback behavior.
[PERSISTENCE] ✓ CriticalDecisions saved to file: C:\Users\SBS\Desktop\New folder (4)\vito\.olympus\decisions\olympus-dashboard-1769508690316.json
[PERSISTENCE] ✓ CriticalDecisions saved to file: C:\Users\SBS\Desktop\New folder (4)\vito\.olympus\decisions\olympus-dashboard-1769508690316.json
[HEARTBEAT] 2026-01-27T10:13:30.565Z {"buildId":"olympus-dashboard-1769508690316","status":"running","currentPhase":"design","currentAgent":"blocks","completedAgents":["oracle","empathy","venture","strategos","scope","psyche","scribe","architect_conversion","conversion_judge","palette","grid"],"runningAgents":["blocks"],"failedAgents":[],"progress":34}
[HEARTBEAT] 2026-01-27T10:13:35.568Z {"buildId":"olympus-dashboard-1769508690316","status":"running","currentPhase":"design","currentAgent":"blocks","completedAgents":["oracle","empathy","venture","strategos","scope","psyche","scribe","architect_conversion","conversion_judge","palette","grid"],"runningAgents":["blocks"],"failedAgents":[],"progress":34}
[HEARTBEAT] 2026-01-27T10:13:40.571Z {"buildId":"olympus-dashboard-1769508690316","status":"running","currentPhase":"design","currentAgent":"blocks","completedAgents":["oracle","empathy","venture","strategos","scope","psyche","scribe","architect_conversion","conversion_judge","palette","grid"],"runningAgents":["blocks"],"failedAgents":[],"progress":34}
[HEARTBEAT] 2026-01-27T10:13:45.574Z {"buildId":"olympus-dashboard-1769508690316","status":"running","currentPhase":"design","currentAgent":"blocks","completedAgents":["oracle","empathy","venture","strategos","scope","psyche","scribe","architect_conversion","conversion_judge","palette","grid"],"runningAgents":["blocks"],"failedAgents":[],"progress":34}
[HEARTBEAT] 2026-01-27T10:13:50.589Z {"buildId":"olympus-dashboard-1769508690316","status":"running","currentPhase":"design","currentAgent":"blocks","completedAgents":["oracle","empathy","venture","strategos","scope","psyche","scribe","architect_conversion","conversion_judge","palette","grid"],"runningAgents":["blocks"],"failedAgents":[],"progress":34}
[HEARTBEAT] 2026-01-27T10:13:55.601Z {"buildId":"olympus-dashboard-1769508690316","status":"running","currentPhase":"design","currentAgent":"blocks","completedAgents":["oracle","empathy","venture","strategos","scope","psyche","scribe","architect_conversion","conversion_judge","palette","grid"],"runningAgents":["blocks"],"failedAgents":[],"progress":34}
[Executor] AI execution succeeded: 19199 tokens, provider=anthropic
[Executor] Response content type: string, length: 12735
[Executor] Parsing response: {
  "architecture_overview": {
    "total_components": 60,
    "atoms": 8,
    "molecules": 32,
    ...
[Parser] ===== PARSING blocks =====
[Parser] Raw content length: 12735
[Parser] Raw content start: {
  "architecture_overview": {
    "total_components": 60,
    "atoms": 8,
    "molecules": 32,
    "organisms": 15,
    "templates": 5,
    "design_system": "OLYMPUS 50X"
  },
  "design_tokens_consum...
[Parser] Extracted JSON length: 12464
[Parser] Extracted JSON start: {
  "architecture_overview": {
    "total_components": 60,
    "atoms": 8,
    "molecules": 32,
    "organisms": 15,
    "templates": 5,
    "design_system": "OLYMPUS 50X"
  },
  "design_tokens_consum...
[Parser] ===== PARSE FAILED for blocks =====
[Parser] Error: Expected ',' or '}' after property value in JSON at position 12464 (line 501 column 8)
[Parser] Raw content first 500 chars: {
  "architecture_overview": {
    "total_components": 60,
    "atoms": 8,
    "molecules": 32,
    "organisms": 15,
    "templates": 5,
    "design_system": "OLYMPUS 50X"
  },
  "design_tokens_consumed": {
    "from_palette": [
      "colors",
      "typography",
      "spacing",
      "radius",
      "shadows",
      "motion"
    ],
    "token_mapping": {
      "button.background": "colors.primary.500",
      "button.text": "colors.neutral.50"
    }
  },
  "components": [
    {
      "name": "
[Executor] Parsed successfully: artifacts=1, status=completed
[EXECUTOR] 2026-01-27T10:13:56.185Z - executor.execute() RETURNED for blocks in 27584ms {"success":true,"hasOutput":true,"errorMessage":null,"artifactCount":1}
[Orchestrator] Agent blocks - Quality Score: 100/100 (min: 60)
[Orchestrator] Agent blocks - Quality PASSED on iteration 1
[JSON] Parse failed in critical-summarizer:paletteDecisions: SyntaxError: Unterminated string in JSON at position 12735 (line 506 column 55)
    at JSON.parse (<anonymous>)
    at safeJsonParse (C:\Users\SBS\Desktop\New folder (4)\vito\src\lib\utils\safe-json.ts:23:17)
    at extractPaletteDecisions (C:\Users\SBS\Desktop\New folder (4)\vito\src\lib\agents\coordination\critical-summarizer.ts:241:18)
    at updateCriticalDecisions (C:\Users\SBS\Desktop\New folder (4)\vito\src\lib\agents\coordination\critical-summarizer.ts:502:27)
    at BuildContextManager.updateCriticalDecisions (C:\Users\SBS\Desktop\New folder (4)\vito\src\lib\agents\context\manager.ts:160:33)
    at BuildContextManager.recordOutput (C:\Users\SBS\Desktop\New folder (4)\vito\src\lib\agents\context\manager.ts:147:10)
    at BuildOrchestrator.finalizeAgentSuccess (C:\Users\SBS\Desktop\New folder (4)\vito\src\lib\agents\orchestrator\orchestrator.ts:1779:18)
    at BuildOrchestrator.executeAgentWithFeedback (C:\Users\SBS\Desktop\New folder (4)\vito\src\lib\agents\orchestrator\orchestrator.ts:1481:23)
    at process.processTicksAndRejections (node:internal/process/task_queues:103:5)
    at async BuildOrchestrator.executeAgent (C:\Users\SBS\Desktop\New folder (4)\vito\src\lib\agents\orchestrator\orchestrator.ts:1234:22)
[JSON] Content preview: {
  "architecture_overview": {
    "total_components": 60,
    "atoms": 8,
    "molecules": 32,
    "organisms": 15,
    "templates": 5,
    "design_system": "OLYMPUS 50X"
  },
  "design_tokens_consum...
[PERSISTENCE] Database connection failed for critical decisions: Error: Missing SUPABASE_SERVICE_ROLE_KEY
    at createServiceRoleClient (C:\Users\SBS\Desktop\New folder (4)\vito\src\lib\auth\clients\admin.ts:20:11)
    at saveCriticalDecisions (C:\Users\SBS\Desktop\New folder (4)\vito\src\lib\agents\context\persistence.ts:189:22)
    at BuildContextManager.persistCriticalDecisions (C:\Users\SBS\Desktop\New folder (4)\vito\src\lib\agents\context\manager.ts:204:5)
    at BuildContextManager.updateCriticalDecisions (C:\Users\SBS\Desktop\New folder (4)\vito\src\lib\agents\context\manager.ts:169:10)
    at BuildContextManager.recordOutput (C:\Users\SBS\Desktop\New folder (4)\vito\src\lib\agents\context\manager.ts:147:10)
    at BuildOrchestrator.finalizeAgentSuccess (C:\Users\SBS\Desktop\New folder (4)\vito\src\lib\agents\orchestrator\orchestrator.ts:1779:18)
    at BuildOrchestrator.executeAgentWithFeedback (C:\Users\SBS\Desktop\New folder (4)\vito\src\lib\agents\orchestrator\orchestrator.ts:1481:23)
    at process.processTicksAndRejections (node:internal/process/task_queues:103:5)
    at async BuildOrchestrator.executeAgent (C:\Users\SBS\Desktop\New folder (4)\vito\src\lib\agents\orchestrator\orchestrator.ts:1234:22)
    at async Promise.all (index 0)
[PERSISTENCE] Database connection failed (non-fatal): Error: Missing SUPABASE_SERVICE_ROLE_KEY
    at createServiceRoleClient (C:\Users\SBS\Desktop\New folder (4)\vito\src\lib\auth\clients\admin.ts:20:11)
    at saveAgentOutput (C:\Users\SBS\Desktop\New folder (4)\vito\src\lib\agents\context\persistence.ts:74:22)
    at BuildOrchestrator.finalizeAgentSuccess (C:\Users\SBS\Desktop\New folder (4)\vito\src\lib\agents\orchestrator\orchestrator.ts:1780:11)
    at BuildOrchestrator.executeAgentWithFeedback (C:\Users\SBS\Desktop\New folder (4)\vito\src\lib\agents\orchestrator\orchestrator.ts:1481:23)
    at process.processTicksAndRejections (node:internal/process/task_queues:103:5)
    at async BuildOrchestrator.executeAgent (C:\Users\SBS\Desktop\New folder (4)\vito\src\lib\agents\orchestrator\orchestrator.ts:1234:22)
    at async Promise.all (index 0)
    at async BuildOrchestrator.executePhase (C:\Users\SBS\Desktop\New folder (4)\vito\src\lib\agents\orchestrator\orchestrator.ts:1060:26)
    at async BuildOrchestrator.start (C:\Users\SBS\Desktop\New folder (4)\vito\src\lib\agents\orchestrator\orchestrator.ts:658:29)
    at async runBuild (C:\Users\SBS\Desktop\New folder (4)\vito\scripts\build-olympus-dashboard.ts:189:18)
    → Agent blocks: completed (1 artifacts)
[AGENT_CALL] 2026-01-27T10:13:56.191Z - COMPLETED: blocks in 27591ms, success=true
  [38%] Phase: design | Agents: none
[AGENT_CALL] 2026-01-27T10:13:56.192Z - ENTERING: executeAgent(cartographer)
[AGENT_CALL] 2026-01-27T10:13:56.192Z - CALLING: cartographer (phase: design)
[Orchestrator] Agent cartographer - Iteration 1/3
[ARCHON-PARSER] ⚠️ WARNING: ARCHON output failed validation. Using partial merge with defaults. 
  Output keys:  
  This may indicate a malformed ARCHON response.
[50X COORDINATION] cartographer: Injected 286 tokens of upstream constraints
[EXECUTOR] 2026-01-27T10:13:56.194Z - Creating executor for cartographer, iteration 1
[EXECUTOR] 2026-01-27T10:13:56.194Z - CALLING executor.execute() for cartographer
[PERSISTENCE] ✓ CriticalDecisions saved to file: C:\Users\SBS\Desktop\New folder (4)\vito\.olympus\decisions\olympus-dashboard-1769508690316.json
[HEARTBEAT] 2026-01-27T10:14:00.610Z {"buildId":"olympus-dashboard-1769508690316","status":"running","currentPhase":"design","currentAgent":"cartographer","completedAgents":["oracle","empathy","venture","strategos","scope","psyche","scribe","architect_conversion","conversion_judge","palette","grid","blocks"],"runningAgents":["cartographer"],"failedAgents":[],"progress":38}
[HEARTBEAT] 2026-01-27T10:14:05.619Z {"buildId":"olympus-dashboard-1769508690316","status":"running","currentPhase":"design","currentAgent":"cartographer","completedAgents":["oracle","empathy","venture","strategos","scope","psyche","scribe","architect_conversion","conversion_judge","palette","grid","blocks"],"runningAgents":["cartographer"],"failedAgents":[],"progress":38}
[Executor] AI execution succeeded: 5901 tokens, provider=anthropic
[Executor] Response content type: string, length: 6533
[Executor] Parsing response: {
  "sitemap": {
    "pages": [
      {
        "id": "page_console",
        "path": "/console",
  ...
[Parser] ===== PARSING cartographer =====
[Parser] Raw content length: 6533
[Parser] Raw content start: {
  "sitemap": {
    "pages": [
      {
        "id": "page_console",
        "path": "/console",
        "title": "Build Console",
        "description": "Primary interface for monitoring and underst...
[Parser] Extracted JSON length: 6533
[Parser] Extracted JSON start: {
  "sitemap": {
    "pages": [
      {
        "id": "page_console",
        "path": "/console",
        "title": "Build Console",
        "description": "Primary interface for monitoring and underst...
[Parser] JSON.parse SUCCESS for cartographer
[Parser] Agent cartographer: parsed.files exists = false, isArray = false, length = 0
[Executor] Parsed successfully: artifacts=1, status=completed
Agent cartographer validation issues: 1 error(s): Missing required field: pages
[EXECUTOR] 2026-01-27T10:14:10.339Z - executor.execute() RETURNED for cartographer in 14145ms {"success":true,"hasOutput":true,"errorMessage":null,"artifactCount":1}
[Orchestrator] Agent cartographer - Quality Score: 100/100 (min: 60)
[Orchestrator] Agent cartographer - Quality PASSED on iteration 1
[PERSISTENCE] Database connection failed for critical decisions: Error: Missing SUPABASE_SERVICE_ROLE_KEY
    at createServiceRoleClient (C:\Users\SBS\Desktop\New folder (4)\vito\src\lib\auth\clients\admin.ts:20:11)
    at saveCriticalDecisions (C:\Users\SBS\Desktop\New folder (4)\vito\src\lib\agents\context\persistence.ts:189:22)
    at BuildContextManager.persistCriticalDecisions (C:\Users\SBS\Desktop\New folder (4)\vito\src\lib\agents\context\manager.ts:204:5)
    at BuildContextManager.updateCriticalDecisions (C:\Users\SBS\Desktop\New folder (4)\vito\src\lib\agents\context\manager.ts:169:10)
    at BuildContextManager.recordOutput (C:\Users\SBS\Desktop\New folder (4)\vito\src\lib\agents\context\manager.ts:147:10)
    at BuildOrchestrator.finalizeAgentSuccess (C:\Users\SBS\Desktop\New folder (4)\vito\src\lib\agents\orchestrator\orchestrator.ts:1779:18)
    at BuildOrchestrator.executeAgentWithFeedback (C:\Users\SBS\Desktop\New folder (4)\vito\src\lib\agents\orchestrator\orchestrator.ts:1481:23)
    at process.processTicksAndRejections (node:internal/process/task_queues:103:5)
    at async BuildOrchestrator.executeAgent (C:\Users\SBS\Desktop\New folder (4)\vito\src\lib\agents\orchestrator\orchestrator.ts:1234:22)
    at async Promise.all (index 0)
[PERSISTENCE] Database connection failed (non-fatal): Error: Missing SUPABASE_SERVICE_ROLE_KEY
    at createServiceRoleClient (C:\Users\SBS\Desktop\New folder (4)\vito\src\lib\auth\clients\admin.ts:20:11)
    at saveAgentOutput (C:\Users\SBS\Desktop\New folder (4)\vito\src\lib\agents\context\persistence.ts:74:22)
    at BuildOrchestrator.finalizeAgentSuccess (C:\Users\SBS\Desktop\New folder (4)\vito\src\lib\agents\orchestrator\orchestrator.ts:1780:11)
    at BuildOrchestrator.executeAgentWithFeedback (C:\Users\SBS\Desktop\New folder (4)\vito\src\lib\agents\orchestrator\orchestrator.ts:1481:23)
    at process.processTicksAndRejections (node:internal/process/task_queues:103:5)
    at async BuildOrchestrator.executeAgent (C:\Users\SBS\Desktop\New folder (4)\vito\src\lib\agents\orchestrator\orchestrator.ts:1234:22)
    at async Promise.all (index 0)
    at async BuildOrchestrator.executePhase (C:\Users\SBS\Desktop\New folder (4)\vito\src\lib\agents\orchestrator\orchestrator.ts:1060:26)
    at async BuildOrchestrator.start (C:\Users\SBS\Desktop\New folder (4)\vito\src\lib\agents\orchestrator\orchestrator.ts:658:29)
    at async runBuild (C:\Users\SBS\Desktop\New folder (4)\vito\scripts\build-olympus-dashboard.ts:189:18)
    → Agent cartographer: completed (1 artifacts)
[AGENT_CALL] 2026-01-27T10:14:10.340Z - COMPLETED: cartographer in 14148ms, success=true
  [41%] Phase: design | Agents: none
[AGENT_CALL] 2026-01-27T10:14:10.341Z - ENTERING: executeAgent(flow)
[DEGRADATION] Agent flow not active in tier GOLD - skipping
[PERSISTENCE] Database connection failed for critical decisions: Error: Missing SUPABASE_SERVICE_ROLE_KEY
    at createServiceRoleClient (C:\Users\SBS\Desktop\New folder (4)\vito\src\lib\auth\clients\admin.ts:20:11)
    at saveCriticalDecisions (C:\Users\SBS\Desktop\New folder (4)\vito\src\lib\agents\context\persistence.ts:189:22)
    at BuildContextManager.persistCriticalDecisions (C:\Users\SBS\Desktop\New folder (4)\vito\src\lib\agents\context\manager.ts:204:5)
    at BuildContextManager.updateCriticalDecisions (C:\Users\SBS\Desktop\New folder (4)\vito\src\lib\agents\context\manager.ts:169:10)
    at BuildContextManager.recordOutput (C:\Users\SBS\Desktop\New folder (4)\vito\src\lib\agents\context\manager.ts:147:10)
    at BuildOrchestrator.executeAgent (C:\Users\SBS\Desktop\New folder (4)\vito\src\lib\agents\orchestrator\orchestrator.ts:1203:20)
    at <anonymous> (C:\Users\SBS\Desktop\New folder (4)\vito\src\lib\agents\orchestrator\orchestrator.ts:1053:59)
    at Array.map (<anonymous>)
    at BuildOrchestrator.executePhase (C:\Users\SBS\Desktop\New folder (4)\vito\src\lib\agents\orchestrator\orchestrator.ts:1053:37)
    at process.processTicksAndRejections (node:internal/process/task_queues:103:5)
  [44%] Phase: design | Agents: none
[AGENT_CALL] 2026-01-27T10:14:10.343Z - ENTERING: executeAgent(artist)
[AGENT_CALL] 2026-01-27T10:14:10.343Z - CALLING: artist (phase: design)
[Orchestrator] Agent artist - Iteration 1/3
[ARCHON-PARSER] ⚠️ WARNING: ARCHON output failed validation. Using partial merge with defaults. 
  Output keys:  
  This may indicate a malformed ARCHON response.
[50X COORDINATION] artist: Injected 500 tokens of upstream constraints
[EXECUTOR] 2026-01-27T10:14:10.343Z - Creating executor for artist, iteration 1
[EXECUTOR] 2026-01-27T10:14:10.343Z - CALLING executor.execute() for artist
[PERSISTENCE] ✓ CriticalDecisions saved to file: C:\Users\SBS\Desktop\New folder (4)\vito\.olympus\decisions\olympus-dashboard-1769508690316.json
[PERSISTENCE] ✓ CriticalDecisions saved to file: C:\Users\SBS\Desktop\New folder (4)\vito\.olympus\decisions\olympus-dashboard-1769508690316.json
[HEARTBEAT] 2026-01-27T10:14:10.621Z {"buildId":"olympus-dashboard-1769508690316","status":"running","currentPhase":"design","currentAgent":"artist","completedAgents":["oracle","empathy","venture","strategos","scope","psyche","scribe","architect_conversion","conversion_judge","palette","grid","blocks","cartographer","flow"],"runningAgents":["artist"],"failedAgents":[],"progress":44}
[HEARTBEAT] 2026-01-27T10:14:15.636Z {"buildId":"olympus-dashboard-1769508690316","status":"running","currentPhase":"design","currentAgent":"artist","completedAgents":["oracle","empathy","venture","strategos","scope","psyche","scribe","architect_conversion","conversion_judge","palette","grid","blocks","cartographer","flow"],"runningAgents":["artist"],"failedAgents":[],"progress":44}
[HEARTBEAT] 2026-01-27T10:14:20.645Z {"buildId":"olympus-dashboard-1769508690316","status":"running","currentPhase":"design","currentAgent":"artist","completedAgents":["oracle","empathy","venture","strategos","scope","psyche","scribe","architect_conversion","conversion_judge","palette","grid","blocks","cartographer","flow"],"runningAgents":["artist"],"failedAgents":[],"progress":44}
[Executor] AI execution succeeded: 2922 tokens, provider=anthropic
[Executor] Response content type: string, length: 6541
[Executor] Parsing response: {
  "imageRequirements": [
    {
      "type": "hero",
      "description": "A large, full-width her...
[Parser] ===== PARSING artist =====
[Parser] Raw content length: 6541
[Parser] Raw content start: {
  "imageRequirements": [
    {
      "type": "hero",
      "description": "A large, full-width hero image for the Build Console dashboard. Should convey a sense of power, scale, and high-tech sophis...
[Parser] Extracted JSON length: 6541
[Parser] Extracted JSON start: {
  "imageRequirements": [
    {
      "type": "hero",
      "description": "A large, full-width hero image for the Build Console dashboard. Should convey a sense of power, scale, and high-tech sophis...
[Parser] JSON.parse SUCCESS for artist
[Parser] Agent artist: parsed.files exists = false, isArray = false, length = 0
[Executor] Parsed successfully: artifacts=1, status=completed
[EXECUTOR] 2026-01-27T10:14:21.977Z - executor.execute() RETURNED for artist in 11634ms {"success":true,"hasOutput":true,"errorMessage":null,"artifactCount":1}
[Orchestrator] Agent artist - Quality Score: 100/100 (min: 60)
[Orchestrator] Agent artist - Quality PASSED on iteration 1
[PERSISTENCE] Database connection failed for critical decisions: Error: Missing SUPABASE_SERVICE_ROLE_KEY
    at createServiceRoleClient (C:\Users\SBS\Desktop\New folder (4)\vito\src\lib\auth\clients\admin.ts:20:11)
    at saveCriticalDecisions (C:\Users\SBS\Desktop\New folder (4)\vito\src\lib\agents\context\persistence.ts:189:22)
    at BuildContextManager.persistCriticalDecisions (C:\Users\SBS\Desktop\New folder (4)\vito\src\lib\agents\context\manager.ts:204:5)
    at BuildContextManager.updateCriticalDecisions (C:\Users\SBS\Desktop\New folder (4)\vito\src\lib\agents\context\manager.ts:169:10)
    at BuildContextManager.recordOutput (C:\Users\SBS\Desktop\New folder (4)\vito\src\lib\agents\context\manager.ts:147:10)
    at BuildOrchestrator.finalizeAgentSuccess (C:\Users\SBS\Desktop\New folder (4)\vito\src\lib\agents\orchestrator\orchestrator.ts:1779:18)
    at BuildOrchestrator.executeAgentWithFeedback (C:\Users\SBS\Desktop\New folder (4)\vito\src\lib\agents\orchestrator\orchestrator.ts:1481:23)
    at process.processTicksAndRejections (node:internal/process/task_queues:103:5)
    at async BuildOrchestrator.executeAgent (C:\Users\SBS\Desktop\New folder (4)\vito\src\lib\agents\orchestrator\orchestrator.ts:1234:22)
    at async Promise.all (index 0)
[PERSISTENCE] Database connection failed (non-fatal): Error: Missing SUPABASE_SERVICE_ROLE_KEY
    at createServiceRoleClient (C:\Users\SBS\Desktop\New folder (4)\vito\src\lib\auth\clients\admin.ts:20:11)
    at saveAgentOutput (C:\Users\SBS\Desktop\New folder (4)\vito\src\lib\agents\context\persistence.ts:74:22)
    at BuildOrchestrator.finalizeAgentSuccess (C:\Users\SBS\Desktop\New folder (4)\vito\src\lib\agents\orchestrator\orchestrator.ts:1780:11)
    at BuildOrchestrator.executeAgentWithFeedback (C:\Users\SBS\Desktop\New folder (4)\vito\src\lib\agents\orchestrator\orchestrator.ts:1481:23)
    at process.processTicksAndRejections (node:internal/process/task_queues:103:5)
    at async BuildOrchestrator.executeAgent (C:\Users\SBS\Desktop\New folder (4)\vito\src\lib\agents\orchestrator\orchestrator.ts:1234:22)
    at async Promise.all (index 0)
    at async BuildOrchestrator.executePhase (C:\Users\SBS\Desktop\New folder (4)\vito\src\lib\agents\orchestrator\orchestrator.ts:1060:26)
    at async BuildOrchestrator.start (C:\Users\SBS\Desktop\New folder (4)\vito\src\lib\agents\orchestrator\orchestrator.ts:658:29)
    at async runBuild (C:\Users\SBS\Desktop\New folder (4)\vito\scripts\build-olympus-dashboard.ts:189:18)
    → Agent artist: completed (1 artifacts)
[AGENT_CALL] 2026-01-27T10:14:21.978Z - COMPLETED: artist in 11635ms, success=true
  [47%] Phase: design | Agents: none
[Scheduler] Phase design COMPLETE. Status: [{"agentId":"palette","completed":true,"failed":false,"optional":false},{"agentId":"grid","completed":true,"failed":false,"optional":false},{"agentId":"blocks","completed":true,"failed":false,"optional":false},{"agentId":"cartographer","completed":true,"failed":false,"optional":false},{"agentId":"flow","completed":true,"failed":false,"optional":false},{"agentId":"artist","completed":true,"failed":false,"optional":true}]
  ✓ Phase design completed (completed)
[ORCH_PHASE] 2026-01-27T10:14:21.978Z - Phase design result: success=true, error=none
[Orchestrator] ✓ Phase design completed. Completed phases: discovery, conversion, design
[Orchestrator] ===== PHASE 4/7: architecture =====
[Orchestrator] Phase agents (6): archon, datum, nexus, forge, sentinel, atlas
[ORCH_PHASE] 2026-01-27T10:14:21.979Z - ENTERING: executePhase(architecture)
[ORCH_PHASE] 2026-01-27T10:14:21.979Z - Starting phase loop for architecture
[ORCH_LOOP] 2026-01-27T10:14:21.979Z - Loop iteration 1 {"phase":"architecture","nextAgents":["archon"],"runningAgents":[],"deadlockCounter":0,"isPhaseComplete":false}
[AGENT_CALL] 2026-01-27T10:14:21.979Z - ENTERING: executeAgent(archon)
[AGENT_CALL] 2026-01-27T10:14:21.979Z - CALLING: archon (phase: architecture)
[Orchestrator] Agent archon - Iteration 1/3
[ARCHON-PARSER] ⚠️ WARNING: ARCHON output failed validation. Using partial merge with defaults. 
  Output keys:  
  This may indicate a malformed ARCHON response.
[EXECUTOR] 2026-01-27T10:14:21.979Z - Creating executor for archon, iteration 1
[EXECUTOR] 2026-01-27T10:14:21.979Z - CALLING executor.execute() for archon
[PERSISTENCE] ✓ CriticalDecisions saved to file: C:\Users\SBS\Desktop\New folder (4)\vito\.olympus\decisions\olympus-dashboard-1769508690316.json
Anthropic completion failed after 301ms: NotFoundError: 404 {"type":"error","error":{"type":"not_found_error","message":"model: claude-3-5-sonnet-20241022"},"request_id":"req_011CXXhwBxhVoFrvJngPuQPk"}
    at APIError.generate (C:\Users\SBS\Desktop\New folder (4)\vito\node_modules\@anthropic-ai\sdk\src\core\error.ts:75:14)
    at Anthropic.makeStatusError (C:\Users\SBS\Desktop\New folder (4)\vito\node_modules\@anthropic-ai\sdk\src\client.ts:443:28)
    at Anthropic.makeRequest (C:\Users\SBS\Desktop\New folder (4)\vito\node_modules\@anthropic-ai\sdk\src\client.ts:678:24)
    at process.processTicksAndRejections (node:internal/process/task_queues:103:5)
    at async AnthropicProvider.complete (C:\Users\SBS\Desktop\New folder (4)\vito\src\lib\agents\providers\anthropic.ts:200:24)
    at async AIRouter.execute (C:\Users\SBS\Desktop\New folder (4)\vito\src\lib\agents\providers\router.ts:248:26)
    at async AgentExecutor.executeCompletion (C:\Users\SBS\Desktop\New folder (4)\vito\src\lib\agents\executor\executor.ts:152:20)
    at async RetryHandler.executeWithRetry (C:\Users\SBS\Desktop\New folder (4)\vito\src\lib\agents\executor\retry.ts:63:24)
    at async AgentExecutor.execute (C:\Users\SBS\Desktop\New folder (4)\vito\src\lib\agents\executor\executor.ts:95:22)
    at async BuildOrchestrator.executeAgentWithFeedback (C:\Users\SBS\Desktop\New folder (4)\vito\src\lib\agents\orchestrator\orchestrator.ts:1393:22) {
  status: 404,
  headers: Headers {
    date: 'Tue, 27 Jan 2026 10:14:21 GMT',
    'content-type': 'application/json',
    'transfer-encoding': 'chunked',
    connection: 'keep-alive',
    'x-should-retry': 'false',
    'request-id': 'req_011CXXhwBxhVoFrvJngPuQPk',
    'strict-transport-security': 'max-age=31536000; includeSubDomains; preload',
    'anthropic-organization-id': 'd06567ef-3469-4f53-ac13-52b8fe9f18b6',
    server: 'cloudflare',
    'x-envoy-upstream-service-time': '116',
    'cf-cache-status': 'DYNAMIC',
    'x-robots-tag': 'none',
    'content-encoding': 'gzip',
    'cf-ray': '9c477b9168465234-MXP'
  },
  requestID: 'req_011CXXhwBxhVoFrvJngPuQPk',
  error: {
    type: 'error',
    error: {
      type: 'not_found_error',
      message: 'model: claude-3-5-sonnet-20241022'
    },
    request_id: 'req_011CXXhwBxhVoFrvJngPuQPk'
  }
}
Primary provider anthropic failed: 404 {"type":"error","error":{"type":"not_found_error","message":"model: claude-3-5-sonnet-20241022"},"request_id":"req_011CXXhwBxhVoFrvJngPuQPk"}
[AIRouter] Checking fallback: enabled=true, fallbackProvider=openai
[AIRouter] Fallback provider found: true, providers keys: anthropic, openai, groq
[AIRouter] Attempting fallback to openai with model gpt-4o-mini
[AIRouter] Calling openai.complete()...
[HEARTBEAT] 2026-01-27T10:14:25.658Z {"buildId":"olympus-dashboard-1769508690316","status":"running","currentPhase":"architecture","currentAgent":"archon","completedAgents":["oracle","empathy","venture","strategos","scope","psyche","scribe","architect_conversion","conversion_judge","palette","grid","blocks","cartographer","flow","artist"],"runningAgents":["archon"],"failedAgents":[],"progress":47}
[HEARTBEAT] 2026-01-27T10:14:30.664Z {"buildId":"olympus-dashboard-1769508690316","status":"running","currentPhase":"architecture","currentAgent":"archon","completedAgents":["oracle","empathy","venture","strategos","scope","psyche","scribe","architect_conversion","conversion_judge","palette","grid","blocks","cartographer","flow","artist"],"runningAgents":["archon"],"failedAgents":[],"progress":47}
[HEARTBEAT] 2026-01-27T10:14:35.669Z {"buildId":"olympus-dashboard-1769508690316","status":"running","currentPhase":"architecture","currentAgent":"archon","completedAgents":["oracle","empathy","venture","strategos","scope","psyche","scribe","architect_conversion","conversion_judge","palette","grid","blocks","cartographer","flow","artist"],"runningAgents":["archon"],"failedAgents":[],"progress":47}
[AIRouter] Fallback openai succeeded! Tokens: 5829
[Executor] AI execution succeeded: 5829 tokens, provider=anthropic,openai
[Executor] Response content type: string, length: 3548
[Executor] Parsing response: {
  "tech_stack": {
    "framework": "Next.js 14 App Router",
    "database": "Supabase PostgreSQL",...
[Parser] ===== PARSING archon =====
[Parser] Raw content length: 3548
[Parser] Raw content start: {
  "tech_stack": {
    "framework": "Next.js 14 App Router",
    "database": "Supabase PostgreSQL",
    "orm": "Prisma",
    "auth": "Supabase Auth",
    "cache": "Upstash Redis",
    "state": "Zusta...
[Parser] Extracted JSON length: 3548
[Parser] Extracted JSON start: {
  "tech_stack": {
    "framework": "Next.js 14 App Router",
    "database": "Supabase PostgreSQL",
    "orm": "Prisma",
    "auth": "Supabase Auth",
    "cache": "Upstash Redis",
    "state": "Zusta...
[Parser] JSON.parse SUCCESS for archon
[Parser] Agent archon: parsed.files exists = false, isArray = false, length = 0
[Executor] Parsed successfully: artifacts=1, status=completed
[EXECUTOR] 2026-01-27T10:14:38.084Z - executor.execute() RETURNED for archon in 16105ms {"success":true,"hasOutput":true,"errorMessage":null,"artifactCount":1}
[Orchestrator] Agent archon - Quality Score: 100/100 (min: 60)
[Orchestrator] Agent archon - Quality PASSED on iteration 1
[Orchestrator] ARCHITECTURE VALIDATION PASSED for archon (score: 100)
[Orchestrator] Agent archon - Architecture validation PASSED (score: 100)
[50X GATE] ARCHON output validated: structured architecture decisions present
[PERSISTENCE] Database connection failed for critical decisions: Error: Missing SUPABASE_SERVICE_ROLE_KEY
    at createServiceRoleClient (C:\Users\SBS\Desktop\New folder (4)\vito\src\lib\auth\clients\admin.ts:20:11)
    at saveCriticalDecisions (C:\Users\SBS\Desktop\New folder (4)\vito\src\lib\agents\context\persistence.ts:189:22)
    at BuildContextManager.persistCriticalDecisions (C:\Users\SBS\Desktop\New folder (4)\vito\src\lib\agents\context\manager.ts:204:5)
    at BuildContextManager.updateCriticalDecisions (C:\Users\SBS\Desktop\New folder (4)\vito\src\lib\agents\context\manager.ts:169:10)
    at BuildContextManager.recordOutput (C:\Users\SBS\Desktop\New folder (4)\vito\src\lib\agents\context\manager.ts:147:10)
    at BuildOrchestrator.finalizeAgentSuccess (C:\Users\SBS\Desktop\New folder (4)\vito\src\lib\agents\orchestrator\orchestrator.ts:1779:18)
    at BuildOrchestrator.executeAgentWithFeedback (C:\Users\SBS\Desktop\New folder (4)\vito\src\lib\agents\orchestrator\orchestrator.ts:1481:23)
    at process.processTicksAndRejections (node:internal/process/task_queues:103:5)
    at async BuildOrchestrator.executeAgent (C:\Users\SBS\Desktop\New folder (4)\vito\src\lib\agents\orchestrator\orchestrator.ts:1234:22)
    at async Promise.all (index 0)
[PERSISTENCE] Database connection failed (non-fatal): Error: Missing SUPABASE_SERVICE_ROLE_KEY
    at createServiceRoleClient (C:\Users\SBS\Desktop\New folder (4)\vito\src\lib\auth\clients\admin.ts:20:11)
    at saveAgentOutput (C:\Users\SBS\Desktop\New folder (4)\vito\src\lib\agents\context\persistence.ts:74:22)
    at BuildOrchestrator.finalizeAgentSuccess (C:\Users\SBS\Desktop\New folder (4)\vito\src\lib\agents\orchestrator\orchestrator.ts:1780:11)
    at BuildOrchestrator.executeAgentWithFeedback (C:\Users\SBS\Desktop\New folder (4)\vito\src\lib\agents\orchestrator\orchestrator.ts:1481:23)
    at process.processTicksAndRejections (node:internal/process/task_queues:103:5)
    at async BuildOrchestrator.executeAgent (C:\Users\SBS\Desktop\New folder (4)\vito\src\lib\agents\orchestrator\orchestrator.ts:1234:22)
    at async Promise.all (index 0)
    at async BuildOrchestrator.executePhase (C:\Users\SBS\Desktop\New folder (4)\vito\src\lib\agents\orchestrator\orchestrator.ts:1060:26)
    at async BuildOrchestrator.start (C:\Users\SBS\Desktop\New folder (4)\vito\src\lib\agents\orchestrator\orchestrator.ts:658:29)
    at async runBuild (C:\Users\SBS\Desktop\New folder (4)\vito\scripts\build-olympus-dashboard.ts:189:18)
    → Agent archon: completed (1 artifacts)
[AGENT_CALL] 2026-01-27T10:14:38.085Z - COMPLETED: archon in 16106ms, success=true
  [50%] Phase: architecture | Agents: none
[AGENT_CALL] 2026-01-27T10:14:38.086Z - ENTERING: executeAgent(datum)
[AGENT_CALL] 2026-01-27T10:14:38.086Z - CALLING: datum (phase: architecture)
[Orchestrator] Agent datum - Iteration 1/3
[50X COORDINATION] datum: Injected 244 tokens of upstream constraints
[EXECUTOR] 2026-01-27T10:14:38.087Z - Creating executor for datum, iteration 1
[EXECUTOR] 2026-01-27T10:14:38.087Z - CALLING executor.execute() for datum
[PERSISTENCE] ✓ CriticalDecisions saved to file: C:\Users\SBS\Desktop\New folder (4)\vito\.olympus\decisions\olympus-dashboard-1769508690316.json
[HEARTBEAT] 2026-01-27T10:14:40.678Z {"buildId":"olympus-dashboard-1769508690316","status":"running","currentPhase":"architecture","currentAgent":"datum","completedAgents":["oracle","empathy","venture","strategos","scope","psyche","scribe","architect_conversion","conversion_judge","palette","grid","blocks","cartographer","flow","artist","archon"],"runningAgents":["datum"],"failedAgents":[],"progress":50}
[HEARTBEAT] 2026-01-27T10:14:45.683Z {"buildId":"olympus-dashboard-1769508690316","status":"running","currentPhase":"architecture","currentAgent":"datum","completedAgents":["oracle","empathy","venture","strategos","scope","psyche","scribe","architect_conversion","conversion_judge","palette","grid","blocks","cartographer","flow","artist","archon"],"runningAgents":["datum"],"failedAgents":[],"progress":50}
[HEARTBEAT] 2026-01-27T10:14:50.696Z {"buildId":"olympus-dashboard-1769508690316","status":"running","currentPhase":"architecture","currentAgent":"datum","completedAgents":["oracle","empathy","venture","strategos","scope","psyche","scribe","architect_conversion","conversion_judge","palette","grid","blocks","cartographer","flow","artist","archon"],"runningAgents":["datum"],"failedAgents":[],"progress":50}
[HEARTBEAT] 2026-01-27T10:14:55.698Z {"buildId":"olympus-dashboard-1769508690316","status":"running","currentPhase":"architecture","currentAgent":"datum","completedAgents":["oracle","empathy","venture","strategos","scope","psyche","scribe","architect_conversion","conversion_judge","palette","grid","blocks","cartographer","flow","artist","archon"],"runningAgents":["datum"],"failedAgents":[],"progress":50}
[HEARTBEAT] 2026-01-27T10:15:00.702Z {"buildId":"olympus-dashboard-1769508690316","status":"running","currentPhase":"architecture","currentAgent":"datum","completedAgents":["oracle","empathy","venture","strategos","scope","psyche","scribe","architect_conversion","conversion_judge","palette","grid","blocks","cartographer","flow","artist","archon"],"runningAgents":["datum"],"failedAgents":[],"progress":50}
[HEARTBEAT] 2026-01-27T10:15:05.703Z {"buildId":"olympus-dashboard-1769508690316","status":"running","currentPhase":"architecture","currentAgent":"datum","completedAgents":["oracle","empathy","venture","strategos","scope","psyche","scribe","architect_conversion","conversion_judge","palette","grid","blocks","cartographer","flow","artist","archon"],"runningAgents":["datum"],"failedAgents":[],"progress":50}
[HEARTBEAT] 2026-01-27T10:15:10.707Z {"buildId":"olympus-dashboard-1769508690316","status":"running","currentPhase":"architecture","currentAgent":"datum","completedAgents":["oracle","empathy","venture","strategos","scope","psyche","scribe","architect_conversion","conversion_judge","palette","grid","blocks","cartographer","flow","artist","archon"],"runningAgents":["datum"],"failedAgents":[],"progress":50}
[HEARTBEAT] 2026-01-27T10:15:15.712Z {"buildId":"olympus-dashboard-1769508690316","status":"running","currentPhase":"architecture","currentAgent":"datum","completedAgents":["oracle","empathy","venture","strategos","scope","psyche","scribe","architect_conversion","conversion_judge","palette","grid","blocks","cartographer","flow","artist","archon"],"runningAgents":["datum"],"failedAgents":[],"progress":50}
[HEARTBEAT] 2026-01-27T10:15:20.714Z {"buildId":"olympus-dashboard-1769508690316","status":"running","currentPhase":"architecture","currentAgent":"datum","completedAgents":["oracle","empathy","venture","strategos","scope","psyche","scribe","architect_conversion","conversion_judge","palette","grid","blocks","cartographer","flow","artist","archon"],"runningAgents":["datum"],"failedAgents":[],"progress":50}
[Executor] AI execution succeeded: 6504 tokens, provider=openai
[Executor] Response content type: string, length: 8179
[Executor] Parsing response: {
  "prisma_schema": "// Full schema.prisma content as string\n\ngenerator client {\n  provider = \"...
[Parser] ===== PARSING datum =====
[Parser] Raw content length: 8179
[Parser] Raw content start: {
  "prisma_schema": "// Full schema.prisma content as string\n\ngenerator client {\n  provider = \"prisma-client-js\"\n}\n\ndatasource db {\n  provider = \"postgresql\"\n  url      = env(\"DATABASE_U...
[Parser] Extracted JSON length: 8179
[Parser] Extracted JSON start: {
  "prisma_schema": "// Full schema.prisma content as string\n\ngenerator client {\n  provider = \"prisma-client-js\"\n}\n\ndatasource db {\n  provider = \"postgresql\"\n  url      = env(\"DATABASE_U...
[Parser] JSON.parse SUCCESS for datum
[Parser] Agent datum: parsed.files exists = true, isArray = true, length = 2
[Parser] Agent datum: Processing 2 files
[Parser] File: prisma/schema.prisma, type=code, hasContent=true, contentLength=18
[Parser] File: prisma/seed.ts, type=code, hasContent=true, contentLength=2261
[Parser] Agent datum: Added 2 file artifacts
[Executor] Parsed successfully: artifacts=3, status=completed
Agent datum validation issues: 1 error(s): Missing required field: mock_data
[EXECUTOR] 2026-01-27T10:15:22.847Z - executor.execute() RETURNED for datum in 44760ms {"success":true,"hasOutput":true,"errorMessage":null,"artifactCount":3}
[QualityOrchestrator] Running quality gates for build olympus-dashboard-1769508690316
[QualityOrchestrator] Files to check: 2
[QualityOrchestrator] Running gate: typescript
[QualityOrchestrator] typescript: ✅ PASSED (1 issues)
[QualityOrchestrator] Running gate: eslint
[QualityOrchestrator] eslint: ✅ PASSED (1 issues)
[QualityOrchestrator] Running gate: security
[QualityOrchestrator] security: ✅ PASSED (0 issues)
[QualityOrchestrator] Running gate: links
[QualityOrchestrator] links: ✅ PASSED (0 issues)
[QualityOrchestrator] Running gate: build
[QualityOrchestrator] build: ✅ PASSED (0 issues)
[QualityOrchestrator] Quality check complete: passed (score: 100, threshold: 70, stopOnFailure: false)
[Orchestrator] Agent datum - Quality Score: 100/100 (min: 60)
[Orchestrator] Agent datum - Quality PASSED on iteration 1
[Orchestrator] ARCHITECTURE VALIDATION PASSED for datum (score: 100)
[Orchestrator] Agent datum - Architecture validation PASSED (score: 100)
[50X GATE] datum has 3 constraint warnings:
  ⚠️ ID strategy: cuid: Table "Build" uses wrong ID strategy: 
  ⚠️ ID strategy: cuid: Table "Phase" uses wrong ID strategy: 
  ⚠️ ID strategy: cuid: Table "Agent" uses wrong ID strategy: 
[PERSISTENCE] Database connection failed for critical decisions: Error: Missing SUPABASE_SERVICE_ROLE_KEY
    at createServiceRoleClient (C:\Users\SBS\Desktop\New folder (4)\vito\src\lib\auth\clients\admin.ts:20:11)
    at saveCriticalDecisions (C:\Users\SBS\Desktop\New folder (4)\vito\src\lib\agents\context\persistence.ts:189:22)
    at BuildContextManager.persistCriticalDecisions (C:\Users\SBS\Desktop\New folder (4)\vito\src\lib\agents\context\manager.ts:204:5)
    at BuildContextManager.updateCriticalDecisions (C:\Users\SBS\Desktop\New folder (4)\vito\src\lib\agents\context\manager.ts:169:10)
    at BuildContextManager.recordOutput (C:\Users\SBS\Desktop\New folder (4)\vito\src\lib\agents\context\manager.ts:147:10)
    at BuildOrchestrator.finalizeAgentSuccess (C:\Users\SBS\Desktop\New folder (4)\vito\src\lib\agents\orchestrator\orchestrator.ts:1779:18)
    at BuildOrchestrator.executeAgentWithFeedback (C:\Users\SBS\Desktop\New folder (4)\vito\src\lib\agents\orchestrator\orchestrator.ts:1481:23)
    at process.processTicksAndRejections (node:internal/process/task_queues:103:5)
    at async BuildOrchestrator.executeAgent (C:\Users\SBS\Desktop\New folder (4)\vito\src\lib\agents\orchestrator\orchestrator.ts:1234:22)
    at async Promise.all (index 0)
[PERSISTENCE] Database connection failed (non-fatal): Error: Missing SUPABASE_SERVICE_ROLE_KEY
    at createServiceRoleClient (C:\Users\SBS\Desktop\New folder (4)\vito\src\lib\auth\clients\admin.ts:20:11)
    at saveAgentOutput (C:\Users\SBS\Desktop\New folder (4)\vito\src\lib\agents\context\persistence.ts:74:22)
    at BuildOrchestrator.finalizeAgentSuccess (C:\Users\SBS\Desktop\New folder (4)\vito\src\lib\agents\orchestrator\orchestrator.ts:1780:11)
    at BuildOrchestrator.executeAgentWithFeedback (C:\Users\SBS\Desktop\New folder (4)\vito\src\lib\agents\orchestrator\orchestrator.ts:1481:23)
    at process.processTicksAndRejections (node:internal/process/task_queues:103:5)
    at async BuildOrchestrator.executeAgent (C:\Users\SBS\Desktop\New folder (4)\vito\src\lib\agents\orchestrator\orchestrator.ts:1234:22)
    at async Promise.all (index 0)
    at async BuildOrchestrator.executePhase (C:\Users\SBS\Desktop\New folder (4)\vito\src\lib\agents\orchestrator\orchestrator.ts:1060:26)
    at async BuildOrchestrator.start (C:\Users\SBS\Desktop\New folder (4)\vito\src\lib\agents\orchestrator\orchestrator.ts:658:29)
    at async runBuild (C:\Users\SBS\Desktop\New folder (4)\vito\scripts\build-olympus-dashboard.ts:189:18)
    → Agent datum: completed (3 artifacts)
[AGENT_CALL] 2026-01-27T10:15:22.856Z - COMPLETED: datum in 44770ms, success=true
  [53%] Phase: architecture | Agents: none
[AGENT_CALL] 2026-01-27T10:15:22.856Z - ENTERING: executeAgent(nexus)
[AGENT_CALL] 2026-01-27T10:15:22.856Z - CALLING: nexus (phase: architecture)
[Orchestrator] Agent nexus - Iteration 1/3
[50X COORDINATION] nexus: Injected 244 tokens of upstream constraints
[EXECUTOR] 2026-01-27T10:15:22.857Z - Creating executor for nexus, iteration 1
[EXECUTOR] 2026-01-27T10:15:22.857Z - CALLING executor.execute() for nexus
[PERSISTENCE] ✓ CriticalDecisions saved to file: C:\Users\SBS\Desktop\New folder (4)\vito\.olympus\decisions\olympus-dashboard-1769508690316.json
Anthropic completion failed after 450ms: NotFoundError: 404 {"type":"error","error":{"type":"not_found_error","message":"model: claude-3-5-sonnet-20241022"},"request_id":"req_011CXXi1h719N1nG5jQLNycy"}
    at APIError.generate (C:\Users\SBS\Desktop\New folder (4)\vito\node_modules\@anthropic-ai\sdk\src\core\error.ts:75:14)
    at Anthropic.makeStatusError (C:\Users\SBS\Desktop\New folder (4)\vito\node_modules\@anthropic-ai\sdk\src\client.ts:443:28)
    at Anthropic.makeRequest (C:\Users\SBS\Desktop\New folder (4)\vito\node_modules\@anthropic-ai\sdk\src\client.ts:678:24)
    at process.processTicksAndRejections (node:internal/process/task_queues:103:5)
    at async AnthropicProvider.complete (C:\Users\SBS\Desktop\New folder (4)\vito\src\lib\agents\providers\anthropic.ts:200:24)
    at async AIRouter.execute (C:\Users\SBS\Desktop\New folder (4)\vito\src\lib\agents\providers\router.ts:248:26)
    at async AgentExecutor.executeCompletion (C:\Users\SBS\Desktop\New folder (4)\vito\src\lib\agents\executor\executor.ts:152:20)
    at async RetryHandler.executeWithRetry (C:\Users\SBS\Desktop\New folder (4)\vito\src\lib\agents\executor\retry.ts:63:24)
    at async AgentExecutor.execute (C:\Users\SBS\Desktop\New folder (4)\vito\src\lib\agents\executor\executor.ts:95:22)
    at async BuildOrchestrator.executeAgentWithFeedback (C:\Users\SBS\Desktop\New folder (4)\vito\src\lib\agents\orchestrator\orchestrator.ts:1393:22) {
  status: 404,
  headers: Headers {
    date: 'Tue, 27 Jan 2026 10:15:22 GMT',
    'content-type': 'application/json',
    'transfer-encoding': 'chunked',
    connection: 'keep-alive',
    'x-should-retry': 'false',
    'request-id': 'req_011CXXi1h719N1nG5jQLNycy',
    'strict-transport-security': 'max-age=31536000; includeSubDomains; preload',
    'anthropic-organization-id': 'd06567ef-3469-4f53-ac13-52b8fe9f18b6',
    server: 'cloudflare',
    'x-envoy-upstream-service-time': '71',
    'cf-cache-status': 'DYNAMIC',
    'x-robots-tag': 'none',
    'content-encoding': 'gzip',
    'cf-ray': '9c477d0f19c759cb-MXP'
  },
  requestID: 'req_011CXXi1h719N1nG5jQLNycy',
  error: {
    type: 'error',
    error: {
      type: 'not_found_error',
      message: 'model: claude-3-5-sonnet-20241022'
    },
    request_id: 'req_011CXXi1h719N1nG5jQLNycy'
  }
}
Primary provider anthropic failed: 404 {"type":"error","error":{"type":"not_found_error","message":"model: claude-3-5-sonnet-20241022"},"request_id":"req_011CXXi1h719N1nG5jQLNycy"}
[AIRouter] Checking fallback: enabled=true, fallbackProvider=openai
[AIRouter] Fallback provider found: true, providers keys: anthropic, openai, groq
[AIRouter] Attempting fallback to openai with model gpt-4o-mini
[AIRouter] Calling openai.complete()...
[HEARTBEAT] 2026-01-27T10:15:25.715Z {"buildId":"olympus-dashboard-1769508690316","status":"running","currentPhase":"architecture","currentAgent":"nexus","completedAgents":["oracle","empathy","venture","strategos","scope","psyche","scribe","architect_conversion","conversion_judge","palette","grid","blocks","cartographer","flow","artist","archon","datum"],"runningAgents":["nexus"],"failedAgents":[],"progress":53}
[HEARTBEAT] 2026-01-27T10:15:30.730Z {"buildId":"olympus-dashboard-1769508690316","status":"running","currentPhase":"architecture","currentAgent":"nexus","completedAgents":["oracle","empathy","venture","strategos","scope","psyche","scribe","architect_conversion","conversion_judge","palette","grid","blocks","cartographer","flow","artist","archon","datum"],"runningAgents":["nexus"],"failedAgents":[],"progress":53}
[HEARTBEAT] 2026-01-27T10:15:35.742Z {"buildId":"olympus-dashboard-1769508690316","status":"running","currentPhase":"architecture","currentAgent":"nexus","completedAgents":["oracle","empathy","venture","strategos","scope","psyche","scribe","architect_conversion","conversion_judge","palette","grid","blocks","cartographer","flow","artist","archon","datum"],"runningAgents":["nexus"],"failedAgents":[],"progress":53}
[HEARTBEAT] 2026-01-27T10:15:40.749Z {"buildId":"olympus-dashboard-1769508690316","status":"running","currentPhase":"architecture","currentAgent":"nexus","completedAgents":["oracle","empathy","venture","strategos","scope","psyche","scribe","architect_conversion","conversion_judge","palette","grid","blocks","cartographer","flow","artist","archon","datum"],"runningAgents":["nexus"],"failedAgents":[],"progress":53}
[HEARTBEAT] 2026-01-27T10:15:45.757Z {"buildId":"olympus-dashboard-1769508690316","status":"running","currentPhase":"architecture","currentAgent":"nexus","completedAgents":["oracle","empathy","venture","strategos","scope","psyche","scribe","architect_conversion","conversion_judge","palette","grid","blocks","cartographer","flow","artist","archon","datum"],"runningAgents":["nexus"],"failedAgents":[],"progress":53}
[HEARTBEAT] 2026-01-27T10:15:50.763Z {"buildId":"olympus-dashboard-1769508690316","status":"running","currentPhase":"architecture","currentAgent":"nexus","completedAgents":["oracle","empathy","venture","strategos","scope","psyche","scribe","architect_conversion","conversion_judge","palette","grid","blocks","cartographer","flow","artist","archon","datum"],"runningAgents":["nexus"],"failedAgents":[],"progress":53}
[HEARTBEAT] 2026-01-27T10:15:55.766Z {"buildId":"olympus-dashboard-1769508690316","status":"running","currentPhase":"architecture","currentAgent":"nexus","completedAgents":["oracle","empathy","venture","strategos","scope","psyche","scribe","architect_conversion","conversion_judge","palette","grid","blocks","cartographer","flow","artist","archon","datum"],"runningAgents":["nexus"],"failedAgents":[],"progress":53}
[HEARTBEAT] 2026-01-27T10:16:00.780Z {"buildId":"olympus-dashboard-1769508690316","status":"running","currentPhase":"architecture","currentAgent":"nexus","completedAgents":["oracle","empathy","venture","strategos","scope","psyche","scribe","architect_conversion","conversion_judge","palette","grid","blocks","cartographer","flow","artist","archon","datum"],"runningAgents":["nexus"],"failedAgents":[],"progress":53}
[HEARTBEAT] 2026-01-27T10:16:05.781Z {"buildId":"olympus-dashboard-1769508690316","status":"running","currentPhase":"architecture","currentAgent":"nexus","completedAgents":["oracle","empathy","venture","strategos","scope","psyche","scribe","architect_conversion","conversion_judge","palette","grid","blocks","cartographer","flow","artist","archon","datum"],"runningAgents":["nexus"],"failedAgents":[],"progress":53}
[AIRouter] Fallback openai succeeded! Tokens: 5849
[Executor] AI execution succeeded: 5849 tokens, provider=anthropic,openai
[Executor] Response content type: string, length: 7819
[Executor] Parsing response: {
  "openapi": "3.0.3",
  "info": {
    "title": "OLYMPUS Builder Dashboard API",
    "version": "1....
[Parser] ===== PARSING nexus =====
[Parser] Raw content length: 7819
[Parser] Raw content start: {
  "openapi": "3.0.3",
  "info": {
    "title": "OLYMPUS Builder Dashboard API",
    "version": "1.0.0",
    "description": "API documentation for the OLYMPUS Builder Dashboard"
  },
  "servers": [
 ...
[Parser] Extracted JSON length: 7819
[Parser] Extracted JSON start: {
  "openapi": "3.0.3",
  "info": {
    "title": "OLYMPUS Builder Dashboard API",
    "version": "1.0.0",
    "description": "API documentation for the OLYMPUS Builder Dashboard"
  },
  "servers": [
 ...
[Parser] ===== PARSE FAILED for nexus =====
[Parser] Error: Expected property name or '}' in JSON at position 520 (line 22 column 13)
[Parser] Raw content first 500 chars: {
  "openapi": "3.0.3",
  "info": {
    "title": "OLYMPUS Builder Dashboard API",
    "version": "1.0.0",
    "description": "API documentation for the OLYMPUS Builder Dashboard"
  },
  "servers": [
    { "url": "/api/v1", "description": "API v1" }
  ],
  "paths": {
    "/builds": {
      "get": {
        "operationId": "listBuilds",
        "summary": "List all builds",
        "tags": ["Builds"],
        "security": [
          { "bearerAuth": [] }
        ],
        "responses": {
          "
[Executor] Parsed successfully: artifacts=1, status=completed
[EXECUTOR] 2026-01-27T10:16:07.199Z - executor.execute() RETURNED for nexus in 44342ms {"success":true,"hasOutput":true,"errorMessage":null,"artifactCount":1}
[Orchestrator] Agent nexus - Quality Score: 100/100 (min: 60)
[Orchestrator] Agent nexus - Quality PASSED on iteration 1
[Orchestrator] ARCHITECTURE VALIDATION PASSED for nexus (score: 100)
[Orchestrator] Agent nexus - Architecture validation PASSED (score: 100)
[50X GATE] nexus passed all constraint checks ✅
[JSON] Parse failed in critical-summarizer:nexusDecisions: SyntaxError: Expected property name or '}' in JSON at position 520 (line 22 column 13)
    at JSON.parse (<anonymous>)
    at safeJsonParse (C:\Users\SBS\Desktop\New folder (4)\vito\src\lib\utils\safe-json.ts:23:17)
    at extractNexusDecisions (C:\Users\SBS\Desktop\New folder (4)\vito\src\lib\agents\coordination\critical-summarizer.ts:319:18)
    at updateCriticalDecisions (C:\Users\SBS\Desktop\New folder (4)\vito\src\lib\agents\coordination\critical-summarizer.ts:509:42)
    at BuildContextManager.updateCriticalDecisions (C:\Users\SBS\Desktop\New folder (4)\vito\src\lib\agents\context\manager.ts:160:33)
    at BuildContextManager.recordOutput (C:\Users\SBS\Desktop\New folder (4)\vito\src\lib\agents\context\manager.ts:147:10)
    at BuildOrchestrator.finalizeAgentSuccess (C:\Users\SBS\Desktop\New folder (4)\vito\src\lib\agents\orchestrator\orchestrator.ts:1779:18)
    at BuildOrchestrator.executeAgentWithFeedback (C:\Users\SBS\Desktop\New folder (4)\vito\src\lib\agents\orchestrator\orchestrator.ts:1481:23)
    at process.processTicksAndRejections (node:internal/process/task_queues:103:5)
    at async BuildOrchestrator.executeAgent (C:\Users\SBS\Desktop\New folder (4)\vito\src\lib\agents\orchestrator\orchestrator.ts:1234:22)
[JSON] Content preview: {
  "openapi": "3.0.3",
  "info": {
    "title": "OLYMPUS Builder Dashboard API",
    "version": "1.0.0",
    "description": "API documentation for the OLYMPUS Builder Dashboard"
  },
  "servers": [
 ...
[PERSISTENCE] Database connection failed for critical decisions: Error: Missing SUPABASE_SERVICE_ROLE_KEY
    at createServiceRoleClient (C:\Users\SBS\Desktop\New folder (4)\vito\src\lib\auth\clients\admin.ts:20:11)
    at saveCriticalDecisions (C:\Users\SBS\Desktop\New folder (4)\vito\src\lib\agents\context\persistence.ts:189:22)
    at BuildContextManager.persistCriticalDecisions (C:\Users\SBS\Desktop\New folder (4)\vito\src\lib\agents\context\manager.ts:204:5)
    at BuildContextManager.updateCriticalDecisions (C:\Users\SBS\Desktop\New folder (4)\vito\src\lib\agents\context\manager.ts:169:10)
    at BuildContextManager.recordOutput (C:\Users\SBS\Desktop\New folder (4)\vito\src\lib\agents\context\manager.ts:147:10)
    at BuildOrchestrator.finalizeAgentSuccess (C:\Users\SBS\Desktop\New folder (4)\vito\src\lib\agents\orchestrator\orchestrator.ts:1779:18)
    at BuildOrchestrator.executeAgentWithFeedback (C:\Users\SBS\Desktop\New folder (4)\vito\src\lib\agents\orchestrator\orchestrator.ts:1481:23)
    at process.processTicksAndRejections (node:internal/process/task_queues:103:5)
    at async BuildOrchestrator.executeAgent (C:\Users\SBS\Desktop\New folder (4)\vito\src\lib\agents\orchestrator\orchestrator.ts:1234:22)
    at async Promise.all (index 0)
[PERSISTENCE] Database connection failed (non-fatal): Error: Missing SUPABASE_SERVICE_ROLE_KEY
    at createServiceRoleClient (C:\Users\SBS\Desktop\New folder (4)\vito\src\lib\auth\clients\admin.ts:20:11)
    at saveAgentOutput (C:\Users\SBS\Desktop\New folder (4)\vito\src\lib\agents\context\persistence.ts:74:22)
    at BuildOrchestrator.finalizeAgentSuccess (C:\Users\SBS\Desktop\New folder (4)\vito\src\lib\agents\orchestrator\orchestrator.ts:1780:11)
    at BuildOrchestrator.executeAgentWithFeedback (C:\Users\SBS\Desktop\New folder (4)\vito\src\lib\agents\orchestrator\orchestrator.ts:1481:23)
    at process.processTicksAndRejections (node:internal/process/task_queues:103:5)
    at async BuildOrchestrator.executeAgent (C:\Users\SBS\Desktop\New folder (4)\vito\src\lib\agents\orchestrator\orchestrator.ts:1234:22)
    at async Promise.all (index 0)
    at async BuildOrchestrator.executePhase (C:\Users\SBS\Desktop\New folder (4)\vito\src\lib\agents\orchestrator\orchestrator.ts:1060:26)
    at async BuildOrchestrator.start (C:\Users\SBS\Desktop\New folder (4)\vito\src\lib\agents\orchestrator\orchestrator.ts:658:29)
    at async runBuild (C:\Users\SBS\Desktop\New folder (4)\vito\scripts\build-olympus-dashboard.ts:189:18)
    → Agent nexus: completed (1 artifacts)
[AGENT_CALL] 2026-01-27T10:16:07.201Z - COMPLETED: nexus in 44345ms, success=true
  [56%] Phase: architecture | Agents: none
[AGENT_CALL] 2026-01-27T10:16:07.201Z - ENTERING: executeAgent(forge)
[AGENT_CALL] 2026-01-27T10:16:07.201Z - CALLING: forge (phase: architecture)
[Orchestrator] Agent forge - Iteration 1/3
[JSON] Parse failed in critical-summarizer:nexusDecisions: SyntaxError: Expected property name or '}' in JSON at position 520 (line 22 column 13)
    at JSON.parse (<anonymous>)
    at safeJsonParse (C:\Users\SBS\Desktop\New folder (4)\vito\src\lib\utils\safe-json.ts:23:17)
    at extractNexusDecisions (C:\Users\SBS\Desktop\New folder (4)\vito\src\lib\agents\coordination\critical-summarizer.ts:319:18)
    at buildCriticalDecisions (C:\Users\SBS\Desktop\New folder (4)\vito\src\lib\agents\coordination\critical-summarizer.ts:452:29)
    at prepareAgentWithConstraints (C:\Users\SBS\Desktop\New folder (4)\vito\src\lib\agents\coordination\index.ts:122:29)
    at BuildOrchestrator.executeAgentWithFeedback (C:\Users\SBS\Desktop\New folder (4)\vito\src\lib\agents\orchestrator\orchestrator.ts:1374:73)
    at BuildOrchestrator.executeAgent (C:\Users\SBS\Desktop\New folder (4)\vito\src\lib\agents\orchestrator\orchestrator.ts:1235:14)
    at <anonymous> (C:\Users\SBS\Desktop\New folder (4)\vito\src\lib\agents\orchestrator\orchestrator.ts:1053:59)
    at Array.map (<anonymous>)
    at BuildOrchestrator.executePhase (C:\Users\SBS\Desktop\New folder (4)\vito\src\lib\agents\orchestrator\orchestrator.ts:1053:37)
[JSON] Content preview: {
  "openapi": "3.0.3",
  "info": {
    "title": "OLYMPUS Builder Dashboard API",
    "version": "1.0.0",
    "description": "API documentation for the OLYMPUS Builder Dashboard"
  },
  "servers": [
 ...
[50X COORDINATION] forge: Injected 244 tokens of upstream constraints
[EXECUTOR] 2026-01-27T10:16:07.202Z - Creating executor for forge, iteration 1
[EXECUTOR] 2026-01-27T10:16:07.202Z - CALLING executor.execute() for forge
[PERSISTENCE] ✓ CriticalDecisions saved to file: C:\Users\SBS\Desktop\New folder (4)\vito\.olympus\decisions\olympus-dashboard-1769508690316.json
Anthropic completion failed after 457ms: NotFoundError: 404 {"type":"error","error":{"type":"not_found_error","message":"model: claude-3-5-sonnet-20241022"},"request_id":"req_011CXXi4xbFdwCfANeuUWEgQ"}
    at APIError.generate (C:\Users\SBS\Desktop\New folder (4)\vito\node_modules\@anthropic-ai\sdk\src\core\error.ts:75:14)
    at Anthropic.makeStatusError (C:\Users\SBS\Desktop\New folder (4)\vito\node_modules\@anthropic-ai\sdk\src\client.ts:443:28)
    at Anthropic.makeRequest (C:\Users\SBS\Desktop\New folder (4)\vito\node_modules\@anthropic-ai\sdk\src\client.ts:678:24)
    at process.processTicksAndRejections (node:internal/process/task_queues:103:5)
    at async AnthropicProvider.complete (C:\Users\SBS\Desktop\New folder (4)\vito\src\lib\agents\providers\anthropic.ts:200:24)
    at async AIRouter.execute (C:\Users\SBS\Desktop\New folder (4)\vito\src\lib\agents\providers\router.ts:248:26)
    at async AgentExecutor.executeCompletion (C:\Users\SBS\Desktop\New folder (4)\vito\src\lib\agents\executor\executor.ts:152:20)
    at async RetryHandler.executeWithRetry (C:\Users\SBS\Desktop\New folder (4)\vito\src\lib\agents\executor\retry.ts:63:24)
    at async AgentExecutor.execute (C:\Users\SBS\Desktop\New folder (4)\vito\src\lib\agents\executor\executor.ts:95:22)
    at async BuildOrchestrator.executeAgentWithFeedback (C:\Users\SBS\Desktop\New folder (4)\vito\src\lib\agents\orchestrator\orchestrator.ts:1393:22) {
  status: 404,
  headers: Headers {
    date: 'Tue, 27 Jan 2026 10:16:07 GMT',
    'content-type': 'application/json',
    'transfer-encoding': 'chunked',
    connection: 'keep-alive',
    'x-should-retry': 'false',
    'request-id': 'req_011CXXi4xbFdwCfANeuUWEgQ',
    'strict-transport-security': 'max-age=31536000; includeSubDomains; preload',
    'anthropic-organization-id': 'd06567ef-3469-4f53-ac13-52b8fe9f18b6',
    server: 'cloudflare',
    'x-envoy-upstream-service-time': '96',
    'cf-cache-status': 'DYNAMIC',
    'x-robots-tag': 'none',
    'content-encoding': 'gzip',
    'cf-ray': '9c477e241d511f11-MXP'
  },
  requestID: 'req_011CXXi4xbFdwCfANeuUWEgQ',
  error: {
    type: 'error',
    error: {
      type: 'not_found_error',
      message: 'model: claude-3-5-sonnet-20241022'
    },
    request_id: 'req_011CXXi4xbFdwCfANeuUWEgQ'
  }
}
Primary provider anthropic failed: 404 {"type":"error","error":{"type":"not_found_error","message":"model: claude-3-5-sonnet-20241022"},"request_id":"req_011CXXi4xbFdwCfANeuUWEgQ"}
[AIRouter] Checking fallback: enabled=true, fallbackProvider=openai
[AIRouter] Fallback provider found: true, providers keys: anthropic, openai, groq
[AIRouter] Attempting fallback to openai with model gpt-4o-mini
[AIRouter] Calling openai.complete()...
[HEARTBEAT] 2026-01-27T10:16:10.787Z {"buildId":"olympus-dashboard-1769508690316","status":"running","currentPhase":"architecture","currentAgent":"forge","completedAgents":["oracle","empathy","venture","strategos","scope","psyche","scribe","architect_conversion","conversion_judge","palette","grid","blocks","cartographer","flow","artist","archon","datum","nexus"],"runningAgents":["forge"],"failedAgents":[],"progress":56}
[HEARTBEAT] 2026-01-27T10:16:15.793Z {"buildId":"olympus-dashboard-1769508690316","status":"running","currentPhase":"architecture","currentAgent":"forge","completedAgents":["oracle","empathy","venture","strategos","scope","psyche","scribe","architect_conversion","conversion_judge","palette","grid","blocks","cartographer","flow","artist","archon","datum","nexus"],"runningAgents":["forge"],"failedAgents":[],"progress":56}
[HEARTBEAT] 2026-01-27T10:16:20.807Z {"buildId":"olympus-dashboard-1769508690316","status":"running","currentPhase":"architecture","currentAgent":"forge","completedAgents":["oracle","empathy","venture","strategos","scope","psyche","scribe","architect_conversion","conversion_judge","palette","grid","blocks","cartographer","flow","artist","archon","datum","nexus"],"runningAgents":["forge"],"failedAgents":[],"progress":56}
[HEARTBEAT] 2026-01-27T10:16:25.816Z {"buildId":"olympus-dashboard-1769508690316","status":"running","currentPhase":"architecture","currentAgent":"forge","completedAgents":["oracle","empathy","venture","strategos","scope","psyche","scribe","architect_conversion","conversion_judge","palette","grid","blocks","cartographer","flow","artist","archon","datum","nexus"],"runningAgents":["forge"],"failedAgents":[],"progress":56}
[HEARTBEAT] 2026-01-27T10:16:30.818Z {"buildId":"olympus-dashboard-1769508690316","status":"running","currentPhase":"architecture","currentAgent":"forge","completedAgents":["oracle","empathy","venture","strategos","scope","psyche","scribe","architect_conversion","conversion_judge","palette","grid","blocks","cartographer","flow","artist","archon","datum","nexus"],"runningAgents":["forge"],"failedAgents":[],"progress":56}
[HEARTBEAT] 2026-01-27T10:16:35.822Z {"buildId":"olympus-dashboard-1769508690316","status":"running","currentPhase":"architecture","currentAgent":"forge","completedAgents":["oracle","empathy","venture","strategos","scope","psyche","scribe","architect_conversion","conversion_judge","palette","grid","blocks","cartographer","flow","artist","archon","datum","nexus"],"runningAgents":["forge"],"failedAgents":[],"progress":56}
[HEARTBEAT] 2026-01-27T10:16:40.830Z {"buildId":"olympus-dashboard-1769508690316","status":"running","currentPhase":"architecture","currentAgent":"forge","completedAgents":["oracle","empathy","venture","strategos","scope","psyche","scribe","architect_conversion","conversion_judge","palette","grid","blocks","cartographer","flow","artist","archon","datum","nexus"],"runningAgents":["forge"],"failedAgents":[],"progress":56}
[HEARTBEAT] 2026-01-27T10:16:45.841Z {"buildId":"olympus-dashboard-1769508690316","status":"running","currentPhase":"architecture","currentAgent":"forge","completedAgents":["oracle","empathy","venture","strategos","scope","psyche","scribe","architect_conversion","conversion_judge","palette","grid","blocks","cartographer","flow","artist","archon","datum","nexus"],"runningAgents":["forge"],"failedAgents":[],"progress":56}
[HEARTBEAT] 2026-01-27T10:16:50.849Z {"buildId":"olympus-dashboard-1769508690316","status":"running","currentPhase":"architecture","currentAgent":"forge","completedAgents":["oracle","empathy","venture","strategos","scope","psyche","scribe","architect_conversion","conversion_judge","palette","grid","blocks","cartographer","flow","artist","archon","datum","nexus"],"runningAgents":["forge"],"failedAgents":[],"progress":56}
[HEARTBEAT] 2026-01-27T10:16:55.854Z {"buildId":"olympus-dashboard-1769508690316","status":"running","currentPhase":"architecture","currentAgent":"forge","completedAgents":["oracle","empathy","venture","strategos","scope","psyche","scribe","architect_conversion","conversion_judge","palette","grid","blocks","cartographer","flow","artist","archon","datum","nexus"],"runningAgents":["forge"],"failedAgents":[],"progress":56}
[HEARTBEAT] 2026-01-27T10:17:00.857Z {"buildId":"olympus-dashboard-1769508690316","status":"running","currentPhase":"architecture","currentAgent":"forge","completedAgents":["oracle","empathy","venture","strategos","scope","psyche","scribe","architect_conversion","conversion_judge","palette","grid","blocks","cartographer","flow","artist","archon","datum","nexus"],"runningAgents":["forge"],"failedAgents":[],"progress":56}
[HEARTBEAT] 2026-01-27T10:17:05.865Z {"buildId":"olympus-dashboard-1769508690316","status":"running","currentPhase":"architecture","currentAgent":"forge","completedAgents":["oracle","empathy","venture","strategos","scope","psyche","scribe","architect_conversion","conversion_judge","palette","grid","blocks","cartographer","flow","artist","archon","datum","nexus"],"runningAgents":["forge"],"failedAgents":[],"progress":56}
[AIRouter] Fallback openai succeeded! Tokens: 6907
[Executor] AI execution succeeded: 6907 tokens, provider=anthropic,openai
[Executor] Response content type: string, length: 6147
[Executor] Parsing response: {
  "files": [
    {
      "path": "src/app/api/v1/builds/route.ts",
      "content": "// src/app/ap...
[Parser] ===== PARSING forge =====
[Parser] Raw content length: 6147
[Parser] Raw content start: {
  "files": [
    {
      "path": "src/app/api/v1/builds/route.ts",
      "content": "// src/app/api/v1/builds/route.ts\nimport { NextRequest, NextResponse } from 'next/server';\nimport { z } from 'z...
[Parser] Extracted JSON length: 6147
[Parser] Extracted JSON start: {
  "files": [
    {
      "path": "src/app/api/v1/builds/route.ts",
      "content": "// src/app/api/v1/builds/route.ts\nimport { NextRequest, NextResponse } from 'next/server';\nimport { z } from 'z...
[Parser] JSON.parse SUCCESS for forge
[Parser] Agent forge: parsed.files exists = true, isArray = true, length = 4
[Parser] Agent forge: Processing 4 files
[Parser] File: src/app/api/v1/builds/route.ts, type=code, hasContent=true, contentLength=2163
[Parser] File: src/app/api/v1/builds/[buildId]/route.ts, type=code, hasContent=true, contentLength=1223
[Parser] File: src/app/api/v1/builds/[buildId]/stream/route.ts, type=code, hasContent=true, contentLength=987
[Parser] File: src/app/api/v1/agents/route.ts, type=code, hasContent=true, contentLength=816
[Parser] Agent forge: Added 4 file artifacts
[Executor] Parsed successfully: artifacts=5, status=completed
Agent forge validation issues: 1 error(s): Unresolved imports: 3 missing files
[EXECUTOR] 2026-01-27T10:17:08.774Z - executor.execute() RETURNED for forge in 61572ms {"success":true,"hasOutput":true,"errorMessage":null,"artifactCount":5}
[QualityOrchestrator] Running quality gates for build olympus-dashboard-1769508690316
[QualityOrchestrator] Files to check: 4
[QualityOrchestrator] Running gate: typescript
[QualityOrchestrator] typescript: ✅ PASSED (5 issues)
[QualityOrchestrator] Running gate: eslint
[QualityOrchestrator] eslint: ✅ PASSED (7 issues)
[QualityOrchestrator] Running gate: security
[QualityOrchestrator] security: ✅ PASSED (4 issues)
[QualityOrchestrator] Running gate: links
[QualityOrchestrator] links: ✅ PASSED (0 issues)
[QualityOrchestrator] Running gate: build
[QualityOrchestrator] build: ✅ PASSED (0 issues)
[QualityOrchestrator] Quality check complete: passed (score: 98, threshold: 70, stopOnFailure: false)
[Orchestrator] Agent forge - Quality Score: 98/100 (min: 60)
[Orchestrator] Agent forge - Quality PASSED on iteration 1
[Orchestrator] ARCHITECTURE VALIDATION PASSED for forge (score: 100)
[Orchestrator] Agent forge - Architecture validation PASSED (score: 100)
[JSON] Parse failed in critical-summarizer:nexusDecisions: SyntaxError: Expected property name or '}' in JSON at position 520 (line 22 column 13)
    at JSON.parse (<anonymous>)
    at safeJsonParse (C:\Users\SBS\Desktop\New folder (4)\vito\src\lib\utils\safe-json.ts:23:17)
    at extractNexusDecisions (C:\Users\SBS\Desktop\New folder (4)\vito\src\lib\agents\coordination\critical-summarizer.ts:319:18)
    at buildCriticalDecisions (C:\Users\SBS\Desktop\New folder (4)\vito\src\lib\agents\coordination\critical-summarizer.ts:452:29)
    at BuildOrchestrator.finalizeAgentSuccess (C:\Users\SBS\Desktop\New folder (4)\vito\src\lib\agents\orchestrator\orchestrator.ts:1730:33)
    at BuildOrchestrator.executeAgentWithFeedback (C:\Users\SBS\Desktop\New folder (4)\vito\src\lib\agents\orchestrator\orchestrator.ts:1481:23)
    at process.processTicksAndRejections (node:internal/process/task_queues:103:5)
    at async BuildOrchestrator.executeAgent (C:\Users\SBS\Desktop\New folder (4)\vito\src\lib\agents\orchestrator\orchestrator.ts:1234:22)
    at async Promise.all (index 0)
    at async BuildOrchestrator.executePhase (C:\Users\SBS\Desktop\New folder (4)\vito\src\lib\agents\orchestrator\orchestrator.ts:1060:26)
[JSON] Content preview: {
  "openapi": "3.0.3",
  "info": {
    "title": "OLYMPUS Builder Dashboard API",
    "version": "1.0.0",
    "description": "API documentation for the OLYMPUS Builder Dashboard"
  },
  "servers": [
 ...
[50X GATE] forge passed all constraint checks ✅
[PERSISTENCE] Database connection failed for critical decisions: Error: Missing SUPABASE_SERVICE_ROLE_KEY
    at createServiceRoleClient (C:\Users\SBS\Desktop\New folder (4)\vito\src\lib\auth\clients\admin.ts:20:11)
    at saveCriticalDecisions (C:\Users\SBS\Desktop\New folder (4)\vito\src\lib\agents\context\persistence.ts:189:22)
    at BuildContextManager.persistCriticalDecisions (C:\Users\SBS\Desktop\New folder (4)\vito\src\lib\agents\context\manager.ts:204:5)
    at BuildContextManager.updateCriticalDecisions (C:\Users\SBS\Desktop\New folder (4)\vito\src\lib\agents\context\manager.ts:169:10)
    at BuildContextManager.recordOutput (C:\Users\SBS\Desktop\New folder (4)\vito\src\lib\agents\context\manager.ts:147:10)
    at BuildOrchestrator.finalizeAgentSuccess (C:\Users\SBS\Desktop\New folder (4)\vito\src\lib\agents\orchestrator\orchestrator.ts:1779:18)
    at BuildOrchestrator.executeAgentWithFeedback (C:\Users\SBS\Desktop\New folder (4)\vito\src\lib\agents\orchestrator\orchestrator.ts:1481:23)
    at process.processTicksAndRejections (node:internal/process/task_queues:103:5)
    at async BuildOrchestrator.executeAgent (C:\Users\SBS\Desktop\New folder (4)\vito\src\lib\agents\orchestrator\orchestrator.ts:1234:22)
    at async Promise.all (index 0)
[PERSISTENCE] Database connection failed (non-fatal): Error: Missing SUPABASE_SERVICE_ROLE_KEY
    at createServiceRoleClient (C:\Users\SBS\Desktop\New folder (4)\vito\src\lib\auth\clients\admin.ts:20:11)
    at saveAgentOutput (C:\Users\SBS\Desktop\New folder (4)\vito\src\lib\agents\context\persistence.ts:74:22)
    at BuildOrchestrator.finalizeAgentSuccess (C:\Users\SBS\Desktop\New folder (4)\vito\src\lib\agents\orchestrator\orchestrator.ts:1780:11)
    at BuildOrchestrator.executeAgentWithFeedback (C:\Users\SBS\Desktop\New folder (4)\vito\src\lib\agents\orchestrator\orchestrator.ts:1481:23)
    at process.processTicksAndRejections (node:internal/process/task_queues:103:5)
    at async BuildOrchestrator.executeAgent (C:\Users\SBS\Desktop\New folder (4)\vito\src\lib\agents\orchestrator\orchestrator.ts:1234:22)
    at async Promise.all (index 0)
    at async BuildOrchestrator.executePhase (C:\Users\SBS\Desktop\New folder (4)\vito\src\lib\agents\orchestrator\orchestrator.ts:1060:26)
    at async BuildOrchestrator.start (C:\Users\SBS\Desktop\New folder (4)\vito\src\lib\agents\orchestrator\orchestrator.ts:658:29)
    at async runBuild (C:\Users\SBS\Desktop\New folder (4)\vito\scripts\build-olympus-dashboard.ts:189:18)
    → Agent forge: completed (5 artifacts)
[AGENT_CALL] 2026-01-27T10:17:08.778Z - COMPLETED: forge in 61577ms, success=true
  [59%] Phase: architecture | Agents: none
[AGENT_CALL] 2026-01-27T10:17:08.779Z - ENTERING: executeAgent(sentinel)
[AGENT_CALL] 2026-01-27T10:17:08.779Z - CALLING: sentinel (phase: architecture)
[Orchestrator] Agent sentinel - Iteration 1/3
[JSON] Parse failed in critical-summarizer:nexusDecisions: SyntaxError: Expected property name or '}' in JSON at position 520 (line 22 column 13)
    at JSON.parse (<anonymous>)
    at safeJsonParse (C:\Users\SBS\Desktop\New folder (4)\vito\src\lib\utils\safe-json.ts:23:17)
    at extractNexusDecisions (C:\Users\SBS\Desktop\New folder (4)\vito\src\lib\agents\coordination\critical-summarizer.ts:319:18)
    at buildCriticalDecisions (C:\Users\SBS\Desktop\New folder (4)\vito\src\lib\agents\coordination\critical-summarizer.ts:452:29)
    at prepareAgentWithConstraints (C:\Users\SBS\Desktop\New folder (4)\vito\src\lib\agents\coordination\index.ts:122:29)
    at BuildOrchestrator.executeAgentWithFeedback (C:\Users\SBS\Desktop\New folder (4)\vito\src\lib\agents\orchestrator\orchestrator.ts:1374:73)
    at BuildOrchestrator.executeAgent (C:\Users\SBS\Desktop\New folder (4)\vito\src\lib\agents\orchestrator\orchestrator.ts:1235:14)
    at <anonymous> (C:\Users\SBS\Desktop\New folder (4)\vito\src\lib\agents\orchestrator\orchestrator.ts:1053:59)
    at Array.map (<anonymous>)
    at BuildOrchestrator.executePhase (C:\Users\SBS\Desktop\New folder (4)\vito\src\lib\agents\orchestrator\orchestrator.ts:1053:37)
[JSON] Content preview: {
  "openapi": "3.0.3",
  "info": {
    "title": "OLYMPUS Builder Dashboard API",
    "version": "1.0.0",
    "description": "API documentation for the OLYMPUS Builder Dashboard"
  },
  "servers": [
 ...
[50X COORDINATION] sentinel: Injected 244 tokens of upstream constraints
[EXECUTOR] 2026-01-27T10:17:08.779Z - Creating executor for sentinel, iteration 1
[EXECUTOR] 2026-01-27T10:17:08.779Z - CALLING executor.execute() for sentinel
[PERSISTENCE] ✓ CriticalDecisions saved to file: C:\Users\SBS\Desktop\New folder (4)\vito\.olympus\decisions\olympus-dashboard-1769508690316.json
Anthropic completion failed after 419ms: NotFoundError: 404 {"type":"error","error":{"type":"not_found_error","message":"model: claude-3-5-sonnet-20241022"},"request_id":"req_011CXXi9Vm6pztaj163M2EQ5"}
    at APIError.generate (C:\Users\SBS\Desktop\New folder (4)\vito\node_modules\@anthropic-ai\sdk\src\core\error.ts:75:14)
    at Anthropic.makeStatusError (C:\Users\SBS\Desktop\New folder (4)\vito\node_modules\@anthropic-ai\sdk\src\client.ts:443:28)
    at Anthropic.makeRequest (C:\Users\SBS\Desktop\New folder (4)\vito\node_modules\@anthropic-ai\sdk\src\client.ts:678:24)
    at process.processTicksAndRejections (node:internal/process/task_queues:103:5)
    at async AnthropicProvider.complete (C:\Users\SBS\Desktop\New folder (4)\vito\src\lib\agents\providers\anthropic.ts:200:24)
    at async AIRouter.execute (C:\Users\SBS\Desktop\New folder (4)\vito\src\lib\agents\providers\router.ts:248:26)
    at async AgentExecutor.executeCompletion (C:\Users\SBS\Desktop\New folder (4)\vito\src\lib\agents\executor\executor.ts:152:20)
    at async RetryHandler.executeWithRetry (C:\Users\SBS\Desktop\New folder (4)\vito\src\lib\agents\executor\retry.ts:63:24)
    at async AgentExecutor.execute (C:\Users\SBS\Desktop\New folder (4)\vito\src\lib\agents\executor\executor.ts:95:22)
    at async BuildOrchestrator.executeAgentWithFeedback (C:\Users\SBS\Desktop\New folder (4)\vito\src\lib\agents\orchestrator\orchestrator.ts:1393:22) {
  status: 404,
  headers: Headers {
    date: 'Tue, 27 Jan 2026 10:17:08 GMT',
    'content-type': 'application/json',
    'transfer-encoding': 'chunked',
    connection: 'keep-alive',
    'x-should-retry': 'false',
    'request-id': 'req_011CXXi9Vm6pztaj163M2EQ5',
    'strict-transport-security': 'max-age=31536000; includeSubDomains; preload',
    'anthropic-organization-id': 'd06567ef-3469-4f53-ac13-52b8fe9f18b6',
    server: 'cloudflare',
    'x-envoy-upstream-service-time': '77',
    'cf-cache-status': 'DYNAMIC',
    'x-robots-tag': 'none',
    'content-encoding': 'gzip',
    'cf-ray': '9c477fa4d89da972-MXP'
  },
  requestID: 'req_011CXXi9Vm6pztaj163M2EQ5',
  error: {
    type: 'error',
    error: {
      type: 'not_found_error',
      message: 'model: claude-3-5-sonnet-20241022'
    },
    request_id: 'req_011CXXi9Vm6pztaj163M2EQ5'
  }
}
Primary provider anthropic failed: 404 {"type":"error","error":{"type":"not_found_error","message":"model: claude-3-5-sonnet-20241022"},"request_id":"req_011CXXi9Vm6pztaj163M2EQ5"}
[AIRouter] Checking fallback: enabled=true, fallbackProvider=openai
[AIRouter] Fallback provider found: true, providers keys: anthropic, openai, groq
[AIRouter] Attempting fallback to openai with model gpt-4o-mini
[AIRouter] Calling openai.complete()...
[HEARTBEAT] 2026-01-27T10:17:10.879Z {"buildId":"olympus-dashboard-1769508690316","status":"running","currentPhase":"architecture","currentAgent":"sentinel","completedAgents":["oracle","empathy","venture","strategos","scope","psyche","scribe","architect_conversion","conversion_judge","palette","grid","blocks","cartographer","flow","artist","archon","datum","nexus","forge"],"runningAgents":["sentinel"],"failedAgents":[],"progress":59}
[HEARTBEAT] 2026-01-27T10:17:15.883Z {"buildId":"olympus-dashboard-1769508690316","status":"running","currentPhase":"architecture","currentAgent":"sentinel","completedAgents":["oracle","empathy","venture","strategos","scope","psyche","scribe","architect_conversion","conversion_judge","palette","grid","blocks","cartographer","flow","artist","archon","datum","nexus","forge"],"runningAgents":["sentinel"],"failedAgents":[],"progress":59}
[HEARTBEAT] 2026-01-27T10:17:20.897Z {"buildId":"olympus-dashboard-1769508690316","status":"running","currentPhase":"architecture","currentAgent":"sentinel","completedAgents":["oracle","empathy","venture","strategos","scope","psyche","scribe","architect_conversion","conversion_judge","palette","grid","blocks","cartographer","flow","artist","archon","datum","nexus","forge"],"runningAgents":["sentinel"],"failedAgents":[],"progress":59}
[HEARTBEAT] 2026-01-27T10:17:25.902Z {"buildId":"olympus-dashboard-1769508690316","status":"running","currentPhase":"architecture","currentAgent":"sentinel","completedAgents":["oracle","empathy","venture","strategos","scope","psyche","scribe","architect_conversion","conversion_judge","palette","grid","blocks","cartographer","flow","artist","archon","datum","nexus","forge"],"runningAgents":["sentinel"],"failedAgents":[],"progress":59}
[AIRouter] Fallback openai succeeded! Tokens: 4667
[Executor] AI execution succeeded: 4667 tokens, provider=anthropic,openai
[Executor] Response content type: string, length: 4321
[Executor] Parsing response: {
  "authentication": {
    "provider": "supabase",
    "methods": ["email", "google", "github"],
  ...
[Parser] ===== PARSING sentinel =====
[Parser] Raw content length: 4321
[Parser] Raw content start: {
  "authentication": {
    "provider": "supabase",
    "methods": ["email", "google", "github"],
    "passwordPolicy": {
      "minLength": 8,
      "requireUppercase": true,
      "requireLowercase"...
[Parser] Extracted JSON length: 4321
[Parser] Extracted JSON start: {
  "authentication": {
    "provider": "supabase",
    "methods": ["email", "google", "github"],
    "passwordPolicy": {
      "minLength": 8,
      "requireUppercase": true,
      "requireLowercase"...
[Parser] JSON.parse SUCCESS for sentinel
[Parser] Agent sentinel: parsed.files exists = true, isArray = true, length = 4
[Parser] Agent sentinel: Processing 4 files
[Parser] File: src/middleware.ts, type=code, hasContent=false, contentLength=0
[Parser] File: src/lib/auth/config.ts, type=code, hasContent=false, contentLength=0
[Parser] File: src/lib/auth/roles.ts, type=code, hasContent=false, contentLength=0
[Parser] File: supabase/migrations/001_rls_policies.sql, type=schema, hasContent=false, contentLength=0
[Parser] Agent sentinel: Added 4 file artifacts
[Executor] Parsed successfully: artifacts=5, status=completed
[EXECUTOR] 2026-01-27T10:17:29.186Z - executor.execute() RETURNED for sentinel in 20407ms {"success":true,"hasOutput":true,"errorMessage":null,"artifactCount":5}
[Orchestrator] Agent sentinel - Quality Score: 100/100 (min: 60)
[Orchestrator] Agent sentinel - Quality PASSED on iteration 1
[Orchestrator] ARCHITECTURE VALIDATION PASSED for sentinel (score: 100)
[Orchestrator] Agent sentinel - Architecture validation PASSED (score: 100)
[PERSISTENCE] Database connection failed for critical decisions: Error: Missing SUPABASE_SERVICE_ROLE_KEY
    at createServiceRoleClient (C:\Users\SBS\Desktop\New folder (4)\vito\src\lib\auth\clients\admin.ts:20:11)
    at saveCriticalDecisions (C:\Users\SBS\Desktop\New folder (4)\vito\src\lib\agents\context\persistence.ts:189:22)
    at BuildContextManager.persistCriticalDecisions (C:\Users\SBS\Desktop\New folder (4)\vito\src\lib\agents\context\manager.ts:204:5)
    at BuildContextManager.updateCriticalDecisions (C:\Users\SBS\Desktop\New folder (4)\vito\src\lib\agents\context\manager.ts:169:10)
    at BuildContextManager.recordOutput (C:\Users\SBS\Desktop\New folder (4)\vito\src\lib\agents\context\manager.ts:147:10)
    at BuildOrchestrator.finalizeAgentSuccess (C:\Users\SBS\Desktop\New folder (4)\vito\src\lib\agents\orchestrator\orchestrator.ts:1779:18)
    at BuildOrchestrator.executeAgentWithFeedback (C:\Users\SBS\Desktop\New folder (4)\vito\src\lib\agents\orchestrator\orchestrator.ts:1481:23)
    at process.processTicksAndRejections (node:internal/process/task_queues:103:5)
    at async BuildOrchestrator.executeAgent (C:\Users\SBS\Desktop\New folder (4)\vito\src\lib\agents\orchestrator\orchestrator.ts:1234:22)
    at async Promise.all (index 0)
[PERSISTENCE] Database connection failed (non-fatal): Error: Missing SUPABASE_SERVICE_ROLE_KEY
    at createServiceRoleClient (C:\Users\SBS\Desktop\New folder (4)\vito\src\lib\auth\clients\admin.ts:20:11)
    at saveAgentOutput (C:\Users\SBS\Desktop\New folder (4)\vito\src\lib\agents\context\persistence.ts:74:22)
    at BuildOrchestrator.finalizeAgentSuccess (C:\Users\SBS\Desktop\New folder (4)\vito\src\lib\agents\orchestrator\orchestrator.ts:1780:11)
    at BuildOrchestrator.executeAgentWithFeedback (C:\Users\SBS\Desktop\New folder (4)\vito\src\lib\agents\orchestrator\orchestrator.ts:1481:23)
    at process.processTicksAndRejections (node:internal/process/task_queues:103:5)
    at async BuildOrchestrator.executeAgent (C:\Users\SBS\Desktop\New folder (4)\vito\src\lib\agents\orchestrator\orchestrator.ts:1234:22)
    at async Promise.all (index 0)
    at async BuildOrchestrator.executePhase (C:\Users\SBS\Desktop\New folder (4)\vito\src\lib\agents\orchestrator\orchestrator.ts:1060:26)
    at async BuildOrchestrator.start (C:\Users\SBS\Desktop\New folder (4)\vito\src\lib\agents\orchestrator\orchestrator.ts:658:29)
    at async runBuild (C:\Users\SBS\Desktop\New folder (4)\vito\scripts\build-olympus-dashboard.ts:189:18)
    → Agent sentinel: completed (5 artifacts)
[AGENT_CALL] 2026-01-27T10:17:29.187Z - COMPLETED: sentinel in 20408ms, success=true
  [63%] Phase: architecture | Agents: none
[AGENT_CALL] 2026-01-27T10:17:29.188Z - ENTERING: executeAgent(atlas)
[DEGRADATION] Agent atlas not active in tier GOLD - skipping
[PERSISTENCE] Database connection failed for critical decisions: Error: Missing SUPABASE_SERVICE_ROLE_KEY
    at createServiceRoleClient (C:\Users\SBS\Desktop\New folder (4)\vito\src\lib\auth\clients\admin.ts:20:11)
    at saveCriticalDecisions (C:\Users\SBS\Desktop\New folder (4)\vito\src\lib\agents\context\persistence.ts:189:22)
    at BuildContextManager.persistCriticalDecisions (C:\Users\SBS\Desktop\New folder (4)\vito\src\lib\agents\context\manager.ts:204:5)
    at BuildContextManager.updateCriticalDecisions (C:\Users\SBS\Desktop\New folder (4)\vito\src\lib\agents\context\manager.ts:169:10)
    at BuildContextManager.recordOutput (C:\Users\SBS\Desktop\New folder (4)\vito\src\lib\agents\context\manager.ts:147:10)
    at BuildOrchestrator.executeAgent (C:\Users\SBS\Desktop\New folder (4)\vito\src\lib\agents\orchestrator\orchestrator.ts:1203:20)
    at <anonymous> (C:\Users\SBS\Desktop\New folder (4)\vito\src\lib\agents\orchestrator\orchestrator.ts:1053:59)
    at Array.map (<anonymous>)
    at BuildOrchestrator.executePhase (C:\Users\SBS\Desktop\New folder (4)\vito\src\lib\agents\orchestrator\orchestrator.ts:1053:37)
    at process.processTicksAndRejections (node:internal/process/task_queues:103:5)
  [66%] Phase: architecture | Agents: none
[Scheduler] Phase architecture COMPLETE. Status: [{"agentId":"archon","completed":true,"failed":false,"optional":false},{"agentId":"datum","completed":true,"failed":false,"optional":false},{"agentId":"nexus","completed":true,"failed":false,"optional":false},{"agentId":"forge","completed":true,"failed":false,"optional":false},{"agentId":"sentinel","completed":true,"failed":false,"optional":false},{"agentId":"atlas","completed":true,"failed":false,"optional":true}]
  ✓ Phase architecture completed (completed)
[ORCH_PHASE] 2026-01-27T10:17:29.189Z - Phase architecture result: success=true, error=none
[Orchestrator] ✓ Phase architecture completed. Completed phases: discovery, conversion, design, architecture
[Orchestrator] ===== PHASE 5/7: frontend =====
[Orchestrator] Phase agents (3): pixel, wire, polish
[ORCH_PHASE] 2026-01-27T10:17:29.189Z - ENTERING: executePhase(frontend)
[ORCH_PHASE] 2026-01-27T10:17:29.189Z - Starting phase loop for frontend
[ORCH_LOOP] 2026-01-27T10:17:29.189Z - Loop iteration 1 {"phase":"frontend","nextAgents":["pixel"],"runningAgents":[],"deadlockCounter":0,"isPhaseComplete":false}
[AGENT_CALL] 2026-01-27T10:17:29.189Z - ENTERING: executeAgent(pixel)
[AGENT_CALL] 2026-01-27T10:17:29.189Z - CALLING: pixel (phase: frontend)
[Orchestrator] PIXEL-AS-EMITTER: No document artifact in Blocks output
[Orchestrator] PIXEL: No components found in Blocks output, falling back to standard execution
[Orchestrator] Agent pixel - Iteration 1/3
[JSON] Parse failed in critical-summarizer:nexusDecisions: SyntaxError: Expected property name or '}' in JSON at position 520 (line 22 column 13)
    at JSON.parse (<anonymous>)
    at safeJsonParse (C:\Users\SBS\Desktop\New folder (4)\vito\src\lib\utils\safe-json.ts:23:17)
    at extractNexusDecisions (C:\Users\SBS\Desktop\New folder (4)\vito\src\lib\agents\coordination\critical-summarizer.ts:319:18)
    at buildCriticalDecisions (C:\Users\SBS\Desktop\New folder (4)\vito\src\lib\agents\coordination\critical-summarizer.ts:452:29)
    at prepareAgentWithConstraints (C:\Users\SBS\Desktop\New folder (4)\vito\src\lib\agents\coordination\index.ts:122:29)
    at BuildOrchestrator.executeAgentWithFeedback (C:\Users\SBS\Desktop\New folder (4)\vito\src\lib\agents\orchestrator\orchestrator.ts:1374:73)
    at BuildOrchestrator.executeAgent (C:\Users\SBS\Desktop\New folder (4)\vito\src\lib\agents\orchestrator\orchestrator.ts:1235:14)
    at <anonymous> (C:\Users\SBS\Desktop\New folder (4)\vito\src\lib\agents\orchestrator\orchestrator.ts:1053:59)
    at Array.map (<anonymous>)
    at BuildOrchestrator.executePhase (C:\Users\SBS\Desktop\New folder (4)\vito\src\lib\agents\orchestrator\orchestrator.ts:1053:37)
[JSON] Content preview: {
  "openapi": "3.0.3",
  "info": {
    "title": "OLYMPUS Builder Dashboard API",
    "version": "1.0.0",
    "description": "API documentation for the OLYMPUS Builder Dashboard"
  },
  "servers": [
 ...
[50X COORDINATION] pixel: Injected 802 tokens of upstream constraints
[EXECUTOR] 2026-01-27T10:17:29.191Z - Creating executor for pixel, iteration 1
[EXECUTOR] 2026-01-27T10:17:29.191Z - CALLING executor.execute() for pixel
[PERSISTENCE] ✓ CriticalDecisions saved to file: C:\Users\SBS\Desktop\New folder (4)\vito\.olympus\decisions\olympus-dashboard-1769508690316.json
[PERSISTENCE] ✓ CriticalDecisions saved to file: C:\Users\SBS\Desktop\New folder (4)\vito\.olympus\decisions\olympus-dashboard-1769508690316.json
[HEARTBEAT] 2026-01-27T10:17:30.908Z {"buildId":"olympus-dashboard-1769508690316","status":"running","currentPhase":"frontend","currentAgent":"pixel","completedAgents":["oracle","empathy","venture","strategos","scope","psyche","scribe","architect_conversion","conversion_judge","palette","grid","blocks","cartographer","flow","artist","archon","datum","nexus","forge","sentinel","atlas"],"runningAgents":["pixel"],"failedAgents":[],"progress":66}
[HEARTBEAT] 2026-01-27T10:17:35.910Z {"buildId":"olympus-dashboard-1769508690316","status":"running","currentPhase":"frontend","currentAgent":"pixel","completedAgents":["oracle","empathy","venture","strategos","scope","psyche","scribe","architect_conversion","conversion_judge","palette","grid","blocks","cartographer","flow","artist","archon","datum","nexus","forge","sentinel","atlas"],"runningAgents":["pixel"],"failedAgents":[],"progress":66}
[HEARTBEAT] 2026-01-27T10:17:40.927Z {"buildId":"olympus-dashboard-1769508690316","status":"running","currentPhase":"frontend","currentAgent":"pixel","completedAgents":["oracle","empathy","venture","strategos","scope","psyche","scribe","architect_conversion","conversion_judge","palette","grid","blocks","cartographer","flow","artist","archon","datum","nexus","forge","sentinel","atlas"],"runningAgents":["pixel"],"failedAgents":[],"progress":66}
[HEARTBEAT] 2026-01-27T10:17:45.940Z {"buildId":"olympus-dashboard-1769508690316","status":"running","currentPhase":"frontend","currentAgent":"pixel","completedAgents":["oracle","empathy","venture","strategos","scope","psyche","scribe","architect_conversion","conversion_judge","palette","grid","blocks","cartographer","flow","artist","archon","datum","nexus","forge","sentinel","atlas"],"runningAgents":["pixel"],"failedAgents":[],"progress":66}
[HEARTBEAT] 2026-01-27T10:17:50.942Z {"buildId":"olympus-dashboard-1769508690316","status":"running","currentPhase":"frontend","currentAgent":"pixel","completedAgents":["oracle","empathy","venture","strategos","scope","psyche","scribe","architect_conversion","conversion_judge","palette","grid","blocks","cartographer","flow","artist","archon","datum","nexus","forge","sentinel","atlas"],"runningAgents":["pixel"],"failedAgents":[],"progress":66}
[HEARTBEAT] 2026-01-27T10:17:55.957Z {"buildId":"olympus-dashboard-1769508690316","status":"running","currentPhase":"frontend","currentAgent":"pixel","completedAgents":["oracle","empathy","venture","strategos","scope","psyche","scribe","architect_conversion","conversion_judge","palette","grid","blocks","cartographer","flow","artist","archon","datum","nexus","forge","sentinel","atlas"],"runningAgents":["pixel"],"failedAgents":[],"progress":66}
[HEARTBEAT] 2026-01-27T10:18:00.967Z {"buildId":"olympus-dashboard-1769508690316","status":"running","currentPhase":"frontend","currentAgent":"pixel","completedAgents":["oracle","empathy","venture","strategos","scope","psyche","scribe","architect_conversion","conversion_judge","palette","grid","blocks","cartographer","flow","artist","archon","datum","nexus","forge","sentinel","atlas"],"runningAgents":["pixel"],"failedAgents":[],"progress":66}
[HEARTBEAT] 2026-01-27T10:18:05.980Z {"buildId":"olympus-dashboard-1769508690316","status":"running","currentPhase":"frontend","currentAgent":"pixel","completedAgents":["oracle","empathy","venture","strategos","scope","psyche","scribe","architect_conversion","conversion_judge","palette","grid","blocks","cartographer","flow","artist","archon","datum","nexus","forge","sentinel","atlas"],"runningAgents":["pixel"],"failedAgents":[],"progress":66}
[HEARTBEAT] 2026-01-27T10:18:10.991Z {"buildId":"olympus-dashboard-1769508690316","status":"running","currentPhase":"frontend","currentAgent":"pixel","completedAgents":["oracle","empathy","venture","strategos","scope","psyche","scribe","architect_conversion","conversion_judge","palette","grid","blocks","cartographer","flow","artist","archon","datum","nexus","forge","sentinel","atlas"],"runningAgents":["pixel"],"failedAgents":[],"progress":66}
[HEARTBEAT] 2026-01-27T10:18:15.998Z {"buildId":"olympus-dashboard-1769508690316","status":"running","currentPhase":"frontend","currentAgent":"pixel","completedAgents":["oracle","empathy","venture","strategos","scope","psyche","scribe","architect_conversion","conversion_judge","palette","grid","blocks","cartographer","flow","artist","archon","datum","nexus","forge","sentinel","atlas"],"runningAgents":["pixel"],"failedAgents":[],"progress":66}
[Executor] AI execution succeeded: 23814 tokens, provider=openai
[Executor] Response content type: string, length: 10775
[Executor] Parsing response: {
  "files": [
    {
      "path": "src/app/console/layout.tsx",
      "language": "typescript",
   ...
[Parser] ===== PARSING pixel =====
[Parser] Raw content length: 10775
[Parser] Raw content start: {
  "files": [
    {
      "path": "src/app/console/layout.tsx",
      "language": "typescript",
      "content": "import { ReactNode } from 'react';\n\nexport default function Layout({ children }: { ...
[Parser] Extracted JSON length: 10775
[Parser] Extracted JSON start: {
  "files": [
    {
      "path": "src/app/console/layout.tsx",
      "language": "typescript",
      "content": "import { ReactNode } from 'react';\n\nexport default function Layout({ children }: { ...
[Parser] JSON.parse SUCCESS for pixel
[Parser] Agent pixel: parsed.files exists = true, isArray = true, length = 9
[Parser] Agent pixel: Processing 9 files
[Parser] File: src/app/console/layout.tsx, type=code, hasContent=true, contentLength=414
[Parser] File: src/app/console/page.tsx, type=code, hasContent=true, contentLength=1402
[Parser] File: src/app/console/components/BuildList.tsx, type=code, hasContent=true, contentLength=1135
[Parser] File: src/app/console/components/PhaseProgression.tsx, type=code, hasContent=true, contentLength=1362
[Parser] File: src/app/console/components/AgentRoster.tsx, type=code, hasContent=true, contentLength=1159
[Parser] File: src/app/console/components/ConstitutionalStatus.tsx, type=code, hasContent=true, contentLength=1051
[Parser] File: src/app/console/components/UnderstandingPanel.tsx, type=code, hasContent=true, contentLength=687
[Parser] File: src/app/console/components/ContextualChat.tsx, type=code, hasContent=true, contentLength=229
[Parser] File: src/app/console/[buildId]/page.tsx, type=code, hasContent=true, contentLength=1064
[Parser] Agent pixel: Added 9 file artifacts
[Executor] Parsed successfully: artifacts=10, status=completed
Agent pixel validation issues: 11 error(s): Missing required field: v2_features; Page has only 46 lines - minimum is 80 per PIXEL agent rules; Page has only 34 lines - minimum is 80 per PIXEL agent rules; Code too simple for Layout Component (33%); Code too simple for List/Table Page (29%); Code too simple for List/Table Page (14%); Code too simple for List/Table Page (29%); Code too simple for List/Table Page (14%); Code too simple for Generic Code (50%); Code too simple for Generic Code (50%); Code too simple for Detail Page (14%) | 16 warning(s): Component "BuildList" state coverage: 25% (missing: hover, focus, disabled); Component "PhaseProgression" state coverage: 0% (missing: hover, focus, disabled, loading); Component "AgentRoster" state coverage: 25% (missing: hover, focus, disabled); Component "ConstitutionalStatus" state coverage: 0% (missing: hover, focus, disabled, loading); Component "UnderstandingPanel" state coverage: 0% (missing: hover, focus, disabled, loading); Component "ContextualChat" state coverage: 0% (missing: hover, focus, disabled, loading); Page only uses 0 unique components: none; No design tokens from PALETTE used; No design tokens from PALETTE used; No design tokens from PALETTE used; No design tokens from PALETTE used; No design tokens from PALETTE used; No design tokens from PALETTE used; No design tokens from PALETTE used; No design tokens from PALETTE used; No design tokens from PALETTE used
[EXECUTOR] 2026-01-27T10:18:20.911Z - executor.execute() RETURNED for pixel in 51720ms {"success":true,"hasOutput":true,"errorMessage":null,"artifactCount":10}
[QualityOrchestrator] Running quality gates for build olympus-dashboard-1769508690316
[QualityOrchestrator] Files to check: 9
[QualityOrchestrator] Running gate: typescript
[QualityOrchestrator] typescript: ✅ PASSED (13 issues)
[QualityOrchestrator] Running gate: eslint
[QualityOrchestrator] eslint: ✅ PASSED (4 issues)
[QualityOrchestrator] Running gate: security
[QualityOrchestrator] security: ❌ FAILED (2 issues)
[QualityOrchestrator] Running gate: links
[QualityOrchestrator] links: ✅ PASSED (0 issues)
[QualityOrchestrator] Running gate: build
[QualityOrchestrator] build: ✅ PASSED (0 issues)
[QualityOrchestrator] Quality check complete: passed (score: 87, threshold: 70, stopOnFailure: false)
[Orchestrator] Agent pixel - Quality Score: 87/100 (min: 60)
[Orchestrator] Agent pixel - Quality PASSED on iteration 1
[Orchestrator] ARCHITECTURE VALIDATION PASSED for pixel (score: 100)
[Orchestrator] Agent pixel - Architecture validation PASSED (score: 100)
[Orchestrator] SECURITY BLOCK: Agent pixel output blocked {
  file: 'src/app/console/page.tsx',
  issues: [
    {
      type: 'secret',
      severity: 'critical',
      message: 'AWS Secret Access Key: Potential AWS Secret Access Key',
      line: 3
    }
  ]
}
[AGENT_CALL] 2026-01-27T10:18:20.916Z - COMPLETED: pixel in 51727ms, success=false
[SELF-HEAL] Suggested actions for pixel: SIMPLIFY_PROMPT
[ORCH_PHASE] 2026-01-27T10:18:20.917Z - Phase frontend result: success=false, error=Security issue in src/app/console/page.tsx: AWS Secret Access Key: Potential AWS Secret Access Key
[ORCH_PHASE] 2026-01-27T10:18:20.917Z - STOPPING BUILD: Phase frontend failed and continueOnError=false
----------------------------------------------------------------------

[4/4] Build completed

======================================================================
BUILD RESULTS
======================================================================
Success: NO
Duration: 411 seconds
Error: SECURITY_BLOCKED - Security issue in src/app/console/page.tsx: AWS Secret Access Key: Potential AWS Secret Access Key
Final Progress: 66%
Phases Completed: discovery, conversion, design, architecture
Agents Completed: 21
Tokens Used: 128524

Event log saved to: C:\Users\SBS\Desktop\New folder (4)\vito\output\olympus-dashboard-1769508690316\event-log.json
Build summary saved to: C:\Users\SBS\Desktop\New folder (4)\vito\output\olympus-dashboard-1769508690316\build-summary.json

======================================================================
