[dotenv@17.2.3] injecting env (13) from .env -- tip: üîê prevent building .env in docker: https://dotenvx.com/prebuild
[dotenv@17.2.3] injecting env (25) from .env.local -- tip: ‚öôÔ∏è  enable debug logging with { debug: true }
[dotenv@17.2.3] injecting env (0) from .env -- tip: üì° add observability to secrets: https://dotenvx.com/ops
======================================================================
OLYMPUS SELF-BUILD: Dashboard v1.0
======================================================================

Build ID: olympus-dashboard-1769509209565
Output Dir: C:\Users\SBS\Desktop\New folder (4)\vito\output\olympus-dashboard-1769509209565

[1/4] Initializing build context...
[2/4] Creating orchestrator (35 agents)...
[Orchestrator] Constructor called with tier: professional
[Orchestrator] TierConfig phases: discovery, conversion, design, architecture, frontend, backend, integration
[Orchestrator] TierConfig agents count: 32
[createBuildPlan] Creating plan for tier: professional
[createBuildPlan] Tier config phases: discovery, conversion, design, architecture, frontend, backend, integration
[createBuildPlan] Tier config agents count: 32
[createBuildPlan] PHASE_ORDER: discovery, conversion, design, architecture, frontend, backend, integration, testing, deployment
[createBuildPlan] ADDING phase discovery with 5 agents: oracle, empathy, venture, strategos, scope
[createBuildPlan] ADDING phase conversion with 4 agents: psyche, scribe, architect_conversion, conversion_judge
[createBuildPlan] ADDING phase design with 6 agents: palette, grid, blocks, cartographer, flow, artist
[createBuildPlan] ADDING phase architecture with 6 agents: archon, datum, nexus, forge, sentinel, atlas
[createBuildPlan] ADDING phase frontend with 3 agents: pixel, wire, polish
[createBuildPlan] ADDING phase backend with 4 agents: engine, gateway, keeper, cron
[createBuildPlan] ADDING phase integration with 4 agents: bridge, sync, notify, search
[createBuildPlan] SKIPPING phase testing - not in tier
[createBuildPlan] SKIPPING phase deployment - not in tier
[createBuildPlan] ===== PLAN SUMMARY =====
[createBuildPlan] Tier: professional
[createBuildPlan] Total phases: 7
[createBuildPlan] Total agents: 32
[createBuildPlan] Phases: discovery(5), conversion(4), design(6), architecture(6), frontend(3), backend(4), integration(4)
[Orchestrator] Plan created with 7 phases, 32 agents
[Scheduler] Initializing queue from plan with 7 phases
[Scheduler] Queueing phase discovery with 5 agents: oracle, empathy, venture, strategos, scope
[Scheduler] Queueing phase conversion with 4 agents: psyche, scribe, architect_conversion, conversion_judge
[Scheduler] Queueing phase design with 6 agents: palette, grid, blocks, cartographer, flow, artist
[Scheduler] Queueing phase architecture with 6 agents: archon, datum, nexus, forge, sentinel, atlas
[Scheduler] Queueing phase frontend with 3 agents: pixel, wire, polish
[Scheduler] Queueing phase backend with 4 agents: engine, gateway, keeper, cron
[Scheduler] Queueing phase integration with 4 agents: bridge, sync, notify, search
[Scheduler] Queue initialized with 32 agents total
[INFO] [fingerprint] [olympus-] Loaded 4 cached fingerprints { pruned: 0 }
[INFO] [health] [olympus-] ResilienceEngine v3.0 initialized { tier: 'GOLD' }
[Orchestrator] ResilienceEngine initialized (tier: GOLD)
[3/4] Starting build...

----------------------------------------------------------------------
[ORCH_START] 2026-01-27T10:20:09.569Z - ENTERING: start()
[ORCH_START] 2026-01-27T10:20:09.569Z - STATE: {"buildId":"olympus-dashboard-1769509209565","status":"idle","phasesInPlan":7,"totalAgents":32}
[ORCH_START] 2026-01-27T10:20:09.569Z - Starting build olympus-dashboard-1769509209565
[ORCH_START] 2026-01-27T10:20:09.569Z - Plan has 7 phases: discovery, conversion, design, architecture, frontend, backend, integration
[ORCH_START] 2026-01-27T10:20:09.569Z - Total agents in plan: 32
  [0%] Phase: initializing | Agents: none
[INFO] [health] [olympus-] Score: 88/100 (HIGH_CONFIDENCE) {
  factors: {
    promptComplexity: 100,
    historicalSuccessRate: 70,
    currentSystemLoad: 100,
    agentAvailability: 100,
    resourceBudget: 70
  },
  recommendations: []
}
[RESILIENCE] Health score: 88/100 (HIGH_CONFIDENCE)
[SPEC_COMPLIANCE] Parsing spec (2885 chars)...
[SPEC_COMPLIANCE] Parsed 0 pages, 13 components
[SPEC_COMPLIANCE] Critical: 0 pages, 1 components
[ORCH_START] 2026-01-27T10:20:09.576Z - Heartbeat started (5s interval)
[Orchestrator] ===== PHASE 1/7: discovery =====
[Orchestrator] Phase agents (5): oracle, empathy, venture, strategos, scope
[ORCH_PHASE] 2026-01-27T10:20:09.576Z - ENTERING: executePhase(discovery)
[ORCH_PHASE] 2026-01-27T10:20:09.577Z - Starting phase loop for discovery
[ORCH_LOOP] 2026-01-27T10:20:09.577Z - Loop iteration 1 {"phase":"discovery","nextAgents":["oracle"],"runningAgents":[],"deadlockCounter":0,"isPhaseComplete":false}
[AGENT_CALL] 2026-01-27T10:20:09.577Z - ENTERING: executeAgent(oracle)
[AGENT_CALL] 2026-01-27T10:20:09.578Z - CALLING: oracle (phase: discovery)
[Orchestrator] Agent oracle - Iteration 1/3
[ARCHON-PARSER] ‚ö†Ô∏è WARNING: ARCHON output failed validation. Using partial merge with defaults. 
  Output keys:  
  This may indicate a malformed ARCHON response.
[EXECUTOR] 2026-01-27T10:20:09.579Z - Creating executor for oracle, iteration 1
[EXECUTOR] 2026-01-27T10:20:09.579Z - CALLING executor.execute() for oracle
[AIRouter] Anthropic Claude provider initialized (PRIMARY)
[AIRouter] OpenAI provider initialized (FALLBACK)
[Groq] Initialized with 5 API key(s)
[AIRouter] Groq provider initialized (FALLBACK2)
[AIRouter] Active providers: anthropic, openai, groq
[HEARTBEAT] 2026-01-27T10:20:14.579Z {"buildId":"olympus-dashboard-1769509209565","status":"running","currentPhase":"discovery","currentAgent":"oracle","completedAgents":[],"runningAgents":["oracle"],"failedAgents":[],"progress":0}
[HEARTBEAT] 2026-01-27T10:20:19.584Z {"buildId":"olympus-dashboard-1769509209565","status":"running","currentPhase":"discovery","currentAgent":"oracle","completedAgents":[],"runningAgents":["oracle"],"failedAgents":[],"progress":0}
[Executor] AI execution succeeded: 5675 tokens, provider=anthropic
[Executor] Response content type: string, length: 7919
[Executor] Parsing response: {
  "market_analysis": {
    "tam": {
      "value": "$1.2 billion",
      "calculation": "Estimated...
[Parser] ===== PARSING oracle =====
[Parser] Raw content length: 7919
[Parser] Raw content start: {
  "market_analysis": {
    "tam": {
      "value": "$1.2 billion",
      "calculation": "Estimated global market for developer tooling and DevOps platforms based on industry reports",
      "source_...
[Parser] Extracted JSON length: 7919
[Parser] Extracted JSON start: {
  "market_analysis": {
    "tam": {
      "value": "$1.2 billion",
      "calculation": "Estimated global market for developer tooling and DevOps platforms based on industry reports",
      "source_...
[Parser] JSON.parse SUCCESS for oracle
[Parser] Agent oracle: parsed.files exists = false, isArray = false, length = 0
[Executor] Parsed successfully: artifacts=1, status=completed
[EXECUTOR] 2026-01-27T10:20:22.270Z - executor.execute() RETURNED for oracle in 12691ms {"success":true,"hasOutput":true,"errorMessage":null,"artifactCount":1}
[Orchestrator] Agent oracle - Quality Score: 100/100 (min: 60)
[Orchestrator] Agent oracle - Quality PASSED on iteration 1
[ARCHON-PARSER] ‚ö†Ô∏è WARNING: ARCHON output failed validation. Using partial merge with defaults. 
  Output keys:  
  This may indicate a malformed ARCHON response.
[PERSISTENCE] Database connection failed for critical decisions: Error: Missing SUPABASE_SERVICE_ROLE_KEY
    at createServiceRoleClient (C:\Users\SBS\Desktop\New folder (4)\vito\src\lib\auth\clients\admin.ts:20:11)
    at saveCriticalDecisions (C:\Users\SBS\Desktop\New folder (4)\vito\src\lib\agents\context\persistence.ts:189:22)
    at BuildContextManager.persistCriticalDecisions (C:\Users\SBS\Desktop\New folder (4)\vito\src\lib\agents\context\manager.ts:204:5)
    at BuildContextManager.updateCriticalDecisions (C:\Users\SBS\Desktop\New folder (4)\vito\src\lib\agents\context\manager.ts:169:10)
    at BuildContextManager.recordOutput (C:\Users\SBS\Desktop\New folder (4)\vito\src\lib\agents\context\manager.ts:147:10)
    at BuildOrchestrator.finalizeAgentSuccess (C:\Users\SBS\Desktop\New folder (4)\vito\src\lib\agents\orchestrator\orchestrator.ts:1779:18)
    at BuildOrchestrator.executeAgentWithFeedback (C:\Users\SBS\Desktop\New folder (4)\vito\src\lib\agents\orchestrator\orchestrator.ts:1481:23)
    at process.processTicksAndRejections (node:internal/process/task_queues:103:5)
    at async BuildOrchestrator.executeAgent (C:\Users\SBS\Desktop\New folder (4)\vito\src\lib\agents\orchestrator\orchestrator.ts:1234:22)
    at async Promise.all (index 0)
[PERSISTENCE] Database connection failed (non-fatal): Error: Missing SUPABASE_SERVICE_ROLE_KEY
    at createServiceRoleClient (C:\Users\SBS\Desktop\New folder (4)\vito\src\lib\auth\clients\admin.ts:20:11)
    at saveAgentOutput (C:\Users\SBS\Desktop\New folder (4)\vito\src\lib\agents\context\persistence.ts:74:22)
    at BuildOrchestrator.finalizeAgentSuccess (C:\Users\SBS\Desktop\New folder (4)\vito\src\lib\agents\orchestrator\orchestrator.ts:1780:11)
    at BuildOrchestrator.executeAgentWithFeedback (C:\Users\SBS\Desktop\New folder (4)\vito\src\lib\agents\orchestrator\orchestrator.ts:1481:23)
    at process.processTicksAndRejections (node:internal/process/task_queues:103:5)
    at async BuildOrchestrator.executeAgent (C:\Users\SBS\Desktop\New folder (4)\vito\src\lib\agents\orchestrator\orchestrator.ts:1234:22)
    at async Promise.all (index 0)
    at async BuildOrchestrator.executePhase (C:\Users\SBS\Desktop\New folder (4)\vito\src\lib\agents\orchestrator\orchestrator.ts:1060:26)
    at async BuildOrchestrator.start (C:\Users\SBS\Desktop\New folder (4)\vito\src\lib\agents\orchestrator\orchestrator.ts:658:29)
    at async runBuild (C:\Users\SBS\Desktop\New folder (4)\vito\scripts\build-olympus-dashboard.ts:189:18)
    ‚Üí Agent oracle: completed (1 artifacts)
[AGENT_CALL] 2026-01-27T10:20:22.280Z - COMPLETED: oracle in 12703ms, success=true
  [3%] Phase: discovery | Agents: none
[AGENT_CALL] 2026-01-27T10:20:22.281Z - ENTERING: executeAgent(empathy)
[AGENT_CALL] 2026-01-27T10:20:22.281Z - CALLING: empathy (phase: discovery)
[Orchestrator] Agent empathy - Iteration 1/3
[ARCHON-PARSER] ‚ö†Ô∏è WARNING: ARCHON output failed validation. Using partial merge with defaults. 
  Output keys:  
  This may indicate a malformed ARCHON response.
[EXECUTOR] 2026-01-27T10:20:22.282Z - Creating executor for empathy, iteration 1
[EXECUTOR] 2026-01-27T10:20:22.282Z - CALLING executor.execute() for empathy
[PERSISTENCE] ‚úì CriticalDecisions saved to file: C:\Users\SBS\Desktop\New folder (4)\vito\.olympus\decisions\olympus-dashboard-1769509209565.json
[HEARTBEAT] 2026-01-27T10:20:24.594Z {"buildId":"olympus-dashboard-1769509209565","status":"running","currentPhase":"discovery","currentAgent":"empathy","completedAgents":["oracle"],"runningAgents":["empathy"],"failedAgents":[],"progress":3}
[HEARTBEAT] 2026-01-27T10:20:29.600Z {"buildId":"olympus-dashboard-1769509209565","status":"running","currentPhase":"discovery","currentAgent":"empathy","completedAgents":["oracle"],"runningAgents":["empathy"],"failedAgents":[],"progress":3}
[HEARTBEAT] 2026-01-27T10:20:34.614Z {"buildId":"olympus-dashboard-1769509209565","status":"running","currentPhase":"discovery","currentAgent":"empathy","completedAgents":["oracle"],"runningAgents":["empathy"],"failedAgents":[],"progress":3}
[Executor] AI execution succeeded: 6187 tokens, provider=anthropic
[Executor] Response content type: string, length: 8354
[Executor] Parsing response: {
  "personas": [
    {
      "name": "DevOps Dominic",
      "archetype": "The Experienced Build En...
[Parser] ===== PARSING empathy =====
[Parser] Raw content length: 8354
[Parser] Raw content start: {
  "personas": [
    {
      "name": "DevOps Dominic",
      "archetype": "The Experienced Build Engineer",
      "demographics": {
        "age_range": "35-45",
        "occupation": "DevOps Enginee...
[Parser] Extracted JSON length: 8354
[Parser] Extracted JSON start: {
  "personas": [
    {
      "name": "DevOps Dominic",
      "archetype": "The Experienced Build Engineer",
      "demographics": {
        "age_range": "35-45",
        "occupation": "DevOps Enginee...
[Parser] JSON.parse SUCCESS for empathy
[Parser] Agent empathy: parsed.files exists = false, isArray = false, length = 0
[Executor] Parsed successfully: artifacts=1, status=completed
[EXECUTOR] 2026-01-27T10:20:37.870Z - executor.execute() RETURNED for empathy in 15588ms {"success":true,"hasOutput":true,"errorMessage":null,"artifactCount":1}
[Orchestrator] Agent empathy - Quality Score: 100/100 (min: 60)
[Orchestrator] Agent empathy - Quality PASSED on iteration 1
[PERSISTENCE] Database connection failed for critical decisions: Error: Missing SUPABASE_SERVICE_ROLE_KEY
    at createServiceRoleClient (C:\Users\SBS\Desktop\New folder (4)\vito\src\lib\auth\clients\admin.ts:20:11)
    at saveCriticalDecisions (C:\Users\SBS\Desktop\New folder (4)\vito\src\lib\agents\context\persistence.ts:189:22)
    at BuildContextManager.persistCriticalDecisions (C:\Users\SBS\Desktop\New folder (4)\vito\src\lib\agents\context\manager.ts:204:5)
    at BuildContextManager.updateCriticalDecisions (C:\Users\SBS\Desktop\New folder (4)\vito\src\lib\agents\context\manager.ts:169:10)
    at BuildContextManager.recordOutput (C:\Users\SBS\Desktop\New folder (4)\vito\src\lib\agents\context\manager.ts:147:10)
    at BuildOrchestrator.finalizeAgentSuccess (C:\Users\SBS\Desktop\New folder (4)\vito\src\lib\agents\orchestrator\orchestrator.ts:1779:18)
    at BuildOrchestrator.executeAgentWithFeedback (C:\Users\SBS\Desktop\New folder (4)\vito\src\lib\agents\orchestrator\orchestrator.ts:1481:23)
    at process.processTicksAndRejections (node:internal/process/task_queues:103:5)
    at async BuildOrchestrator.executeAgent (C:\Users\SBS\Desktop\New folder (4)\vito\src\lib\agents\orchestrator\orchestrator.ts:1234:22)
    at async Promise.all (index 0)
[PERSISTENCE] Database connection failed (non-fatal): Error: Missing SUPABASE_SERVICE_ROLE_KEY
    at createServiceRoleClient (C:\Users\SBS\Desktop\New folder (4)\vito\src\lib\auth\clients\admin.ts:20:11)
    at saveAgentOutput (C:\Users\SBS\Desktop\New folder (4)\vito\src\lib\agents\context\persistence.ts:74:22)
    at BuildOrchestrator.finalizeAgentSuccess (C:\Users\SBS\Desktop\New folder (4)\vito\src\lib\agents\orchestrator\orchestrator.ts:1780:11)
    at BuildOrchestrator.executeAgentWithFeedback (C:\Users\SBS\Desktop\New folder (4)\vito\src\lib\agents\orchestrator\orchestrator.ts:1481:23)
    at process.processTicksAndRejections (node:internal/process/task_queues:103:5)
    at async BuildOrchestrator.executeAgent (C:\Users\SBS\Desktop\New folder (4)\vito\src\lib\agents\orchestrator\orchestrator.ts:1234:22)
    at async Promise.all (index 0)
    at async BuildOrchestrator.executePhase (C:\Users\SBS\Desktop\New folder (4)\vito\src\lib\agents\orchestrator\orchestrator.ts:1060:26)
    at async BuildOrchestrator.start (C:\Users\SBS\Desktop\New folder (4)\vito\src\lib\agents\orchestrator\orchestrator.ts:658:29)
    at async runBuild (C:\Users\SBS\Desktop\New folder (4)\vito\scripts\build-olympus-dashboard.ts:189:18)
    ‚Üí Agent empathy: completed (1 artifacts)
[AGENT_CALL] 2026-01-27T10:20:37.876Z - COMPLETED: empathy in 15595ms, success=true
  [6%] Phase: discovery | Agents: none
[AGENT_CALL] 2026-01-27T10:20:37.880Z - ENTERING: executeAgent(venture)
[DEGRADATION] Agent venture not active in tier GOLD - skipping
[PERSISTENCE] Database connection failed for critical decisions: Error: Missing SUPABASE_SERVICE_ROLE_KEY
    at createServiceRoleClient (C:\Users\SBS\Desktop\New folder (4)\vito\src\lib\auth\clients\admin.ts:20:11)
    at saveCriticalDecisions (C:\Users\SBS\Desktop\New folder (4)\vito\src\lib\agents\context\persistence.ts:189:22)
    at BuildContextManager.persistCriticalDecisions (C:\Users\SBS\Desktop\New folder (4)\vito\src\lib\agents\context\manager.ts:204:5)
    at BuildContextManager.updateCriticalDecisions (C:\Users\SBS\Desktop\New folder (4)\vito\src\lib\agents\context\manager.ts:169:10)
    at BuildContextManager.recordOutput (C:\Users\SBS\Desktop\New folder (4)\vito\src\lib\agents\context\manager.ts:147:10)
    at BuildOrchestrator.executeAgent (C:\Users\SBS\Desktop\New folder (4)\vito\src\lib\agents\orchestrator\orchestrator.ts:1203:20)
    at <anonymous> (C:\Users\SBS\Desktop\New folder (4)\vito\src\lib\agents\orchestrator\orchestrator.ts:1053:59)
    at Array.map (<anonymous>)
    at BuildOrchestrator.executePhase (C:\Users\SBS\Desktop\New folder (4)\vito\src\lib\agents\orchestrator\orchestrator.ts:1053:37)
    at process.processTicksAndRejections (node:internal/process/task_queues:103:5)
  [9%] Phase: discovery | Agents: none
[AGENT_CALL] 2026-01-27T10:20:37.884Z - ENTERING: executeAgent(strategos)
[AGENT_CALL] 2026-01-27T10:20:37.884Z - CALLING: strategos (phase: discovery)
[Orchestrator] Agent strategos - Iteration 1/3
[ARCHON-PARSER] ‚ö†Ô∏è WARNING: ARCHON output failed validation. Using partial merge with defaults. 
  Output keys:  
  This may indicate a malformed ARCHON response.
[EXECUTOR] 2026-01-27T10:20:37.885Z - Creating executor for strategos, iteration 1
[EXECUTOR] 2026-01-27T10:20:37.885Z - CALLING executor.execute() for strategos
[Executor] Dependency venture was skipped (tier_degradation). Agent strategos will use fallback behavior.
[PERSISTENCE] ‚úì CriticalDecisions saved to file: C:\Users\SBS\Desktop\New folder (4)\vito\.olympus\decisions\olympus-dashboard-1769509209565.json
[PERSISTENCE] ‚úì CriticalDecisions saved to file: C:\Users\SBS\Desktop\New folder (4)\vito\.olympus\decisions\olympus-dashboard-1769509209565.json
[HEARTBEAT] 2026-01-27T10:20:39.620Z {"buildId":"olympus-dashboard-1769509209565","status":"running","currentPhase":"discovery","currentAgent":"strategos","completedAgents":["oracle","empathy","venture"],"runningAgents":["strategos"],"failedAgents":[],"progress":9}
[HEARTBEAT] 2026-01-27T10:20:44.626Z {"buildId":"olympus-dashboard-1769509209565","status":"running","currentPhase":"discovery","currentAgent":"strategos","completedAgents":["oracle","empathy","venture"],"runningAgents":["strategos"],"failedAgents":[],"progress":9}
[HEARTBEAT] 2026-01-27T10:20:49.639Z {"buildId":"olympus-dashboard-1769509209565","status":"running","currentPhase":"discovery","currentAgent":"strategos","completedAgents":["oracle","empathy","venture"],"runningAgents":["strategos"],"failedAgents":[],"progress":9}
[HEARTBEAT] 2026-01-27T10:20:54.652Z {"buildId":"olympus-dashboard-1769509209565","status":"running","currentPhase":"discovery","currentAgent":"strategos","completedAgents":["oracle","empathy","venture"],"runningAgents":["strategos"],"failedAgents":[],"progress":9}
[Executor] AI execution succeeded: 7884 tokens, provider=anthropic
[Executor] Response content type: string, length: 10985
[Executor] Parsing response: {
  "mvp_definition": {
    "core_value_proposition": "A powerful, centralized dashboard for monitor...
[Parser] ===== PARSING strategos =====
[Parser] Raw content length: 10985
[Parser] Raw content start: {
  "mvp_definition": {
    "core_value_proposition": "A powerful, centralized dashboard for monitoring and understanding the progress of complex software builds",
    "target_user": "Lead Developers ...
[Parser] Extracted JSON length: 10985
[Parser] Extracted JSON start: {
  "mvp_definition": {
    "core_value_proposition": "A powerful, centralized dashboard for monitoring and understanding the progress of complex software builds",
    "target_user": "Lead Developers ...
[Parser] JSON.parse SUCCESS for strategos
[Parser] Agent strategos: parsed.files exists = false, isArray = false, length = 0
[Executor] Parsed successfully: artifacts=1, status=completed
Agent strategos validation issues: 1 error(s): Expected array
[EXECUTOR] 2026-01-27T10:20:57.252Z - executor.execute() RETURNED for strategos in 19367ms {"success":true,"hasOutput":true,"errorMessage":null,"artifactCount":1}
[Orchestrator] Agent strategos - Quality Score: 100/100 (min: 60)
[Orchestrator] Agent strategos - Quality PASSED on iteration 1
[PERSISTENCE] Database connection failed for critical decisions: Error: Missing SUPABASE_SERVICE_ROLE_KEY
    at createServiceRoleClient (C:\Users\SBS\Desktop\New folder (4)\vito\src\lib\auth\clients\admin.ts:20:11)
    at saveCriticalDecisions (C:\Users\SBS\Desktop\New folder (4)\vito\src\lib\agents\context\persistence.ts:189:22)
    at BuildContextManager.persistCriticalDecisions (C:\Users\SBS\Desktop\New folder (4)\vito\src\lib\agents\context\manager.ts:204:5)
    at BuildContextManager.updateCriticalDecisions (C:\Users\SBS\Desktop\New folder (4)\vito\src\lib\agents\context\manager.ts:169:10)
    at BuildContextManager.recordOutput (C:\Users\SBS\Desktop\New folder (4)\vito\src\lib\agents\context\manager.ts:147:10)
    at BuildOrchestrator.finalizeAgentSuccess (C:\Users\SBS\Desktop\New folder (4)\vito\src\lib\agents\orchestrator\orchestrator.ts:1779:18)
    at BuildOrchestrator.executeAgentWithFeedback (C:\Users\SBS\Desktop\New folder (4)\vito\src\lib\agents\orchestrator\orchestrator.ts:1481:23)
    at process.processTicksAndRejections (node:internal/process/task_queues:103:5)
    at async BuildOrchestrator.executeAgent (C:\Users\SBS\Desktop\New folder (4)\vito\src\lib\agents\orchestrator\orchestrator.ts:1234:22)
    at async Promise.all (index 0)
[PERSISTENCE] Database connection failed (non-fatal): Error: Missing SUPABASE_SERVICE_ROLE_KEY
    at createServiceRoleClient (C:\Users\SBS\Desktop\New folder (4)\vito\src\lib\auth\clients\admin.ts:20:11)
    at saveAgentOutput (C:\Users\SBS\Desktop\New folder (4)\vito\src\lib\agents\context\persistence.ts:74:22)
    at BuildOrchestrator.finalizeAgentSuccess (C:\Users\SBS\Desktop\New folder (4)\vito\src\lib\agents\orchestrator\orchestrator.ts:1780:11)
    at BuildOrchestrator.executeAgentWithFeedback (C:\Users\SBS\Desktop\New folder (4)\vito\src\lib\agents\orchestrator\orchestrator.ts:1481:23)
    at process.processTicksAndRejections (node:internal/process/task_queues:103:5)
    at async BuildOrchestrator.executeAgent (C:\Users\SBS\Desktop\New folder (4)\vito\src\lib\agents\orchestrator\orchestrator.ts:1234:22)
    at async Promise.all (index 0)
    at async BuildOrchestrator.executePhase (C:\Users\SBS\Desktop\New folder (4)\vito\src\lib\agents\orchestrator\orchestrator.ts:1060:26)
    at async BuildOrchestrator.start (C:\Users\SBS\Desktop\New folder (4)\vito\src\lib\agents\orchestrator\orchestrator.ts:658:29)
    at async runBuild (C:\Users\SBS\Desktop\New folder (4)\vito\scripts\build-olympus-dashboard.ts:189:18)
    ‚Üí Agent strategos: completed (1 artifacts)
[AGENT_CALL] 2026-01-27T10:20:57.253Z - COMPLETED: strategos in 19369ms, success=true
  [13%] Phase: discovery | Agents: none
[AGENT_CALL] 2026-01-27T10:20:57.254Z - ENTERING: executeAgent(scope)
[AGENT_CALL] 2026-01-27T10:20:57.254Z - CALLING: scope (phase: discovery)
[Orchestrator] Agent scope - Iteration 1/3
[ARCHON-PARSER] ‚ö†Ô∏è WARNING: ARCHON output failed validation. Using partial merge with defaults. 
  Output keys:  
  This may indicate a malformed ARCHON response.
[EXECUTOR] 2026-01-27T10:20:57.254Z - Creating executor for scope, iteration 1
[EXECUTOR] 2026-01-27T10:20:57.254Z - CALLING executor.execute() for scope
[PERSISTENCE] ‚úì CriticalDecisions saved to file: C:\Users\SBS\Desktop\New folder (4)\vito\.olympus\decisions\olympus-dashboard-1769509209565.json
[HEARTBEAT] 2026-01-27T10:20:59.664Z {"buildId":"olympus-dashboard-1769509209565","status":"running","currentPhase":"discovery","currentAgent":"scope","completedAgents":["oracle","empathy","venture","strategos"],"runningAgents":["scope"],"failedAgents":[],"progress":13}
[HEARTBEAT] 2026-01-27T10:21:04.676Z {"buildId":"olympus-dashboard-1769509209565","status":"running","currentPhase":"discovery","currentAgent":"scope","completedAgents":["oracle","empathy","venture","strategos"],"runningAgents":["scope"],"failedAgents":[],"progress":13}
[HEARTBEAT] 2026-01-27T10:21:09.689Z {"buildId":"olympus-dashboard-1769509209565","status":"running","currentPhase":"discovery","currentAgent":"scope","completedAgents":["oracle","empathy","venture","strategos"],"runningAgents":["scope"],"failedAgents":[],"progress":13}
[Executor] AI execution succeeded: 5582 tokens, provider=anthropic
[Executor] Response content type: string, length: 8077
[Executor] Parsing response: {
  "in_scope": [
    {
      "feature": "Build List Panel",
      "description": "Displays a list o...
[Parser] ===== PARSING scope =====
[Parser] Raw content length: 8077
[Parser] Raw content start: {
  "in_scope": [
    {
      "feature": "Build List Panel",
      "description": "Displays a list of active and completed builds, showing status indicators, timestamps, and durations. Allows users to...
[Parser] Extracted JSON length: 8077
[Parser] Extracted JSON start: {
  "in_scope": [
    {
      "feature": "Build List Panel",
      "description": "Displays a list of active and completed builds, showing status indicators, timestamps, and durations. Allows users to...
[Parser] JSON.parse SUCCESS for scope
[Parser] Agent scope: parsed.files exists = false, isArray = false, length = 0
[Executor] Parsed successfully: artifacts=1, status=completed
Agent scope validation issues: 1 error(s): Expected array
[EXECUTOR] 2026-01-27T10:21:12.110Z - executor.execute() RETURNED for scope in 14856ms {"success":true,"hasOutput":true,"errorMessage":null,"artifactCount":1}
[Orchestrator] Agent scope - Quality Score: 100/100 (min: 60)
[Orchestrator] Agent scope - Quality PASSED on iteration 1
[PERSISTENCE] Database connection failed for critical decisions: Error: Missing SUPABASE_SERVICE_ROLE_KEY
    at createServiceRoleClient (C:\Users\SBS\Desktop\New folder (4)\vito\src\lib\auth\clients\admin.ts:20:11)
    at saveCriticalDecisions (C:\Users\SBS\Desktop\New folder (4)\vito\src\lib\agents\context\persistence.ts:189:22)
    at BuildContextManager.persistCriticalDecisions (C:\Users\SBS\Desktop\New folder (4)\vito\src\lib\agents\context\manager.ts:204:5)
    at BuildContextManager.updateCriticalDecisions (C:\Users\SBS\Desktop\New folder (4)\vito\src\lib\agents\context\manager.ts:169:10)
    at BuildContextManager.recordOutput (C:\Users\SBS\Desktop\New folder (4)\vito\src\lib\agents\context\manager.ts:147:10)
    at BuildOrchestrator.finalizeAgentSuccess (C:\Users\SBS\Desktop\New folder (4)\vito\src\lib\agents\orchestrator\orchestrator.ts:1779:18)
    at BuildOrchestrator.executeAgentWithFeedback (C:\Users\SBS\Desktop\New folder (4)\vito\src\lib\agents\orchestrator\orchestrator.ts:1481:23)
    at process.processTicksAndRejections (node:internal/process/task_queues:103:5)
    at async BuildOrchestrator.executeAgent (C:\Users\SBS\Desktop\New folder (4)\vito\src\lib\agents\orchestrator\orchestrator.ts:1234:22)
    at async Promise.all (index 0)
[PERSISTENCE] Database connection failed (non-fatal): Error: Missing SUPABASE_SERVICE_ROLE_KEY
    at createServiceRoleClient (C:\Users\SBS\Desktop\New folder (4)\vito\src\lib\auth\clients\admin.ts:20:11)
    at saveAgentOutput (C:\Users\SBS\Desktop\New folder (4)\vito\src\lib\agents\context\persistence.ts:74:22)
    at BuildOrchestrator.finalizeAgentSuccess (C:\Users\SBS\Desktop\New folder (4)\vito\src\lib\agents\orchestrator\orchestrator.ts:1780:11)
    at BuildOrchestrator.executeAgentWithFeedback (C:\Users\SBS\Desktop\New folder (4)\vito\src\lib\agents\orchestrator\orchestrator.ts:1481:23)
    at process.processTicksAndRejections (node:internal/process/task_queues:103:5)
    at async BuildOrchestrator.executeAgent (C:\Users\SBS\Desktop\New folder (4)\vito\src\lib\agents\orchestrator\orchestrator.ts:1234:22)
    at async Promise.all (index 0)
    at async BuildOrchestrator.executePhase (C:\Users\SBS\Desktop\New folder (4)\vito\src\lib\agents\orchestrator\orchestrator.ts:1060:26)
    at async BuildOrchestrator.start (C:\Users\SBS\Desktop\New folder (4)\vito\src\lib\agents\orchestrator\orchestrator.ts:658:29)
    at async runBuild (C:\Users\SBS\Desktop\New folder (4)\vito\scripts\build-olympus-dashboard.ts:189:18)
    ‚Üí Agent scope: completed (1 artifacts)
[AGENT_CALL] 2026-01-27T10:21:12.112Z - COMPLETED: scope in 14858ms, success=true
  [16%] Phase: discovery | Agents: none
[Scheduler] Phase discovery COMPLETE. Status: [{"agentId":"oracle","completed":true,"failed":false,"optional":false},{"agentId":"empathy","completed":true,"failed":false,"optional":false},{"agentId":"venture","completed":true,"failed":false,"optional":true},{"agentId":"strategos","completed":true,"failed":false,"optional":false},{"agentId":"scope","completed":true,"failed":false,"optional":false}]
  ‚úì Phase discovery completed (completed)
[ORCH_PHASE] 2026-01-27T10:21:12.114Z - Phase discovery result: success=true, error=none
[Orchestrator] ‚úì Phase discovery completed. Completed phases: discovery
[Orchestrator] ===== PHASE 2/7: conversion =====
[Orchestrator] Phase agents (4): psyche, scribe, architect_conversion, conversion_judge
[ORCH_PHASE] 2026-01-27T10:21:12.114Z - ENTERING: executePhase(conversion)
[ORCH_PHASE] 2026-01-27T10:21:12.115Z - Starting phase loop for conversion
[ORCH_LOOP] 2026-01-27T10:21:12.115Z - Loop iteration 1 {"phase":"conversion","nextAgents":["psyche"],"runningAgents":[],"deadlockCounter":0,"isPhaseComplete":false}
[AGENT_CALL] 2026-01-27T10:21:12.115Z - ENTERING: executeAgent(psyche)
[DEGRADATION] Agent psyche not active in tier GOLD - skipping
[PERSISTENCE] Database connection failed for critical decisions: Error: Missing SUPABASE_SERVICE_ROLE_KEY
    at createServiceRoleClient (C:\Users\SBS\Desktop\New folder (4)\vito\src\lib\auth\clients\admin.ts:20:11)
    at saveCriticalDecisions (C:\Users\SBS\Desktop\New folder (4)\vito\src\lib\agents\context\persistence.ts:189:22)
    at BuildContextManager.persistCriticalDecisions (C:\Users\SBS\Desktop\New folder (4)\vito\src\lib\agents\context\manager.ts:204:5)
    at BuildContextManager.updateCriticalDecisions (C:\Users\SBS\Desktop\New folder (4)\vito\src\lib\agents\context\manager.ts:169:10)
    at BuildContextManager.recordOutput (C:\Users\SBS\Desktop\New folder (4)\vito\src\lib\agents\context\manager.ts:147:10)
    at BuildOrchestrator.executeAgent (C:\Users\SBS\Desktop\New folder (4)\vito\src\lib\agents\orchestrator\orchestrator.ts:1203:20)
    at <anonymous> (C:\Users\SBS\Desktop\New folder (4)\vito\src\lib\agents\orchestrator\orchestrator.ts:1053:59)
    at Array.map (<anonymous>)
    at BuildOrchestrator.executePhase (C:\Users\SBS\Desktop\New folder (4)\vito\src\lib\agents\orchestrator\orchestrator.ts:1053:37)
    at BuildOrchestrator.start (C:\Users\SBS\Desktop\New folder (4)\vito\src\lib\agents\orchestrator\orchestrator.ts:658:40)
  [19%] Phase: conversion | Agents: none
[AGENT_CALL] 2026-01-27T10:21:12.117Z - ENTERING: executeAgent(scribe)
[AGENT_CALL] 2026-01-27T10:21:12.117Z - CALLING: scribe (phase: conversion)
[Orchestrator] Agent scribe - Iteration 1/3
[ARCHON-PARSER] ‚ö†Ô∏è WARNING: ARCHON output failed validation. Using partial merge with defaults. 
  Output keys:  
  This may indicate a malformed ARCHON response.
[50X COORDINATION] scribe: Injected 286 tokens of upstream constraints
[EXECUTOR] 2026-01-27T10:21:12.118Z - Creating executor for scribe, iteration 1
[EXECUTOR] 2026-01-27T10:21:12.118Z - CALLING executor.execute() for scribe
[Executor] Dependency psyche was skipped (tier_degradation). Agent scribe will use fallback behavior.
[PERSISTENCE] ‚úì CriticalDecisions saved to file: C:\Users\SBS\Desktop\New folder (4)\vito\.olympus\decisions\olympus-dashboard-1769509209565.json
[PERSISTENCE] ‚úì CriticalDecisions saved to file: C:\Users\SBS\Desktop\New folder (4)\vito\.olympus\decisions\olympus-dashboard-1769509209565.json
[HEARTBEAT] 2026-01-27T10:21:14.694Z {"buildId":"olympus-dashboard-1769509209565","status":"running","currentPhase":"conversion","currentAgent":"scribe","completedAgents":["oracle","empathy","venture","strategos","scope","psyche"],"runningAgents":["scribe"],"failedAgents":[],"progress":19}
[HEARTBEAT] 2026-01-27T10:21:19.706Z {"buildId":"olympus-dashboard-1769509209565","status":"running","currentPhase":"conversion","currentAgent":"scribe","completedAgents":["oracle","empathy","venture","strategos","scope","psyche"],"runningAgents":["scribe"],"failedAgents":[],"progress":19}
[HEARTBEAT] 2026-01-27T10:21:24.711Z {"buildId":"olympus-dashboard-1769509209565","status":"running","currentPhase":"conversion","currentAgent":"scribe","completedAgents":["oracle","empathy","venture","strategos","scope","psyche"],"runningAgents":["scribe"],"failedAgents":[],"progress":19}
[HEARTBEAT] 2026-01-27T10:21:29.725Z {"buildId":"olympus-dashboard-1769509209565","status":"running","currentPhase":"conversion","currentAgent":"scribe","completedAgents":["oracle","empathy","venture","strategos","scope","psyche"],"runningAgents":["scribe"],"failedAgents":[],"progress":19}
[HEARTBEAT] 2026-01-27T10:21:34.740Z {"buildId":"olympus-dashboard-1769509209565","status":"running","currentPhase":"conversion","currentAgent":"scribe","completedAgents":["oracle","empathy","venture","strategos","scope","psyche"],"runningAgents":["scribe"],"failedAgents":[],"progress":19}
[Executor] AI execution succeeded: 8336 tokens, provider=anthropic
[Executor] Response content type: string, length: 14457
[Executor] Parsing response: {
  "headlines": [
    {
      "text": "Unlock the Secrets to Building Better Software Faster",
    ...
[Parser] ===== PARSING scribe =====
[Parser] Raw content length: 14457
[Parser] Raw content start: {
  "headlines": [
    {
      "text": "Unlock the Secrets to Building Better Software Faster",
      "formula": "how-to",
      "trigger": "greed"
    },
    {
      "text": "The #1 Mistake Developer...
[Parser] Extracted JSON length: 14457
[Parser] Extracted JSON start: {
  "headlines": [
    {
      "text": "Unlock the Secrets to Building Better Software Faster",
      "formula": "how-to",
      "trigger": "greed"
    },
    {
      "text": "The #1 Mistake Developer...
[Parser] JSON.parse SUCCESS for scribe
[Parser] Agent scribe: parsed.files exists = false, isArray = false, length = 0
[Executor] Parsed successfully: artifacts=1, status=completed
[EXECUTOR] 2026-01-27T10:21:36.018Z - executor.execute() RETURNED for scribe in 23900ms {"success":true,"hasOutput":true,"errorMessage":null,"artifactCount":1}
[Orchestrator] Agent scribe - Quality Score: 100/100 (min: 60)
[Orchestrator] Agent scribe - Quality PASSED on iteration 1
[PERSISTENCE] Database connection failed for critical decisions: Error: Missing SUPABASE_SERVICE_ROLE_KEY
    at createServiceRoleClient (C:\Users\SBS\Desktop\New folder (4)\vito\src\lib\auth\clients\admin.ts:20:11)
    at saveCriticalDecisions (C:\Users\SBS\Desktop\New folder (4)\vito\src\lib\agents\context\persistence.ts:189:22)
    at BuildContextManager.persistCriticalDecisions (C:\Users\SBS\Desktop\New folder (4)\vito\src\lib\agents\context\manager.ts:204:5)
    at BuildContextManager.updateCriticalDecisions (C:\Users\SBS\Desktop\New folder (4)\vito\src\lib\agents\context\manager.ts:169:10)
    at BuildContextManager.recordOutput (C:\Users\SBS\Desktop\New folder (4)\vito\src\lib\agents\context\manager.ts:147:10)
    at BuildOrchestrator.finalizeAgentSuccess (C:\Users\SBS\Desktop\New folder (4)\vito\src\lib\agents\orchestrator\orchestrator.ts:1779:18)
    at BuildOrchestrator.executeAgentWithFeedback (C:\Users\SBS\Desktop\New folder (4)\vito\src\lib\agents\orchestrator\orchestrator.ts:1481:23)
    at process.processTicksAndRejections (node:internal/process/task_queues:103:5)
    at async BuildOrchestrator.executeAgent (C:\Users\SBS\Desktop\New folder (4)\vito\src\lib\agents\orchestrator\orchestrator.ts:1234:22)
    at async Promise.all (index 0)
[PERSISTENCE] Database connection failed (non-fatal): Error: Missing SUPABASE_SERVICE_ROLE_KEY
    at createServiceRoleClient (C:\Users\SBS\Desktop\New folder (4)\vito\src\lib\auth\clients\admin.ts:20:11)
    at saveAgentOutput (C:\Users\SBS\Desktop\New folder (4)\vito\src\lib\agents\context\persistence.ts:74:22)
    at BuildOrchestrator.finalizeAgentSuccess (C:\Users\SBS\Desktop\New folder (4)\vito\src\lib\agents\orchestrator\orchestrator.ts:1780:11)
    at BuildOrchestrator.executeAgentWithFeedback (C:\Users\SBS\Desktop\New folder (4)\vito\src\lib\agents\orchestrator\orchestrator.ts:1481:23)
    at process.processTicksAndRejections (node:internal/process/task_queues:103:5)
    at async BuildOrchestrator.executeAgent (C:\Users\SBS\Desktop\New folder (4)\vito\src\lib\agents\orchestrator\orchestrator.ts:1234:22)
    at async Promise.all (index 0)
    at async BuildOrchestrator.executePhase (C:\Users\SBS\Desktop\New folder (4)\vito\src\lib\agents\orchestrator\orchestrator.ts:1060:26)
    at async BuildOrchestrator.start (C:\Users\SBS\Desktop\New folder (4)\vito\src\lib\agents\orchestrator\orchestrator.ts:658:29)
    at async runBuild (C:\Users\SBS\Desktop\New folder (4)\vito\scripts\build-olympus-dashboard.ts:189:18)
    ‚Üí Agent scribe: completed (1 artifacts)
[AGENT_CALL] 2026-01-27T10:21:36.021Z - COMPLETED: scribe in 23904ms, success=true
  [22%] Phase: conversion | Agents: none
[AGENT_CALL] 2026-01-27T10:21:36.022Z - ENTERING: executeAgent(architect_conversion)
[AGENT_CALL] 2026-01-27T10:21:36.022Z - CALLING: architect_conversion (phase: conversion)
[Orchestrator] Agent architect_conversion - Iteration 1/3
[ARCHON-PARSER] ‚ö†Ô∏è WARNING: ARCHON output failed validation. Using partial merge with defaults. 
  Output keys:  
  This may indicate a malformed ARCHON response.
[50X COORDINATION] architect_conversion: Injected 286 tokens of upstream constraints
[EXECUTOR] 2026-01-27T10:21:36.023Z - Creating executor for architect_conversion, iteration 1
[EXECUTOR] 2026-01-27T10:21:36.023Z - CALLING executor.execute() for architect_conversion
[Executor] Dependency venture was skipped (tier_degradation). Agent architect_conversion will use fallback behavior.
[PERSISTENCE] ‚úì CriticalDecisions saved to file: C:\Users\SBS\Desktop\New folder (4)\vito\.olympus\decisions\olympus-dashboard-1769509209565.json
[HEARTBEAT] 2026-01-27T10:21:39.741Z {"buildId":"olympus-dashboard-1769509209565","status":"running","currentPhase":"conversion","currentAgent":"architect_conversion","completedAgents":["oracle","empathy","venture","strategos","scope","psyche","scribe"],"runningAgents":["architect_conversion"],"failedAgents":[],"progress":22}
[HEARTBEAT] 2026-01-27T10:21:44.746Z {"buildId":"olympus-dashboard-1769509209565","status":"running","currentPhase":"conversion","currentAgent":"architect_conversion","completedAgents":["oracle","empathy","venture","strategos","scope","psyche","scribe"],"runningAgents":["architect_conversion"],"failedAgents":[],"progress":22}
[HEARTBEAT] 2026-01-27T10:21:49.757Z {"buildId":"olympus-dashboard-1769509209565","status":"running","currentPhase":"conversion","currentAgent":"architect_conversion","completedAgents":["oracle","empathy","venture","strategos","scope","psyche","scribe"],"runningAgents":["architect_conversion"],"failedAgents":[],"progress":22}
[Executor] AI execution succeeded: 5250 tokens, provider=anthropic
[Executor] Response content type: string, length: 7737
[Executor] Parsing response: {
  "page_blueprint": {
    "page_type": "sales_page",
    "sections": [
      {
        "id": "hero...
[Parser] ===== PARSING architect_conversion =====
[Parser] Raw content length: 7737
[Parser] Raw content start: {
  "page_blueprint": {
    "page_type": "sales_page",
    "sections": [
      {
        "id": "hero",
        "order": 1,
        "type": "hero",
        "headline": "Build Your Dream Project with th...
[Parser] Extracted JSON length: 7737
[Parser] Extracted JSON start: {
  "page_blueprint": {
    "page_type": "sales_page",
    "sections": [
      {
        "id": "hero",
        "order": 1,
        "type": "hero",
        "headline": "Build Your Dream Project with th...
[Parser] JSON.parse SUCCESS for architect_conversion
[Parser] Agent architect_conversion: parsed.files exists = false, isArray = false, length = 0
[Executor] Parsed successfully: artifacts=1, status=completed
[EXECUTOR] 2026-01-27T10:21:51.703Z - executor.execute() RETURNED for architect_conversion in 15680ms {"success":true,"hasOutput":true,"errorMessage":null,"artifactCount":1}
[Orchestrator] Agent architect_conversion - Quality Score: 100/100 (min: 60)
[Orchestrator] Agent architect_conversion - Quality PASSED on iteration 1
[PERSISTENCE] Database connection failed for critical decisions: Error: Missing SUPABASE_SERVICE_ROLE_KEY
    at createServiceRoleClient (C:\Users\SBS\Desktop\New folder (4)\vito\src\lib\auth\clients\admin.ts:20:11)
    at saveCriticalDecisions (C:\Users\SBS\Desktop\New folder (4)\vito\src\lib\agents\context\persistence.ts:189:22)
    at BuildContextManager.persistCriticalDecisions (C:\Users\SBS\Desktop\New folder (4)\vito\src\lib\agents\context\manager.ts:204:5)
    at BuildContextManager.updateCriticalDecisions (C:\Users\SBS\Desktop\New folder (4)\vito\src\lib\agents\context\manager.ts:169:10)
    at BuildContextManager.recordOutput (C:\Users\SBS\Desktop\New folder (4)\vito\src\lib\agents\context\manager.ts:147:10)
    at BuildOrchestrator.finalizeAgentSuccess (C:\Users\SBS\Desktop\New folder (4)\vito\src\lib\agents\orchestrator\orchestrator.ts:1779:18)
    at BuildOrchestrator.executeAgentWithFeedback (C:\Users\SBS\Desktop\New folder (4)\vito\src\lib\agents\orchestrator\orchestrator.ts:1481:23)
    at process.processTicksAndRejections (node:internal/process/task_queues:103:5)
    at async BuildOrchestrator.executeAgent (C:\Users\SBS\Desktop\New folder (4)\vito\src\lib\agents\orchestrator\orchestrator.ts:1234:22)
    at async Promise.all (index 0)
[PERSISTENCE] Database connection failed (non-fatal): Error: Missing SUPABASE_SERVICE_ROLE_KEY
    at createServiceRoleClient (C:\Users\SBS\Desktop\New folder (4)\vito\src\lib\auth\clients\admin.ts:20:11)
    at saveAgentOutput (C:\Users\SBS\Desktop\New folder (4)\vito\src\lib\agents\context\persistence.ts:74:22)
    at BuildOrchestrator.finalizeAgentSuccess (C:\Users\SBS\Desktop\New folder (4)\vito\src\lib\agents\orchestrator\orchestrator.ts:1780:11)
    at BuildOrchestrator.executeAgentWithFeedback (C:\Users\SBS\Desktop\New folder (4)\vito\src\lib\agents\orchestrator\orchestrator.ts:1481:23)
    at process.processTicksAndRejections (node:internal/process/task_queues:103:5)
    at async BuildOrchestrator.executeAgent (C:\Users\SBS\Desktop\New folder (4)\vito\src\lib\agents\orchestrator\orchestrator.ts:1234:22)
    at async Promise.all (index 0)
    at async BuildOrchestrator.executePhase (C:\Users\SBS\Desktop\New folder (4)\vito\src\lib\agents\orchestrator\orchestrator.ts:1060:26)
    at async BuildOrchestrator.start (C:\Users\SBS\Desktop\New folder (4)\vito\src\lib\agents\orchestrator\orchestrator.ts:658:29)
    at async runBuild (C:\Users\SBS\Desktop\New folder (4)\vito\scripts\build-olympus-dashboard.ts:189:18)
    ‚Üí Agent architect_conversion: completed (1 artifacts)
[AGENT_CALL] 2026-01-27T10:21:51.704Z - COMPLETED: architect_conversion in 15682ms, success=true
  [25%] Phase: conversion | Agents: none
[AGENT_CALL] 2026-01-27T10:21:51.705Z - ENTERING: executeAgent(conversion_judge)
[DEGRADATION] Agent conversion_judge not active in tier GOLD - skipping
[PERSISTENCE] Database connection failed for critical decisions: Error: Missing SUPABASE_SERVICE_ROLE_KEY
    at createServiceRoleClient (C:\Users\SBS\Desktop\New folder (4)\vito\src\lib\auth\clients\admin.ts:20:11)
    at saveCriticalDecisions (C:\Users\SBS\Desktop\New folder (4)\vito\src\lib\agents\context\persistence.ts:189:22)
    at BuildContextManager.persistCriticalDecisions (C:\Users\SBS\Desktop\New folder (4)\vito\src\lib\agents\context\manager.ts:204:5)
    at BuildContextManager.updateCriticalDecisions (C:\Users\SBS\Desktop\New folder (4)\vito\src\lib\agents\context\manager.ts:169:10)
    at BuildContextManager.recordOutput (C:\Users\SBS\Desktop\New folder (4)\vito\src\lib\agents\context\manager.ts:147:10)
    at BuildOrchestrator.executeAgent (C:\Users\SBS\Desktop\New folder (4)\vito\src\lib\agents\orchestrator\orchestrator.ts:1203:20)
    at <anonymous> (C:\Users\SBS\Desktop\New folder (4)\vito\src\lib\agents\orchestrator\orchestrator.ts:1053:59)
    at Array.map (<anonymous>)
    at BuildOrchestrator.executePhase (C:\Users\SBS\Desktop\New folder (4)\vito\src\lib\agents\orchestrator\orchestrator.ts:1053:37)
    at process.processTicksAndRejections (node:internal/process/task_queues:103:5)
  [28%] Phase: conversion | Agents: none
[Scheduler] Phase conversion COMPLETE. Status: [{"agentId":"psyche","completed":true,"failed":false,"optional":false},{"agentId":"scribe","completed":true,"failed":false,"optional":false},{"agentId":"architect_conversion","completed":true,"failed":false,"optional":false},{"agentId":"conversion_judge","completed":true,"failed":false,"optional":false}]
  ‚úì Phase conversion completed (completed)
[ORCH_PHASE] 2026-01-27T10:21:51.712Z - Phase conversion result: success=true, error=none
[Orchestrator] ‚úì Phase conversion completed. Completed phases: discovery, conversion
[Orchestrator] ===== PHASE 3/7: design =====
[Orchestrator] Phase agents (6): palette, grid, blocks, cartographer, flow, artist
[ORCH_PHASE] 2026-01-27T10:21:51.712Z - ENTERING: executePhase(design)
[ORCH_PHASE] 2026-01-27T10:21:51.712Z - Starting phase loop for design
[ORCH_LOOP] 2026-01-27T10:21:51.712Z - Loop iteration 1 {"phase":"design","nextAgents":["palette"],"runningAgents":[],"deadlockCounter":0,"isPhaseComplete":false}
[AGENT_CALL] 2026-01-27T10:21:51.712Z - ENTERING: executeAgent(palette)
[AGENT_CALL] 2026-01-27T10:21:51.712Z - CALLING: palette (phase: design)
[Orchestrator] Agent palette - Iteration 1/3
[ARCHON-PARSER] ‚ö†Ô∏è WARNING: ARCHON output failed validation. Using partial merge with defaults. 
  Output keys:  
  This may indicate a malformed ARCHON response.
[50X COORDINATION] palette: Injected 500 tokens of upstream constraints
[EXECUTOR] 2026-01-27T10:21:51.715Z - Creating executor for palette, iteration 1
[EXECUTOR] 2026-01-27T10:21:51.715Z - CALLING executor.execute() for palette
[PERSISTENCE] ‚úì CriticalDecisions saved to file: C:\Users\SBS\Desktop\New folder (4)\vito\.olympus\decisions\olympus-dashboard-1769509209565.json
[PERSISTENCE] ‚úì CriticalDecisions saved to file: C:\Users\SBS\Desktop\New folder (4)\vito\.olympus\decisions\olympus-dashboard-1769509209565.json
[searchExamples] Collection dimension detected: 768
[Redis] Connected successfully
[HEARTBEAT] 2026-01-27T10:21:54.768Z {"buildId":"olympus-dashboard-1769509209565","status":"running","currentPhase":"design","currentAgent":"palette","completedAgents":["oracle","empathy","venture","strategos","scope","psyche","scribe","architect_conversion","conversion_judge"],"runningAgents":["palette"],"failedAgents":[],"progress":28}
[HEARTBEAT] 2026-01-27T10:21:59.776Z {"buildId":"olympus-dashboard-1769509209565","status":"running","currentPhase":"design","currentAgent":"palette","completedAgents":["oracle","empathy","venture","strategos","scope","psyche","scribe","architect_conversion","conversion_judge"],"runningAgents":["palette"],"failedAgents":[],"progress":28}
[HEARTBEAT] 2026-01-27T10:22:04.790Z {"buildId":"olympus-dashboard-1769509209565","status":"running","currentPhase":"design","currentAgent":"palette","completedAgents":["oracle","empathy","venture","strategos","scope","psyche","scribe","architect_conversion","conversion_judge"],"runningAgents":["palette"],"failedAgents":[],"progress":28}
[Executor] AI execution succeeded: 8828 tokens, provider=anthropic
[Executor] Response content type: string, length: 5604
[Executor] Parsing response: {
  "brand_interpretation": {
    "user_request": "Build the OLYMPUS Builder Dashboard v1.0",
    "i...
[Parser] ===== PARSING palette =====
[Parser] Raw content length: 5604
[Parser] Raw content start: {
  "brand_interpretation": {
    "user_request": "Build the OLYMPUS Builder Dashboard v1.0",
    "interpreted_as": "A dark, sophisticated design system for a powerful developer tool focused on transp...
[Parser] Extracted JSON length: 5604
[Parser] Extracted JSON start: {
  "brand_interpretation": {
    "user_request": "Build the OLYMPUS Builder Dashboard v1.0",
    "interpreted_as": "A dark, sophisticated design system for a powerful developer tool focused on transp...
[Parser] JSON.parse SUCCESS for palette
[Parser] Agent palette: parsed.files exists = false, isArray = false, length = 0
[Executor] Parsed successfully: artifacts=1, status=completed
[EXECUTOR] 2026-01-27T10:22:08.790Z - executor.execute() RETURNED for palette in 17075ms {"success":true,"hasOutput":true,"errorMessage":null,"artifactCount":1}
[Orchestrator] Agent palette - Quality Score: 100/100 (min: 60)
[Orchestrator] Agent palette - Quality PASSED on iteration 1
[PERSISTENCE] Database connection failed for critical decisions: Error: Missing SUPABASE_SERVICE_ROLE_KEY
    at createServiceRoleClient (C:\Users\SBS\Desktop\New folder (4)\vito\src\lib\auth\clients\admin.ts:20:11)
    at saveCriticalDecisions (C:\Users\SBS\Desktop\New folder (4)\vito\src\lib\agents\context\persistence.ts:189:22)
    at BuildContextManager.persistCriticalDecisions (C:\Users\SBS\Desktop\New folder (4)\vito\src\lib\agents\context\manager.ts:204:5)
    at BuildContextManager.updateCriticalDecisions (C:\Users\SBS\Desktop\New folder (4)\vito\src\lib\agents\context\manager.ts:169:10)
    at BuildContextManager.recordOutput (C:\Users\SBS\Desktop\New folder (4)\vito\src\lib\agents\context\manager.ts:147:10)
    at BuildOrchestrator.finalizeAgentSuccess (C:\Users\SBS\Desktop\New folder (4)\vito\src\lib\agents\orchestrator\orchestrator.ts:1779:18)
    at BuildOrchestrator.executeAgentWithFeedback (C:\Users\SBS\Desktop\New folder (4)\vito\src\lib\agents\orchestrator\orchestrator.ts:1481:23)
    at process.processTicksAndRejections (node:internal/process/task_queues:103:5)
    at async BuildOrchestrator.executeAgent (C:\Users\SBS\Desktop\New folder (4)\vito\src\lib\agents\orchestrator\orchestrator.ts:1234:22)
    at async Promise.all (index 0)
[PERSISTENCE] Database connection failed (non-fatal): Error: Missing SUPABASE_SERVICE_ROLE_KEY
    at createServiceRoleClient (C:\Users\SBS\Desktop\New folder (4)\vito\src\lib\auth\clients\admin.ts:20:11)
    at saveAgentOutput (C:\Users\SBS\Desktop\New folder (4)\vito\src\lib\agents\context\persistence.ts:74:22)
    at BuildOrchestrator.finalizeAgentSuccess (C:\Users\SBS\Desktop\New folder (4)\vito\src\lib\agents\orchestrator\orchestrator.ts:1780:11)
    at BuildOrchestrator.executeAgentWithFeedback (C:\Users\SBS\Desktop\New folder (4)\vito\src\lib\agents\orchestrator\orchestrator.ts:1481:23)
    at process.processTicksAndRejections (node:internal/process/task_queues:103:5)
    at async BuildOrchestrator.executeAgent (C:\Users\SBS\Desktop\New folder (4)\vito\src\lib\agents\orchestrator\orchestrator.ts:1234:22)
    at async Promise.all (index 0)
    at async BuildOrchestrator.executePhase (C:\Users\SBS\Desktop\New folder (4)\vito\src\lib\agents\orchestrator\orchestrator.ts:1060:26)
    at async BuildOrchestrator.start (C:\Users\SBS\Desktop\New folder (4)\vito\src\lib\agents\orchestrator\orchestrator.ts:658:29)
    at async runBuild (C:\Users\SBS\Desktop\New folder (4)\vito\scripts\build-olympus-dashboard.ts:189:18)
    ‚Üí Agent palette: completed (1 artifacts)
[AGENT_CALL] 2026-01-27T10:22:08.795Z - COMPLETED: palette in 17083ms, success=true
  [31%] Phase: design | Agents: none
[AGENT_CALL] 2026-01-27T10:22:08.799Z - ENTERING: executeAgent(grid)
[DEGRADATION] Agent grid not active in tier GOLD - skipping
[PERSISTENCE] Database connection failed for critical decisions: Error: Missing SUPABASE_SERVICE_ROLE_KEY
    at createServiceRoleClient (C:\Users\SBS\Desktop\New folder (4)\vito\src\lib\auth\clients\admin.ts:20:11)
    at saveCriticalDecisions (C:\Users\SBS\Desktop\New folder (4)\vito\src\lib\agents\context\persistence.ts:189:22)
    at BuildContextManager.persistCriticalDecisions (C:\Users\SBS\Desktop\New folder (4)\vito\src\lib\agents\context\manager.ts:204:5)
    at BuildContextManager.updateCriticalDecisions (C:\Users\SBS\Desktop\New folder (4)\vito\src\lib\agents\context\manager.ts:169:10)
    at BuildContextManager.recordOutput (C:\Users\SBS\Desktop\New folder (4)\vito\src\lib\agents\context\manager.ts:147:10)
    at BuildOrchestrator.executeAgent (C:\Users\SBS\Desktop\New folder (4)\vito\src\lib\agents\orchestrator\orchestrator.ts:1203:20)
    at <anonymous> (C:\Users\SBS\Desktop\New folder (4)\vito\src\lib\agents\orchestrator\orchestrator.ts:1053:59)
    at Array.map (<anonymous>)
    at BuildOrchestrator.executePhase (C:\Users\SBS\Desktop\New folder (4)\vito\src\lib\agents\orchestrator\orchestrator.ts:1053:37)
    at process.processTicksAndRejections (node:internal/process/task_queues:103:5)
  [34%] Phase: design | Agents: none
[AGENT_CALL] 2026-01-27T10:22:08.805Z - ENTERING: executeAgent(blocks)
[AGENT_CALL] 2026-01-27T10:22:08.806Z - CALLING: blocks (phase: design)
[Orchestrator] Agent blocks - Iteration 1/3
[ARCHON-PARSER] ‚ö†Ô∏è WARNING: ARCHON output failed validation. Using partial merge with defaults. 
  Output keys:  
  This may indicate a malformed ARCHON response.
[50X COORDINATION] blocks: Injected 845 tokens of upstream constraints
[EXECUTOR] 2026-01-27T10:22:08.811Z - Creating executor for blocks, iteration 1
[EXECUTOR] 2026-01-27T10:22:08.811Z - CALLING executor.execute() for blocks
[Executor] Dependency grid was skipped (tier_degradation). Agent blocks will use fallback behavior.
[PERSISTENCE] ‚úì CriticalDecisions saved to file: C:\Users\SBS\Desktop\New folder (4)\vito\.olympus\decisions\olympus-dashboard-1769509209565.json
[PERSISTENCE] ‚úì CriticalDecisions saved to file: C:\Users\SBS\Desktop\New folder (4)\vito\.olympus\decisions\olympus-dashboard-1769509209565.json
[HEARTBEAT] 2026-01-27T10:22:09.801Z {"buildId":"olympus-dashboard-1769509209565","status":"running","currentPhase":"design","currentAgent":"blocks","completedAgents":["oracle","empathy","venture","strategos","scope","psyche","scribe","architect_conversion","conversion_judge","palette","grid"],"runningAgents":["blocks"],"failedAgents":[],"progress":34}
[HEARTBEAT] 2026-01-27T10:22:14.814Z {"buildId":"olympus-dashboard-1769509209565","status":"running","currentPhase":"design","currentAgent":"blocks","completedAgents":["oracle","empathy","venture","strategos","scope","psyche","scribe","architect_conversion","conversion_judge","palette","grid"],"runningAgents":["blocks"],"failedAgents":[],"progress":34}
[HEARTBEAT] 2026-01-27T10:22:19.815Z {"buildId":"olympus-dashboard-1769509209565","status":"running","currentPhase":"design","currentAgent":"blocks","completedAgents":["oracle","empathy","venture","strategos","scope","psyche","scribe","architect_conversion","conversion_judge","palette","grid"],"runningAgents":["blocks"],"failedAgents":[],"progress":34}
[HEARTBEAT] 2026-01-27T10:22:24.822Z {"buildId":"olympus-dashboard-1769509209565","status":"running","currentPhase":"design","currentAgent":"blocks","completedAgents":["oracle","empathy","venture","strategos","scope","psyche","scribe","architect_conversion","conversion_judge","palette","grid"],"runningAgents":["blocks"],"failedAgents":[],"progress":34}
[HEARTBEAT] 2026-01-27T10:22:29.837Z {"buildId":"olympus-dashboard-1769509209565","status":"running","currentPhase":"design","currentAgent":"blocks","completedAgents":["oracle","empathy","venture","strategos","scope","psyche","scribe","architect_conversion","conversion_judge","palette","grid"],"runningAgents":["blocks"],"failedAgents":[],"progress":34}
[HEARTBEAT] 2026-01-27T10:22:34.841Z {"buildId":"olympus-dashboard-1769509209565","status":"running","currentPhase":"design","currentAgent":"blocks","completedAgents":["oracle","empathy","venture","strategos","scope","psyche","scribe","architect_conversion","conversion_judge","palette","grid"],"runningAgents":["blocks"],"failedAgents":[],"progress":34}
[Executor] AI execution succeeded: 19199 tokens, provider=anthropic
[Executor] Response content type: string, length: 13660
[Executor] Parsing response: {
  "architecture_overview": {
    "total_components": 60,
    "atoms": 8,
    "molecules": 32,
    ...
[Parser] ===== PARSING blocks =====
[Parser] Raw content length: 13660
[Parser] Raw content start: {
  "architecture_overview": {
    "total_components": 60,
    "atoms": 8,
    "molecules": 32,
    "organisms": 15,
    "templates": 5,
    "design_system": "OLYMPUS 50X"
  },

  "design_tokens_consu...
[Parser] Extracted JSON length: 13414
[Parser] Extracted JSON start: {
  "architecture_overview": {
    "total_components": 60,
    "atoms": 8,
    "molecules": 32,
    "organisms": 15,
    "templates": 5,
    "design_system": "OLYMPUS 50X"
  },

  "design_tokens_consu...
[Parser] ===== PARSE FAILED for blocks =====
[Parser] Error: Expected ',' or '}' after property value in JSON at position 13414 (line 447 column 8)
[Parser] Raw content first 500 chars: {
  "architecture_overview": {
    "total_components": 60,
    "atoms": 8,
    "molecules": 32,
    "organisms": 15,
    "templates": 5,
    "design_system": "OLYMPUS 50X"
  },

  "design_tokens_consumed": {
    "from_palette": [
      "colors",
      "typography",
      "spacing",
      "radius",
      "shadows",
      "motion"
    ],
    "token_mapping": {
      "button.background": "colors.primary.500",
      "button.text": "colors.neutral.50",
      "input.border.default": "colors.neutral.30
[Executor] Parsed successfully: artifacts=1, status=completed
[EXECUTOR] 2026-01-27T10:22:37.339Z - executor.execute() RETURNED for blocks in 28528ms {"success":true,"hasOutput":true,"errorMessage":null,"artifactCount":1}
[Orchestrator] Agent blocks - Quality Score: 100/100 (min: 60)
[Orchestrator] Agent blocks - Quality PASSED on iteration 1
[JSON] Parse failed in critical-summarizer:paletteDecisions: SyntaxError: Unterminated string in JSON at position 13660 (line 453 column 38)
    at JSON.parse (<anonymous>)
    at safeJsonParse (C:\Users\SBS\Desktop\New folder (4)\vito\src\lib\utils\safe-json.ts:23:17)
    at extractPaletteDecisions (C:\Users\SBS\Desktop\New folder (4)\vito\src\lib\agents\coordination\critical-summarizer.ts:241:18)
    at updateCriticalDecisions (C:\Users\SBS\Desktop\New folder (4)\vito\src\lib\agents\coordination\critical-summarizer.ts:502:27)
    at BuildContextManager.updateCriticalDecisions (C:\Users\SBS\Desktop\New folder (4)\vito\src\lib\agents\context\manager.ts:160:33)
    at BuildContextManager.recordOutput (C:\Users\SBS\Desktop\New folder (4)\vito\src\lib\agents\context\manager.ts:147:10)
    at BuildOrchestrator.finalizeAgentSuccess (C:\Users\SBS\Desktop\New folder (4)\vito\src\lib\agents\orchestrator\orchestrator.ts:1779:18)
    at BuildOrchestrator.executeAgentWithFeedback (C:\Users\SBS\Desktop\New folder (4)\vito\src\lib\agents\orchestrator\orchestrator.ts:1481:23)
    at process.processTicksAndRejections (node:internal/process/task_queues:103:5)
    at async BuildOrchestrator.executeAgent (C:\Users\SBS\Desktop\New folder (4)\vito\src\lib\agents\orchestrator\orchestrator.ts:1234:22)
[JSON] Content preview: {
  "architecture_overview": {
    "total_components": 60,
    "atoms": 8,
    "molecules": 32,
    "organisms": 15,
    "templates": 5,
    "design_system": "OLYMPUS 50X"
  },

  "design_tokens_consu...
[PERSISTENCE] Database connection failed for critical decisions: Error: Missing SUPABASE_SERVICE_ROLE_KEY
    at createServiceRoleClient (C:\Users\SBS\Desktop\New folder (4)\vito\src\lib\auth\clients\admin.ts:20:11)
    at saveCriticalDecisions (C:\Users\SBS\Desktop\New folder (4)\vito\src\lib\agents\context\persistence.ts:189:22)
    at BuildContextManager.persistCriticalDecisions (C:\Users\SBS\Desktop\New folder (4)\vito\src\lib\agents\context\manager.ts:204:5)
    at BuildContextManager.updateCriticalDecisions (C:\Users\SBS\Desktop\New folder (4)\vito\src\lib\agents\context\manager.ts:169:10)
    at BuildContextManager.recordOutput (C:\Users\SBS\Desktop\New folder (4)\vito\src\lib\agents\context\manager.ts:147:10)
    at BuildOrchestrator.finalizeAgentSuccess (C:\Users\SBS\Desktop\New folder (4)\vito\src\lib\agents\orchestrator\orchestrator.ts:1779:18)
    at BuildOrchestrator.executeAgentWithFeedback (C:\Users\SBS\Desktop\New folder (4)\vito\src\lib\agents\orchestrator\orchestrator.ts:1481:23)
    at process.processTicksAndRejections (node:internal/process/task_queues:103:5)
    at async BuildOrchestrator.executeAgent (C:\Users\SBS\Desktop\New folder (4)\vito\src\lib\agents\orchestrator\orchestrator.ts:1234:22)
    at async Promise.all (index 0)
[PERSISTENCE] Database connection failed (non-fatal): Error: Missing SUPABASE_SERVICE_ROLE_KEY
    at createServiceRoleClient (C:\Users\SBS\Desktop\New folder (4)\vito\src\lib\auth\clients\admin.ts:20:11)
    at saveAgentOutput (C:\Users\SBS\Desktop\New folder (4)\vito\src\lib\agents\context\persistence.ts:74:22)
    at BuildOrchestrator.finalizeAgentSuccess (C:\Users\SBS\Desktop\New folder (4)\vito\src\lib\agents\orchestrator\orchestrator.ts:1780:11)
    at BuildOrchestrator.executeAgentWithFeedback (C:\Users\SBS\Desktop\New folder (4)\vito\src\lib\agents\orchestrator\orchestrator.ts:1481:23)
    at process.processTicksAndRejections (node:internal/process/task_queues:103:5)
    at async BuildOrchestrator.executeAgent (C:\Users\SBS\Desktop\New folder (4)\vito\src\lib\agents\orchestrator\orchestrator.ts:1234:22)
    at async Promise.all (index 0)
    at async BuildOrchestrator.executePhase (C:\Users\SBS\Desktop\New folder (4)\vito\src\lib\agents\orchestrator\orchestrator.ts:1060:26)
    at async BuildOrchestrator.start (C:\Users\SBS\Desktop\New folder (4)\vito\src\lib\agents\orchestrator\orchestrator.ts:658:29)
    at async runBuild (C:\Users\SBS\Desktop\New folder (4)\vito\scripts\build-olympus-dashboard.ts:189:18)
    ‚Üí Agent blocks: completed (1 artifacts)
[AGENT_CALL] 2026-01-27T10:22:37.349Z - COMPLETED: blocks in 28543ms, success=true
  [38%] Phase: design | Agents: none
[AGENT_CALL] 2026-01-27T10:22:37.350Z - ENTERING: executeAgent(cartographer)
[AGENT_CALL] 2026-01-27T10:22:37.350Z - CALLING: cartographer (phase: design)
[Orchestrator] Agent cartographer - Iteration 1/3
[ARCHON-PARSER] ‚ö†Ô∏è WARNING: ARCHON output failed validation. Using partial merge with defaults. 
  Output keys:  
  This may indicate a malformed ARCHON response.
[50X COORDINATION] cartographer: Injected 286 tokens of upstream constraints
[EXECUTOR] 2026-01-27T10:22:37.352Z - Creating executor for cartographer, iteration 1
[EXECUTOR] 2026-01-27T10:22:37.352Z - CALLING executor.execute() for cartographer
[PERSISTENCE] ‚úì CriticalDecisions saved to file: C:\Users\SBS\Desktop\New folder (4)\vito\.olympus\decisions\olympus-dashboard-1769509209565.json
[HEARTBEAT] 2026-01-27T10:22:39.852Z {"buildId":"olympus-dashboard-1769509209565","status":"running","currentPhase":"design","currentAgent":"cartographer","completedAgents":["oracle","empathy","venture","strategos","scope","psyche","scribe","architect_conversion","conversion_judge","palette","grid","blocks"],"runningAgents":["cartographer"],"failedAgents":[],"progress":38}
[HEARTBEAT] 2026-01-27T10:22:44.862Z {"buildId":"olympus-dashboard-1769509209565","status":"running","currentPhase":"design","currentAgent":"cartographer","completedAgents":["oracle","empathy","venture","strategos","scope","psyche","scribe","architect_conversion","conversion_judge","palette","grid","blocks"],"runningAgents":["cartographer"],"failedAgents":[],"progress":38}
[HEARTBEAT] 2026-01-27T10:22:49.871Z {"buildId":"olympus-dashboard-1769509209565","status":"running","currentPhase":"design","currentAgent":"cartographer","completedAgents":["oracle","empathy","venture","strategos","scope","psyche","scribe","architect_conversion","conversion_judge","palette","grid","blocks"],"runningAgents":["cartographer"],"failedAgents":[],"progress":38}
[Executor] AI execution succeeded: 6161 tokens, provider=anthropic
[Executor] Response content type: string, length: 7388
[Executor] Parsing response: {
  "sitemap": {
    "pages": [
      {
        "id": "page_console",
        "path": "/console",
  ...
[Parser] ===== PARSING cartographer =====
[Parser] Raw content length: 7388
[Parser] Raw content start: {
  "sitemap": {
    "pages": [
      {
        "id": "page_console",
        "path": "/console",
        "title": "Build Console",
        "description": "Main dashboard for monitoring and managing b...
[Parser] Extracted JSON length: 7388
[Parser] Extracted JSON start: {
  "sitemap": {
    "pages": [
      {
        "id": "page_console",
        "path": "/console",
        "title": "Build Console",
        "description": "Main dashboard for monitoring and managing b...
[Parser] JSON.parse SUCCESS for cartographer
[Parser] Agent cartographer: parsed.files exists = false, isArray = false, length = 0
[Executor] Parsed successfully: artifacts=1, status=completed
Agent cartographer validation issues: 1 error(s): Missing required field: pages
[EXECUTOR] 2026-01-27T10:22:51.803Z - executor.execute() RETURNED for cartographer in 14451ms {"success":true,"hasOutput":true,"errorMessage":null,"artifactCount":1}
[Orchestrator] Agent cartographer - Quality Score: 100/100 (min: 60)
[Orchestrator] Agent cartographer - Quality PASSED on iteration 1
[PERSISTENCE] Database connection failed for critical decisions: Error: Missing SUPABASE_SERVICE_ROLE_KEY
    at createServiceRoleClient (C:\Users\SBS\Desktop\New folder (4)\vito\src\lib\auth\clients\admin.ts:20:11)
    at saveCriticalDecisions (C:\Users\SBS\Desktop\New folder (4)\vito\src\lib\agents\context\persistence.ts:189:22)
    at BuildContextManager.persistCriticalDecisions (C:\Users\SBS\Desktop\New folder (4)\vito\src\lib\agents\context\manager.ts:204:5)
    at BuildContextManager.updateCriticalDecisions (C:\Users\SBS\Desktop\New folder (4)\vito\src\lib\agents\context\manager.ts:169:10)
    at BuildContextManager.recordOutput (C:\Users\SBS\Desktop\New folder (4)\vito\src\lib\agents\context\manager.ts:147:10)
    at BuildOrchestrator.finalizeAgentSuccess (C:\Users\SBS\Desktop\New folder (4)\vito\src\lib\agents\orchestrator\orchestrator.ts:1779:18)
    at BuildOrchestrator.executeAgentWithFeedback (C:\Users\SBS\Desktop\New folder (4)\vito\src\lib\agents\orchestrator\orchestrator.ts:1481:23)
    at process.processTicksAndRejections (node:internal/process/task_queues:103:5)
    at async BuildOrchestrator.executeAgent (C:\Users\SBS\Desktop\New folder (4)\vito\src\lib\agents\orchestrator\orchestrator.ts:1234:22)
    at async Promise.all (index 0)
[PERSISTENCE] Database connection failed (non-fatal): Error: Missing SUPABASE_SERVICE_ROLE_KEY
    at createServiceRoleClient (C:\Users\SBS\Desktop\New folder (4)\vito\src\lib\auth\clients\admin.ts:20:11)
    at saveAgentOutput (C:\Users\SBS\Desktop\New folder (4)\vito\src\lib\agents\context\persistence.ts:74:22)
    at BuildOrchestrator.finalizeAgentSuccess (C:\Users\SBS\Desktop\New folder (4)\vito\src\lib\agents\orchestrator\orchestrator.ts:1780:11)
    at BuildOrchestrator.executeAgentWithFeedback (C:\Users\SBS\Desktop\New folder (4)\vito\src\lib\agents\orchestrator\orchestrator.ts:1481:23)
    at process.processTicksAndRejections (node:internal/process/task_queues:103:5)
    at async BuildOrchestrator.executeAgent (C:\Users\SBS\Desktop\New folder (4)\vito\src\lib\agents\orchestrator\orchestrator.ts:1234:22)
    at async Promise.all (index 0)
    at async BuildOrchestrator.executePhase (C:\Users\SBS\Desktop\New folder (4)\vito\src\lib\agents\orchestrator\orchestrator.ts:1060:26)
    at async BuildOrchestrator.start (C:\Users\SBS\Desktop\New folder (4)\vito\src\lib\agents\orchestrator\orchestrator.ts:658:29)
    at async runBuild (C:\Users\SBS\Desktop\New folder (4)\vito\scripts\build-olympus-dashboard.ts:189:18)
    ‚Üí Agent cartographer: completed (1 artifacts)
[AGENT_CALL] 2026-01-27T10:22:51.807Z - COMPLETED: cartographer in 14457ms, success=true
  [41%] Phase: design | Agents: none
[AGENT_CALL] 2026-01-27T10:22:51.809Z - ENTERING: executeAgent(flow)
[DEGRADATION] Agent flow not active in tier GOLD - skipping
[PERSISTENCE] Database connection failed for critical decisions: Error: Missing SUPABASE_SERVICE_ROLE_KEY
    at createServiceRoleClient (C:\Users\SBS\Desktop\New folder (4)\vito\src\lib\auth\clients\admin.ts:20:11)
    at saveCriticalDecisions (C:\Users\SBS\Desktop\New folder (4)\vito\src\lib\agents\context\persistence.ts:189:22)
    at BuildContextManager.persistCriticalDecisions (C:\Users\SBS\Desktop\New folder (4)\vito\src\lib\agents\context\manager.ts:204:5)
    at BuildContextManager.updateCriticalDecisions (C:\Users\SBS\Desktop\New folder (4)\vito\src\lib\agents\context\manager.ts:169:10)
    at BuildContextManager.recordOutput (C:\Users\SBS\Desktop\New folder (4)\vito\src\lib\agents\context\manager.ts:147:10)
    at BuildOrchestrator.executeAgent (C:\Users\SBS\Desktop\New folder (4)\vito\src\lib\agents\orchestrator\orchestrator.ts:1203:20)
    at <anonymous> (C:\Users\SBS\Desktop\New folder (4)\vito\src\lib\agents\orchestrator\orchestrator.ts:1053:59)
    at Array.map (<anonymous>)
    at BuildOrchestrator.executePhase (C:\Users\SBS\Desktop\New folder (4)\vito\src\lib\agents\orchestrator\orchestrator.ts:1053:37)
    at process.processTicksAndRejections (node:internal/process/task_queues:103:5)
  [44%] Phase: design | Agents: none
[AGENT_CALL] 2026-01-27T10:22:51.811Z - ENTERING: executeAgent(artist)
[AGENT_CALL] 2026-01-27T10:22:51.812Z - CALLING: artist (phase: design)
[Orchestrator] Agent artist - Iteration 1/3
[ARCHON-PARSER] ‚ö†Ô∏è WARNING: ARCHON output failed validation. Using partial merge with defaults. 
  Output keys:  
  This may indicate a malformed ARCHON response.
[50X COORDINATION] artist: Injected 500 tokens of upstream constraints
[EXECUTOR] 2026-01-27T10:22:51.813Z - Creating executor for artist, iteration 1
[EXECUTOR] 2026-01-27T10:22:51.813Z - CALLING executor.execute() for artist
[PERSISTENCE] ‚úì CriticalDecisions saved to file: C:\Users\SBS\Desktop\New folder (4)\vito\.olympus\decisions\olympus-dashboard-1769509209565.json
[PERSISTENCE] ‚úì CriticalDecisions saved to file: C:\Users\SBS\Desktop\New folder (4)\vito\.olympus\decisions\olympus-dashboard-1769509209565.json
[HEARTBEAT] 2026-01-27T10:22:54.874Z {"buildId":"olympus-dashboard-1769509209565","status":"running","currentPhase":"design","currentAgent":"artist","completedAgents":["oracle","empathy","venture","strategos","scope","psyche","scribe","architect_conversion","conversion_judge","palette","grid","blocks","cartographer","flow"],"runningAgents":["artist"],"failedAgents":[],"progress":44}
[HEARTBEAT] 2026-01-27T10:22:59.876Z {"buildId":"olympus-dashboard-1769509209565","status":"running","currentPhase":"design","currentAgent":"artist","completedAgents":["oracle","empathy","venture","strategos","scope","psyche","scribe","architect_conversion","conversion_judge","palette","grid","blocks","cartographer","flow"],"runningAgents":["artist"],"failedAgents":[],"progress":44}
[HEARTBEAT] 2026-01-27T10:23:04.880Z {"buildId":"olympus-dashboard-1769509209565","status":"running","currentPhase":"design","currentAgent":"artist","completedAgents":["oracle","empathy","venture","strategos","scope","psyche","scribe","architect_conversion","conversion_judge","palette","grid","blocks","cartographer","flow"],"runningAgents":["artist"],"failedAgents":[],"progress":44}
[Executor] AI execution succeeded: 3843 tokens, provider=anthropic
[Executor] Response content type: string, length: 11044
[Executor] Parsing response: {
  "imageRequirements": [
    {
      "name": "Build List Panel",
      "type": "dashboard_panel",
...
[Parser] ===== PARSING artist =====
[Parser] Raw content length: 11044
[Parser] Raw content start: {
  "imageRequirements": [
    {
      "name": "Build List Panel",
      "type": "dashboard_panel",
      "prompt": {
        "positive": "A sleek, minimalist dashboard panel showing a list of active ...
[Parser] Extracted JSON length: 11044
[Parser] Extracted JSON start: {
  "imageRequirements": [
    {
      "name": "Build List Panel",
      "type": "dashboard_panel",
      "prompt": {
        "positive": "A sleek, minimalist dashboard panel showing a list of active ...
[Parser] JSON.parse SUCCESS for artist
[Parser] Agent artist: parsed.files exists = false, isArray = false, length = 0
[Executor] Parsed successfully: artifacts=1, status=completed
[EXECUTOR] 2026-01-27T10:23:09.112Z - executor.execute() RETURNED for artist in 17299ms {"success":true,"hasOutput":true,"errorMessage":null,"artifactCount":1}
[Orchestrator] Agent artist - Quality Score: 100/100 (min: 60)
[Orchestrator] Agent artist - Quality PASSED on iteration 1
[PERSISTENCE] Database connection failed for critical decisions: Error: Missing SUPABASE_SERVICE_ROLE_KEY
    at createServiceRoleClient (C:\Users\SBS\Desktop\New folder (4)\vito\src\lib\auth\clients\admin.ts:20:11)
    at saveCriticalDecisions (C:\Users\SBS\Desktop\New folder (4)\vito\src\lib\agents\context\persistence.ts:189:22)
    at BuildContextManager.persistCriticalDecisions (C:\Users\SBS\Desktop\New folder (4)\vito\src\lib\agents\context\manager.ts:204:5)
    at BuildContextManager.updateCriticalDecisions (C:\Users\SBS\Desktop\New folder (4)\vito\src\lib\agents\context\manager.ts:169:10)
    at BuildContextManager.recordOutput (C:\Users\SBS\Desktop\New folder (4)\vito\src\lib\agents\context\manager.ts:147:10)
    at BuildOrchestrator.finalizeAgentSuccess (C:\Users\SBS\Desktop\New folder (4)\vito\src\lib\agents\orchestrator\orchestrator.ts:1779:18)
    at BuildOrchestrator.executeAgentWithFeedback (C:\Users\SBS\Desktop\New folder (4)\vito\src\lib\agents\orchestrator\orchestrator.ts:1481:23)
    at process.processTicksAndRejections (node:internal/process/task_queues:103:5)
    at async BuildOrchestrator.executeAgent (C:\Users\SBS\Desktop\New folder (4)\vito\src\lib\agents\orchestrator\orchestrator.ts:1234:22)
    at async Promise.all (index 0)
[PERSISTENCE] Database connection failed (non-fatal): Error: Missing SUPABASE_SERVICE_ROLE_KEY
    at createServiceRoleClient (C:\Users\SBS\Desktop\New folder (4)\vito\src\lib\auth\clients\admin.ts:20:11)
    at saveAgentOutput (C:\Users\SBS\Desktop\New folder (4)\vito\src\lib\agents\context\persistence.ts:74:22)
    at BuildOrchestrator.finalizeAgentSuccess (C:\Users\SBS\Desktop\New folder (4)\vito\src\lib\agents\orchestrator\orchestrator.ts:1780:11)
    at BuildOrchestrator.executeAgentWithFeedback (C:\Users\SBS\Desktop\New folder (4)\vito\src\lib\agents\orchestrator\orchestrator.ts:1481:23)
    at process.processTicksAndRejections (node:internal/process/task_queues:103:5)
    at async BuildOrchestrator.executeAgent (C:\Users\SBS\Desktop\New folder (4)\vito\src\lib\agents\orchestrator\orchestrator.ts:1234:22)
    at async Promise.all (index 0)
    at async BuildOrchestrator.executePhase (C:\Users\SBS\Desktop\New folder (4)\vito\src\lib\agents\orchestrator\orchestrator.ts:1060:26)
    at async BuildOrchestrator.start (C:\Users\SBS\Desktop\New folder (4)\vito\src\lib\agents\orchestrator\orchestrator.ts:658:29)
    at async runBuild (C:\Users\SBS\Desktop\New folder (4)\vito\scripts\build-olympus-dashboard.ts:189:18)
    ‚Üí Agent artist: completed (1 artifacts)
[AGENT_CALL] 2026-01-27T10:23:09.113Z - COMPLETED: artist in 17302ms, success=true
  [47%] Phase: design | Agents: none
[Scheduler] Phase design COMPLETE. Status: [{"agentId":"palette","completed":true,"failed":false,"optional":false},{"agentId":"grid","completed":true,"failed":false,"optional":false},{"agentId":"blocks","completed":true,"failed":false,"optional":false},{"agentId":"cartographer","completed":true,"failed":false,"optional":false},{"agentId":"flow","completed":true,"failed":false,"optional":false},{"agentId":"artist","completed":true,"failed":false,"optional":true}]
  ‚úì Phase design completed (completed)
[ORCH_PHASE] 2026-01-27T10:23:09.114Z - Phase design result: success=true, error=none
[Orchestrator] ‚úì Phase design completed. Completed phases: discovery, conversion, design
[Orchestrator] ===== PHASE 4/7: architecture =====
[Orchestrator] Phase agents (6): archon, datum, nexus, forge, sentinel, atlas
[ORCH_PHASE] 2026-01-27T10:23:09.114Z - ENTERING: executePhase(architecture)
[ORCH_PHASE] 2026-01-27T10:23:09.114Z - Starting phase loop for architecture
[ORCH_LOOP] 2026-01-27T10:23:09.114Z - Loop iteration 1 {"phase":"architecture","nextAgents":["archon"],"runningAgents":[],"deadlockCounter":0,"isPhaseComplete":false}
[AGENT_CALL] 2026-01-27T10:23:09.115Z - ENTERING: executeAgent(archon)
[AGENT_CALL] 2026-01-27T10:23:09.115Z - CALLING: archon (phase: architecture)
[Orchestrator] Agent archon - Iteration 1/3
[ARCHON-PARSER] ‚ö†Ô∏è WARNING: ARCHON output failed validation. Using partial merge with defaults. 
  Output keys:  
  This may indicate a malformed ARCHON response.
[EXECUTOR] 2026-01-27T10:23:09.116Z - Creating executor for archon, iteration 1
[EXECUTOR] 2026-01-27T10:23:09.116Z - CALLING executor.execute() for archon
[PERSISTENCE] ‚úì CriticalDecisions saved to file: C:\Users\SBS\Desktop\New folder (4)\vito\.olympus\decisions\olympus-dashboard-1769509209565.json
Anthropic completion failed after 221ms: NotFoundError: 404 {"type":"error","error":{"type":"not_found_error","message":"model: claude-3-5-sonnet-20241022"},"request_id":"req_011CXXic3cynpzAKsSZ1meBT"}
    at APIError.generate (C:\Users\SBS\Desktop\New folder (4)\vito\node_modules\@anthropic-ai\sdk\src\core\error.ts:75:14)
    at Anthropic.makeStatusError (C:\Users\SBS\Desktop\New folder (4)\vito\node_modules\@anthropic-ai\sdk\src\client.ts:443:28)
    at Anthropic.makeRequest (C:\Users\SBS\Desktop\New folder (4)\vito\node_modules\@anthropic-ai\sdk\src\client.ts:678:24)
    at process.processTicksAndRejections (node:internal/process/task_queues:103:5)
    at async AnthropicProvider.complete (C:\Users\SBS\Desktop\New folder (4)\vito\src\lib\agents\providers\anthropic.ts:200:24)
    at async AIRouter.execute (C:\Users\SBS\Desktop\New folder (4)\vito\src\lib\agents\providers\router.ts:248:26)
    at async AgentExecutor.executeCompletion (C:\Users\SBS\Desktop\New folder (4)\vito\src\lib\agents\executor\executor.ts:152:20)
    at async RetryHandler.executeWithRetry (C:\Users\SBS\Desktop\New folder (4)\vito\src\lib\agents\executor\retry.ts:63:24)
    at async AgentExecutor.execute (C:\Users\SBS\Desktop\New folder (4)\vito\src\lib\agents\executor\executor.ts:95:22)
    at async BuildOrchestrator.executeAgentWithFeedback (C:\Users\SBS\Desktop\New folder (4)\vito\src\lib\agents\orchestrator\orchestrator.ts:1393:22) {
  status: 404,
  headers: Headers {
    date: 'Tue, 27 Jan 2026 10:23:08 GMT',
    'content-type': 'application/json',
    'transfer-encoding': 'chunked',
    connection: 'keep-alive',
    'x-should-retry': 'false',
    'request-id': 'req_011CXXic3cynpzAKsSZ1meBT',
    'strict-transport-security': 'max-age=31536000; includeSubDomains; preload',
    'anthropic-organization-id': 'd06567ef-3469-4f53-ac13-52b8fe9f18b6',
    server: 'cloudflare',
    'x-envoy-upstream-service-time': '45',
    'cf-cache-status': 'DYNAMIC',
    'x-robots-tag': 'none',
    'content-encoding': 'gzip',
    'cf-ray': '9c47886fecaa6da0-MXP'
  },
  requestID: 'req_011CXXic3cynpzAKsSZ1meBT',
  error: {
    type: 'error',
    error: {
      type: 'not_found_error',
      message: 'model: claude-3-5-sonnet-20241022'
    },
    request_id: 'req_011CXXic3cynpzAKsSZ1meBT'
  }
}
Primary provider anthropic failed: 404 {"type":"error","error":{"type":"not_found_error","message":"model: claude-3-5-sonnet-20241022"},"request_id":"req_011CXXic3cynpzAKsSZ1meBT"}
[AIRouter] Checking fallback: enabled=true, fallbackProvider=openai
[AIRouter] Fallback provider found: true, providers keys: anthropic, openai, groq
[AIRouter] Attempting fallback to openai with model gpt-4o-mini
[AIRouter] Calling openai.complete()...
[HEARTBEAT] 2026-01-27T10:23:09.890Z {"buildId":"olympus-dashboard-1769509209565","status":"running","currentPhase":"architecture","currentAgent":"archon","completedAgents":["oracle","empathy","venture","strategos","scope","psyche","scribe","architect_conversion","conversion_judge","palette","grid","blocks","cartographer","flow","artist"],"runningAgents":["archon"],"failedAgents":[],"progress":47}
[HEARTBEAT] 2026-01-27T10:23:14.902Z {"buildId":"olympus-dashboard-1769509209565","status":"running","currentPhase":"architecture","currentAgent":"archon","completedAgents":["oracle","empathy","venture","strategos","scope","psyche","scribe","architect_conversion","conversion_judge","palette","grid","blocks","cartographer","flow","artist"],"runningAgents":["archon"],"failedAgents":[],"progress":47}
[HEARTBEAT] 2026-01-27T10:23:19.908Z {"buildId":"olympus-dashboard-1769509209565","status":"running","currentPhase":"architecture","currentAgent":"archon","completedAgents":["oracle","empathy","venture","strategos","scope","psyche","scribe","architect_conversion","conversion_judge","palette","grid","blocks","cartographer","flow","artist"],"runningAgents":["archon"],"failedAgents":[],"progress":47}
[HEARTBEAT] 2026-01-27T10:23:24.914Z {"buildId":"olympus-dashboard-1769509209565","status":"running","currentPhase":"architecture","currentAgent":"archon","completedAgents":["oracle","empathy","venture","strategos","scope","psyche","scribe","architect_conversion","conversion_judge","palette","grid","blocks","cartographer","flow","artist"],"runningAgents":["archon"],"failedAgents":[],"progress":47}
[HEARTBEAT] 2026-01-27T10:23:29.929Z {"buildId":"olympus-dashboard-1769509209565","status":"running","currentPhase":"architecture","currentAgent":"archon","completedAgents":["oracle","empathy","venture","strategos","scope","psyche","scribe","architect_conversion","conversion_judge","palette","grid","blocks","cartographer","flow","artist"],"runningAgents":["archon"],"failedAgents":[],"progress":47}
[AIRouter] Fallback openai succeeded! Tokens: 5933
[Executor] AI execution succeeded: 5933 tokens, provider=anthropic,openai
[Executor] Response content type: string, length: 4100
[Executor] Parsing response: {
  "tech_stack": {
    "framework": "Next.js 14 App Router",
    "database": "Supabase PostgreSQL",...
[Parser] ===== PARSING archon =====
[Parser] Raw content length: 4100
[Parser] Raw content start: {
  "tech_stack": {
    "framework": "Next.js 14 App Router",
    "database": "Supabase PostgreSQL",
    "orm": "Prisma",
    "auth": "Supabase Auth",
    "cache": "Upstash Redis",
    "state": "Zusta...
[Parser] Extracted JSON length: 4100
[Parser] Extracted JSON start: {
  "tech_stack": {
    "framework": "Next.js 14 App Router",
    "database": "Supabase PostgreSQL",
    "orm": "Prisma",
    "auth": "Supabase Auth",
    "cache": "Upstash Redis",
    "state": "Zusta...
[Parser] JSON.parse SUCCESS for archon
[Parser] Agent archon: parsed.files exists = false, isArray = false, length = 0
[Executor] Parsed successfully: artifacts=1, status=completed
[EXECUTOR] 2026-01-27T10:23:31.674Z - executor.execute() RETURNED for archon in 22558ms {"success":true,"hasOutput":true,"errorMessage":null,"artifactCount":1}
[Orchestrator] Agent archon - Quality Score: 100/100 (min: 60)
[Orchestrator] Agent archon - Quality PASSED on iteration 1
[Orchestrator] ARCHITECTURE VALIDATION PASSED for archon (score: 100)
[Orchestrator] Agent archon - Architecture validation PASSED (score: 100)
[50X GATE] ARCHON output validated: structured architecture decisions present
[PERSISTENCE] Database connection failed for critical decisions: Error: Missing SUPABASE_SERVICE_ROLE_KEY
    at createServiceRoleClient (C:\Users\SBS\Desktop\New folder (4)\vito\src\lib\auth\clients\admin.ts:20:11)
    at saveCriticalDecisions (C:\Users\SBS\Desktop\New folder (4)\vito\src\lib\agents\context\persistence.ts:189:22)
    at BuildContextManager.persistCriticalDecisions (C:\Users\SBS\Desktop\New folder (4)\vito\src\lib\agents\context\manager.ts:204:5)
    at BuildContextManager.updateCriticalDecisions (C:\Users\SBS\Desktop\New folder (4)\vito\src\lib\agents\context\manager.ts:169:10)
    at BuildContextManager.recordOutput (C:\Users\SBS\Desktop\New folder (4)\vito\src\lib\agents\context\manager.ts:147:10)
    at BuildOrchestrator.finalizeAgentSuccess (C:\Users\SBS\Desktop\New folder (4)\vito\src\lib\agents\orchestrator\orchestrator.ts:1779:18)
    at BuildOrchestrator.executeAgentWithFeedback (C:\Users\SBS\Desktop\New folder (4)\vito\src\lib\agents\orchestrator\orchestrator.ts:1481:23)
    at process.processTicksAndRejections (node:internal/process/task_queues:103:5)
    at async BuildOrchestrator.executeAgent (C:\Users\SBS\Desktop\New folder (4)\vito\src\lib\agents\orchestrator\orchestrator.ts:1234:22)
    at async Promise.all (index 0)
[PERSISTENCE] Database connection failed (non-fatal): Error: Missing SUPABASE_SERVICE_ROLE_KEY
    at createServiceRoleClient (C:\Users\SBS\Desktop\New folder (4)\vito\src\lib\auth\clients\admin.ts:20:11)
    at saveAgentOutput (C:\Users\SBS\Desktop\New folder (4)\vito\src\lib\agents\context\persistence.ts:74:22)
    at BuildOrchestrator.finalizeAgentSuccess (C:\Users\SBS\Desktop\New folder (4)\vito\src\lib\agents\orchestrator\orchestrator.ts:1780:11)
    at BuildOrchestrator.executeAgentWithFeedback (C:\Users\SBS\Desktop\New folder (4)\vito\src\lib\agents\orchestrator\orchestrator.ts:1481:23)
    at process.processTicksAndRejections (node:internal/process/task_queues:103:5)
    at async BuildOrchestrator.executeAgent (C:\Users\SBS\Desktop\New folder (4)\vito\src\lib\agents\orchestrator\orchestrator.ts:1234:22)
    at async Promise.all (index 0)
    at async BuildOrchestrator.executePhase (C:\Users\SBS\Desktop\New folder (4)\vito\src\lib\agents\orchestrator\orchestrator.ts:1060:26)
    at async BuildOrchestrator.start (C:\Users\SBS\Desktop\New folder (4)\vito\src\lib\agents\orchestrator\orchestrator.ts:658:29)
    at async runBuild (C:\Users\SBS\Desktop\New folder (4)\vito\scripts\build-olympus-dashboard.ts:189:18)
    ‚Üí Agent archon: completed (1 artifacts)
[AGENT_CALL] 2026-01-27T10:23:31.682Z - COMPLETED: archon in 22567ms, success=true
  [50%] Phase: architecture | Agents: none
[AGENT_CALL] 2026-01-27T10:23:31.684Z - ENTERING: executeAgent(datum)
[AGENT_CALL] 2026-01-27T10:23:31.684Z - CALLING: datum (phase: architecture)
[Orchestrator] Agent datum - Iteration 1/3
[50X COORDINATION] datum: Injected 239 tokens of upstream constraints
[EXECUTOR] 2026-01-27T10:23:31.686Z - Creating executor for datum, iteration 1
[EXECUTOR] 2026-01-27T10:23:31.686Z - CALLING executor.execute() for datum
[PERSISTENCE] ‚úì CriticalDecisions saved to file: C:\Users\SBS\Desktop\New folder (4)\vito\.olympus\decisions\olympus-dashboard-1769509209565.json
[HEARTBEAT] 2026-01-27T10:23:34.932Z {"buildId":"olympus-dashboard-1769509209565","status":"running","currentPhase":"architecture","currentAgent":"datum","completedAgents":["oracle","empathy","venture","strategos","scope","psyche","scribe","architect_conversion","conversion_judge","palette","grid","blocks","cartographer","flow","artist","archon"],"runningAgents":["datum"],"failedAgents":[],"progress":50}
[HEARTBEAT] 2026-01-27T10:23:39.932Z {"buildId":"olympus-dashboard-1769509209565","status":"running","currentPhase":"architecture","currentAgent":"datum","completedAgents":["oracle","empathy","venture","strategos","scope","psyche","scribe","architect_conversion","conversion_judge","palette","grid","blocks","cartographer","flow","artist","archon"],"runningAgents":["datum"],"failedAgents":[],"progress":50}
[HEARTBEAT] 2026-01-27T10:23:44.935Z {"buildId":"olympus-dashboard-1769509209565","status":"running","currentPhase":"architecture","currentAgent":"datum","completedAgents":["oracle","empathy","venture","strategos","scope","psyche","scribe","architect_conversion","conversion_judge","palette","grid","blocks","cartographer","flow","artist","archon"],"runningAgents":["datum"],"failedAgents":[],"progress":50}
[HEARTBEAT] 2026-01-27T10:23:49.946Z {"buildId":"olympus-dashboard-1769509209565","status":"running","currentPhase":"architecture","currentAgent":"datum","completedAgents":["oracle","empathy","venture","strategos","scope","psyche","scribe","architect_conversion","conversion_judge","palette","grid","blocks","cartographer","flow","artist","archon"],"runningAgents":["datum"],"failedAgents":[],"progress":50}
[HEARTBEAT] 2026-01-27T10:23:54.959Z {"buildId":"olympus-dashboard-1769509209565","status":"running","currentPhase":"architecture","currentAgent":"datum","completedAgents":["oracle","empathy","venture","strategos","scope","psyche","scribe","architect_conversion","conversion_judge","palette","grid","blocks","cartographer","flow","artist","archon"],"runningAgents":["datum"],"failedAgents":[],"progress":50}
[HEARTBEAT] 2026-01-27T10:23:59.968Z {"buildId":"olympus-dashboard-1769509209565","status":"running","currentPhase":"architecture","currentAgent":"datum","completedAgents":["oracle","empathy","venture","strategos","scope","psyche","scribe","architect_conversion","conversion_judge","palette","grid","blocks","cartographer","flow","artist","archon"],"runningAgents":["datum"],"failedAgents":[],"progress":50}
[HEARTBEAT] 2026-01-27T10:24:04.970Z {"buildId":"olympus-dashboard-1769509209565","status":"running","currentPhase":"architecture","currentAgent":"datum","completedAgents":["oracle","empathy","venture","strategos","scope","psyche","scribe","architect_conversion","conversion_judge","palette","grid","blocks","cartographer","flow","artist","archon"],"runningAgents":["datum"],"failedAgents":[],"progress":50}
[Executor] AI execution succeeded: 5521 tokens, provider=openai
[Executor] Response content type: string, length: 5284
[Executor] Parsing response: {
  "prisma_schema": "// Full schema.prisma content as string\n\ngenerator client {\n  provider = \"...
[Parser] ===== PARSING datum =====
[Parser] Raw content length: 5284
[Parser] Raw content start: {
  "prisma_schema": "// Full schema.prisma content as string\n\ngenerator client {\n  provider = \"prisma-client-js\"\n}\n\ndatasource db {\n  provider = \"postgresql\"\n  url      = env(\"DATABASE_U...
[Parser] Extracted JSON length: 5284
[Parser] Extracted JSON start: {
  "prisma_schema": "// Full schema.prisma content as string\n\ngenerator client {\n  provider = \"prisma-client-js\"\n}\n\ndatasource db {\n  provider = \"postgresql\"\n  url      = env(\"DATABASE_U...
[Parser] JSON.parse SUCCESS for datum
[Parser] Agent datum: parsed.files exists = true, isArray = true, length = 2
[Parser] Agent datum: Processing 2 files
[Parser] File: prisma/schema.prisma, type=code, hasContent=true, contentLength=18
[Parser] File: prisma/seed.ts, type=code, hasContent=true, contentLength=23
[Parser] Agent datum: Added 2 file artifacts
[Executor] Parsed successfully: artifacts=3, status=completed
Agent datum validation issues: 1 error(s): Missing required field: mock_data
[EXECUTOR] 2026-01-27T10:24:09.793Z - executor.execute() RETURNED for datum in 38107ms {"success":true,"hasOutput":true,"errorMessage":null,"artifactCount":3}
[QualityOrchestrator] Running quality gates for build olympus-dashboard-1769509209565
[QualityOrchestrator] Files to check: 2
[QualityOrchestrator] Running gate: typescript
[QualityOrchestrator] typescript: ‚úÖ PASSED (0 issues)
[QualityOrchestrator] Running gate: eslint
[QualityOrchestrator] eslint: ‚úÖ PASSED (0 issues)
[QualityOrchestrator] Running gate: security
[QualityOrchestrator] security: ‚úÖ PASSED (0 issues)
[QualityOrchestrator] Running gate: links
[QualityOrchestrator] links: ‚úÖ PASSED (0 issues)
[QualityOrchestrator] Running gate: build
[QualityOrchestrator] build: ‚úÖ PASSED (0 issues)
[QualityOrchestrator] Quality check complete: passed (score: 100, threshold: 70, stopOnFailure: false)
[Orchestrator] Agent datum - Quality Score: 100/100 (min: 60)
[Orchestrator] Agent datum - Quality PASSED on iteration 1
[Orchestrator] ARCHITECTURE VALIDATION PASSED for datum (score: 100)
[Orchestrator] Agent datum - Architecture validation PASSED (score: 100)
[50X GATE] datum has 3 constraint warnings:
  ‚ö†Ô∏è ID strategy: cuid: Table "Build" uses wrong ID strategy: 
  ‚ö†Ô∏è ID strategy: cuid: Table "Phase" uses wrong ID strategy: 
  ‚ö†Ô∏è ID strategy: cuid: Table "Agent" uses wrong ID strategy: 
[PERSISTENCE] Database connection failed for critical decisions: Error: Missing SUPABASE_SERVICE_ROLE_KEY
    at createServiceRoleClient (C:\Users\SBS\Desktop\New folder (4)\vito\src\lib\auth\clients\admin.ts:20:11)
    at saveCriticalDecisions (C:\Users\SBS\Desktop\New folder (4)\vito\src\lib\agents\context\persistence.ts:189:22)
    at BuildContextManager.persistCriticalDecisions (C:\Users\SBS\Desktop\New folder (4)\vito\src\lib\agents\context\manager.ts:204:5)
    at BuildContextManager.updateCriticalDecisions (C:\Users\SBS\Desktop\New folder (4)\vito\src\lib\agents\context\manager.ts:169:10)
    at BuildContextManager.recordOutput (C:\Users\SBS\Desktop\New folder (4)\vito\src\lib\agents\context\manager.ts:147:10)
    at BuildOrchestrator.finalizeAgentSuccess (C:\Users\SBS\Desktop\New folder (4)\vito\src\lib\agents\orchestrator\orchestrator.ts:1779:18)
    at BuildOrchestrator.executeAgentWithFeedback (C:\Users\SBS\Desktop\New folder (4)\vito\src\lib\agents\orchestrator\orchestrator.ts:1481:23)
    at process.processTicksAndRejections (node:internal/process/task_queues:103:5)
    at async BuildOrchestrator.executeAgent (C:\Users\SBS\Desktop\New folder (4)\vito\src\lib\agents\orchestrator\orchestrator.ts:1234:22)
    at async Promise.all (index 0)
[PERSISTENCE] Database connection failed (non-fatal): Error: Missing SUPABASE_SERVICE_ROLE_KEY
    at createServiceRoleClient (C:\Users\SBS\Desktop\New folder (4)\vito\src\lib\auth\clients\admin.ts:20:11)
    at saveAgentOutput (C:\Users\SBS\Desktop\New folder (4)\vito\src\lib\agents\context\persistence.ts:74:22)
    at BuildOrchestrator.finalizeAgentSuccess (C:\Users\SBS\Desktop\New folder (4)\vito\src\lib\agents\orchestrator\orchestrator.ts:1780:11)
    at BuildOrchestrator.executeAgentWithFeedback (C:\Users\SBS\Desktop\New folder (4)\vito\src\lib\agents\orchestrator\orchestrator.ts:1481:23)
    at process.processTicksAndRejections (node:internal/process/task_queues:103:5)
    at async BuildOrchestrator.executeAgent (C:\Users\SBS\Desktop\New folder (4)\vito\src\lib\agents\orchestrator\orchestrator.ts:1234:22)
    at async Promise.all (index 0)
    at async BuildOrchestrator.executePhase (C:\Users\SBS\Desktop\New folder (4)\vito\src\lib\agents\orchestrator\orchestrator.ts:1060:26)
    at async BuildOrchestrator.start (C:\Users\SBS\Desktop\New folder (4)\vito\src\lib\agents\orchestrator\orchestrator.ts:658:29)
    at async runBuild (C:\Users\SBS\Desktop\New folder (4)\vito\scripts\build-olympus-dashboard.ts:189:18)
    ‚Üí Agent datum: completed (3 artifacts)
[AGENT_CALL] 2026-01-27T10:24:09.804Z - COMPLETED: datum in 38120ms, success=true
  [53%] Phase: architecture | Agents: none
[AGENT_CALL] 2026-01-27T10:24:09.805Z - ENTERING: executeAgent(nexus)
[AGENT_CALL] 2026-01-27T10:24:09.805Z - CALLING: nexus (phase: architecture)
[Orchestrator] Agent nexus - Iteration 1/3
[50X COORDINATION] nexus: Injected 239 tokens of upstream constraints
[EXECUTOR] 2026-01-27T10:24:09.805Z - Creating executor for nexus, iteration 1
[EXECUTOR] 2026-01-27T10:24:09.805Z - CALLING executor.execute() for nexus
[PERSISTENCE] ‚úì CriticalDecisions saved to file: C:\Users\SBS\Desktop\New folder (4)\vito\.olympus\decisions\olympus-dashboard-1769509209565.json
[HEARTBEAT] 2026-01-27T10:24:09.974Z {"buildId":"olympus-dashboard-1769509209565","status":"running","currentPhase":"architecture","currentAgent":"nexus","completedAgents":["oracle","empathy","venture","strategos","scope","psyche","scribe","architect_conversion","conversion_judge","palette","grid","blocks","cartographer","flow","artist","archon","datum"],"runningAgents":["nexus"],"failedAgents":[],"progress":53}
Anthropic completion failed after 525ms: NotFoundError: 404 {"type":"error","error":{"type":"not_found_error","message":"model: claude-3-5-sonnet-20241022"},"request_id":"req_011CXXigXsTwGQi25ADr76BK"}
    at APIError.generate (C:\Users\SBS\Desktop\New folder (4)\vito\node_modules\@anthropic-ai\sdk\src\core\error.ts:75:14)
    at Anthropic.makeStatusError (C:\Users\SBS\Desktop\New folder (4)\vito\node_modules\@anthropic-ai\sdk\src\client.ts:443:28)
    at Anthropic.makeRequest (C:\Users\SBS\Desktop\New folder (4)\vito\node_modules\@anthropic-ai\sdk\src\client.ts:678:24)
    at process.processTicksAndRejections (node:internal/process/task_queues:103:5)
    at async AnthropicProvider.complete (C:\Users\SBS\Desktop\New folder (4)\vito\src\lib\agents\providers\anthropic.ts:200:24)
    at async AIRouter.execute (C:\Users\SBS\Desktop\New folder (4)\vito\src\lib\agents\providers\router.ts:248:26)
    at async AgentExecutor.executeCompletion (C:\Users\SBS\Desktop\New folder (4)\vito\src\lib\agents\executor\executor.ts:152:20)
    at async RetryHandler.executeWithRetry (C:\Users\SBS\Desktop\New folder (4)\vito\src\lib\agents\executor\retry.ts:63:24)
    at async AgentExecutor.execute (C:\Users\SBS\Desktop\New folder (4)\vito\src\lib\agents\executor\executor.ts:95:22)
    at async BuildOrchestrator.executeAgentWithFeedback (C:\Users\SBS\Desktop\New folder (4)\vito\src\lib\agents\orchestrator\orchestrator.ts:1393:22) {
  status: 404,
  headers: Headers {
    date: 'Tue, 27 Jan 2026 10:24:09 GMT',
    'content-type': 'application/json',
    'transfer-encoding': 'chunked',
    connection: 'keep-alive',
    'x-should-retry': 'false',
    'request-id': 'req_011CXXigXsTwGQi25ADr76BK',
    'strict-transport-security': 'max-age=31536000; includeSubDomains; preload',
    'anthropic-organization-id': 'd06567ef-3469-4f53-ac13-52b8fe9f18b6',
    server: 'cloudflare',
    'x-envoy-upstream-service-time': '167',
    'cf-cache-status': 'DYNAMIC',
    'x-robots-tag': 'none',
    'content-encoding': 'gzip',
    'cf-ray': '9c4789ec5c12526c-MXP'
  },
  requestID: 'req_011CXXigXsTwGQi25ADr76BK',
  error: {
    type: 'error',
    error: {
      type: 'not_found_error',
      message: 'model: claude-3-5-sonnet-20241022'
    },
    request_id: 'req_011CXXigXsTwGQi25ADr76BK'
  }
}
Primary provider anthropic failed: 404 {"type":"error","error":{"type":"not_found_error","message":"model: claude-3-5-sonnet-20241022"},"request_id":"req_011CXXigXsTwGQi25ADr76BK"}
[AIRouter] Checking fallback: enabled=true, fallbackProvider=openai
[AIRouter] Fallback provider found: true, providers keys: anthropic, openai, groq
[AIRouter] Attempting fallback to openai with model gpt-4o-mini
[AIRouter] Calling openai.complete()...
[HEARTBEAT] 2026-01-27T10:24:14.975Z {"buildId":"olympus-dashboard-1769509209565","status":"running","currentPhase":"architecture","currentAgent":"nexus","completedAgents":["oracle","empathy","venture","strategos","scope","psyche","scribe","architect_conversion","conversion_judge","palette","grid","blocks","cartographer","flow","artist","archon","datum"],"runningAgents":["nexus"],"failedAgents":[],"progress":53}
[HEARTBEAT] 2026-01-27T10:24:19.981Z {"buildId":"olympus-dashboard-1769509209565","status":"running","currentPhase":"architecture","currentAgent":"nexus","completedAgents":["oracle","empathy","venture","strategos","scope","psyche","scribe","architect_conversion","conversion_judge","palette","grid","blocks","cartographer","flow","artist","archon","datum"],"runningAgents":["nexus"],"failedAgents":[],"progress":53}
[HEARTBEAT] 2026-01-27T10:24:24.990Z {"buildId":"olympus-dashboard-1769509209565","status":"running","currentPhase":"architecture","currentAgent":"nexus","completedAgents":["oracle","empathy","venture","strategos","scope","psyche","scribe","architect_conversion","conversion_judge","palette","grid","blocks","cartographer","flow","artist","archon","datum"],"runningAgents":["nexus"],"failedAgents":[],"progress":53}
[HEARTBEAT] 2026-01-27T10:24:29.992Z {"buildId":"olympus-dashboard-1769509209565","status":"running","currentPhase":"architecture","currentAgent":"nexus","completedAgents":["oracle","empathy","venture","strategos","scope","psyche","scribe","architect_conversion","conversion_judge","palette","grid","blocks","cartographer","flow","artist","archon","datum"],"runningAgents":["nexus"],"failedAgents":[],"progress":53}
[HEARTBEAT] 2026-01-27T10:24:34.998Z {"buildId":"olympus-dashboard-1769509209565","status":"running","currentPhase":"architecture","currentAgent":"nexus","completedAgents":["oracle","empathy","venture","strategos","scope","psyche","scribe","architect_conversion","conversion_judge","palette","grid","blocks","cartographer","flow","artist","archon","datum"],"runningAgents":["nexus"],"failedAgents":[],"progress":53}
[HEARTBEAT] 2026-01-27T10:24:40.012Z {"buildId":"olympus-dashboard-1769509209565","status":"running","currentPhase":"architecture","currentAgent":"nexus","completedAgents":["oracle","empathy","venture","strategos","scope","psyche","scribe","architect_conversion","conversion_judge","palette","grid","blocks","cartographer","flow","artist","archon","datum"],"runningAgents":["nexus"],"failedAgents":[],"progress":53}
[HEARTBEAT] 2026-01-27T10:24:45.015Z {"buildId":"olympus-dashboard-1769509209565","status":"running","currentPhase":"architecture","currentAgent":"nexus","completedAgents":["oracle","empathy","venture","strategos","scope","psyche","scribe","architect_conversion","conversion_judge","palette","grid","blocks","cartographer","flow","artist","archon","datum"],"runningAgents":["nexus"],"failedAgents":[],"progress":53}
[HEARTBEAT] 2026-01-27T10:24:50.022Z {"buildId":"olympus-dashboard-1769509209565","status":"running","currentPhase":"architecture","currentAgent":"nexus","completedAgents":["oracle","empathy","venture","strategos","scope","psyche","scribe","architect_conversion","conversion_judge","palette","grid","blocks","cartographer","flow","artist","archon","datum"],"runningAgents":["nexus"],"failedAgents":[],"progress":53}
[AIRouter] Fallback openai succeeded! Tokens: 6056
[Executor] AI execution succeeded: 6056 tokens, provider=anthropic,openai
[Executor] Response content type: string, length: 8325
[Executor] Parsing response: {
  "openapi": "3.0.3",
  "info": {
    "title": "OLYMPUS Builder Dashboard API",
    "version": "1....
[Parser] ===== PARSING nexus =====
[Parser] Raw content length: 8325
[Parser] Raw content start: {
  "openapi": "3.0.3",
  "info": {
    "title": "OLYMPUS Builder Dashboard API",
    "version": "1.0.0",
    "description": "API documentation for the OLYMPUS Builder Dashboard"
  },
  "servers": [
 ...
[Parser] Extracted JSON length: 8325
[Parser] Extracted JSON start: {
  "openapi": "3.0.3",
  "info": {
    "title": "OLYMPUS Builder Dashboard API",
    "version": "1.0.0",
    "description": "API documentation for the OLYMPUS Builder Dashboard"
  },
  "servers": [
 ...
[Parser] ===== PARSE FAILED for nexus =====
[Parser] Error: Expected property name or '}' in JSON at position 759 (line 26 column 13)
[Parser] Raw content first 500 chars: {
  "openapi": "3.0.3",
  "info": {
    "title": "OLYMPUS Builder Dashboard API",
    "version": "1.0.0",
    "description": "API documentation for the OLYMPUS Builder Dashboard"
  },
  "servers": [
    { "url": "/api/v1", "description": "API v1" }
  ],
  "paths": {
    "/builds": {
      "get": {
        "operationId": "listBuilds",
        "summary": "List all builds",
        "tags": ["Builds"],
        "security": [
          { "bearerAuth": [] }
        ],
        "parameters": [
          
[Executor] Parsed successfully: artifacts=1, status=completed
[EXECUTOR] 2026-01-27T10:24:51.527Z - executor.execute() RETURNED for nexus in 41721ms {"success":true,"hasOutput":true,"errorMessage":null,"artifactCount":1}
[Orchestrator] Agent nexus - Quality Score: 100/100 (min: 60)
[Orchestrator] Agent nexus - Quality PASSED on iteration 1
[Orchestrator] ARCHITECTURE VALIDATION PASSED for nexus (score: 100)
[Orchestrator] Agent nexus - Architecture validation PASSED (score: 100)
[50X GATE] nexus passed all constraint checks ‚úÖ
[JSON] Parse failed in critical-summarizer:nexusDecisions: SyntaxError: Expected property name or '}' in JSON at position 759 (line 26 column 13)
    at JSON.parse (<anonymous>)
    at safeJsonParse (C:\Users\SBS\Desktop\New folder (4)\vito\src\lib\utils\safe-json.ts:23:17)
    at extractNexusDecisions (C:\Users\SBS\Desktop\New folder (4)\vito\src\lib\agents\coordination\critical-summarizer.ts:319:18)
    at updateCriticalDecisions (C:\Users\SBS\Desktop\New folder (4)\vito\src\lib\agents\coordination\critical-summarizer.ts:509:42)
    at BuildContextManager.updateCriticalDecisions (C:\Users\SBS\Desktop\New folder (4)\vito\src\lib\agents\context\manager.ts:160:33)
    at BuildContextManager.recordOutput (C:\Users\SBS\Desktop\New folder (4)\vito\src\lib\agents\context\manager.ts:147:10)
    at BuildOrchestrator.finalizeAgentSuccess (C:\Users\SBS\Desktop\New folder (4)\vito\src\lib\agents\orchestrator\orchestrator.ts:1779:18)
    at BuildOrchestrator.executeAgentWithFeedback (C:\Users\SBS\Desktop\New folder (4)\vito\src\lib\agents\orchestrator\orchestrator.ts:1481:23)
    at process.processTicksAndRejections (node:internal/process/task_queues:103:5)
    at async BuildOrchestrator.executeAgent (C:\Users\SBS\Desktop\New folder (4)\vito\src\lib\agents\orchestrator\orchestrator.ts:1234:22)
[JSON] Content preview: {
  "openapi": "3.0.3",
  "info": {
    "title": "OLYMPUS Builder Dashboard API",
    "version": "1.0.0",
    "description": "API documentation for the OLYMPUS Builder Dashboard"
  },
  "servers": [
 ...
[PERSISTENCE] Database connection failed for critical decisions: Error: Missing SUPABASE_SERVICE_ROLE_KEY
    at createServiceRoleClient (C:\Users\SBS\Desktop\New folder (4)\vito\src\lib\auth\clients\admin.ts:20:11)
    at saveCriticalDecisions (C:\Users\SBS\Desktop\New folder (4)\vito\src\lib\agents\context\persistence.ts:189:22)
    at BuildContextManager.persistCriticalDecisions (C:\Users\SBS\Desktop\New folder (4)\vito\src\lib\agents\context\manager.ts:204:5)
    at BuildContextManager.updateCriticalDecisions (C:\Users\SBS\Desktop\New folder (4)\vito\src\lib\agents\context\manager.ts:169:10)
    at BuildContextManager.recordOutput (C:\Users\SBS\Desktop\New folder (4)\vito\src\lib\agents\context\manager.ts:147:10)
    at BuildOrchestrator.finalizeAgentSuccess (C:\Users\SBS\Desktop\New folder (4)\vito\src\lib\agents\orchestrator\orchestrator.ts:1779:18)
    at BuildOrchestrator.executeAgentWithFeedback (C:\Users\SBS\Desktop\New folder (4)\vito\src\lib\agents\orchestrator\orchestrator.ts:1481:23)
    at process.processTicksAndRejections (node:internal/process/task_queues:103:5)
    at async BuildOrchestrator.executeAgent (C:\Users\SBS\Desktop\New folder (4)\vito\src\lib\agents\orchestrator\orchestrator.ts:1234:22)
    at async Promise.all (index 0)
[PERSISTENCE] Database connection failed (non-fatal): Error: Missing SUPABASE_SERVICE_ROLE_KEY
    at createServiceRoleClient (C:\Users\SBS\Desktop\New folder (4)\vito\src\lib\auth\clients\admin.ts:20:11)
    at saveAgentOutput (C:\Users\SBS\Desktop\New folder (4)\vito\src\lib\agents\context\persistence.ts:74:22)
    at BuildOrchestrator.finalizeAgentSuccess (C:\Users\SBS\Desktop\New folder (4)\vito\src\lib\agents\orchestrator\orchestrator.ts:1780:11)
    at BuildOrchestrator.executeAgentWithFeedback (C:\Users\SBS\Desktop\New folder (4)\vito\src\lib\agents\orchestrator\orchestrator.ts:1481:23)
    at process.processTicksAndRejections (node:internal/process/task_queues:103:5)
    at async BuildOrchestrator.executeAgent (C:\Users\SBS\Desktop\New folder (4)\vito\src\lib\agents\orchestrator\orchestrator.ts:1234:22)
    at async Promise.all (index 0)
    at async BuildOrchestrator.executePhase (C:\Users\SBS\Desktop\New folder (4)\vito\src\lib\agents\orchestrator\orchestrator.ts:1060:26)
    at async BuildOrchestrator.start (C:\Users\SBS\Desktop\New folder (4)\vito\src\lib\agents\orchestrator\orchestrator.ts:658:29)
    at async runBuild (C:\Users\SBS\Desktop\New folder (4)\vito\scripts\build-olympus-dashboard.ts:189:18)
    ‚Üí Agent nexus: completed (1 artifacts)
[AGENT_CALL] 2026-01-27T10:24:51.548Z - COMPLETED: nexus in 41743ms, success=true
  [56%] Phase: architecture | Agents: none
[AGENT_CALL] 2026-01-27T10:24:51.552Z - ENTERING: executeAgent(forge)
[AGENT_CALL] 2026-01-27T10:24:51.553Z - CALLING: forge (phase: architecture)
[Orchestrator] Agent forge - Iteration 1/3
[JSON] Parse failed in critical-summarizer:nexusDecisions: SyntaxError: Expected property name or '}' in JSON at position 759 (line 26 column 13)
    at JSON.parse (<anonymous>)
    at safeJsonParse (C:\Users\SBS\Desktop\New folder (4)\vito\src\lib\utils\safe-json.ts:23:17)
    at extractNexusDecisions (C:\Users\SBS\Desktop\New folder (4)\vito\src\lib\agents\coordination\critical-summarizer.ts:319:18)
    at buildCriticalDecisions (C:\Users\SBS\Desktop\New folder (4)\vito\src\lib\agents\coordination\critical-summarizer.ts:452:29)
    at prepareAgentWithConstraints (C:\Users\SBS\Desktop\New folder (4)\vito\src\lib\agents\coordination\index.ts:122:29)
    at BuildOrchestrator.executeAgentWithFeedback (C:\Users\SBS\Desktop\New folder (4)\vito\src\lib\agents\orchestrator\orchestrator.ts:1374:73)
    at BuildOrchestrator.executeAgent (C:\Users\SBS\Desktop\New folder (4)\vito\src\lib\agents\orchestrator\orchestrator.ts:1235:14)
    at <anonymous> (C:\Users\SBS\Desktop\New folder (4)\vito\src\lib\agents\orchestrator\orchestrator.ts:1053:59)
    at Array.map (<anonymous>)
    at BuildOrchestrator.executePhase (C:\Users\SBS\Desktop\New folder (4)\vito\src\lib\agents\orchestrator\orchestrator.ts:1053:37)
[JSON] Content preview: {
  "openapi": "3.0.3",
  "info": {
    "title": "OLYMPUS Builder Dashboard API",
    "version": "1.0.0",
    "description": "API documentation for the OLYMPUS Builder Dashboard"
  },
  "servers": [
 ...
[50X COORDINATION] forge: Injected 239 tokens of upstream constraints
[EXECUTOR] 2026-01-27T10:24:51.562Z - Creating executor for forge, iteration 1
[EXECUTOR] 2026-01-27T10:24:51.562Z - CALLING executor.execute() for forge
[PERSISTENCE] ‚úì CriticalDecisions saved to file: C:\Users\SBS\Desktop\New folder (4)\vito\.olympus\decisions\olympus-dashboard-1769509209565.json
Anthropic completion failed after 539ms: NotFoundError: 404 {"type":"error","error":{"type":"not_found_error","message":"model: claude-3-5-sonnet-20241022"},"request_id":"req_011CXXijd9JWuecnxDKfzcFx"}
    at APIError.generate (C:\Users\SBS\Desktop\New folder (4)\vito\node_modules\@anthropic-ai\sdk\src\core\error.ts:75:14)
    at Anthropic.makeStatusError (C:\Users\SBS\Desktop\New folder (4)\vito\node_modules\@anthropic-ai\sdk\src\client.ts:443:28)
    at Anthropic.makeRequest (C:\Users\SBS\Desktop\New folder (4)\vito\node_modules\@anthropic-ai\sdk\src\client.ts:678:24)
    at process.processTicksAndRejections (node:internal/process/task_queues:103:5)
    at async AnthropicProvider.complete (C:\Users\SBS\Desktop\New folder (4)\vito\src\lib\agents\providers\anthropic.ts:200:24)
    at async AIRouter.execute (C:\Users\SBS\Desktop\New folder (4)\vito\src\lib\agents\providers\router.ts:248:26)
    at async AgentExecutor.executeCompletion (C:\Users\SBS\Desktop\New folder (4)\vito\src\lib\agents\executor\executor.ts:152:20)
    at async RetryHandler.executeWithRetry (C:\Users\SBS\Desktop\New folder (4)\vito\src\lib\agents\executor\retry.ts:63:24)
    at async AgentExecutor.execute (C:\Users\SBS\Desktop\New folder (4)\vito\src\lib\agents\executor\executor.ts:95:22)
    at async BuildOrchestrator.executeAgentWithFeedback (C:\Users\SBS\Desktop\New folder (4)\vito\src\lib\agents\orchestrator\orchestrator.ts:1393:22) {
  status: 404,
  headers: Headers {
    date: 'Tue, 27 Jan 2026 10:24:51 GMT',
    'content-type': 'application/json',
    'transfer-encoding': 'chunked',
    connection: 'keep-alive',
    'x-should-retry': 'false',
    'request-id': 'req_011CXXijd9JWuecnxDKfzcFx',
    'strict-transport-security': 'max-age=31536000; includeSubDomains; preload',
    'anthropic-organization-id': 'd06567ef-3469-4f53-ac13-52b8fe9f18b6',
    server: 'cloudflare',
    'x-envoy-upstream-service-time': '41',
    'cf-cache-status': 'DYNAMIC',
    'x-robots-tag': 'none',
    'content-encoding': 'gzip',
    'cf-ray': '9c478af15ccb4c42-MXP'
  },
  requestID: 'req_011CXXijd9JWuecnxDKfzcFx',
  error: {
    type: 'error',
    error: {
      type: 'not_found_error',
      message: 'model: claude-3-5-sonnet-20241022'
    },
    request_id: 'req_011CXXijd9JWuecnxDKfzcFx'
  }
}
Primary provider anthropic failed: 404 {"type":"error","error":{"type":"not_found_error","message":"model: claude-3-5-sonnet-20241022"},"request_id":"req_011CXXijd9JWuecnxDKfzcFx"}
[AIRouter] Checking fallback: enabled=true, fallbackProvider=openai
[AIRouter] Fallback provider found: true, providers keys: anthropic, openai, groq
[AIRouter] Attempting fallback to openai with model gpt-4o-mini
[AIRouter] Calling openai.complete()...
[HEARTBEAT] 2026-01-27T10:24:55.032Z {"buildId":"olympus-dashboard-1769509209565","status":"running","currentPhase":"architecture","currentAgent":"forge","completedAgents":["oracle","empathy","venture","strategos","scope","psyche","scribe","architect_conversion","conversion_judge","palette","grid","blocks","cartographer","flow","artist","archon","datum","nexus"],"runningAgents":["forge"],"failedAgents":[],"progress":56}
[HEARTBEAT] 2026-01-27T10:25:00.043Z {"buildId":"olympus-dashboard-1769509209565","status":"running","currentPhase":"architecture","currentAgent":"forge","completedAgents":["oracle","empathy","venture","strategos","scope","psyche","scribe","architect_conversion","conversion_judge","palette","grid","blocks","cartographer","flow","artist","archon","datum","nexus"],"runningAgents":["forge"],"failedAgents":[],"progress":56}
[HEARTBEAT] 2026-01-27T10:25:05.058Z {"buildId":"olympus-dashboard-1769509209565","status":"running","currentPhase":"architecture","currentAgent":"forge","completedAgents":["oracle","empathy","venture","strategos","scope","psyche","scribe","architect_conversion","conversion_judge","palette","grid","blocks","cartographer","flow","artist","archon","datum","nexus"],"runningAgents":["forge"],"failedAgents":[],"progress":56}
[HEARTBEAT] 2026-01-27T10:25:10.061Z {"buildId":"olympus-dashboard-1769509209565","status":"running","currentPhase":"architecture","currentAgent":"forge","completedAgents":["oracle","empathy","venture","strategos","scope","psyche","scribe","architect_conversion","conversion_judge","palette","grid","blocks","cartographer","flow","artist","archon","datum","nexus"],"runningAgents":["forge"],"failedAgents":[],"progress":56}
[HEARTBEAT] 2026-01-27T10:25:15.063Z {"buildId":"olympus-dashboard-1769509209565","status":"running","currentPhase":"architecture","currentAgent":"forge","completedAgents":["oracle","empathy","venture","strategos","scope","psyche","scribe","architect_conversion","conversion_judge","palette","grid","blocks","cartographer","flow","artist","archon","datum","nexus"],"runningAgents":["forge"],"failedAgents":[],"progress":56}
[HEARTBEAT] 2026-01-27T10:25:20.066Z {"buildId":"olympus-dashboard-1769509209565","status":"running","currentPhase":"architecture","currentAgent":"forge","completedAgents":["oracle","empathy","venture","strategos","scope","psyche","scribe","architect_conversion","conversion_judge","palette","grid","blocks","cartographer","flow","artist","archon","datum","nexus"],"runningAgents":["forge"],"failedAgents":[],"progress":56}
[AIRouter] Fallback openai succeeded! Tokens: 6913
[Executor] AI execution succeeded: 6913 tokens, provider=anthropic,openai
[Executor] Response content type: string, length: 6116
[Executor] Parsing response: {
  "files": [
    {
      "path": "src/app/api/v1/builds/route.ts",
      "content": "// src/app/ap...
[Parser] ===== PARSING forge =====
[Parser] Raw content length: 6116
[Parser] Raw content start: {
  "files": [
    {
      "path": "src/app/api/v1/builds/route.ts",
      "content": "// src/app/api/v1/builds/route.ts\nimport { NextRequest, NextResponse } from 'next/server';\nimport { z } from 'z...
[Parser] Extracted JSON length: 6116
[Parser] Extracted JSON start: {
  "files": [
    {
      "path": "src/app/api/v1/builds/route.ts",
      "content": "// src/app/api/v1/builds/route.ts\nimport { NextRequest, NextResponse } from 'next/server';\nimport { z } from 'z...
[Parser] JSON.parse SUCCESS for forge
[Parser] Agent forge: parsed.files exists = true, isArray = true, length = 4
[Parser] Agent forge: Processing 4 files
[Parser] File: src/app/api/v1/builds/route.ts, type=code, hasContent=true, contentLength=2271
[Parser] File: src/app/api/v1/builds/[buildId]/route.ts, type=code, hasContent=true, contentLength=1266
[Parser] File: src/app/api/v1/builds/[buildId]/stream/route.ts, type=code, hasContent=true, contentLength=1085
[Parser] File: src/app/api/v1/ai/agents/route.ts, type=code, hasContent=true, contentLength=593
[Parser] Agent forge: Added 4 file artifacts
[Executor] Parsed successfully: artifacts=5, status=completed
Agent forge validation issues: 1 error(s): Unresolved imports: 2 missing files
[EXECUTOR] 2026-01-27T10:25:20.930Z - executor.execute() RETURNED for forge in 29368ms {"success":true,"hasOutput":true,"errorMessage":null,"artifactCount":5}
[QualityOrchestrator] Running quality gates for build olympus-dashboard-1769509209565
[QualityOrchestrator] Files to check: 4
[QualityOrchestrator] Running gate: typescript
[QualityOrchestrator] typescript: ‚úÖ PASSED (5 issues)
[QualityOrchestrator] Running gate: eslint
[QualityOrchestrator] eslint: ‚úÖ PASSED (4 issues)
[QualityOrchestrator] Running gate: security
[QualityOrchestrator] security: ‚úÖ PASSED (4 issues)
[QualityOrchestrator] Running gate: links
[QualityOrchestrator] links: ‚úÖ PASSED (0 issues)
[QualityOrchestrator] Running gate: build
[QualityOrchestrator] build: ‚úÖ PASSED (0 issues)
[QualityOrchestrator] Quality check complete: passed (score: 99, threshold: 70, stopOnFailure: false)
[Orchestrator] Agent forge - Quality Score: 99/100 (min: 60)
[Orchestrator] Agent forge - Quality PASSED on iteration 1
[Orchestrator] ARCHITECTURE VALIDATION PASSED for forge (score: 100)
[Orchestrator] Agent forge - Architecture validation PASSED (score: 100)
[JSON] Parse failed in critical-summarizer:nexusDecisions: SyntaxError: Expected property name or '}' in JSON at position 759 (line 26 column 13)
    at JSON.parse (<anonymous>)
    at safeJsonParse (C:\Users\SBS\Desktop\New folder (4)\vito\src\lib\utils\safe-json.ts:23:17)
    at extractNexusDecisions (C:\Users\SBS\Desktop\New folder (4)\vito\src\lib\agents\coordination\critical-summarizer.ts:319:18)
    at buildCriticalDecisions (C:\Users\SBS\Desktop\New folder (4)\vito\src\lib\agents\coordination\critical-summarizer.ts:452:29)
    at BuildOrchestrator.finalizeAgentSuccess (C:\Users\SBS\Desktop\New folder (4)\vito\src\lib\agents\orchestrator\orchestrator.ts:1730:33)
    at BuildOrchestrator.executeAgentWithFeedback (C:\Users\SBS\Desktop\New folder (4)\vito\src\lib\agents\orchestrator\orchestrator.ts:1481:23)
    at process.processTicksAndRejections (node:internal/process/task_queues:103:5)
    at async BuildOrchestrator.executeAgent (C:\Users\SBS\Desktop\New folder (4)\vito\src\lib\agents\orchestrator\orchestrator.ts:1234:22)
    at async Promise.all (index 0)
    at async BuildOrchestrator.executePhase (C:\Users\SBS\Desktop\New folder (4)\vito\src\lib\agents\orchestrator\orchestrator.ts:1060:26)
[JSON] Content preview: {
  "openapi": "3.0.3",
  "info": {
    "title": "OLYMPUS Builder Dashboard API",
    "version": "1.0.0",
    "description": "API documentation for the OLYMPUS Builder Dashboard"
  },
  "servers": [
 ...
[50X GATE] forge passed all constraint checks ‚úÖ
[PERSISTENCE] Database connection failed for critical decisions: Error: Missing SUPABASE_SERVICE_ROLE_KEY
    at createServiceRoleClient (C:\Users\SBS\Desktop\New folder (4)\vito\src\lib\auth\clients\admin.ts:20:11)
    at saveCriticalDecisions (C:\Users\SBS\Desktop\New folder (4)\vito\src\lib\agents\context\persistence.ts:189:22)
    at BuildContextManager.persistCriticalDecisions (C:\Users\SBS\Desktop\New folder (4)\vito\src\lib\agents\context\manager.ts:204:5)
    at BuildContextManager.updateCriticalDecisions (C:\Users\SBS\Desktop\New folder (4)\vito\src\lib\agents\context\manager.ts:169:10)
    at BuildContextManager.recordOutput (C:\Users\SBS\Desktop\New folder (4)\vito\src\lib\agents\context\manager.ts:147:10)
    at BuildOrchestrator.finalizeAgentSuccess (C:\Users\SBS\Desktop\New folder (4)\vito\src\lib\agents\orchestrator\orchestrator.ts:1779:18)
    at BuildOrchestrator.executeAgentWithFeedback (C:\Users\SBS\Desktop\New folder (4)\vito\src\lib\agents\orchestrator\orchestrator.ts:1481:23)
    at process.processTicksAndRejections (node:internal/process/task_queues:103:5)
    at async BuildOrchestrator.executeAgent (C:\Users\SBS\Desktop\New folder (4)\vito\src\lib\agents\orchestrator\orchestrator.ts:1234:22)
    at async Promise.all (index 0)
[PERSISTENCE] Database connection failed (non-fatal): Error: Missing SUPABASE_SERVICE_ROLE_KEY
    at createServiceRoleClient (C:\Users\SBS\Desktop\New folder (4)\vito\src\lib\auth\clients\admin.ts:20:11)
    at saveAgentOutput (C:\Users\SBS\Desktop\New folder (4)\vito\src\lib\agents\context\persistence.ts:74:22)
    at BuildOrchestrator.finalizeAgentSuccess (C:\Users\SBS\Desktop\New folder (4)\vito\src\lib\agents\orchestrator\orchestrator.ts:1780:11)
    at BuildOrchestrator.executeAgentWithFeedback (C:\Users\SBS\Desktop\New folder (4)\vito\src\lib\agents\orchestrator\orchestrator.ts:1481:23)
    at process.processTicksAndRejections (node:internal/process/task_queues:103:5)
    at async BuildOrchestrator.executeAgent (C:\Users\SBS\Desktop\New folder (4)\vito\src\lib\agents\orchestrator\orchestrator.ts:1234:22)
    at async Promise.all (index 0)
    at async BuildOrchestrator.executePhase (C:\Users\SBS\Desktop\New folder (4)\vito\src\lib\agents\orchestrator\orchestrator.ts:1060:26)
    at async BuildOrchestrator.start (C:\Users\SBS\Desktop\New folder (4)\vito\src\lib\agents\orchestrator\orchestrator.ts:658:29)
    at async runBuild (C:\Users\SBS\Desktop\New folder (4)\vito\scripts\build-olympus-dashboard.ts:189:18)
    ‚Üí Agent forge: completed (5 artifacts)
[AGENT_CALL] 2026-01-27T10:25:20.935Z - COMPLETED: forge in 29382ms, success=true
  [59%] Phase: architecture | Agents: none
[AGENT_CALL] 2026-01-27T10:25:20.935Z - ENTERING: executeAgent(sentinel)
[AGENT_CALL] 2026-01-27T10:25:20.935Z - CALLING: sentinel (phase: architecture)
[Orchestrator] Agent sentinel - Iteration 1/3
[JSON] Parse failed in critical-summarizer:nexusDecisions: SyntaxError: Expected property name or '}' in JSON at position 759 (line 26 column 13)
    at JSON.parse (<anonymous>)
    at safeJsonParse (C:\Users\SBS\Desktop\New folder (4)\vito\src\lib\utils\safe-json.ts:23:17)
    at extractNexusDecisions (C:\Users\SBS\Desktop\New folder (4)\vito\src\lib\agents\coordination\critical-summarizer.ts:319:18)
    at buildCriticalDecisions (C:\Users\SBS\Desktop\New folder (4)\vito\src\lib\agents\coordination\critical-summarizer.ts:452:29)
    at prepareAgentWithConstraints (C:\Users\SBS\Desktop\New folder (4)\vito\src\lib\agents\coordination\index.ts:122:29)
    at BuildOrchestrator.executeAgentWithFeedback (C:\Users\SBS\Desktop\New folder (4)\vito\src\lib\agents\orchestrator\orchestrator.ts:1374:73)
    at BuildOrchestrator.executeAgent (C:\Users\SBS\Desktop\New folder (4)\vito\src\lib\agents\orchestrator\orchestrator.ts:1235:14)
    at <anonymous> (C:\Users\SBS\Desktop\New folder (4)\vito\src\lib\agents\orchestrator\orchestrator.ts:1053:59)
    at Array.map (<anonymous>)
    at BuildOrchestrator.executePhase (C:\Users\SBS\Desktop\New folder (4)\vito\src\lib\agents\orchestrator\orchestrator.ts:1053:37)
[JSON] Content preview: {
  "openapi": "3.0.3",
  "info": {
    "title": "OLYMPUS Builder Dashboard API",
    "version": "1.0.0",
    "description": "API documentation for the OLYMPUS Builder Dashboard"
  },
  "servers": [
 ...
[50X COORDINATION] sentinel: Injected 239 tokens of upstream constraints
[EXECUTOR] 2026-01-27T10:25:20.936Z - Creating executor for sentinel, iteration 1
[EXECUTOR] 2026-01-27T10:25:20.936Z - CALLING executor.execute() for sentinel
[PERSISTENCE] ‚úì CriticalDecisions saved to file: C:\Users\SBS\Desktop\New folder (4)\vito\.olympus\decisions\olympus-dashboard-1769509209565.json
[HEARTBEAT] 2026-01-27T10:25:25.071Z {"buildId":"olympus-dashboard-1769509209565","status":"running","currentPhase":"architecture","currentAgent":"sentinel","completedAgents":["oracle","empathy","venture","strategos","scope","psyche","scribe","architect_conversion","conversion_judge","palette","grid","blocks","cartographer","flow","artist","archon","datum","nexus","forge"],"runningAgents":["sentinel"],"failedAgents":[],"progress":59}
[HEARTBEAT] 2026-01-27T10:25:30.071Z {"buildId":"olympus-dashboard-1769509209565","status":"running","currentPhase":"architecture","currentAgent":"sentinel","completedAgents":["oracle","empathy","venture","strategos","scope","psyche","scribe","architect_conversion","conversion_judge","palette","grid","blocks","cartographer","flow","artist","archon","datum","nexus","forge"],"runningAgents":["sentinel"],"failedAgents":[],"progress":59}
[HEARTBEAT] 2026-01-27T10:25:35.076Z {"buildId":"olympus-dashboard-1769509209565","status":"running","currentPhase":"architecture","currentAgent":"sentinel","completedAgents":["oracle","empathy","venture","strategos","scope","psyche","scribe","architect_conversion","conversion_judge","palette","grid","blocks","cartographer","flow","artist","archon","datum","nexus","forge"],"runningAgents":["sentinel"],"failedAgents":[],"progress":59}
[HEARTBEAT] 2026-01-27T10:25:40.076Z {"buildId":"olympus-dashboard-1769509209565","status":"running","currentPhase":"architecture","currentAgent":"sentinel","completedAgents":["oracle","empathy","venture","strategos","scope","psyche","scribe","architect_conversion","conversion_judge","palette","grid","blocks","cartographer","flow","artist","archon","datum","nexus","forge"],"runningAgents":["sentinel"],"failedAgents":[],"progress":59}
[HEARTBEAT] 2026-01-27T10:25:45.082Z {"buildId":"olympus-dashboard-1769509209565","status":"running","currentPhase":"architecture","currentAgent":"sentinel","completedAgents":["oracle","empathy","venture","strategos","scope","psyche","scribe","architect_conversion","conversion_judge","palette","grid","blocks","cartographer","flow","artist","archon","datum","nexus","forge"],"runningAgents":["sentinel"],"failedAgents":[],"progress":59}
[Executor] AI execution succeeded: 4646 tokens, provider=openai
[Executor] Response content type: string, length: 4218
[Executor] Parsing response: {
  "authentication": {
    "provider": "supabase",
    "methods": ["email", "google", "github"],
  ...
[Parser] ===== PARSING sentinel =====
[Parser] Raw content length: 4218
[Parser] Raw content start: {
  "authentication": {
    "provider": "supabase",
    "methods": ["email", "google", "github"],
    "passwordPolicy": {
      "minLength": 8,
      "requireUppercase": true,
      "requireLowercase"...
[Parser] Extracted JSON length: 4218
[Parser] Extracted JSON start: {
  "authentication": {
    "provider": "supabase",
    "methods": ["email", "google", "github"],
    "passwordPolicy": {
      "minLength": 8,
      "requireUppercase": true,
      "requireLowercase"...
[Parser] JSON.parse SUCCESS for sentinel
[Parser] Agent sentinel: parsed.files exists = true, isArray = true, length = 4
[Parser] Agent sentinel: Processing 4 files
[Parser] File: src/middleware.ts, type=code, hasContent=false, contentLength=0
[Parser] File: src/lib/auth/config.ts, type=code, hasContent=false, contentLength=0
[Parser] File: src/lib/auth/roles.ts, type=code, hasContent=false, contentLength=0
[Parser] File: supabase/migrations/001_rls_policies.sql, type=schema, hasContent=false, contentLength=0
[Parser] Agent sentinel: Added 4 file artifacts
[Executor] Parsed successfully: artifacts=5, status=completed
[EXECUTOR] 2026-01-27T10:25:48.990Z - executor.execute() RETURNED for sentinel in 28054ms {"success":true,"hasOutput":true,"errorMessage":null,"artifactCount":5}
[Orchestrator] Agent sentinel - Quality Score: 100/100 (min: 60)
[Orchestrator] Agent sentinel - Quality PASSED on iteration 1
[Orchestrator] ARCHITECTURE VALIDATION PASSED for sentinel (score: 100)
[Orchestrator] Agent sentinel - Architecture validation PASSED (score: 100)
[PERSISTENCE] Database connection failed for critical decisions: Error: Missing SUPABASE_SERVICE_ROLE_KEY
    at createServiceRoleClient (C:\Users\SBS\Desktop\New folder (4)\vito\src\lib\auth\clients\admin.ts:20:11)
    at saveCriticalDecisions (C:\Users\SBS\Desktop\New folder (4)\vito\src\lib\agents\context\persistence.ts:189:22)
    at BuildContextManager.persistCriticalDecisions (C:\Users\SBS\Desktop\New folder (4)\vito\src\lib\agents\context\manager.ts:204:5)
    at BuildContextManager.updateCriticalDecisions (C:\Users\SBS\Desktop\New folder (4)\vito\src\lib\agents\context\manager.ts:169:10)
    at BuildContextManager.recordOutput (C:\Users\SBS\Desktop\New folder (4)\vito\src\lib\agents\context\manager.ts:147:10)
    at BuildOrchestrator.finalizeAgentSuccess (C:\Users\SBS\Desktop\New folder (4)\vito\src\lib\agents\orchestrator\orchestrator.ts:1779:18)
    at BuildOrchestrator.executeAgentWithFeedback (C:\Users\SBS\Desktop\New folder (4)\vito\src\lib\agents\orchestrator\orchestrator.ts:1481:23)
    at process.processTicksAndRejections (node:internal/process/task_queues:103:5)
    at async BuildOrchestrator.executeAgent (C:\Users\SBS\Desktop\New folder (4)\vito\src\lib\agents\orchestrator\orchestrator.ts:1234:22)
    at async Promise.all (index 0)
[PERSISTENCE] Database connection failed (non-fatal): Error: Missing SUPABASE_SERVICE_ROLE_KEY
    at createServiceRoleClient (C:\Users\SBS\Desktop\New folder (4)\vito\src\lib\auth\clients\admin.ts:20:11)
    at saveAgentOutput (C:\Users\SBS\Desktop\New folder (4)\vito\src\lib\agents\context\persistence.ts:74:22)
    at BuildOrchestrator.finalizeAgentSuccess (C:\Users\SBS\Desktop\New folder (4)\vito\src\lib\agents\orchestrator\orchestrator.ts:1780:11)
    at BuildOrchestrator.executeAgentWithFeedback (C:\Users\SBS\Desktop\New folder (4)\vito\src\lib\agents\orchestrator\orchestrator.ts:1481:23)
    at process.processTicksAndRejections (node:internal/process/task_queues:103:5)
    at async BuildOrchestrator.executeAgent (C:\Users\SBS\Desktop\New folder (4)\vito\src\lib\agents\orchestrator\orchestrator.ts:1234:22)
    at async Promise.all (index 0)
    at async BuildOrchestrator.executePhase (C:\Users\SBS\Desktop\New folder (4)\vito\src\lib\agents\orchestrator\orchestrator.ts:1060:26)
    at async BuildOrchestrator.start (C:\Users\SBS\Desktop\New folder (4)\vito\src\lib\agents\orchestrator\orchestrator.ts:658:29)
    at async runBuild (C:\Users\SBS\Desktop\New folder (4)\vito\scripts\build-olympus-dashboard.ts:189:18)
    ‚Üí Agent sentinel: completed (5 artifacts)
[AGENT_CALL] 2026-01-27T10:25:48.991Z - COMPLETED: sentinel in 28056ms, success=true
  [63%] Phase: architecture | Agents: none
[AGENT_CALL] 2026-01-27T10:25:48.991Z - ENTERING: executeAgent(atlas)
[DEGRADATION] Agent atlas not active in tier GOLD - skipping
[PERSISTENCE] Database connection failed for critical decisions: Error: Missing SUPABASE_SERVICE_ROLE_KEY
    at createServiceRoleClient (C:\Users\SBS\Desktop\New folder (4)\vito\src\lib\auth\clients\admin.ts:20:11)
    at saveCriticalDecisions (C:\Users\SBS\Desktop\New folder (4)\vito\src\lib\agents\context\persistence.ts:189:22)
    at BuildContextManager.persistCriticalDecisions (C:\Users\SBS\Desktop\New folder (4)\vito\src\lib\agents\context\manager.ts:204:5)
    at BuildContextManager.updateCriticalDecisions (C:\Users\SBS\Desktop\New folder (4)\vito\src\lib\agents\context\manager.ts:169:10)
    at BuildContextManager.recordOutput (C:\Users\SBS\Desktop\New folder (4)\vito\src\lib\agents\context\manager.ts:147:10)
    at BuildOrchestrator.executeAgent (C:\Users\SBS\Desktop\New folder (4)\vito\src\lib\agents\orchestrator\orchestrator.ts:1203:20)
    at <anonymous> (C:\Users\SBS\Desktop\New folder (4)\vito\src\lib\agents\orchestrator\orchestrator.ts:1053:59)
    at Array.map (<anonymous>)
    at BuildOrchestrator.executePhase (C:\Users\SBS\Desktop\New folder (4)\vito\src\lib\agents\orchestrator\orchestrator.ts:1053:37)
    at process.processTicksAndRejections (node:internal/process/task_queues:103:5)
  [66%] Phase: architecture | Agents: none
[Scheduler] Phase architecture COMPLETE. Status: [{"agentId":"archon","completed":true,"failed":false,"optional":false},{"agentId":"datum","completed":true,"failed":false,"optional":false},{"agentId":"nexus","completed":true,"failed":false,"optional":false},{"agentId":"forge","completed":true,"failed":false,"optional":false},{"agentId":"sentinel","completed":true,"failed":false,"optional":false},{"agentId":"atlas","completed":true,"failed":false,"optional":true}]
  ‚úì Phase architecture completed (completed)
[ORCH_PHASE] 2026-01-27T10:25:48.993Z - Phase architecture result: success=true, error=none
[Orchestrator] ‚úì Phase architecture completed. Completed phases: discovery, conversion, design, architecture
[Orchestrator] ===== PHASE 5/7: frontend =====
[Orchestrator] Phase agents (3): pixel, wire, polish
[ORCH_PHASE] 2026-01-27T10:25:48.993Z - ENTERING: executePhase(frontend)
[ORCH_PHASE] 2026-01-27T10:25:48.993Z - Starting phase loop for frontend
[ORCH_LOOP] 2026-01-27T10:25:48.993Z - Loop iteration 1 {"phase":"frontend","nextAgents":["pixel"],"runningAgents":[],"deadlockCounter":0,"isPhaseComplete":false}
[AGENT_CALL] 2026-01-27T10:25:48.993Z - ENTERING: executeAgent(pixel)
[AGENT_CALL] 2026-01-27T10:25:48.993Z - CALLING: pixel (phase: frontend)
[Orchestrator] PIXEL-AS-EMITTER: No document artifact in Blocks output
[Orchestrator] PIXEL: No components found in Blocks output, falling back to standard execution
[Orchestrator] Agent pixel - Iteration 1/3
[JSON] Parse failed in critical-summarizer:nexusDecisions: SyntaxError: Expected property name or '}' in JSON at position 759 (line 26 column 13)
    at JSON.parse (<anonymous>)
    at safeJsonParse (C:\Users\SBS\Desktop\New folder (4)\vito\src\lib\utils\safe-json.ts:23:17)
    at extractNexusDecisions (C:\Users\SBS\Desktop\New folder (4)\vito\src\lib\agents\coordination\critical-summarizer.ts:319:18)
    at buildCriticalDecisions (C:\Users\SBS\Desktop\New folder (4)\vito\src\lib\agents\coordination\critical-summarizer.ts:452:29)
    at prepareAgentWithConstraints (C:\Users\SBS\Desktop\New folder (4)\vito\src\lib\agents\coordination\index.ts:122:29)
    at BuildOrchestrator.executeAgentWithFeedback (C:\Users\SBS\Desktop\New folder (4)\vito\src\lib\agents\orchestrator\orchestrator.ts:1374:73)
    at BuildOrchestrator.executeAgent (C:\Users\SBS\Desktop\New folder (4)\vito\src\lib\agents\orchestrator\orchestrator.ts:1235:14)
    at <anonymous> (C:\Users\SBS\Desktop\New folder (4)\vito\src\lib\agents\orchestrator\orchestrator.ts:1053:59)
    at Array.map (<anonymous>)
    at BuildOrchestrator.executePhase (C:\Users\SBS\Desktop\New folder (4)\vito\src\lib\agents\orchestrator\orchestrator.ts:1053:37)
[JSON] Content preview: {
  "openapi": "3.0.3",
  "info": {
    "title": "OLYMPUS Builder Dashboard API",
    "version": "1.0.0",
    "description": "API documentation for the OLYMPUS Builder Dashboard"
  },
  "servers": [
 ...
[50X COORDINATION] pixel: Injected 798 tokens of upstream constraints
[EXECUTOR] 2026-01-27T10:25:48.995Z - Creating executor for pixel, iteration 1
[EXECUTOR] 2026-01-27T10:25:48.995Z - CALLING executor.execute() for pixel
[PERSISTENCE] ‚úì CriticalDecisions saved to file: C:\Users\SBS\Desktop\New folder (4)\vito\.olympus\decisions\olympus-dashboard-1769509209565.json
[PERSISTENCE] ‚úì CriticalDecisions saved to file: C:\Users\SBS\Desktop\New folder (4)\vito\.olympus\decisions\olympus-dashboard-1769509209565.json
[HEARTBEAT] 2026-01-27T10:25:50.092Z {"buildId":"olympus-dashboard-1769509209565","status":"running","currentPhase":"frontend","currentAgent":"pixel","completedAgents":["oracle","empathy","venture","strategos","scope","psyche","scribe","architect_conversion","conversion_judge","palette","grid","blocks","cartographer","flow","artist","archon","datum","nexus","forge","sentinel","atlas"],"runningAgents":["pixel"],"failedAgents":[],"progress":66}
[HEARTBEAT] 2026-01-27T10:25:55.093Z {"buildId":"olympus-dashboard-1769509209565","status":"running","currentPhase":"frontend","currentAgent":"pixel","completedAgents":["oracle","empathy","venture","strategos","scope","psyche","scribe","architect_conversion","conversion_judge","palette","grid","blocks","cartographer","flow","artist","archon","datum","nexus","forge","sentinel","atlas"],"runningAgents":["pixel"],"failedAgents":[],"progress":66}
[HEARTBEAT] 2026-01-27T10:26:00.099Z {"buildId":"olympus-dashboard-1769509209565","status":"running","currentPhase":"frontend","currentAgent":"pixel","completedAgents":["oracle","empathy","venture","strategos","scope","psyche","scribe","architect_conversion","conversion_judge","palette","grid","blocks","cartographer","flow","artist","archon","datum","nexus","forge","sentinel","atlas"],"runningAgents":["pixel"],"failedAgents":[],"progress":66}
[HEARTBEAT] 2026-01-27T10:26:05.111Z {"buildId":"olympus-dashboard-1769509209565","status":"running","currentPhase":"frontend","currentAgent":"pixel","completedAgents":["oracle","empathy","venture","strategos","scope","psyche","scribe","architect_conversion","conversion_judge","palette","grid","blocks","cartographer","flow","artist","archon","datum","nexus","forge","sentinel","atlas"],"runningAgents":["pixel"],"failedAgents":[],"progress":66}
[HEARTBEAT] 2026-01-27T10:26:10.119Z {"buildId":"olympus-dashboard-1769509209565","status":"running","currentPhase":"frontend","currentAgent":"pixel","completedAgents":["oracle","empathy","venture","strategos","scope","psyche","scribe","architect_conversion","conversion_judge","palette","grid","blocks","cartographer","flow","artist","archon","datum","nexus","forge","sentinel","atlas"],"runningAgents":["pixel"],"failedAgents":[],"progress":66}
[HEARTBEAT] 2026-01-27T10:26:15.130Z {"buildId":"olympus-dashboard-1769509209565","status":"running","currentPhase":"frontend","currentAgent":"pixel","completedAgents":["oracle","empathy","venture","strategos","scope","psyche","scribe","architect_conversion","conversion_judge","palette","grid","blocks","cartographer","flow","artist","archon","datum","nexus","forge","sentinel","atlas"],"runningAgents":["pixel"],"failedAgents":[],"progress":66}
[HEARTBEAT] 2026-01-27T10:26:20.134Z {"buildId":"olympus-dashboard-1769509209565","status":"running","currentPhase":"frontend","currentAgent":"pixel","completedAgents":["oracle","empathy","venture","strategos","scope","psyche","scribe","architect_conversion","conversion_judge","palette","grid","blocks","cartographer","flow","artist","archon","datum","nexus","forge","sentinel","atlas"],"runningAgents":["pixel"],"failedAgents":[],"progress":66}
[Executor] AI execution succeeded: 29954 tokens, provider=anthropic
[Executor] Response content type: string, length: 12558
[Executor] Parsing response: {
  "files": [
    {
      "path": "src/components/ui/button.tsx",
      "language": "typescript",
 ...
[Parser] ===== PARSING pixel =====
[Parser] Raw content length: 12558
[Parser] Raw content start: {
  "files": [
    {
      "path": "src/components/ui/button.tsx",
      "language": "typescript",
      "content": "import * as React from 'react';\nimport { Slot } from '@radix-ui/react-slot';\nimpo...
[Parser] Extracted JSON length: 12498
[Parser] Extracted JSON start: {
  "files": [
    {
      "path": "src/components/ui/button.tsx",
      "language": "typescript",
      "content": "import * as React from 'react';\nimport { Slot } from '@radix-ui/react-slot';\nimpo...
[Parser] ===== PARSE FAILED for pixel =====
[Parser] Error: Unterminated string in JSON at position 12498 (line 6 column 12400)
[Parser] Raw content first 500 chars: {
  "files": [
    {
      "path": "src/components/ui/button.tsx",
      "language": "typescript",
      "content": "import * as React from 'react';\nimport { Slot } from '@radix-ui/react-slot';\nimport { cva, type VariantProps } from 'class-variance-authority';\nimport { motion, AnimatePresence, useReducedMotion } from 'framer-motion';\nimport { Loader2, Check, X, FolderOpen, Code, Search, Plus, Sparkles, Eye } from 'lucide-react';\nimport { cn } from '@/lib/utils';\nimport {\n  Tooltip,\n  Too
[Executor] Parsed successfully: artifacts=1, status=completed
[EXECUTOR] 2026-01-27T10:26:22.200Z - executor.execute() RETURNED for pixel in 33205ms {"success":true,"hasOutput":true,"errorMessage":null,"artifactCount":1}
[Orchestrator] CRITICAL: Agent pixel completed but produced NO code files
[Orchestrator] Agent pixel - Quality Score: 0/100 (min: 60)
[Orchestrator] Agent pixel - QUALITY GATE HARD FAILURE (stopOnFailure=true, score=0)
[AGENT_CALL] 2026-01-27T10:26:22.201Z - COMPLETED: pixel in 33208ms, success=false
[SELF-HEAL] Suggested actions for pixel: REDUCE_SCOPE
[ORCH_PHASE] 2026-01-27T10:26:22.204Z - Phase frontend result: success=false, error=Quality gate failed: score 0 below threshold. Agent pixel failed to produce any code files. Check agent prompt and input context.
[ORCH_PHASE] 2026-01-27T10:26:22.204Z - STOPPING BUILD: Phase frontend failed and continueOnError=false
----------------------------------------------------------------------

[4/4] Build completed

======================================================================
BUILD RESULTS
======================================================================
Success: NO
Duration: 373 seconds
Error: QUALITY_THRESHOLD - Quality gate failed: score 0 below threshold. Agent pixel failed to produce any code files. Check agent prompt and input context.
Final Progress: 66%
Phases Completed: discovery, conversion, design, architecture
Agents Completed: 21
Tokens Used: 135968

Event log saved to: C:\Users\SBS\Desktop\New folder (4)\vito\output\olympus-dashboard-1769509209565\event-log.json
Build summary saved to: C:\Users\SBS\Desktop\New folder (4)\vito\output\olympus-dashboard-1769509209565\build-summary.json

======================================================================
