[dotenv@17.2.3] injecting env (13) from .env -- tip: ⚙️  load multiple .env files with { path: ['.env.local', '.env'] }
[dotenv@17.2.3] injecting env (25) from .env.local -- tip: ✅ audit secrets and track compliance: https://dotenvx.com/ops
[dotenv@17.2.3] injecting env (0) from .env -- tip: ⚙️  load multiple .env files with { path: ['.env.local', '.env'] }
======================================================================
OLYMPUS SELF-BUILD: Dashboard v1.0
======================================================================

Build ID: olympus-dashboard-1769511982981
Output Dir: C:\Users\SBS\Desktop\New folder (4)\vito\output\olympus-dashboard-1769511982981

[1/4] Initializing build context...
[2/4] Creating orchestrator (35 agents)...
[Orchestrator] Constructor called with tier: professional
[Orchestrator] TierConfig phases: discovery, conversion, design, architecture, frontend, backend, integration
[Orchestrator] TierConfig agents count: 32
[createBuildPlan] Creating plan for tier: professional
[createBuildPlan] Tier config phases: discovery, conversion, design, architecture, frontend, backend, integration
[createBuildPlan] Tier config agents count: 32
[createBuildPlan] PHASE_ORDER: discovery, conversion, design, architecture, frontend, backend, integration, testing, deployment
[createBuildPlan] ADDING phase discovery with 5 agents: oracle, empathy, venture, strategos, scope
[createBuildPlan] ADDING phase conversion with 4 agents: psyche, scribe, architect_conversion, conversion_judge
[createBuildPlan] ADDING phase design with 6 agents: palette, grid, blocks, cartographer, flow, artist
[createBuildPlan] ADDING phase architecture with 6 agents: archon, datum, nexus, forge, sentinel, atlas
[createBuildPlan] ADDING phase frontend with 3 agents: pixel, wire, polish
[createBuildPlan] ADDING phase backend with 4 agents: engine, gateway, keeper, cron
[createBuildPlan] ADDING phase integration with 4 agents: bridge, sync, notify, search
[createBuildPlan] SKIPPING phase testing - not in tier
[createBuildPlan] SKIPPING phase deployment - not in tier
[createBuildPlan] ===== PLAN SUMMARY =====
[createBuildPlan] Tier: professional
[createBuildPlan] Total phases: 7
[createBuildPlan] Total agents: 32
[createBuildPlan] Phases: discovery(5), conversion(4), design(6), architecture(6), frontend(3), backend(4), integration(4)
[Orchestrator] Plan created with 7 phases, 32 agents
[Scheduler] Initializing queue from plan with 7 phases
[Scheduler] Queueing phase discovery with 5 agents: oracle, empathy, venture, strategos, scope
[Scheduler] Queueing phase conversion with 4 agents: psyche, scribe, architect_conversion, conversion_judge
[Scheduler] Queueing phase design with 6 agents: palette, grid, blocks, cartographer, flow, artist
[Scheduler] Queueing phase architecture with 6 agents: archon, datum, nexus, forge, sentinel, atlas
[Scheduler] Queueing phase frontend with 3 agents: pixel, wire, polish
[Scheduler] Queueing phase backend with 4 agents: engine, gateway, keeper, cron
[Scheduler] Queueing phase integration with 4 agents: bridge, sync, notify, search
[Scheduler] Queue initialized with 32 agents total
[INFO] [fingerprint] [olympus-] Loaded 4 cached fingerprints { pruned: 0 }
[INFO] [health] [olympus-] ResilienceEngine v3.0 initialized { tier: 'GOLD' }
[Orchestrator] ResilienceEngine initialized (tier: GOLD)
[3/4] Starting build...

----------------------------------------------------------------------
[ORCH_START] 2026-01-27T11:06:22.986Z - ENTERING: start()
[ORCH_START] 2026-01-27T11:06:22.986Z - STATE: {"buildId":"olympus-dashboard-1769511982981","status":"idle","phasesInPlan":7,"totalAgents":32}
[ORCH_START] 2026-01-27T11:06:22.986Z - Starting build olympus-dashboard-1769511982981
[ORCH_START] 2026-01-27T11:06:22.986Z - Plan has 7 phases: discovery, conversion, design, architecture, frontend, backend, integration
[ORCH_START] 2026-01-27T11:06:22.986Z - Total agents in plan: 32
  [0%] Phase: initializing | Agents: none
[INFO] [health] [olympus-] Score: 88/100 (HIGH_CONFIDENCE) {
  factors: {
    promptComplexity: 100,
    historicalSuccessRate: 70,
    currentSystemLoad: 100,
    agentAvailability: 100,
    resourceBudget: 70
  },
  recommendations: []
}
[RESILIENCE] Health score: 88/100 (HIGH_CONFIDENCE)
[SPEC_COMPLIANCE] Parsing spec (2885 chars)...
[SPEC_COMPLIANCE] Parsed 0 pages, 13 components
[SPEC_COMPLIANCE] Critical: 0 pages, 1 components
[ORCH_START] 2026-01-27T11:06:22.992Z - Heartbeat started (5s interval)
[Orchestrator] ===== PHASE 1/7: discovery =====
[Orchestrator] Phase agents (5): oracle, empathy, venture, strategos, scope
[ORCH_PHASE] 2026-01-27T11:06:22.992Z - ENTERING: executePhase(discovery)
[ORCH_PHASE] 2026-01-27T11:06:22.992Z - Starting phase loop for discovery
[ORCH_LOOP] 2026-01-27T11:06:22.992Z - Loop iteration 1 {"phase":"discovery","nextAgents":["oracle"],"runningAgents":[],"deadlockCounter":0,"isPhaseComplete":false}
[AGENT_CALL] 2026-01-27T11:06:22.993Z - ENTERING: executeAgent(oracle)
[AGENT_CALL] 2026-01-27T11:06:22.993Z - CALLING: oracle (phase: discovery)
[Orchestrator] Agent oracle - Iteration 1/3
[ARCHON-PARSER] ⚠️ WARNING: ARCHON output failed validation. Using partial merge with defaults. 
  Output keys:  
  This may indicate a malformed ARCHON response.
[EXECUTOR] 2026-01-27T11:06:22.994Z - Creating executor for oracle, iteration 1
[EXECUTOR] 2026-01-27T11:06:22.995Z - CALLING executor.execute() for oracle
[AIRouter] Anthropic Claude provider initialized (PRIMARY)
[AIRouter] OpenAI provider initialized (FALLBACK)
[Groq] Initialized with 5 API key(s)
[AIRouter] Groq provider initialized (FALLBACK2)
[AIRouter] Active providers: anthropic, openai, groq
[HEARTBEAT] 2026-01-27T11:06:27.998Z {"buildId":"olympus-dashboard-1769511982981","status":"running","currentPhase":"discovery","currentAgent":"oracle","completedAgents":[],"runningAgents":["oracle"],"failedAgents":[],"progress":0}
[Anthropic] Response complete: stop_reason=end_turn, model=claude-3-haiku-20240307, output_tokens=1336, max_tokens=4096
[Executor] AI execution succeeded: 5078 tokens, provider=anthropic
[Executor] Response content type: string, length: 5097
[Executor] Parsing response: {
  "market_analysis": {
    "tam": {
      "value": "$2.1 billion",
      "calculation": "Estimated...
[Parser] ===== PARSING oracle =====
[Parser] Raw content length: 5097
[Parser] Raw content start: {
  "market_analysis": {
    "tam": {
      "value": "$2.1 billion",
      "calculation": "Estimated total addressable market for developer tools and platforms (Gartner 2022) + adjacent low-code/no-co...
[Parser] Raw content LAST 200 chars: ... to differentiate",
    "entry_timing": "now",
    "key_success_factors": ["Enterprise-focused features and UX", "Integrations with popular CI/CD tools", "Emphasis on constitutional compliance"]
  }
}
[Parser] Found raw JSON via regex, extracted length: 5097
[Parser] Extracted JSON LAST 200 chars: ... to differentiate",
    "entry_timing": "now",
    "key_success_factors": ["Enterprise-focused features and UX", "Integrations with popular CI/CD tools", "Emphasis on constitutional compliance"]
  }
}
[Parser] Extracted JSON length: 5097
[Parser] Extracted JSON start: {
  "market_analysis": {
    "tam": {
      "value": "$2.1 billion",
      "calculation": "Estimated total addressable market for developer tools and platforms (Gartner 2022) + adjacent low-code/no-co...
[Parser] JSON.parse SUCCESS for oracle
[Parser] Agent oracle: parsed.files exists = false, isArray = false, length = 0
[Executor] Parsed successfully: artifacts=1, status=completed
[EXECUTOR] 2026-01-27T11:06:32.698Z - executor.execute() RETURNED for oracle in 9703ms {"success":true,"hasOutput":true,"errorMessage":null,"artifactCount":1}
[Orchestrator] Agent oracle - Quality Score: 100/100 (min: 60)
[Orchestrator] Agent oracle - Quality PASSED on iteration 1
[ARCHON-PARSER] ⚠️ WARNING: ARCHON output failed validation. Using partial merge with defaults. 
  Output keys:  
  This may indicate a malformed ARCHON response.
[PERSISTENCE] Database connection failed for critical decisions: Error: Missing SUPABASE_SERVICE_ROLE_KEY
    at createServiceRoleClient (C:\Users\SBS\Desktop\New folder (4)\vito\src\lib\auth\clients\admin.ts:20:11)
    at saveCriticalDecisions (C:\Users\SBS\Desktop\New folder (4)\vito\src\lib\agents\context\persistence.ts:189:22)
    at BuildContextManager.persistCriticalDecisions (C:\Users\SBS\Desktop\New folder (4)\vito\src\lib\agents\context\manager.ts:204:5)
    at BuildContextManager.updateCriticalDecisions (C:\Users\SBS\Desktop\New folder (4)\vito\src\lib\agents\context\manager.ts:169:10)
    at BuildContextManager.recordOutput (C:\Users\SBS\Desktop\New folder (4)\vito\src\lib\agents\context\manager.ts:147:10)
    at BuildOrchestrator.finalizeAgentSuccess (C:\Users\SBS\Desktop\New folder (4)\vito\src\lib\agents\orchestrator\orchestrator.ts:1779:18)
    at BuildOrchestrator.executeAgentWithFeedback (C:\Users\SBS\Desktop\New folder (4)\vito\src\lib\agents\orchestrator\orchestrator.ts:1481:23)
    at process.processTicksAndRejections (node:internal/process/task_queues:103:5)
    at async BuildOrchestrator.executeAgent (C:\Users\SBS\Desktop\New folder (4)\vito\src\lib\agents\orchestrator\orchestrator.ts:1234:22)
    at async Promise.all (index 0)
[PERSISTENCE] Database connection failed (non-fatal): Error: Missing SUPABASE_SERVICE_ROLE_KEY
    at createServiceRoleClient (C:\Users\SBS\Desktop\New folder (4)\vito\src\lib\auth\clients\admin.ts:20:11)
    at saveAgentOutput (C:\Users\SBS\Desktop\New folder (4)\vito\src\lib\agents\context\persistence.ts:74:22)
    at BuildOrchestrator.finalizeAgentSuccess (C:\Users\SBS\Desktop\New folder (4)\vito\src\lib\agents\orchestrator\orchestrator.ts:1780:11)
    at BuildOrchestrator.executeAgentWithFeedback (C:\Users\SBS\Desktop\New folder (4)\vito\src\lib\agents\orchestrator\orchestrator.ts:1481:23)
    at process.processTicksAndRejections (node:internal/process/task_queues:103:5)
    at async BuildOrchestrator.executeAgent (C:\Users\SBS\Desktop\New folder (4)\vito\src\lib\agents\orchestrator\orchestrator.ts:1234:22)
    at async Promise.all (index 0)
    at async BuildOrchestrator.executePhase (C:\Users\SBS\Desktop\New folder (4)\vito\src\lib\agents\orchestrator\orchestrator.ts:1060:26)
    at async BuildOrchestrator.start (C:\Users\SBS\Desktop\New folder (4)\vito\src\lib\agents\orchestrator\orchestrator.ts:658:29)
    at async runBuild (C:\Users\SBS\Desktop\New folder (4)\vito\scripts\build-olympus-dashboard.ts:189:18)
    → Agent oracle: completed (1 artifacts)
[AGENT_CALL] 2026-01-27T11:06:32.719Z - COMPLETED: oracle in 9726ms, success=true
  [3%] Phase: discovery | Agents: none
[AGENT_CALL] 2026-01-27T11:06:32.721Z - ENTERING: executeAgent(empathy)
[AGENT_CALL] 2026-01-27T11:06:32.721Z - CALLING: empathy (phase: discovery)
[Orchestrator] Agent empathy - Iteration 1/3
[ARCHON-PARSER] ⚠️ WARNING: ARCHON output failed validation. Using partial merge with defaults. 
  Output keys:  
  This may indicate a malformed ARCHON response.
[EXECUTOR] 2026-01-27T11:06:32.721Z - Creating executor for empathy, iteration 1
[EXECUTOR] 2026-01-27T11:06:32.722Z - CALLING executor.execute() for empathy
[PERSISTENCE] ✓ CriticalDecisions saved to file: C:\Users\SBS\Desktop\New folder (4)\vito\.olympus\decisions\olympus-dashboard-1769511982981.json
[HEARTBEAT] 2026-01-27T11:06:33.001Z {"buildId":"olympus-dashboard-1769511982981","status":"running","currentPhase":"discovery","currentAgent":"empathy","completedAgents":["oracle"],"runningAgents":["empathy"],"failedAgents":[],"progress":3}
[HEARTBEAT] 2026-01-27T11:06:38.002Z {"buildId":"olympus-dashboard-1769511982981","status":"running","currentPhase":"discovery","currentAgent":"empathy","completedAgents":["oracle"],"runningAgents":["empathy"],"failedAgents":[],"progress":3}
[HEARTBEAT] 2026-01-27T11:06:43.006Z {"buildId":"olympus-dashboard-1769511982981","status":"running","currentPhase":"discovery","currentAgent":"empathy","completedAgents":["oracle"],"runningAgents":["empathy"],"failedAgents":[],"progress":3}
[HEARTBEAT] 2026-01-27T11:06:48.016Z {"buildId":"olympus-dashboard-1769511982981","status":"running","currentPhase":"discovery","currentAgent":"empathy","completedAgents":["oracle"],"runningAgents":["empathy"],"failedAgents":[],"progress":3}
[Anthropic] Response complete: stop_reason=end_turn, model=claude-3-haiku-20240307, output_tokens=2189, max_tokens=4096
[Executor] AI execution succeeded: 6106 tokens, provider=anthropic
[Executor] Response content type: string, length: 8228
[Executor] Parsing response: {
  "personas": [
    {
      "name": "Kara, the Diligent Developer",
      "archetype": "The Season...
[Parser] ===== PARSING empathy =====
[Parser] Raw content length: 8228
[Parser] Raw content start: {
  "personas": [
    {
      "name": "Kara, the Diligent Developer",
      "archetype": "The Seasoned Power User",
      "demographics": {
        "age_range": "28-38",
        "occupation": "Softwar...
[Parser] Raw content LAST 200 chars: ...es"
  ],
  "research_confidence": {
    "level": "high",
    "gaps": ["Need to validate onboarding and adoption concerns"],
    "recommended_validation": ["User interviews", "Usability testing"]
  }
}
[Parser] Found raw JSON via regex, extracted length: 8228
[Parser] Extracted JSON LAST 200 chars: ...es"
  ],
  "research_confidence": {
    "level": "high",
    "gaps": ["Need to validate onboarding and adoption concerns"],
    "recommended_validation": ["User interviews", "Usability testing"]
  }
}
[Parser] Extracted JSON length: 8228
[Parser] Extracted JSON start: {
  "personas": [
    {
      "name": "Kara, the Diligent Developer",
      "archetype": "The Seasoned Power User",
      "demographics": {
        "age_range": "28-38",
        "occupation": "Softwar...
[Parser] JSON.parse SUCCESS for empathy
[Parser] Agent empathy: parsed.files exists = false, isArray = false, length = 0
[Executor] Parsed successfully: artifacts=1, status=completed
[EXECUTOR] 2026-01-27T11:06:48.886Z - executor.execute() RETURNED for empathy in 16164ms {"success":true,"hasOutput":true,"errorMessage":null,"artifactCount":1}
[Orchestrator] Agent empathy - Quality Score: 100/100 (min: 60)
[Orchestrator] Agent empathy - Quality PASSED on iteration 1
[PERSISTENCE] Database connection failed for critical decisions: Error: Missing SUPABASE_SERVICE_ROLE_KEY
    at createServiceRoleClient (C:\Users\SBS\Desktop\New folder (4)\vito\src\lib\auth\clients\admin.ts:20:11)
    at saveCriticalDecisions (C:\Users\SBS\Desktop\New folder (4)\vito\src\lib\agents\context\persistence.ts:189:22)
    at BuildContextManager.persistCriticalDecisions (C:\Users\SBS\Desktop\New folder (4)\vito\src\lib\agents\context\manager.ts:204:5)
    at BuildContextManager.updateCriticalDecisions (C:\Users\SBS\Desktop\New folder (4)\vito\src\lib\agents\context\manager.ts:169:10)
    at BuildContextManager.recordOutput (C:\Users\SBS\Desktop\New folder (4)\vito\src\lib\agents\context\manager.ts:147:10)
    at BuildOrchestrator.finalizeAgentSuccess (C:\Users\SBS\Desktop\New folder (4)\vito\src\lib\agents\orchestrator\orchestrator.ts:1779:18)
    at BuildOrchestrator.executeAgentWithFeedback (C:\Users\SBS\Desktop\New folder (4)\vito\src\lib\agents\orchestrator\orchestrator.ts:1481:23)
    at process.processTicksAndRejections (node:internal/process/task_queues:103:5)
    at async BuildOrchestrator.executeAgent (C:\Users\SBS\Desktop\New folder (4)\vito\src\lib\agents\orchestrator\orchestrator.ts:1234:22)
    at async Promise.all (index 0)
[PERSISTENCE] Database connection failed (non-fatal): Error: Missing SUPABASE_SERVICE_ROLE_KEY
    at createServiceRoleClient (C:\Users\SBS\Desktop\New folder (4)\vito\src\lib\auth\clients\admin.ts:20:11)
    at saveAgentOutput (C:\Users\SBS\Desktop\New folder (4)\vito\src\lib\agents\context\persistence.ts:74:22)
    at BuildOrchestrator.finalizeAgentSuccess (C:\Users\SBS\Desktop\New folder (4)\vito\src\lib\agents\orchestrator\orchestrator.ts:1780:11)
    at BuildOrchestrator.executeAgentWithFeedback (C:\Users\SBS\Desktop\New folder (4)\vito\src\lib\agents\orchestrator\orchestrator.ts:1481:23)
    at process.processTicksAndRejections (node:internal/process/task_queues:103:5)
    at async BuildOrchestrator.executeAgent (C:\Users\SBS\Desktop\New folder (4)\vito\src\lib\agents\orchestrator\orchestrator.ts:1234:22)
    at async Promise.all (index 0)
    at async BuildOrchestrator.executePhase (C:\Users\SBS\Desktop\New folder (4)\vito\src\lib\agents\orchestrator\orchestrator.ts:1060:26)
    at async BuildOrchestrator.start (C:\Users\SBS\Desktop\New folder (4)\vito\src\lib\agents\orchestrator\orchestrator.ts:658:29)
    at async runBuild (C:\Users\SBS\Desktop\New folder (4)\vito\scripts\build-olympus-dashboard.ts:189:18)
    → Agent empathy: completed (1 artifacts)
[AGENT_CALL] 2026-01-27T11:06:48.893Z - COMPLETED: empathy in 16172ms, success=true
  [6%] Phase: discovery | Agents: none
[AGENT_CALL] 2026-01-27T11:06:48.899Z - ENTERING: executeAgent(venture)
[DEGRADATION] Agent venture not active in tier GOLD - skipping
[PERSISTENCE] Database connection failed for critical decisions: Error: Missing SUPABASE_SERVICE_ROLE_KEY
    at createServiceRoleClient (C:\Users\SBS\Desktop\New folder (4)\vito\src\lib\auth\clients\admin.ts:20:11)
    at saveCriticalDecisions (C:\Users\SBS\Desktop\New folder (4)\vito\src\lib\agents\context\persistence.ts:189:22)
    at BuildContextManager.persistCriticalDecisions (C:\Users\SBS\Desktop\New folder (4)\vito\src\lib\agents\context\manager.ts:204:5)
    at BuildContextManager.updateCriticalDecisions (C:\Users\SBS\Desktop\New folder (4)\vito\src\lib\agents\context\manager.ts:169:10)
    at BuildContextManager.recordOutput (C:\Users\SBS\Desktop\New folder (4)\vito\src\lib\agents\context\manager.ts:147:10)
    at BuildOrchestrator.executeAgent (C:\Users\SBS\Desktop\New folder (4)\vito\src\lib\agents\orchestrator\orchestrator.ts:1203:20)
    at <anonymous> (C:\Users\SBS\Desktop\New folder (4)\vito\src\lib\agents\orchestrator\orchestrator.ts:1053:59)
    at Array.map (<anonymous>)
    at BuildOrchestrator.executePhase (C:\Users\SBS\Desktop\New folder (4)\vito\src\lib\agents\orchestrator\orchestrator.ts:1053:37)
    at process.processTicksAndRejections (node:internal/process/task_queues:103:5)
  [9%] Phase: discovery | Agents: none
[AGENT_CALL] 2026-01-27T11:06:48.910Z - ENTERING: executeAgent(strategos)
[AGENT_CALL] 2026-01-27T11:06:48.910Z - CALLING: strategos (phase: discovery)
[Orchestrator] Agent strategos - Iteration 1/3
[ARCHON-PARSER] ⚠️ WARNING: ARCHON output failed validation. Using partial merge with defaults. 
  Output keys:  
  This may indicate a malformed ARCHON response.
[EXECUTOR] 2026-01-27T11:06:48.913Z - Creating executor for strategos, iteration 1
[EXECUTOR] 2026-01-27T11:06:48.913Z - CALLING executor.execute() for strategos
[Executor] Dependency venture was skipped (tier_degradation). Agent strategos will use fallback behavior.
[PERSISTENCE] ✓ CriticalDecisions saved to file: C:\Users\SBS\Desktop\New folder (4)\vito\.olympus\decisions\olympus-dashboard-1769511982981.json
[PERSISTENCE] ✓ CriticalDecisions saved to file: C:\Users\SBS\Desktop\New folder (4)\vito\.olympus\decisions\olympus-dashboard-1769511982981.json
[HEARTBEAT] 2026-01-27T11:06:53.018Z {"buildId":"olympus-dashboard-1769511982981","status":"running","currentPhase":"discovery","currentAgent":"strategos","completedAgents":["oracle","empathy","venture"],"runningAgents":["strategos"],"failedAgents":[],"progress":9}
[HEARTBEAT] 2026-01-27T11:06:58.022Z {"buildId":"olympus-dashboard-1769511982981","status":"running","currentPhase":"discovery","currentAgent":"strategos","completedAgents":["oracle","empathy","venture"],"runningAgents":["strategos"],"failedAgents":[],"progress":9}
[HEARTBEAT] 2026-01-27T11:07:03.035Z {"buildId":"olympus-dashboard-1769511982981","status":"running","currentPhase":"discovery","currentAgent":"strategos","completedAgents":["oracle","empathy","venture"],"runningAgents":["strategos"],"failedAgents":[],"progress":9}
[HEARTBEAT] 2026-01-27T11:07:08.043Z {"buildId":"olympus-dashboard-1769511982981","status":"running","currentPhase":"discovery","currentAgent":"strategos","completedAgents":["oracle","empathy","venture"],"runningAgents":["strategos"],"failedAgents":[],"progress":9}
[Anthropic] Response complete: stop_reason=end_turn, model=claude-3-haiku-20240307, output_tokens=2925, max_tokens=4096
[Executor] AI execution succeeded: 7906 tokens, provider=anthropic
[Executor] Response content type: string, length: 10960
[Executor] Parsing response: {
  "mvp_definition": {
    "core_value_proposition": "A comprehensive build monitoring and visibili...
[Parser] ===== PARSING strategos =====
[Parser] Raw content length: 10960
[Parser] Raw content start: {
  "mvp_definition": {
    "core_value_proposition": "A comprehensive build monitoring and visibility dashboard for OLYMPUS developers",
    "target_user": "OLYMPUS developers and power users who nee...
[Parser] Raw content LAST 200 chars: ...,
      "probability": "medium",
      "impact": "high",
      "mitigation": "Work closely with the OLYMPUS legal team to define clear and objective criteria for the constitutional checks"
    }
  ]
}
[Parser] Found raw JSON via regex, extracted length: 10960
[Parser] Extracted JSON LAST 200 chars: ...,
      "probability": "medium",
      "impact": "high",
      "mitigation": "Work closely with the OLYMPUS legal team to define clear and objective criteria for the constitutional checks"
    }
  ]
}
[Parser] Extracted JSON length: 10960
[Parser] Extracted JSON start: {
  "mvp_definition": {
    "core_value_proposition": "A comprehensive build monitoring and visibility dashboard for OLYMPUS developers",
    "target_user": "OLYMPUS developers and power users who nee...
[Parser] JSON.parse SUCCESS for strategos
[Parser] Agent strategos: parsed.files exists = false, isArray = false, length = 0
[Executor] Parsed successfully: artifacts=1, status=completed
Agent strategos validation issues: 1 error(s): Expected array
[EXECUTOR] 2026-01-27T11:07:08.717Z - executor.execute() RETURNED for strategos in 19804ms {"success":true,"hasOutput":true,"errorMessage":null,"artifactCount":1}
[Orchestrator] Agent strategos - Quality Score: 100/100 (min: 60)
[Orchestrator] Agent strategos - Quality PASSED on iteration 1
[PERSISTENCE] Database connection failed for critical decisions: Error: Missing SUPABASE_SERVICE_ROLE_KEY
    at createServiceRoleClient (C:\Users\SBS\Desktop\New folder (4)\vito\src\lib\auth\clients\admin.ts:20:11)
    at saveCriticalDecisions (C:\Users\SBS\Desktop\New folder (4)\vito\src\lib\agents\context\persistence.ts:189:22)
    at BuildContextManager.persistCriticalDecisions (C:\Users\SBS\Desktop\New folder (4)\vito\src\lib\agents\context\manager.ts:204:5)
    at BuildContextManager.updateCriticalDecisions (C:\Users\SBS\Desktop\New folder (4)\vito\src\lib\agents\context\manager.ts:169:10)
    at BuildContextManager.recordOutput (C:\Users\SBS\Desktop\New folder (4)\vito\src\lib\agents\context\manager.ts:147:10)
    at BuildOrchestrator.finalizeAgentSuccess (C:\Users\SBS\Desktop\New folder (4)\vito\src\lib\agents\orchestrator\orchestrator.ts:1779:18)
    at BuildOrchestrator.executeAgentWithFeedback (C:\Users\SBS\Desktop\New folder (4)\vito\src\lib\agents\orchestrator\orchestrator.ts:1481:23)
    at process.processTicksAndRejections (node:internal/process/task_queues:103:5)
    at async BuildOrchestrator.executeAgent (C:\Users\SBS\Desktop\New folder (4)\vito\src\lib\agents\orchestrator\orchestrator.ts:1234:22)
    at async Promise.all (index 0)
[PERSISTENCE] Database connection failed (non-fatal): Error: Missing SUPABASE_SERVICE_ROLE_KEY
    at createServiceRoleClient (C:\Users\SBS\Desktop\New folder (4)\vito\src\lib\auth\clients\admin.ts:20:11)
    at saveAgentOutput (C:\Users\SBS\Desktop\New folder (4)\vito\src\lib\agents\context\persistence.ts:74:22)
    at BuildOrchestrator.finalizeAgentSuccess (C:\Users\SBS\Desktop\New folder (4)\vito\src\lib\agents\orchestrator\orchestrator.ts:1780:11)
    at BuildOrchestrator.executeAgentWithFeedback (C:\Users\SBS\Desktop\New folder (4)\vito\src\lib\agents\orchestrator\orchestrator.ts:1481:23)
    at process.processTicksAndRejections (node:internal/process/task_queues:103:5)
    at async BuildOrchestrator.executeAgent (C:\Users\SBS\Desktop\New folder (4)\vito\src\lib\agents\orchestrator\orchestrator.ts:1234:22)
    at async Promise.all (index 0)
    at async BuildOrchestrator.executePhase (C:\Users\SBS\Desktop\New folder (4)\vito\src\lib\agents\orchestrator\orchestrator.ts:1060:26)
    at async BuildOrchestrator.start (C:\Users\SBS\Desktop\New folder (4)\vito\src\lib\agents\orchestrator\orchestrator.ts:658:29)
    at async runBuild (C:\Users\SBS\Desktop\New folder (4)\vito\scripts\build-olympus-dashboard.ts:189:18)
    → Agent strategos: completed (1 artifacts)
[AGENT_CALL] 2026-01-27T11:07:08.722Z - COMPLETED: strategos in 19812ms, success=true
  [13%] Phase: discovery | Agents: none
[AGENT_CALL] 2026-01-27T11:07:08.723Z - ENTERING: executeAgent(scope)
[AGENT_CALL] 2026-01-27T11:07:08.724Z - CALLING: scope (phase: discovery)
[Orchestrator] Agent scope - Iteration 1/3
[ARCHON-PARSER] ⚠️ WARNING: ARCHON output failed validation. Using partial merge with defaults. 
  Output keys:  
  This may indicate a malformed ARCHON response.
[EXECUTOR] 2026-01-27T11:07:08.726Z - Creating executor for scope, iteration 1
[EXECUTOR] 2026-01-27T11:07:08.726Z - CALLING executor.execute() for scope
[PERSISTENCE] ✓ CriticalDecisions saved to file: C:\Users\SBS\Desktop\New folder (4)\vito\.olympus\decisions\olympus-dashboard-1769511982981.json
[HEARTBEAT] 2026-01-27T11:07:13.049Z {"buildId":"olympus-dashboard-1769511982981","status":"running","currentPhase":"discovery","currentAgent":"scope","completedAgents":["oracle","empathy","venture","strategos"],"runningAgents":["scope"],"failedAgents":[],"progress":13}
[HEARTBEAT] 2026-01-27T11:07:18.048Z {"buildId":"olympus-dashboard-1769511982981","status":"running","currentPhase":"discovery","currentAgent":"scope","completedAgents":["oracle","empathy","venture","strategos"],"runningAgents":["scope"],"failedAgents":[],"progress":13}
[Anthropic] Response complete: stop_reason=end_turn, model=claude-3-haiku-20240307, output_tokens=1724, max_tokens=4096
[Executor] AI execution succeeded: 5326 tokens, provider=anthropic
[Executor] Response content type: string, length: 6938
[Executor] Parsing response: {
  "in_scope": [
    {
      "feature": "Build List Panel",
      "description": "Displays a list o...
[Parser] ===== PARSING scope =====
[Parser] Raw content length: 6938
[Parser] Raw content start: {
  "in_scope": [
    {
      "feature": "Build List Panel",
      "description": "Displays a list of all active and completed builds, including their status, timestamps, and duration.",
      "priori...
[Parser] Raw content LAST 200 chars: ...r",
      "2-week development timeline for MVP"
    ],
    "highest_risks": [
      "Scope creep due to additional feature requests",
      "Delay in API development or integration issues"
    ]
  }
}
[Parser] Found raw JSON via regex, extracted length: 6938
[Parser] Extracted JSON LAST 200 chars: ...r",
      "2-week development timeline for MVP"
    ],
    "highest_risks": [
      "Scope creep due to additional feature requests",
      "Delay in API development or integration issues"
    ]
  }
}
[Parser] Extracted JSON length: 6938
[Parser] Extracted JSON start: {
  "in_scope": [
    {
      "feature": "Build List Panel",
      "description": "Displays a list of all active and completed builds, including their status, timestamps, and duration.",
      "priori...
[Parser] JSON.parse SUCCESS for scope
[Parser] Agent scope: parsed.files exists = false, isArray = false, length = 0
[Executor] Parsed successfully: artifacts=1, status=completed
Agent scope validation issues: 1 error(s): Expected array
[EXECUTOR] 2026-01-27T11:07:22.204Z - executor.execute() RETURNED for scope in 13477ms {"success":true,"hasOutput":true,"errorMessage":null,"artifactCount":1}
[Orchestrator] Agent scope - Quality Score: 100/100 (min: 60)
[Orchestrator] Agent scope - Quality PASSED on iteration 1
[PERSISTENCE] Database connection failed for critical decisions: Error: Missing SUPABASE_SERVICE_ROLE_KEY
    at createServiceRoleClient (C:\Users\SBS\Desktop\New folder (4)\vito\src\lib\auth\clients\admin.ts:20:11)
    at saveCriticalDecisions (C:\Users\SBS\Desktop\New folder (4)\vito\src\lib\agents\context\persistence.ts:189:22)
    at BuildContextManager.persistCriticalDecisions (C:\Users\SBS\Desktop\New folder (4)\vito\src\lib\agents\context\manager.ts:204:5)
    at BuildContextManager.updateCriticalDecisions (C:\Users\SBS\Desktop\New folder (4)\vito\src\lib\agents\context\manager.ts:169:10)
    at BuildContextManager.recordOutput (C:\Users\SBS\Desktop\New folder (4)\vito\src\lib\agents\context\manager.ts:147:10)
    at BuildOrchestrator.finalizeAgentSuccess (C:\Users\SBS\Desktop\New folder (4)\vito\src\lib\agents\orchestrator\orchestrator.ts:1779:18)
    at BuildOrchestrator.executeAgentWithFeedback (C:\Users\SBS\Desktop\New folder (4)\vito\src\lib\agents\orchestrator\orchestrator.ts:1481:23)
    at process.processTicksAndRejections (node:internal/process/task_queues:103:5)
    at async BuildOrchestrator.executeAgent (C:\Users\SBS\Desktop\New folder (4)\vito\src\lib\agents\orchestrator\orchestrator.ts:1234:22)
    at async Promise.all (index 0)
[PERSISTENCE] Database connection failed (non-fatal): Error: Missing SUPABASE_SERVICE_ROLE_KEY
    at createServiceRoleClient (C:\Users\SBS\Desktop\New folder (4)\vito\src\lib\auth\clients\admin.ts:20:11)
    at saveAgentOutput (C:\Users\SBS\Desktop\New folder (4)\vito\src\lib\agents\context\persistence.ts:74:22)
    at BuildOrchestrator.finalizeAgentSuccess (C:\Users\SBS\Desktop\New folder (4)\vito\src\lib\agents\orchestrator\orchestrator.ts:1780:11)
    at BuildOrchestrator.executeAgentWithFeedback (C:\Users\SBS\Desktop\New folder (4)\vito\src\lib\agents\orchestrator\orchestrator.ts:1481:23)
    at process.processTicksAndRejections (node:internal/process/task_queues:103:5)
    at async BuildOrchestrator.executeAgent (C:\Users\SBS\Desktop\New folder (4)\vito\src\lib\agents\orchestrator\orchestrator.ts:1234:22)
    at async Promise.all (index 0)
    at async BuildOrchestrator.executePhase (C:\Users\SBS\Desktop\New folder (4)\vito\src\lib\agents\orchestrator\orchestrator.ts:1060:26)
    at async BuildOrchestrator.start (C:\Users\SBS\Desktop\New folder (4)\vito\src\lib\agents\orchestrator\orchestrator.ts:658:29)
    at async runBuild (C:\Users\SBS\Desktop\New folder (4)\vito\scripts\build-olympus-dashboard.ts:189:18)
    → Agent scope: completed (1 artifacts)
[AGENT_CALL] 2026-01-27T11:07:22.206Z - COMPLETED: scope in 13482ms, success=true
  [16%] Phase: discovery | Agents: none
[Scheduler] Phase discovery COMPLETE. Status: [{"agentId":"oracle","completed":true,"failed":false,"optional":false},{"agentId":"empathy","completed":true,"failed":false,"optional":false},{"agentId":"venture","completed":true,"failed":false,"optional":true},{"agentId":"strategos","completed":true,"failed":false,"optional":false},{"agentId":"scope","completed":true,"failed":false,"optional":false}]
  ✓ Phase discovery completed (completed)
[ORCH_PHASE] 2026-01-27T11:07:22.208Z - Phase discovery result: success=true, error=none
[Orchestrator] ✓ Phase discovery completed. Completed phases: discovery
[Orchestrator] ===== PHASE 2/7: conversion =====
[Orchestrator] Phase agents (4): psyche, scribe, architect_conversion, conversion_judge
[ORCH_PHASE] 2026-01-27T11:07:22.208Z - ENTERING: executePhase(conversion)
[ORCH_PHASE] 2026-01-27T11:07:22.208Z - Starting phase loop for conversion
[ORCH_LOOP] 2026-01-27T11:07:22.208Z - Loop iteration 1 {"phase":"conversion","nextAgents":["psyche"],"runningAgents":[],"deadlockCounter":0,"isPhaseComplete":false}
[AGENT_CALL] 2026-01-27T11:07:22.209Z - ENTERING: executeAgent(psyche)
[DEGRADATION] Agent psyche not active in tier GOLD - skipping
[PERSISTENCE] Database connection failed for critical decisions: Error: Missing SUPABASE_SERVICE_ROLE_KEY
    at createServiceRoleClient (C:\Users\SBS\Desktop\New folder (4)\vito\src\lib\auth\clients\admin.ts:20:11)
    at saveCriticalDecisions (C:\Users\SBS\Desktop\New folder (4)\vito\src\lib\agents\context\persistence.ts:189:22)
    at BuildContextManager.persistCriticalDecisions (C:\Users\SBS\Desktop\New folder (4)\vito\src\lib\agents\context\manager.ts:204:5)
    at BuildContextManager.updateCriticalDecisions (C:\Users\SBS\Desktop\New folder (4)\vito\src\lib\agents\context\manager.ts:169:10)
    at BuildContextManager.recordOutput (C:\Users\SBS\Desktop\New folder (4)\vito\src\lib\agents\context\manager.ts:147:10)
    at BuildOrchestrator.executeAgent (C:\Users\SBS\Desktop\New folder (4)\vito\src\lib\agents\orchestrator\orchestrator.ts:1203:20)
    at <anonymous> (C:\Users\SBS\Desktop\New folder (4)\vito\src\lib\agents\orchestrator\orchestrator.ts:1053:59)
    at Array.map (<anonymous>)
    at BuildOrchestrator.executePhase (C:\Users\SBS\Desktop\New folder (4)\vito\src\lib\agents\orchestrator\orchestrator.ts:1053:37)
    at BuildOrchestrator.start (C:\Users\SBS\Desktop\New folder (4)\vito\src\lib\agents\orchestrator\orchestrator.ts:658:40)
  [19%] Phase: conversion | Agents: none
[AGENT_CALL] 2026-01-27T11:07:22.213Z - ENTERING: executeAgent(scribe)
[AGENT_CALL] 2026-01-27T11:07:22.213Z - CALLING: scribe (phase: conversion)
[Orchestrator] Agent scribe - Iteration 1/3
[ARCHON-PARSER] ⚠️ WARNING: ARCHON output failed validation. Using partial merge with defaults. 
  Output keys:  
  This may indicate a malformed ARCHON response.
[50X COORDINATION] scribe: Injected 286 tokens of upstream constraints
[EXECUTOR] 2026-01-27T11:07:22.214Z - Creating executor for scribe, iteration 1
[EXECUTOR] 2026-01-27T11:07:22.215Z - CALLING executor.execute() for scribe
[Executor] Dependency psyche was skipped (tier_degradation). Agent scribe will use fallback behavior.
[PERSISTENCE] ✓ CriticalDecisions saved to file: C:\Users\SBS\Desktop\New folder (4)\vito\.olympus\decisions\olympus-dashboard-1769511982981.json
[PERSISTENCE] ✓ CriticalDecisions saved to file: C:\Users\SBS\Desktop\New folder (4)\vito\.olympus\decisions\olympus-dashboard-1769511982981.json
Anthropic completion failed after 463ms: NotFoundError: 404 {"type":"error","error":{"type":"not_found_error","message":"model: claude-3-5-sonnet-20241022"},"request_id":"req_011CXXmydWs8EPGKg1GgDxGn"}
    at APIError.generate (C:\Users\SBS\Desktop\New folder (4)\vito\node_modules\@anthropic-ai\sdk\src\core\error.ts:75:14)
    at Anthropic.makeStatusError (C:\Users\SBS\Desktop\New folder (4)\vito\node_modules\@anthropic-ai\sdk\src\client.ts:443:28)
    at Anthropic.makeRequest (C:\Users\SBS\Desktop\New folder (4)\vito\node_modules\@anthropic-ai\sdk\src\client.ts:678:24)
    at process.processTicksAndRejections (node:internal/process/task_queues:103:5)
    at async AnthropicProvider.complete (C:\Users\SBS\Desktop\New folder (4)\vito\src\lib\agents\providers\anthropic.ts:200:24)
    at async AIRouter.execute (C:\Users\SBS\Desktop\New folder (4)\vito\src\lib\agents\providers\router.ts:248:26)
    at async AgentExecutor.executeCompletion (C:\Users\SBS\Desktop\New folder (4)\vito\src\lib\agents\executor\executor.ts:152:20)
    at async RetryHandler.executeWithRetry (C:\Users\SBS\Desktop\New folder (4)\vito\src\lib\agents\executor\retry.ts:63:24)
    at async AgentExecutor.execute (C:\Users\SBS\Desktop\New folder (4)\vito\src\lib\agents\executor\executor.ts:95:22)
    at async BuildOrchestrator.executeAgentWithFeedback (C:\Users\SBS\Desktop\New folder (4)\vito\src\lib\agents\orchestrator\orchestrator.ts:1393:22) {
  status: 404,
  headers: Headers {
    date: 'Tue, 27 Jan 2026 11:07:22 GMT',
    'content-type': 'application/json',
    'transfer-encoding': 'chunked',
    connection: 'keep-alive',
    'x-should-retry': 'false',
    'request-id': 'req_011CXXmydWs8EPGKg1GgDxGn',
    'strict-transport-security': 'max-age=31536000; includeSubDomains; preload',
    'anthropic-organization-id': 'd06567ef-3469-4f53-ac13-52b8fe9f18b6',
    server: 'cloudflare',
    'x-envoy-upstream-service-time': '45',
    'cf-cache-status': 'DYNAMIC',
    'x-robots-tag': 'none',
    'content-encoding': 'gzip',
    'cf-ray': '9c47c936de420e0d-MXP'
  },
  requestID: 'req_011CXXmydWs8EPGKg1GgDxGn',
  error: {
    type: 'error',
    error: {
      type: 'not_found_error',
      message: 'model: claude-3-5-sonnet-20241022'
    },
    request_id: 'req_011CXXmydWs8EPGKg1GgDxGn'
  }
}
Primary provider anthropic failed: 404 {"type":"error","error":{"type":"not_found_error","message":"model: claude-3-5-sonnet-20241022"},"request_id":"req_011CXXmydWs8EPGKg1GgDxGn"}
[AIRouter] Checking fallback: enabled=true, fallbackProvider=openai
[AIRouter] Fallback provider found: true, providers keys: anthropic, openai, groq
[AIRouter] Attempting fallback to openai with model gpt-4o
[AIRouter] Calling openai.complete()...
[HEARTBEAT] 2026-01-27T11:07:23.051Z {"buildId":"olympus-dashboard-1769511982981","status":"running","currentPhase":"conversion","currentAgent":"scribe","completedAgents":["oracle","empathy","venture","strategos","scope","psyche"],"runningAgents":["scribe"],"failedAgents":[],"progress":19}
[HEARTBEAT] 2026-01-27T11:07:28.057Z {"buildId":"olympus-dashboard-1769511982981","status":"running","currentPhase":"conversion","currentAgent":"scribe","completedAgents":["oracle","empathy","venture","strategos","scope","psyche"],"runningAgents":["scribe"],"failedAgents":[],"progress":19}
[HEARTBEAT] 2026-01-27T11:07:33.066Z {"buildId":"olympus-dashboard-1769511982981","status":"running","currentPhase":"conversion","currentAgent":"scribe","completedAgents":["oracle","empathy","venture","strategos","scope","psyche"],"runningAgents":["scribe"],"failedAgents":[],"progress":19}
[HEARTBEAT] 2026-01-27T11:07:38.081Z {"buildId":"olympus-dashboard-1769511982981","status":"running","currentPhase":"conversion","currentAgent":"scribe","completedAgents":["oracle","empathy","venture","strategos","scope","psyche"],"runningAgents":["scribe"],"failedAgents":[],"progress":19}
[HEARTBEAT] 2026-01-27T11:07:43.083Z {"buildId":"olympus-dashboard-1769511982981","status":"running","currentPhase":"conversion","currentAgent":"scribe","completedAgents":["oracle","empathy","venture","strategos","scope","psyche"],"runningAgents":["scribe"],"failedAgents":[],"progress":19}
[HEARTBEAT] 2026-01-27T11:07:48.087Z {"buildId":"olympus-dashboard-1769511982981","status":"running","currentPhase":"conversion","currentAgent":"scribe","completedAgents":["oracle","empathy","venture","strategos","scope","psyche"],"runningAgents":["scribe"],"failedAgents":[],"progress":19}
[HEARTBEAT] 2026-01-27T11:07:53.098Z {"buildId":"olympus-dashboard-1769511982981","status":"running","currentPhase":"conversion","currentAgent":"scribe","completedAgents":["oracle","empathy","venture","strategos","scope","psyche"],"runningAgents":["scribe"],"failedAgents":[],"progress":19}
[HEARTBEAT] 2026-01-27T11:07:58.101Z {"buildId":"olympus-dashboard-1769511982981","status":"running","currentPhase":"conversion","currentAgent":"scribe","completedAgents":["oracle","empathy","venture","strategos","scope","psyche"],"runningAgents":["scribe"],"failedAgents":[],"progress":19}
[HEARTBEAT] 2026-01-27T11:08:03.102Z {"buildId":"olympus-dashboard-1769511982981","status":"running","currentPhase":"conversion","currentAgent":"scribe","completedAgents":["oracle","empathy","venture","strategos","scope","psyche"],"runningAgents":["scribe"],"failedAgents":[],"progress":19}
[HEARTBEAT] 2026-01-27T11:08:08.102Z {"buildId":"olympus-dashboard-1769511982981","status":"running","currentPhase":"conversion","currentAgent":"scribe","completedAgents":["oracle","empathy","venture","strategos","scope","psyche"],"runningAgents":["scribe"],"failedAgents":[],"progress":19}
[HEARTBEAT] 2026-01-27T11:08:13.103Z {"buildId":"olympus-dashboard-1769511982981","status":"running","currentPhase":"conversion","currentAgent":"scribe","completedAgents":["oracle","empathy","venture","strategos","scope","psyche"],"runningAgents":["scribe"],"failedAgents":[],"progress":19}
[HEARTBEAT] 2026-01-27T11:08:18.106Z {"buildId":"olympus-dashboard-1769511982981","status":"running","currentPhase":"conversion","currentAgent":"scribe","completedAgents":["oracle","empathy","venture","strategos","scope","psyche"],"runningAgents":["scribe"],"failedAgents":[],"progress":19}
[HEARTBEAT] 2026-01-27T11:08:23.120Z {"buildId":"olympus-dashboard-1769511982981","status":"running","currentPhase":"conversion","currentAgent":"scribe","completedAgents":["oracle","empathy","venture","strategos","scope","psyche"],"runningAgents":["scribe"],"failedAgents":[],"progress":19}
[HEARTBEAT] 2026-01-27T11:08:28.120Z {"buildId":"olympus-dashboard-1769511982981","status":"running","currentPhase":"conversion","currentAgent":"scribe","completedAgents":["oracle","empathy","venture","strategos","scope","psyche"],"runningAgents":["scribe"],"failedAgents":[],"progress":19}
[HEARTBEAT] 2026-01-27T11:08:33.136Z {"buildId":"olympus-dashboard-1769511982981","status":"running","currentPhase":"conversion","currentAgent":"scribe","completedAgents":["oracle","empathy","venture","strategos","scope","psyche"],"runningAgents":["scribe"],"failedAgents":[],"progress":19}
[HEARTBEAT] 2026-01-27T11:08:38.139Z {"buildId":"olympus-dashboard-1769511982981","status":"running","currentPhase":"conversion","currentAgent":"scribe","completedAgents":["oracle","empathy","venture","strategos","scope","psyche"],"runningAgents":["scribe"],"failedAgents":[],"progress":19}
[HEARTBEAT] 2026-01-27T11:08:43.141Z {"buildId":"olympus-dashboard-1769511982981","status":"running","currentPhase":"conversion","currentAgent":"scribe","completedAgents":["oracle","empathy","venture","strategos","scope","psyche"],"runningAgents":["scribe"],"failedAgents":[],"progress":19}
[HEARTBEAT] 2026-01-27T11:08:48.142Z {"buildId":"olympus-dashboard-1769511982981","status":"running","currentPhase":"conversion","currentAgent":"scribe","completedAgents":["oracle","empathy","venture","strategos","scope","psyche"],"runningAgents":["scribe"],"failedAgents":[],"progress":19}
[AIRouter] Fallback openai succeeded! Tokens: 5777
[Executor] AI execution succeeded: 5777 tokens, provider=anthropic,openai
[Executor] Response content type: string, length: 7983
[Executor] Parsing response: {
  "headlines": [
    {
      "text": "Master Your Builds Without the Guesswork",
      "formula": ...
[Parser] ===== PARSING scribe =====
[Parser] Raw content length: 7983
[Parser] Raw content start: {
  "headlines": [
    {
      "text": "Master Your Builds Without the Guesswork",
      "formula": "outcome-without-pain",
      "trigger": "salvation"
    },
    {
      "text": "How to Streamline Y...
[Parser] Raw content LAST 200 chars: ...ould benefit"
    }
  },
  "meta": {
    "word_count": 898,
    "reading_time_seconds": 215,
    "primary_trigger_used": "salvation",
    "framework_used": "AIDA",
    "niche_context_used": true
  }
}
[Parser] Found raw JSON via regex, extracted length: 7983
[Parser] Extracted JSON LAST 200 chars: ...ould benefit"
    }
  },
  "meta": {
    "word_count": 898,
    "reading_time_seconds": 215,
    "primary_trigger_used": "salvation",
    "framework_used": "AIDA",
    "niche_context_used": true
  }
}
[Parser] Extracted JSON length: 7983
[Parser] Extracted JSON start: {
  "headlines": [
    {
      "text": "Master Your Builds Without the Guesswork",
      "formula": "outcome-without-pain",
      "trigger": "salvation"
    },
    {
      "text": "How to Streamline Y...
[Parser] JSON.parse SUCCESS for scribe
[Parser] Agent scribe: parsed.files exists = false, isArray = false, length = 0
[Executor] Parsed successfully: artifacts=1, status=completed
[EXECUTOR] 2026-01-27T11:08:48.245Z - executor.execute() RETURNED for scribe in 86030ms {"success":true,"hasOutput":true,"errorMessage":null,"artifactCount":1}
[Orchestrator] Agent scribe - Quality Score: 100/100 (min: 60)
[Orchestrator] Agent scribe - Quality PASSED on iteration 1
[PERSISTENCE] Database connection failed for critical decisions: Error: Missing SUPABASE_SERVICE_ROLE_KEY
    at createServiceRoleClient (C:\Users\SBS\Desktop\New folder (4)\vito\src\lib\auth\clients\admin.ts:20:11)
    at saveCriticalDecisions (C:\Users\SBS\Desktop\New folder (4)\vito\src\lib\agents\context\persistence.ts:189:22)
    at BuildContextManager.persistCriticalDecisions (C:\Users\SBS\Desktop\New folder (4)\vito\src\lib\agents\context\manager.ts:204:5)
    at BuildContextManager.updateCriticalDecisions (C:\Users\SBS\Desktop\New folder (4)\vito\src\lib\agents\context\manager.ts:169:10)
    at BuildContextManager.recordOutput (C:\Users\SBS\Desktop\New folder (4)\vito\src\lib\agents\context\manager.ts:147:10)
    at BuildOrchestrator.finalizeAgentSuccess (C:\Users\SBS\Desktop\New folder (4)\vito\src\lib\agents\orchestrator\orchestrator.ts:1779:18)
    at BuildOrchestrator.executeAgentWithFeedback (C:\Users\SBS\Desktop\New folder (4)\vito\src\lib\agents\orchestrator\orchestrator.ts:1481:23)
    at process.processTicksAndRejections (node:internal/process/task_queues:103:5)
    at async BuildOrchestrator.executeAgent (C:\Users\SBS\Desktop\New folder (4)\vito\src\lib\agents\orchestrator\orchestrator.ts:1234:22)
    at async Promise.all (index 0)
[PERSISTENCE] Database connection failed (non-fatal): Error: Missing SUPABASE_SERVICE_ROLE_KEY
    at createServiceRoleClient (C:\Users\SBS\Desktop\New folder (4)\vito\src\lib\auth\clients\admin.ts:20:11)
    at saveAgentOutput (C:\Users\SBS\Desktop\New folder (4)\vito\src\lib\agents\context\persistence.ts:74:22)
    at BuildOrchestrator.finalizeAgentSuccess (C:\Users\SBS\Desktop\New folder (4)\vito\src\lib\agents\orchestrator\orchestrator.ts:1780:11)
    at BuildOrchestrator.executeAgentWithFeedback (C:\Users\SBS\Desktop\New folder (4)\vito\src\lib\agents\orchestrator\orchestrator.ts:1481:23)
    at process.processTicksAndRejections (node:internal/process/task_queues:103:5)
    at async BuildOrchestrator.executeAgent (C:\Users\SBS\Desktop\New folder (4)\vito\src\lib\agents\orchestrator\orchestrator.ts:1234:22)
    at async Promise.all (index 0)
    at async BuildOrchestrator.executePhase (C:\Users\SBS\Desktop\New folder (4)\vito\src\lib\agents\orchestrator\orchestrator.ts:1060:26)
    at async BuildOrchestrator.start (C:\Users\SBS\Desktop\New folder (4)\vito\src\lib\agents\orchestrator\orchestrator.ts:658:29)
    at async runBuild (C:\Users\SBS\Desktop\New folder (4)\vito\scripts\build-olympus-dashboard.ts:189:18)
    → Agent scribe: completed (1 artifacts)
[AGENT_CALL] 2026-01-27T11:08:48.249Z - COMPLETED: scribe in 86036ms, success=true
  [22%] Phase: conversion | Agents: none
[AGENT_CALL] 2026-01-27T11:08:48.250Z - ENTERING: executeAgent(architect_conversion)
[AGENT_CALL] 2026-01-27T11:08:48.250Z - CALLING: architect_conversion (phase: conversion)
[Orchestrator] Agent architect_conversion - Iteration 1/3
[ARCHON-PARSER] ⚠️ WARNING: ARCHON output failed validation. Using partial merge with defaults. 
  Output keys:  
  This may indicate a malformed ARCHON response.
[50X COORDINATION] architect_conversion: Injected 286 tokens of upstream constraints
[EXECUTOR] 2026-01-27T11:08:48.251Z - Creating executor for architect_conversion, iteration 1
[EXECUTOR] 2026-01-27T11:08:48.251Z - CALLING executor.execute() for architect_conversion
[Executor] Dependency venture was skipped (tier_degradation). Agent architect_conversion will use fallback behavior.
[PERSISTENCE] ✓ CriticalDecisions saved to file: C:\Users\SBS\Desktop\New folder (4)\vito\.olympus\decisions\olympus-dashboard-1769511982981.json
Anthropic completion failed after 518ms: NotFoundError: 404 {"type":"error","error":{"type":"not_found_error","message":"model: claude-3-5-sonnet-20241022"},"request_id":"req_011CXXn5yZ3KYy72pcXba8ZB"}
    at APIError.generate (C:\Users\SBS\Desktop\New folder (4)\vito\node_modules\@anthropic-ai\sdk\src\core\error.ts:75:14)
    at Anthropic.makeStatusError (C:\Users\SBS\Desktop\New folder (4)\vito\node_modules\@anthropic-ai\sdk\src\client.ts:443:28)
    at Anthropic.makeRequest (C:\Users\SBS\Desktop\New folder (4)\vito\node_modules\@anthropic-ai\sdk\src\client.ts:678:24)
    at process.processTicksAndRejections (node:internal/process/task_queues:103:5)
    at async AnthropicProvider.complete (C:\Users\SBS\Desktop\New folder (4)\vito\src\lib\agents\providers\anthropic.ts:200:24)
    at async AIRouter.execute (C:\Users\SBS\Desktop\New folder (4)\vito\src\lib\agents\providers\router.ts:248:26)
    at async AgentExecutor.executeCompletion (C:\Users\SBS\Desktop\New folder (4)\vito\src\lib\agents\executor\executor.ts:152:20)
    at async RetryHandler.executeWithRetry (C:\Users\SBS\Desktop\New folder (4)\vito\src\lib\agents\executor\retry.ts:63:24)
    at async AgentExecutor.execute (C:\Users\SBS\Desktop\New folder (4)\vito\src\lib\agents\executor\executor.ts:95:22)
    at async BuildOrchestrator.executeAgentWithFeedback (C:\Users\SBS\Desktop\New folder (4)\vito\src\lib\agents\orchestrator\orchestrator.ts:1393:22) {
  status: 404,
  headers: Headers {
    date: 'Tue, 27 Jan 2026 11:08:48 GMT',
    'content-type': 'application/json',
    'transfer-encoding': 'chunked',
    connection: 'keep-alive',
    'x-should-retry': 'false',
    'request-id': 'req_011CXXn5yZ3KYy72pcXba8ZB',
    'strict-transport-security': 'max-age=31536000; includeSubDomains; preload',
    'anthropic-organization-id': 'd06567ef-3469-4f53-ac13-52b8fe9f18b6',
    server: 'cloudflare',
    'x-envoy-upstream-service-time': '81',
    'cf-cache-status': 'DYNAMIC',
    'x-robots-tag': 'none',
    'content-encoding': 'gzip',
    'cf-ray': '9c47cb50ee24ee19-MXP'
  },
  requestID: 'req_011CXXn5yZ3KYy72pcXba8ZB',
  error: {
    type: 'error',
    error: {
      type: 'not_found_error',
      message: 'model: claude-3-5-sonnet-20241022'
    },
    request_id: 'req_011CXXn5yZ3KYy72pcXba8ZB'
  }
}
Primary provider anthropic failed: 404 {"type":"error","error":{"type":"not_found_error","message":"model: claude-3-5-sonnet-20241022"},"request_id":"req_011CXXn5yZ3KYy72pcXba8ZB"}
[AIRouter] Checking fallback: enabled=true, fallbackProvider=openai
[AIRouter] Fallback provider found: true, providers keys: anthropic, openai, groq
[AIRouter] Attempting fallback to openai with model gpt-4o
[AIRouter] Calling openai.complete()...
[HEARTBEAT] 2026-01-27T11:08:53.156Z {"buildId":"olympus-dashboard-1769511982981","status":"running","currentPhase":"conversion","currentAgent":"architect_conversion","completedAgents":["oracle","empathy","venture","strategos","scope","psyche","scribe"],"runningAgents":["architect_conversion"],"failedAgents":[],"progress":22}
[HEARTBEAT] 2026-01-27T11:08:58.156Z {"buildId":"olympus-dashboard-1769511982981","status":"running","currentPhase":"conversion","currentAgent":"architect_conversion","completedAgents":["oracle","empathy","venture","strategos","scope","psyche","scribe"],"runningAgents":["architect_conversion"],"failedAgents":[],"progress":22}
[HEARTBEAT] 2026-01-27T11:09:03.170Z {"buildId":"olympus-dashboard-1769511982981","status":"running","currentPhase":"conversion","currentAgent":"architect_conversion","completedAgents":["oracle","empathy","venture","strategos","scope","psyche","scribe"],"runningAgents":["architect_conversion"],"failedAgents":[],"progress":22}
[HEARTBEAT] 2026-01-27T11:09:08.172Z {"buildId":"olympus-dashboard-1769511982981","status":"running","currentPhase":"conversion","currentAgent":"architect_conversion","completedAgents":["oracle","empathy","venture","strategos","scope","psyche","scribe"],"runningAgents":["architect_conversion"],"failedAgents":[],"progress":22}
[HEARTBEAT] 2026-01-27T11:09:13.176Z {"buildId":"olympus-dashboard-1769511982981","status":"running","currentPhase":"conversion","currentAgent":"architect_conversion","completedAgents":["oracle","empathy","venture","strategos","scope","psyche","scribe"],"runningAgents":["architect_conversion"],"failedAgents":[],"progress":22}
[AIRouter] Fallback openai succeeded! Tokens: 4573
[Executor] AI execution succeeded: 4573 tokens, provider=anthropic,openai
[Executor] Response content type: string, length: 7525
[Executor] Parsing response: {
  "page_blueprint": {
    "page_type": "sales_page",
    "sections": [
      {
        "id": "hero...
[Parser] ===== PARSING architect_conversion =====
[Parser] Raw content length: 7525
[Parser] Raw content start: {
  "page_blueprint": {
    "page_type": "sales_page",
    "sections": [
      {
        "id": "hero",
        "order": 1,
        "type": "hero",
        "headline": "Introducing the OLYMPUS Builder ...
[Parser] Raw content LAST 200 chars: ...   "has_above_fold_cta": true,
    "has_social_proof": true,
    "has_guarantee": true,
    "has_faq": true,
    "has_urgency": true,
    "has_multiple_ctas": true,
    "objections_addressed": 5
  }
}
[Parser] Found raw JSON via regex, extracted length: 7525
[Parser] Extracted JSON LAST 200 chars: ...   "has_above_fold_cta": true,
    "has_social_proof": true,
    "has_guarantee": true,
    "has_faq": true,
    "has_urgency": true,
    "has_multiple_ctas": true,
    "objections_addressed": 5
  }
}
[Parser] Extracted JSON length: 7525
[Parser] Extracted JSON start: {
  "page_blueprint": {
    "page_type": "sales_page",
    "sections": [
      {
        "id": "hero",
        "order": 1,
        "type": "hero",
        "headline": "Introducing the OLYMPUS Builder ...
[Parser] JSON.parse SUCCESS for architect_conversion
[Parser] Agent architect_conversion: parsed.files exists = false, isArray = false, length = 0
[Executor] Parsed successfully: artifacts=1, status=completed
[EXECUTOR] 2026-01-27T11:09:14.607Z - executor.execute() RETURNED for architect_conversion in 26356ms {"success":true,"hasOutput":true,"errorMessage":null,"artifactCount":1}
[Orchestrator] Agent architect_conversion - Quality Score: 100/100 (min: 60)
[Orchestrator] Agent architect_conversion - Quality PASSED on iteration 1
[PERSISTENCE] Database connection failed for critical decisions: Error: Missing SUPABASE_SERVICE_ROLE_KEY
    at createServiceRoleClient (C:\Users\SBS\Desktop\New folder (4)\vito\src\lib\auth\clients\admin.ts:20:11)
    at saveCriticalDecisions (C:\Users\SBS\Desktop\New folder (4)\vito\src\lib\agents\context\persistence.ts:189:22)
    at BuildContextManager.persistCriticalDecisions (C:\Users\SBS\Desktop\New folder (4)\vito\src\lib\agents\context\manager.ts:204:5)
    at BuildContextManager.updateCriticalDecisions (C:\Users\SBS\Desktop\New folder (4)\vito\src\lib\agents\context\manager.ts:169:10)
    at BuildContextManager.recordOutput (C:\Users\SBS\Desktop\New folder (4)\vito\src\lib\agents\context\manager.ts:147:10)
    at BuildOrchestrator.finalizeAgentSuccess (C:\Users\SBS\Desktop\New folder (4)\vito\src\lib\agents\orchestrator\orchestrator.ts:1779:18)
    at BuildOrchestrator.executeAgentWithFeedback (C:\Users\SBS\Desktop\New folder (4)\vito\src\lib\agents\orchestrator\orchestrator.ts:1481:23)
    at process.processTicksAndRejections (node:internal/process/task_queues:103:5)
    at async BuildOrchestrator.executeAgent (C:\Users\SBS\Desktop\New folder (4)\vito\src\lib\agents\orchestrator\orchestrator.ts:1234:22)
    at async Promise.all (index 0)
[PERSISTENCE] Database connection failed (non-fatal): Error: Missing SUPABASE_SERVICE_ROLE_KEY
    at createServiceRoleClient (C:\Users\SBS\Desktop\New folder (4)\vito\src\lib\auth\clients\admin.ts:20:11)
    at saveAgentOutput (C:\Users\SBS\Desktop\New folder (4)\vito\src\lib\agents\context\persistence.ts:74:22)
    at BuildOrchestrator.finalizeAgentSuccess (C:\Users\SBS\Desktop\New folder (4)\vito\src\lib\agents\orchestrator\orchestrator.ts:1780:11)
    at BuildOrchestrator.executeAgentWithFeedback (C:\Users\SBS\Desktop\New folder (4)\vito\src\lib\agents\orchestrator\orchestrator.ts:1481:23)
    at process.processTicksAndRejections (node:internal/process/task_queues:103:5)
    at async BuildOrchestrator.executeAgent (C:\Users\SBS\Desktop\New folder (4)\vito\src\lib\agents\orchestrator\orchestrator.ts:1234:22)
    at async Promise.all (index 0)
    at async BuildOrchestrator.executePhase (C:\Users\SBS\Desktop\New folder (4)\vito\src\lib\agents\orchestrator\orchestrator.ts:1060:26)
    at async BuildOrchestrator.start (C:\Users\SBS\Desktop\New folder (4)\vito\src\lib\agents\orchestrator\orchestrator.ts:658:29)
    at async runBuild (C:\Users\SBS\Desktop\New folder (4)\vito\scripts\build-olympus-dashboard.ts:189:18)
    → Agent architect_conversion: completed (1 artifacts)
[AGENT_CALL] 2026-01-27T11:09:14.609Z - COMPLETED: architect_conversion in 26359ms, success=true
  [25%] Phase: conversion | Agents: none
[AGENT_CALL] 2026-01-27T11:09:14.612Z - ENTERING: executeAgent(conversion_judge)
[DEGRADATION] Agent conversion_judge not active in tier GOLD - skipping
[PERSISTENCE] Database connection failed for critical decisions: Error: Missing SUPABASE_SERVICE_ROLE_KEY
    at createServiceRoleClient (C:\Users\SBS\Desktop\New folder (4)\vito\src\lib\auth\clients\admin.ts:20:11)
    at saveCriticalDecisions (C:\Users\SBS\Desktop\New folder (4)\vito\src\lib\agents\context\persistence.ts:189:22)
    at BuildContextManager.persistCriticalDecisions (C:\Users\SBS\Desktop\New folder (4)\vito\src\lib\agents\context\manager.ts:204:5)
    at BuildContextManager.updateCriticalDecisions (C:\Users\SBS\Desktop\New folder (4)\vito\src\lib\agents\context\manager.ts:169:10)
    at BuildContextManager.recordOutput (C:\Users\SBS\Desktop\New folder (4)\vito\src\lib\agents\context\manager.ts:147:10)
    at BuildOrchestrator.executeAgent (C:\Users\SBS\Desktop\New folder (4)\vito\src\lib\agents\orchestrator\orchestrator.ts:1203:20)
    at <anonymous> (C:\Users\SBS\Desktop\New folder (4)\vito\src\lib\agents\orchestrator\orchestrator.ts:1053:59)
    at Array.map (<anonymous>)
    at BuildOrchestrator.executePhase (C:\Users\SBS\Desktop\New folder (4)\vito\src\lib\agents\orchestrator\orchestrator.ts:1053:37)
    at process.processTicksAndRejections (node:internal/process/task_queues:103:5)
  [28%] Phase: conversion | Agents: none
[Scheduler] Phase conversion COMPLETE. Status: [{"agentId":"psyche","completed":true,"failed":false,"optional":false},{"agentId":"scribe","completed":true,"failed":false,"optional":false},{"agentId":"architect_conversion","completed":true,"failed":false,"optional":false},{"agentId":"conversion_judge","completed":true,"failed":false,"optional":false}]
  ✓ Phase conversion completed (completed)
[ORCH_PHASE] 2026-01-27T11:09:14.617Z - Phase conversion result: success=true, error=none
[Orchestrator] ✓ Phase conversion completed. Completed phases: discovery, conversion
[Orchestrator] ===== PHASE 3/7: design =====
[Orchestrator] Phase agents (6): palette, grid, blocks, cartographer, flow, artist
[ORCH_PHASE] 2026-01-27T11:09:14.617Z - ENTERING: executePhase(design)
[ORCH_PHASE] 2026-01-27T11:09:14.618Z - Starting phase loop for design
[ORCH_LOOP] 2026-01-27T11:09:14.618Z - Loop iteration 1 {"phase":"design","nextAgents":["palette"],"runningAgents":[],"deadlockCounter":0,"isPhaseComplete":false}
[AGENT_CALL] 2026-01-27T11:09:14.618Z - ENTERING: executeAgent(palette)
[AGENT_CALL] 2026-01-27T11:09:14.619Z - CALLING: palette (phase: design)
[Orchestrator] Agent palette - Iteration 1/3
[ARCHON-PARSER] ⚠️ WARNING: ARCHON output failed validation. Using partial merge with defaults. 
  Output keys:  
  This may indicate a malformed ARCHON response.
[50X COORDINATION] palette: Injected 500 tokens of upstream constraints
[EXECUTOR] 2026-01-27T11:09:14.623Z - Creating executor for palette, iteration 1
[EXECUTOR] 2026-01-27T11:09:14.623Z - CALLING executor.execute() for palette
[PERSISTENCE] ✓ CriticalDecisions saved to file: C:\Users\SBS\Desktop\New folder (4)\vito\.olympus\decisions\olympus-dashboard-1769511982981.json
[PERSISTENCE] ✓ CriticalDecisions saved to file: C:\Users\SBS\Desktop\New folder (4)\vito\.olympus\decisions\olympus-dashboard-1769511982981.json
[searchExamples] Collection dimension detected: 768
[Redis] Connected successfully
[HEARTBEAT] 2026-01-27T11:09:18.189Z {"buildId":"olympus-dashboard-1769511982981","status":"running","currentPhase":"design","currentAgent":"palette","completedAgents":["oracle","empathy","venture","strategos","scope","psyche","scribe","architect_conversion","conversion_judge"],"runningAgents":["palette"],"failedAgents":[],"progress":28}
[HEARTBEAT] 2026-01-27T11:09:23.191Z {"buildId":"olympus-dashboard-1769511982981","status":"running","currentPhase":"design","currentAgent":"palette","completedAgents":["oracle","empathy","venture","strategos","scope","psyche","scribe","architect_conversion","conversion_judge"],"runningAgents":["palette"],"failedAgents":[],"progress":28}
[HEARTBEAT] 2026-01-27T11:09:28.195Z {"buildId":"olympus-dashboard-1769511982981","status":"running","currentPhase":"design","currentAgent":"palette","completedAgents":["oracle","empathy","venture","strategos","scope","psyche","scribe","architect_conversion","conversion_judge"],"runningAgents":["palette"],"failedAgents":[],"progress":28}
[HEARTBEAT] 2026-01-27T11:09:33.196Z {"buildId":"olympus-dashboard-1769511982981","status":"running","currentPhase":"design","currentAgent":"palette","completedAgents":["oracle","empathy","venture","strategos","scope","psyche","scribe","architect_conversion","conversion_judge"],"runningAgents":["palette"],"failedAgents":[],"progress":28}
[HEARTBEAT] 2026-01-27T11:09:38.202Z {"buildId":"olympus-dashboard-1769511982981","status":"running","currentPhase":"design","currentAgent":"palette","completedAgents":["oracle","empathy","venture","strategos","scope","psyche","scribe","architect_conversion","conversion_judge"],"runningAgents":["palette"],"failedAgents":[],"progress":28}
[HEARTBEAT] 2026-01-27T11:09:43.213Z {"buildId":"olympus-dashboard-1769511982981","status":"running","currentPhase":"design","currentAgent":"palette","completedAgents":["oracle","empathy","venture","strategos","scope","psyche","scribe","architect_conversion","conversion_judge"],"runningAgents":["palette"],"failedAgents":[],"progress":28}
[HEARTBEAT] 2026-01-27T11:09:48.229Z {"buildId":"olympus-dashboard-1769511982981","status":"running","currentPhase":"design","currentAgent":"palette","completedAgents":["oracle","empathy","venture","strategos","scope","psyche","scribe","architect_conversion","conversion_judge"],"runningAgents":["palette"],"failedAgents":[],"progress":28}
[HEARTBEAT] 2026-01-27T11:09:53.238Z {"buildId":"olympus-dashboard-1769511982981","status":"running","currentPhase":"design","currentAgent":"palette","completedAgents":["oracle","empathy","venture","strategos","scope","psyche","scribe","architect_conversion","conversion_judge"],"runningAgents":["palette"],"failedAgents":[],"progress":28}
[HEARTBEAT] 2026-01-27T11:09:58.239Z {"buildId":"olympus-dashboard-1769511982981","status":"running","currentPhase":"design","currentAgent":"palette","completedAgents":["oracle","empathy","venture","strategos","scope","psyche","scribe","architect_conversion","conversion_judge"],"runningAgents":["palette"],"failedAgents":[],"progress":28}
[HEARTBEAT] 2026-01-27T11:10:03.250Z {"buildId":"olympus-dashboard-1769511982981","status":"running","currentPhase":"design","currentAgent":"palette","completedAgents":["oracle","empathy","venture","strategos","scope","psyche","scribe","architect_conversion","conversion_judge"],"runningAgents":["palette"],"failedAgents":[],"progress":28}
[HEARTBEAT] 2026-01-27T11:10:08.253Z {"buildId":"olympus-dashboard-1769511982981","status":"running","currentPhase":"design","currentAgent":"palette","completedAgents":["oracle","empathy","venture","strategos","scope","psyche","scribe","architect_conversion","conversion_judge"],"runningAgents":["palette"],"failedAgents":[],"progress":28}
[Executor] AI execution succeeded: 7833 tokens, provider=openai
[Executor] Response content type: string, length: 5445
[Executor] Parsing response: ```json
{
  "brand_interpretation": {
    "user_request": "Create design specifications that align w...
[Parser] ===== PARSING palette =====
[Parser] Raw content length: 5445
[Parser] Raw content start: ```json
{
  "brand_interpretation": {
    "user_request": "Create design specifications that align with the project vision.",
    "interpreted_as": "Dark theme dashboard with a focus on clarity and po...
[Parser] Raw content LAST 200 chars: ...  "ring_color": "hsl(210, 15%, 45%)",
      "ring_offset": "2px",
      "ring_offset_color": "hsl(210, 10%, 10%)"
    },
    "touch_target_minimum": "44px",
    "reduce_motion_support": true
  }
}
```
[Parser] Found code block, extracted length: 5434
[Parser] Extracted JSON length: 5433
[Parser] Extracted JSON start: {
  "brand_interpretation": {
    "user_request": "Create design specifications that align with the project vision.",
    "interpreted_as": "Dark theme dashboard with a focus on clarity and power-user...
[Parser] JSON.parse SUCCESS for palette
[Parser] Agent palette: parsed.files exists = false, isArray = false, length = 0
[Executor] Parsed successfully: artifacts=1, status=completed
[EXECUTOR] 2026-01-27T11:10:09.713Z - executor.execute() RETURNED for palette in 55090ms {"success":true,"hasOutput":true,"errorMessage":null,"artifactCount":1}
[Orchestrator] Agent palette - Quality Score: 100/100 (min: 60)
[Orchestrator] Agent palette - Quality PASSED on iteration 1
[PERSISTENCE] Database connection failed for critical decisions: Error: Missing SUPABASE_SERVICE_ROLE_KEY
    at createServiceRoleClient (C:\Users\SBS\Desktop\New folder (4)\vito\src\lib\auth\clients\admin.ts:20:11)
    at saveCriticalDecisions (C:\Users\SBS\Desktop\New folder (4)\vito\src\lib\agents\context\persistence.ts:189:22)
    at BuildContextManager.persistCriticalDecisions (C:\Users\SBS\Desktop\New folder (4)\vito\src\lib\agents\context\manager.ts:204:5)
    at BuildContextManager.updateCriticalDecisions (C:\Users\SBS\Desktop\New folder (4)\vito\src\lib\agents\context\manager.ts:169:10)
    at BuildContextManager.recordOutput (C:\Users\SBS\Desktop\New folder (4)\vito\src\lib\agents\context\manager.ts:147:10)
    at BuildOrchestrator.finalizeAgentSuccess (C:\Users\SBS\Desktop\New folder (4)\vito\src\lib\agents\orchestrator\orchestrator.ts:1779:18)
    at BuildOrchestrator.executeAgentWithFeedback (C:\Users\SBS\Desktop\New folder (4)\vito\src\lib\agents\orchestrator\orchestrator.ts:1481:23)
    at process.processTicksAndRejections (node:internal/process/task_queues:103:5)
    at async BuildOrchestrator.executeAgent (C:\Users\SBS\Desktop\New folder (4)\vito\src\lib\agents\orchestrator\orchestrator.ts:1234:22)
    at async Promise.all (index 0)
[PERSISTENCE] Database connection failed (non-fatal): Error: Missing SUPABASE_SERVICE_ROLE_KEY
    at createServiceRoleClient (C:\Users\SBS\Desktop\New folder (4)\vito\src\lib\auth\clients\admin.ts:20:11)
    at saveAgentOutput (C:\Users\SBS\Desktop\New folder (4)\vito\src\lib\agents\context\persistence.ts:74:22)
    at BuildOrchestrator.finalizeAgentSuccess (C:\Users\SBS\Desktop\New folder (4)\vito\src\lib\agents\orchestrator\orchestrator.ts:1780:11)
    at BuildOrchestrator.executeAgentWithFeedback (C:\Users\SBS\Desktop\New folder (4)\vito\src\lib\agents\orchestrator\orchestrator.ts:1481:23)
    at process.processTicksAndRejections (node:internal/process/task_queues:103:5)
    at async BuildOrchestrator.executeAgent (C:\Users\SBS\Desktop\New folder (4)\vito\src\lib\agents\orchestrator\orchestrator.ts:1234:22)
    at async Promise.all (index 0)
    at async BuildOrchestrator.executePhase (C:\Users\SBS\Desktop\New folder (4)\vito\src\lib\agents\orchestrator\orchestrator.ts:1060:26)
    at async BuildOrchestrator.start (C:\Users\SBS\Desktop\New folder (4)\vito\src\lib\agents\orchestrator\orchestrator.ts:658:29)
    at async runBuild (C:\Users\SBS\Desktop\New folder (4)\vito\scripts\build-olympus-dashboard.ts:189:18)
    → Agent palette: completed (1 artifacts)
[AGENT_CALL] 2026-01-27T11:10:09.719Z - COMPLETED: palette in 55101ms, success=true
  [31%] Phase: design | Agents: none
[AGENT_CALL] 2026-01-27T11:10:09.724Z - ENTERING: executeAgent(grid)
[DEGRADATION] Agent grid not active in tier GOLD - skipping
[PERSISTENCE] Database connection failed for critical decisions: Error: Missing SUPABASE_SERVICE_ROLE_KEY
    at createServiceRoleClient (C:\Users\SBS\Desktop\New folder (4)\vito\src\lib\auth\clients\admin.ts:20:11)
    at saveCriticalDecisions (C:\Users\SBS\Desktop\New folder (4)\vito\src\lib\agents\context\persistence.ts:189:22)
    at BuildContextManager.persistCriticalDecisions (C:\Users\SBS\Desktop\New folder (4)\vito\src\lib\agents\context\manager.ts:204:5)
    at BuildContextManager.updateCriticalDecisions (C:\Users\SBS\Desktop\New folder (4)\vito\src\lib\agents\context\manager.ts:169:10)
    at BuildContextManager.recordOutput (C:\Users\SBS\Desktop\New folder (4)\vito\src\lib\agents\context\manager.ts:147:10)
    at BuildOrchestrator.executeAgent (C:\Users\SBS\Desktop\New folder (4)\vito\src\lib\agents\orchestrator\orchestrator.ts:1203:20)
    at <anonymous> (C:\Users\SBS\Desktop\New folder (4)\vito\src\lib\agents\orchestrator\orchestrator.ts:1053:59)
    at Array.map (<anonymous>)
    at BuildOrchestrator.executePhase (C:\Users\SBS\Desktop\New folder (4)\vito\src\lib\agents\orchestrator\orchestrator.ts:1053:37)
    at process.processTicksAndRejections (node:internal/process/task_queues:103:5)
  [34%] Phase: design | Agents: none
[AGENT_CALL] 2026-01-27T11:10:09.733Z - ENTERING: executeAgent(blocks)
[AGENT_CALL] 2026-01-27T11:10:09.733Z - CALLING: blocks (phase: design)
[Orchestrator] Agent blocks - Iteration 1/3
[ARCHON-PARSER] ⚠️ WARNING: ARCHON output failed validation. Using partial merge with defaults. 
  Output keys:  
  This may indicate a malformed ARCHON response.
[50X COORDINATION] blocks: Injected 845 tokens of upstream constraints
[EXECUTOR] 2026-01-27T11:10:09.738Z - Creating executor for blocks, iteration 1
[EXECUTOR] 2026-01-27T11:10:09.739Z - CALLING executor.execute() for blocks
[Executor] Dependency grid was skipped (tier_degradation). Agent blocks will use fallback behavior.
[PERSISTENCE] ✓ CriticalDecisions saved to file: C:\Users\SBS\Desktop\New folder (4)\vito\.olympus\decisions\olympus-dashboard-1769511982981.json
[PERSISTENCE] ✓ CriticalDecisions saved to file: C:\Users\SBS\Desktop\New folder (4)\vito\.olympus\decisions\olympus-dashboard-1769511982981.json
[HEARTBEAT] 2026-01-27T11:10:13.255Z {"buildId":"olympus-dashboard-1769511982981","status":"running","currentPhase":"design","currentAgent":"blocks","completedAgents":["oracle","empathy","venture","strategos","scope","psyche","scribe","architect_conversion","conversion_judge","palette","grid"],"runningAgents":["blocks"],"failedAgents":[],"progress":34}
[HEARTBEAT] 2026-01-27T11:10:18.270Z {"buildId":"olympus-dashboard-1769511982981","status":"running","currentPhase":"design","currentAgent":"blocks","completedAgents":["oracle","empathy","venture","strategos","scope","psyche","scribe","architect_conversion","conversion_judge","palette","grid"],"runningAgents":["blocks"],"failedAgents":[],"progress":34}
[HEARTBEAT] 2026-01-27T11:10:23.284Z {"buildId":"olympus-dashboard-1769511982981","status":"running","currentPhase":"design","currentAgent":"blocks","completedAgents":["oracle","empathy","venture","strategos","scope","psyche","scribe","architect_conversion","conversion_judge","palette","grid"],"runningAgents":["blocks"],"failedAgents":[],"progress":34}
[HEARTBEAT] 2026-01-27T11:10:28.286Z {"buildId":"olympus-dashboard-1769511982981","status":"running","currentPhase":"design","currentAgent":"blocks","completedAgents":["oracle","empathy","venture","strategos","scope","psyche","scribe","architect_conversion","conversion_judge","palette","grid"],"runningAgents":["blocks"],"failedAgents":[],"progress":34}
[HEARTBEAT] 2026-01-27T11:10:33.286Z {"buildId":"olympus-dashboard-1769511982981","status":"running","currentPhase":"design","currentAgent":"blocks","completedAgents":["oracle","empathy","venture","strategos","scope","psyche","scribe","architect_conversion","conversion_judge","palette","grid"],"runningAgents":["blocks"],"failedAgents":[],"progress":34}
[HEARTBEAT] 2026-01-27T11:10:38.287Z {"buildId":"olympus-dashboard-1769511982981","status":"running","currentPhase":"design","currentAgent":"blocks","completedAgents":["oracle","empathy","venture","strategos","scope","psyche","scribe","architect_conversion","conversion_judge","palette","grid"],"runningAgents":["blocks"],"failedAgents":[],"progress":34}
[Anthropic] Response complete: stop_reason=max_tokens, model=claude-3-haiku-20240307, output_tokens=4096, max_tokens=4096
[Anthropic] WARNING: Response was truncated due to max_tokens limit (4096). Content length: 12831
[Executor] AI execution succeeded: 19199 tokens, provider=anthropic
[Executor] Response content type: string, length: 12831
[Executor] Parsing response: {
  "architecture_overview": {
    "total_components": 60,
    "atoms": 8,
    "molecules": 32,
    ...
[Parser] ===== PARSING blocks =====
[Parser] Raw content length: 12831
[Parser] Raw content start: {
  "architecture_overview": {
    "total_components": 60,
    "atoms": 8,
    "molecules": 32,
    "organisms": 15,
    "templates": 5,
    "design_system": "OLYMPUS 50X"
  },
  "design_tokens_consum...
[Parser] Raw content LAST 200 chars: ..."rightIcon"]
      },
      "variants": {
        "variant": {
          "default": "bg-primary text-primary-foreground hover:bg-primary/90",
          "destructive": "bg-destructive text-destructive-
[Parser] Found raw JSON via regex, extracted length: 12651
[Parser] Extracted JSON LAST 200 chars: ...     "category": "molecule",
      "description": "Primary action trigger",
      "anatomy": {
        "parts": ["root", "icon", "label", "spinner"],
        "slots": ["leftIcon", "rightIcon"]
      }
[Parser] Extracted JSON length: 12651
[Parser] Extracted JSON start: {
  "architecture_overview": {
    "total_components": 60,
    "atoms": 8,
    "molecules": 32,
    "organisms": 15,
    "templates": 5,
    "design_system": "OLYMPUS 50X"
  },
  "design_tokens_consum...
[Parser] ===== PARSE FAILED for blocks =====
[Parser] Error: Expected ',' or '}' after property value in JSON at position 12651 (line 508 column 8)
[Parser] Raw content first 500 chars: {
  "architecture_overview": {
    "total_components": 60,
    "atoms": 8,
    "molecules": 32,
    "organisms": 15,
    "templates": 5,
    "design_system": "OLYMPUS 50X"
  },
  "design_tokens_consumed": {
    "from_palette": [
      "colors",
      "typography",
      "spacing",
      "radius",
      "shadows",
      "motion"
    ],
    "token_mapping": {
      "button.background": "colors.primary.500",
      "button.text": "colors.neutral.50"
    }
  },
  "components": [
    {
      "name": "
[Executor] Parsed successfully: artifacts=1, status=completed
[EXECUTOR] 2026-01-27T11:10:39.981Z - executor.execute() RETURNED for blocks in 30242ms {"success":true,"hasOutput":true,"errorMessage":null,"artifactCount":1}
[Orchestrator] Agent blocks - Quality Score: 100/100 (min: 60)
[Orchestrator] Agent blocks - Quality PASSED on iteration 1
[JSON] Parse failed in critical-summarizer:paletteDecisions: SyntaxError: Unterminated string in JSON at position 12831 (line 512 column 59)
    at JSON.parse (<anonymous>)
    at safeJsonParse (C:\Users\SBS\Desktop\New folder (4)\vito\src\lib\utils\safe-json.ts:23:17)
    at extractPaletteDecisions (C:\Users\SBS\Desktop\New folder (4)\vito\src\lib\agents\coordination\critical-summarizer.ts:241:18)
    at updateCriticalDecisions (C:\Users\SBS\Desktop\New folder (4)\vito\src\lib\agents\coordination\critical-summarizer.ts:502:27)
    at BuildContextManager.updateCriticalDecisions (C:\Users\SBS\Desktop\New folder (4)\vito\src\lib\agents\context\manager.ts:160:33)
    at BuildContextManager.recordOutput (C:\Users\SBS\Desktop\New folder (4)\vito\src\lib\agents\context\manager.ts:147:10)
    at BuildOrchestrator.finalizeAgentSuccess (C:\Users\SBS\Desktop\New folder (4)\vito\src\lib\agents\orchestrator\orchestrator.ts:1779:18)
    at BuildOrchestrator.executeAgentWithFeedback (C:\Users\SBS\Desktop\New folder (4)\vito\src\lib\agents\orchestrator\orchestrator.ts:1481:23)
    at process.processTicksAndRejections (node:internal/process/task_queues:103:5)
    at async BuildOrchestrator.executeAgent (C:\Users\SBS\Desktop\New folder (4)\vito\src\lib\agents\orchestrator\orchestrator.ts:1234:22)
[JSON] Content preview: {
  "architecture_overview": {
    "total_components": 60,
    "atoms": 8,
    "molecules": 32,
    "organisms": 15,
    "templates": 5,
    "design_system": "OLYMPUS 50X"
  },
  "design_tokens_consum...
[PERSISTENCE] Database connection failed for critical decisions: Error: Missing SUPABASE_SERVICE_ROLE_KEY
    at createServiceRoleClient (C:\Users\SBS\Desktop\New folder (4)\vito\src\lib\auth\clients\admin.ts:20:11)
    at saveCriticalDecisions (C:\Users\SBS\Desktop\New folder (4)\vito\src\lib\agents\context\persistence.ts:189:22)
    at BuildContextManager.persistCriticalDecisions (C:\Users\SBS\Desktop\New folder (4)\vito\src\lib\agents\context\manager.ts:204:5)
    at BuildContextManager.updateCriticalDecisions (C:\Users\SBS\Desktop\New folder (4)\vito\src\lib\agents\context\manager.ts:169:10)
    at BuildContextManager.recordOutput (C:\Users\SBS\Desktop\New folder (4)\vito\src\lib\agents\context\manager.ts:147:10)
    at BuildOrchestrator.finalizeAgentSuccess (C:\Users\SBS\Desktop\New folder (4)\vito\src\lib\agents\orchestrator\orchestrator.ts:1779:18)
    at BuildOrchestrator.executeAgentWithFeedback (C:\Users\SBS\Desktop\New folder (4)\vito\src\lib\agents\orchestrator\orchestrator.ts:1481:23)
    at process.processTicksAndRejections (node:internal/process/task_queues:103:5)
    at async BuildOrchestrator.executeAgent (C:\Users\SBS\Desktop\New folder (4)\vito\src\lib\agents\orchestrator\orchestrator.ts:1234:22)
    at async Promise.all (index 0)
[PERSISTENCE] Database connection failed (non-fatal): Error: Missing SUPABASE_SERVICE_ROLE_KEY
    at createServiceRoleClient (C:\Users\SBS\Desktop\New folder (4)\vito\src\lib\auth\clients\admin.ts:20:11)
    at saveAgentOutput (C:\Users\SBS\Desktop\New folder (4)\vito\src\lib\agents\context\persistence.ts:74:22)
    at BuildOrchestrator.finalizeAgentSuccess (C:\Users\SBS\Desktop\New folder (4)\vito\src\lib\agents\orchestrator\orchestrator.ts:1780:11)
    at BuildOrchestrator.executeAgentWithFeedback (C:\Users\SBS\Desktop\New folder (4)\vito\src\lib\agents\orchestrator\orchestrator.ts:1481:23)
    at process.processTicksAndRejections (node:internal/process/task_queues:103:5)
    at async BuildOrchestrator.executeAgent (C:\Users\SBS\Desktop\New folder (4)\vito\src\lib\agents\orchestrator\orchestrator.ts:1234:22)
    at async Promise.all (index 0)
    at async BuildOrchestrator.executePhase (C:\Users\SBS\Desktop\New folder (4)\vito\src\lib\agents\orchestrator\orchestrator.ts:1060:26)
    at async BuildOrchestrator.start (C:\Users\SBS\Desktop\New folder (4)\vito\src\lib\agents\orchestrator\orchestrator.ts:658:29)
    at async runBuild (C:\Users\SBS\Desktop\New folder (4)\vito\scripts\build-olympus-dashboard.ts:189:18)
    → Agent blocks: completed (1 artifacts)
[AGENT_CALL] 2026-01-27T11:10:39.991Z - COMPLETED: blocks in 30258ms, success=true
  [38%] Phase: design | Agents: none
[AGENT_CALL] 2026-01-27T11:10:39.993Z - ENTERING: executeAgent(cartographer)
[AGENT_CALL] 2026-01-27T11:10:39.993Z - CALLING: cartographer (phase: design)
[Orchestrator] Agent cartographer - Iteration 1/3
[ARCHON-PARSER] ⚠️ WARNING: ARCHON output failed validation. Using partial merge with defaults. 
  Output keys:  
  This may indicate a malformed ARCHON response.
[50X COORDINATION] cartographer: Injected 286 tokens of upstream constraints
[EXECUTOR] 2026-01-27T11:10:39.996Z - Creating executor for cartographer, iteration 1
[EXECUTOR] 2026-01-27T11:10:39.997Z - CALLING executor.execute() for cartographer
[PERSISTENCE] ✓ CriticalDecisions saved to file: C:\Users\SBS\Desktop\New folder (4)\vito\.olympus\decisions\olympus-dashboard-1769511982981.json
[HEARTBEAT] 2026-01-27T11:10:43.296Z {"buildId":"olympus-dashboard-1769511982981","status":"running","currentPhase":"design","currentAgent":"cartographer","completedAgents":["oracle","empathy","venture","strategos","scope","psyche","scribe","architect_conversion","conversion_judge","palette","grid","blocks"],"runningAgents":["cartographer"],"failedAgents":[],"progress":38}
[HEARTBEAT] 2026-01-27T11:10:48.299Z {"buildId":"olympus-dashboard-1769511982981","status":"running","currentPhase":"design","currentAgent":"cartographer","completedAgents":["oracle","empathy","venture","strategos","scope","psyche","scribe","architect_conversion","conversion_judge","palette","grid","blocks"],"runningAgents":["cartographer"],"failedAgents":[],"progress":38}
[Anthropic] Response complete: stop_reason=end_turn, model=claude-3-haiku-20240307, output_tokens=1599, max_tokens=4096
[Executor] AI execution succeeded: 5579 tokens, provider=anthropic
[Executor] Response content type: string, length: 5332
[Executor] Parsing response: {
  "sitemap": {
    "pages": [
      {
        "id": "page_console",
        "path": "/console",
  ...
[Parser] ===== PARSING cartographer =====
[Parser] Raw content length: 5332
[Parser] Raw content start: {
  "sitemap": {
    "pages": [
      {
        "id": "page_console",
        "path": "/console",
        "title": "Build Console",
        "description": "Main dashboard for monitoring and managing b...
[Parser] Raw content LAST 200 chars: ...": "Server Error",
      "layout": "centered"
    }
  ],

  "_selfReview": {
    "totalPages": 3,
    "maxClicksToAnyPage": 2,
    "allStatesDesigned": true,
    "mobileNavigationDefined": false
  }
}
[Parser] Found raw JSON via regex, extracted length: 5332
[Parser] Extracted JSON LAST 200 chars: ...": "Server Error",
      "layout": "centered"
    }
  ],

  "_selfReview": {
    "totalPages": 3,
    "maxClicksToAnyPage": 2,
    "allStatesDesigned": true,
    "mobileNavigationDefined": false
  }
}
[Parser] Extracted JSON length: 5332
[Parser] Extracted JSON start: {
  "sitemap": {
    "pages": [
      {
        "id": "page_console",
        "path": "/console",
        "title": "Build Console",
        "description": "Main dashboard for monitoring and managing b...
[Parser] JSON.parse SUCCESS for cartographer
[Parser] Agent cartographer: parsed.files exists = false, isArray = false, length = 0
[Executor] Parsed successfully: artifacts=1, status=completed
Agent cartographer validation issues: 1 error(s): Missing required field: pages
[EXECUTOR] 2026-01-27T11:10:50.660Z - executor.execute() RETURNED for cartographer in 10663ms {"success":true,"hasOutput":true,"errorMessage":null,"artifactCount":1}
[Orchestrator] Agent cartographer - Quality Score: 100/100 (min: 60)
[Orchestrator] Agent cartographer - Quality PASSED on iteration 1
[PERSISTENCE] Database connection failed for critical decisions: Error: Missing SUPABASE_SERVICE_ROLE_KEY
    at createServiceRoleClient (C:\Users\SBS\Desktop\New folder (4)\vito\src\lib\auth\clients\admin.ts:20:11)
    at saveCriticalDecisions (C:\Users\SBS\Desktop\New folder (4)\vito\src\lib\agents\context\persistence.ts:189:22)
    at BuildContextManager.persistCriticalDecisions (C:\Users\SBS\Desktop\New folder (4)\vito\src\lib\agents\context\manager.ts:204:5)
    at BuildContextManager.updateCriticalDecisions (C:\Users\SBS\Desktop\New folder (4)\vito\src\lib\agents\context\manager.ts:169:10)
    at BuildContextManager.recordOutput (C:\Users\SBS\Desktop\New folder (4)\vito\src\lib\agents\context\manager.ts:147:10)
    at BuildOrchestrator.finalizeAgentSuccess (C:\Users\SBS\Desktop\New folder (4)\vito\src\lib\agents\orchestrator\orchestrator.ts:1779:18)
    at BuildOrchestrator.executeAgentWithFeedback (C:\Users\SBS\Desktop\New folder (4)\vito\src\lib\agents\orchestrator\orchestrator.ts:1481:23)
    at process.processTicksAndRejections (node:internal/process/task_queues:103:5)
    at async BuildOrchestrator.executeAgent (C:\Users\SBS\Desktop\New folder (4)\vito\src\lib\agents\orchestrator\orchestrator.ts:1234:22)
    at async Promise.all (index 0)
[PERSISTENCE] Database connection failed (non-fatal): Error: Missing SUPABASE_SERVICE_ROLE_KEY
    at createServiceRoleClient (C:\Users\SBS\Desktop\New folder (4)\vito\src\lib\auth\clients\admin.ts:20:11)
    at saveAgentOutput (C:\Users\SBS\Desktop\New folder (4)\vito\src\lib\agents\context\persistence.ts:74:22)
    at BuildOrchestrator.finalizeAgentSuccess (C:\Users\SBS\Desktop\New folder (4)\vito\src\lib\agents\orchestrator\orchestrator.ts:1780:11)
    at BuildOrchestrator.executeAgentWithFeedback (C:\Users\SBS\Desktop\New folder (4)\vito\src\lib\agents\orchestrator\orchestrator.ts:1481:23)
    at process.processTicksAndRejections (node:internal/process/task_queues:103:5)
    at async BuildOrchestrator.executeAgent (C:\Users\SBS\Desktop\New folder (4)\vito\src\lib\agents\orchestrator\orchestrator.ts:1234:22)
    at async Promise.all (index 0)
    at async BuildOrchestrator.executePhase (C:\Users\SBS\Desktop\New folder (4)\vito\src\lib\agents\orchestrator\orchestrator.ts:1060:26)
    at async BuildOrchestrator.start (C:\Users\SBS\Desktop\New folder (4)\vito\src\lib\agents\orchestrator\orchestrator.ts:658:29)
    at async runBuild (C:\Users\SBS\Desktop\New folder (4)\vito\scripts\build-olympus-dashboard.ts:189:18)
    → Agent cartographer: completed (1 artifacts)
[AGENT_CALL] 2026-01-27T11:10:50.672Z - COMPLETED: cartographer in 10679ms, success=true
  [41%] Phase: design | Agents: none
[AGENT_CALL] 2026-01-27T11:10:50.675Z - ENTERING: executeAgent(flow)
[DEGRADATION] Agent flow not active in tier GOLD - skipping
[PERSISTENCE] Database connection failed for critical decisions: Error: Missing SUPABASE_SERVICE_ROLE_KEY
    at createServiceRoleClient (C:\Users\SBS\Desktop\New folder (4)\vito\src\lib\auth\clients\admin.ts:20:11)
    at saveCriticalDecisions (C:\Users\SBS\Desktop\New folder (4)\vito\src\lib\agents\context\persistence.ts:189:22)
    at BuildContextManager.persistCriticalDecisions (C:\Users\SBS\Desktop\New folder (4)\vito\src\lib\agents\context\manager.ts:204:5)
    at BuildContextManager.updateCriticalDecisions (C:\Users\SBS\Desktop\New folder (4)\vito\src\lib\agents\context\manager.ts:169:10)
    at BuildContextManager.recordOutput (C:\Users\SBS\Desktop\New folder (4)\vito\src\lib\agents\context\manager.ts:147:10)
    at BuildOrchestrator.executeAgent (C:\Users\SBS\Desktop\New folder (4)\vito\src\lib\agents\orchestrator\orchestrator.ts:1203:20)
    at <anonymous> (C:\Users\SBS\Desktop\New folder (4)\vito\src\lib\agents\orchestrator\orchestrator.ts:1053:59)
    at Array.map (<anonymous>)
    at BuildOrchestrator.executePhase (C:\Users\SBS\Desktop\New folder (4)\vito\src\lib\agents\orchestrator\orchestrator.ts:1053:37)
    at process.processTicksAndRejections (node:internal/process/task_queues:103:5)
  [44%] Phase: design | Agents: none
[AGENT_CALL] 2026-01-27T11:10:50.680Z - ENTERING: executeAgent(artist)
[AGENT_CALL] 2026-01-27T11:10:50.680Z - CALLING: artist (phase: design)
[Orchestrator] Agent artist - Iteration 1/3
[ARCHON-PARSER] ⚠️ WARNING: ARCHON output failed validation. Using partial merge with defaults. 
  Output keys:  
  This may indicate a malformed ARCHON response.
[50X COORDINATION] artist: Injected 500 tokens of upstream constraints
[EXECUTOR] 2026-01-27T11:10:50.683Z - Creating executor for artist, iteration 1
[EXECUTOR] 2026-01-27T11:10:50.683Z - CALLING executor.execute() for artist
[PERSISTENCE] ✓ CriticalDecisions saved to file: C:\Users\SBS\Desktop\New folder (4)\vito\.olympus\decisions\olympus-dashboard-1769511982981.json
[PERSISTENCE] ✓ CriticalDecisions saved to file: C:\Users\SBS\Desktop\New folder (4)\vito\.olympus\decisions\olympus-dashboard-1769511982981.json
Anthropic completion failed after 243ms: NotFoundError: 404 {"type":"error","error":{"type":"not_found_error","message":"model: claude-3-5-sonnet-20241022"},"request_id":"req_011CXXnEz3Z76bqJKxY3eo8D"}
    at APIError.generate (C:\Users\SBS\Desktop\New folder (4)\vito\node_modules\@anthropic-ai\sdk\src\core\error.ts:75:14)
    at Anthropic.makeStatusError (C:\Users\SBS\Desktop\New folder (4)\vito\node_modules\@anthropic-ai\sdk\src\client.ts:443:28)
    at Anthropic.makeRequest (C:\Users\SBS\Desktop\New folder (4)\vito\node_modules\@anthropic-ai\sdk\src\client.ts:678:24)
    at process.processTicksAndRejections (node:internal/process/task_queues:103:5)
    at async AnthropicProvider.complete (C:\Users\SBS\Desktop\New folder (4)\vito\src\lib\agents\providers\anthropic.ts:200:24)
    at async AIRouter.execute (C:\Users\SBS\Desktop\New folder (4)\vito\src\lib\agents\providers\router.ts:248:26)
    at async AgentExecutor.executeCompletion (C:\Users\SBS\Desktop\New folder (4)\vito\src\lib\agents\executor\executor.ts:152:20)
    at async RetryHandler.executeWithRetry (C:\Users\SBS\Desktop\New folder (4)\vito\src\lib\agents\executor\retry.ts:63:24)
    at async AgentExecutor.execute (C:\Users\SBS\Desktop\New folder (4)\vito\src\lib\agents\executor\executor.ts:95:22)
    at async BuildOrchestrator.executeAgentWithFeedback (C:\Users\SBS\Desktop\New folder (4)\vito\src\lib\agents\orchestrator\orchestrator.ts:1393:22) {
  status: 404,
  headers: Headers {
    date: 'Tue, 27 Jan 2026 11:10:50 GMT',
    'content-type': 'application/json',
    'transfer-encoding': 'chunked',
    connection: 'keep-alive',
    'x-should-retry': 'false',
    'request-id': 'req_011CXXnEz3Z76bqJKxY3eo8D',
    'strict-transport-security': 'max-age=31536000; includeSubDomains; preload',
    'anthropic-organization-id': 'd06567ef-3469-4f53-ac13-52b8fe9f18b6',
    server: 'cloudflare',
    'x-envoy-upstream-service-time': '46',
    'cf-cache-status': 'DYNAMIC',
    'x-robots-tag': 'none',
    'content-encoding': 'gzip',
    'cf-ray': '9c47ce4cacabee58-MXP'
  },
  requestID: 'req_011CXXnEz3Z76bqJKxY3eo8D',
  error: {
    type: 'error',
    error: {
      type: 'not_found_error',
      message: 'model: claude-3-5-sonnet-20241022'
    },
    request_id: 'req_011CXXnEz3Z76bqJKxY3eo8D'
  }
}
Primary provider anthropic failed: 404 {"type":"error","error":{"type":"not_found_error","message":"model: claude-3-5-sonnet-20241022"},"request_id":"req_011CXXnEz3Z76bqJKxY3eo8D"}
[AIRouter] Checking fallback: enabled=true, fallbackProvider=openai
[AIRouter] Fallback provider found: true, providers keys: anthropic, openai, groq
[AIRouter] Attempting fallback to openai with model gpt-4o
[AIRouter] Calling openai.complete()...
[HEARTBEAT] 2026-01-27T11:10:53.303Z {"buildId":"olympus-dashboard-1769511982981","status":"running","currentPhase":"design","currentAgent":"artist","completedAgents":["oracle","empathy","venture","strategos","scope","psyche","scribe","architect_conversion","conversion_judge","palette","grid","blocks","cartographer","flow"],"runningAgents":["artist"],"failedAgents":[],"progress":44}
[HEARTBEAT] 2026-01-27T11:10:58.304Z {"buildId":"olympus-dashboard-1769511982981","status":"running","currentPhase":"design","currentAgent":"artist","completedAgents":["oracle","empathy","venture","strategos","scope","psyche","scribe","architect_conversion","conversion_judge","palette","grid","blocks","cartographer","flow"],"runningAgents":["artist"],"failedAgents":[],"progress":44}
[HEARTBEAT] 2026-01-27T11:11:03.304Z {"buildId":"olympus-dashboard-1769511982981","status":"running","currentPhase":"design","currentAgent":"artist","completedAgents":["oracle","empathy","venture","strategos","scope","psyche","scribe","architect_conversion","conversion_judge","palette","grid","blocks","cartographer","flow"],"runningAgents":["artist"],"failedAgents":[],"progress":44}
[AIRouter] Fallback openai succeeded! Tokens: 2256
[Executor] AI execution succeeded: 2256 tokens, provider=anthropic,openai
[Executor] Response content type: string, length: 5091
[Executor] Parsing response: {
  "imageRequirements": [
    {
      "id": "build_list_panel",
      "type": "illustration",
     ...
[Parser] ===== PARSING artist =====
[Parser] Raw content length: 5091
[Parser] Raw content start: {
  "imageRequirements": [
    {
      "id": "build_list_panel",
      "type": "illustration",
      "description": "An illustration for the Build List Panel showing active and completed builds with s...
[Parser] Raw content LAST 200 chars: ... font for text.",
      "negativePrompt": "Avoid bright colors and mobile-focused design.",
      "dimensions": "800x600",
      "stylePreset": "dark interface",
      "guidanceScale": 7.5
    }
  ]
}
[Parser] Found raw JSON via regex, extracted length: 5091
[Parser] Extracted JSON LAST 200 chars: ... font for text.",
      "negativePrompt": "Avoid bright colors and mobile-focused design.",
      "dimensions": "800x600",
      "stylePreset": "dark interface",
      "guidanceScale": 7.5
    }
  ]
}
[Parser] Extracted JSON length: 5091
[Parser] Extracted JSON start: {
  "imageRequirements": [
    {
      "id": "build_list_panel",
      "type": "illustration",
      "description": "An illustration for the Build List Panel showing active and completed builds with s...
[Parser] JSON.parse SUCCESS for artist
[Parser] Agent artist: parsed.files exists = false, isArray = false, length = 0
[Executor] Parsed successfully: artifacts=1, status=completed
[EXECUTOR] 2026-01-27T11:11:06.121Z - executor.execute() RETURNED for artist in 15438ms {"success":true,"hasOutput":true,"errorMessage":null,"artifactCount":1}
[Orchestrator] Agent artist - Quality Score: 100/100 (min: 60)
[Orchestrator] Agent artist - Quality PASSED on iteration 1
[PERSISTENCE] Database connection failed for critical decisions: Error: Missing SUPABASE_SERVICE_ROLE_KEY
    at createServiceRoleClient (C:\Users\SBS\Desktop\New folder (4)\vito\src\lib\auth\clients\admin.ts:20:11)
    at saveCriticalDecisions (C:\Users\SBS\Desktop\New folder (4)\vito\src\lib\agents\context\persistence.ts:189:22)
    at BuildContextManager.persistCriticalDecisions (C:\Users\SBS\Desktop\New folder (4)\vito\src\lib\agents\context\manager.ts:204:5)
    at BuildContextManager.updateCriticalDecisions (C:\Users\SBS\Desktop\New folder (4)\vito\src\lib\agents\context\manager.ts:169:10)
    at BuildContextManager.recordOutput (C:\Users\SBS\Desktop\New folder (4)\vito\src\lib\agents\context\manager.ts:147:10)
    at BuildOrchestrator.finalizeAgentSuccess (C:\Users\SBS\Desktop\New folder (4)\vito\src\lib\agents\orchestrator\orchestrator.ts:1779:18)
    at BuildOrchestrator.executeAgentWithFeedback (C:\Users\SBS\Desktop\New folder (4)\vito\src\lib\agents\orchestrator\orchestrator.ts:1481:23)
    at process.processTicksAndRejections (node:internal/process/task_queues:103:5)
    at async BuildOrchestrator.executeAgent (C:\Users\SBS\Desktop\New folder (4)\vito\src\lib\agents\orchestrator\orchestrator.ts:1234:22)
    at async Promise.all (index 0)
[PERSISTENCE] Database connection failed (non-fatal): Error: Missing SUPABASE_SERVICE_ROLE_KEY
    at createServiceRoleClient (C:\Users\SBS\Desktop\New folder (4)\vito\src\lib\auth\clients\admin.ts:20:11)
    at saveAgentOutput (C:\Users\SBS\Desktop\New folder (4)\vito\src\lib\agents\context\persistence.ts:74:22)
    at BuildOrchestrator.finalizeAgentSuccess (C:\Users\SBS\Desktop\New folder (4)\vito\src\lib\agents\orchestrator\orchestrator.ts:1780:11)
    at BuildOrchestrator.executeAgentWithFeedback (C:\Users\SBS\Desktop\New folder (4)\vito\src\lib\agents\orchestrator\orchestrator.ts:1481:23)
    at process.processTicksAndRejections (node:internal/process/task_queues:103:5)
    at async BuildOrchestrator.executeAgent (C:\Users\SBS\Desktop\New folder (4)\vito\src\lib\agents\orchestrator\orchestrator.ts:1234:22)
    at async Promise.all (index 0)
    at async BuildOrchestrator.executePhase (C:\Users\SBS\Desktop\New folder (4)\vito\src\lib\agents\orchestrator\orchestrator.ts:1060:26)
    at async BuildOrchestrator.start (C:\Users\SBS\Desktop\New folder (4)\vito\src\lib\agents\orchestrator\orchestrator.ts:658:29)
    at async runBuild (C:\Users\SBS\Desktop\New folder (4)\vito\scripts\build-olympus-dashboard.ts:189:18)
    → Agent artist: completed (1 artifacts)
[AGENT_CALL] 2026-01-27T11:11:06.123Z - COMPLETED: artist in 15443ms, success=true
  [47%] Phase: design | Agents: none
[Scheduler] Phase design COMPLETE. Status: [{"agentId":"palette","completed":true,"failed":false,"optional":false},{"agentId":"grid","completed":true,"failed":false,"optional":false},{"agentId":"blocks","completed":true,"failed":false,"optional":false},{"agentId":"cartographer","completed":true,"failed":false,"optional":false},{"agentId":"flow","completed":true,"failed":false,"optional":false},{"agentId":"artist","completed":true,"failed":false,"optional":true}]
  ✓ Phase design completed (completed)
[ORCH_PHASE] 2026-01-27T11:11:06.126Z - Phase design result: success=true, error=none
[Orchestrator] ✓ Phase design completed. Completed phases: discovery, conversion, design
[Orchestrator] ===== PHASE 4/7: architecture =====
[Orchestrator] Phase agents (6): archon, datum, nexus, forge, sentinel, atlas
[ORCH_PHASE] 2026-01-27T11:11:06.126Z - ENTERING: executePhase(architecture)
[ORCH_PHASE] 2026-01-27T11:11:06.126Z - Starting phase loop for architecture
[ORCH_LOOP] 2026-01-27T11:11:06.126Z - Loop iteration 1 {"phase":"architecture","nextAgents":["archon"],"runningAgents":[],"deadlockCounter":0,"isPhaseComplete":false}
[AGENT_CALL] 2026-01-27T11:11:06.127Z - ENTERING: executeAgent(archon)
[AGENT_CALL] 2026-01-27T11:11:06.127Z - CALLING: archon (phase: architecture)
[Orchestrator] Agent archon - Iteration 1/3
[ARCHON-PARSER] ⚠️ WARNING: ARCHON output failed validation. Using partial merge with defaults. 
  Output keys:  
  This may indicate a malformed ARCHON response.
[EXECUTOR] 2026-01-27T11:11:06.128Z - Creating executor for archon, iteration 1
[EXECUTOR] 2026-01-27T11:11:06.128Z - CALLING executor.execute() for archon
[PERSISTENCE] ✓ CriticalDecisions saved to file: C:\Users\SBS\Desktop\New folder (4)\vito\.olympus\decisions\olympus-dashboard-1769511982981.json
[HEARTBEAT] 2026-01-27T11:11:08.306Z {"buildId":"olympus-dashboard-1769511982981","status":"running","currentPhase":"architecture","currentAgent":"archon","completedAgents":["oracle","empathy","venture","strategos","scope","psyche","scribe","architect_conversion","conversion_judge","palette","grid","blocks","cartographer","flow","artist"],"runningAgents":["archon"],"failedAgents":[],"progress":47}
[HEARTBEAT] 2026-01-27T11:11:13.312Z {"buildId":"olympus-dashboard-1769511982981","status":"running","currentPhase":"architecture","currentAgent":"archon","completedAgents":["oracle","empathy","venture","strategos","scope","psyche","scribe","architect_conversion","conversion_judge","palette","grid","blocks","cartographer","flow","artist"],"runningAgents":["archon"],"failedAgents":[],"progress":47}
[HEARTBEAT] 2026-01-27T11:11:18.326Z {"buildId":"olympus-dashboard-1769511982981","status":"running","currentPhase":"architecture","currentAgent":"archon","completedAgents":["oracle","empathy","venture","strategos","scope","psyche","scribe","architect_conversion","conversion_judge","palette","grid","blocks","cartographer","flow","artist"],"runningAgents":["archon"],"failedAgents":[],"progress":47}
[HEARTBEAT] 2026-01-27T11:11:23.331Z {"buildId":"olympus-dashboard-1769511982981","status":"running","currentPhase":"architecture","currentAgent":"archon","completedAgents":["oracle","empathy","venture","strategos","scope","psyche","scribe","architect_conversion","conversion_judge","palette","grid","blocks","cartographer","flow","artist"],"runningAgents":["archon"],"failedAgents":[],"progress":47}
[Executor] AI execution succeeded: 5885 tokens, provider=openai
[Executor] Response content type: string, length: 3628
[Executor] Parsing response: {
  "tech_stack": {
    "framework": "Next.js 14 App Router",
    "database": "Supabase PostgreSQL",...
[Parser] ===== PARSING archon =====
[Parser] Raw content length: 3628
[Parser] Raw content start: {
  "tech_stack": {
    "framework": "Next.js 14 App Router",
    "database": "Supabase PostgreSQL",
    "orm": "Prisma",
    "auth": "Supabase Auth",
    "cache": "Upstash Redis",
    "state": "Zusta...
[Parser] Raw content LAST 200 chars: ...support a focused MVP that prioritizes clarity and usability for power users. All decisions align with the technical constraints and design requirements, ensuring a streamlined development process."
}
[Parser] Found raw JSON via regex, extracted length: 3628
[Parser] Extracted JSON LAST 200 chars: ...support a focused MVP that prioritizes clarity and usability for power users. All decisions align with the technical constraints and design requirements, ensuring a streamlined development process."
}
[Parser] Extracted JSON length: 3628
[Parser] Extracted JSON start: {
  "tech_stack": {
    "framework": "Next.js 14 App Router",
    "database": "Supabase PostgreSQL",
    "orm": "Prisma",
    "auth": "Supabase Auth",
    "cache": "Upstash Redis",
    "state": "Zusta...
[Parser] JSON.parse SUCCESS for archon
[Parser] Agent archon: parsed.files exists = false, isArray = false, length = 0
[Executor] Parsed successfully: artifacts=1, status=completed
[EXECUTOR] 2026-01-27T11:11:27.469Z - executor.execute() RETURNED for archon in 21341ms {"success":true,"hasOutput":true,"errorMessage":null,"artifactCount":1}
[Orchestrator] Agent archon - Quality Score: 100/100 (min: 60)
[Orchestrator] Agent archon - Quality PASSED on iteration 1
[Orchestrator] ARCHITECTURE VALIDATION PASSED for archon (score: 100)
[Orchestrator] Agent archon - Architecture validation PASSED (score: 100)
[50X GATE] ARCHON output validated: structured architecture decisions present
[PERSISTENCE] Database connection failed for critical decisions: Error: Missing SUPABASE_SERVICE_ROLE_KEY
    at createServiceRoleClient (C:\Users\SBS\Desktop\New folder (4)\vito\src\lib\auth\clients\admin.ts:20:11)
    at saveCriticalDecisions (C:\Users\SBS\Desktop\New folder (4)\vito\src\lib\agents\context\persistence.ts:189:22)
    at BuildContextManager.persistCriticalDecisions (C:\Users\SBS\Desktop\New folder (4)\vito\src\lib\agents\context\manager.ts:204:5)
    at BuildContextManager.updateCriticalDecisions (C:\Users\SBS\Desktop\New folder (4)\vito\src\lib\agents\context\manager.ts:169:10)
    at BuildContextManager.recordOutput (C:\Users\SBS\Desktop\New folder (4)\vito\src\lib\agents\context\manager.ts:147:10)
    at BuildOrchestrator.finalizeAgentSuccess (C:\Users\SBS\Desktop\New folder (4)\vito\src\lib\agents\orchestrator\orchestrator.ts:1779:18)
    at BuildOrchestrator.executeAgentWithFeedback (C:\Users\SBS\Desktop\New folder (4)\vito\src\lib\agents\orchestrator\orchestrator.ts:1481:23)
    at process.processTicksAndRejections (node:internal/process/task_queues:103:5)
    at async BuildOrchestrator.executeAgent (C:\Users\SBS\Desktop\New folder (4)\vito\src\lib\agents\orchestrator\orchestrator.ts:1234:22)
    at async Promise.all (index 0)
[PERSISTENCE] Database connection failed (non-fatal): Error: Missing SUPABASE_SERVICE_ROLE_KEY
    at createServiceRoleClient (C:\Users\SBS\Desktop\New folder (4)\vito\src\lib\auth\clients\admin.ts:20:11)
    at saveAgentOutput (C:\Users\SBS\Desktop\New folder (4)\vito\src\lib\agents\context\persistence.ts:74:22)
    at BuildOrchestrator.finalizeAgentSuccess (C:\Users\SBS\Desktop\New folder (4)\vito\src\lib\agents\orchestrator\orchestrator.ts:1780:11)
    at BuildOrchestrator.executeAgentWithFeedback (C:\Users\SBS\Desktop\New folder (4)\vito\src\lib\agents\orchestrator\orchestrator.ts:1481:23)
    at process.processTicksAndRejections (node:internal/process/task_queues:103:5)
    at async BuildOrchestrator.executeAgent (C:\Users\SBS\Desktop\New folder (4)\vito\src\lib\agents\orchestrator\orchestrator.ts:1234:22)
    at async Promise.all (index 0)
    at async BuildOrchestrator.executePhase (C:\Users\SBS\Desktop\New folder (4)\vito\src\lib\agents\orchestrator\orchestrator.ts:1060:26)
    at async BuildOrchestrator.start (C:\Users\SBS\Desktop\New folder (4)\vito\src\lib\agents\orchestrator\orchestrator.ts:658:29)
    at async runBuild (C:\Users\SBS\Desktop\New folder (4)\vito\scripts\build-olympus-dashboard.ts:189:18)
    → Agent archon: completed (1 artifacts)
[AGENT_CALL] 2026-01-27T11:11:27.473Z - COMPLETED: archon in 21346ms, success=true
  [50%] Phase: architecture | Agents: none
[AGENT_CALL] 2026-01-27T11:11:27.474Z - ENTERING: executeAgent(datum)
[AGENT_CALL] 2026-01-27T11:11:27.474Z - CALLING: datum (phase: architecture)
[Orchestrator] Agent datum - Iteration 1/3
[50X COORDINATION] datum: Injected 259 tokens of upstream constraints
[EXECUTOR] 2026-01-27T11:11:27.476Z - Creating executor for datum, iteration 1
[EXECUTOR] 2026-01-27T11:11:27.476Z - CALLING executor.execute() for datum
[PERSISTENCE] ✓ CriticalDecisions saved to file: C:\Users\SBS\Desktop\New folder (4)\vito\.olympus\decisions\olympus-dashboard-1769511982981.json
Anthropic completion failed after 648ms: NotFoundError: 404 {"type":"error","error":{"type":"not_found_error","message":"model: claude-3-5-sonnet-20241022"},"request_id":"req_011CXXnHiwJ33c9R9WCyGqSg"}
    at APIError.generate (C:\Users\SBS\Desktop\New folder (4)\vito\node_modules\@anthropic-ai\sdk\src\core\error.ts:75:14)
    at Anthropic.makeStatusError (C:\Users\SBS\Desktop\New folder (4)\vito\node_modules\@anthropic-ai\sdk\src\client.ts:443:28)
    at Anthropic.makeRequest (C:\Users\SBS\Desktop\New folder (4)\vito\node_modules\@anthropic-ai\sdk\src\client.ts:678:24)
    at process.processTicksAndRejections (node:internal/process/task_queues:103:5)
    at async AnthropicProvider.complete (C:\Users\SBS\Desktop\New folder (4)\vito\src\lib\agents\providers\anthropic.ts:200:24)
    at async AIRouter.execute (C:\Users\SBS\Desktop\New folder (4)\vito\src\lib\agents\providers\router.ts:248:26)
    at async AgentExecutor.executeCompletion (C:\Users\SBS\Desktop\New folder (4)\vito\src\lib\agents\executor\executor.ts:152:20)
    at async RetryHandler.executeWithRetry (C:\Users\SBS\Desktop\New folder (4)\vito\src\lib\agents\executor\retry.ts:63:24)
    at async AgentExecutor.execute (C:\Users\SBS\Desktop\New folder (4)\vito\src\lib\agents\executor\executor.ts:95:22)
    at async BuildOrchestrator.executeAgentWithFeedback (C:\Users\SBS\Desktop\New folder (4)\vito\src\lib\agents\orchestrator\orchestrator.ts:1393:22) {
  status: 404,
  headers: Headers {
    date: 'Tue, 27 Jan 2026 11:11:27 GMT',
    'content-type': 'application/json',
    'transfer-encoding': 'chunked',
    connection: 'keep-alive',
    'x-should-retry': 'false',
    'request-id': 'req_011CXXnHiwJ33c9R9WCyGqSg',
    'strict-transport-security': 'max-age=31536000; includeSubDomains; preload',
    'anthropic-organization-id': 'd06567ef-3469-4f53-ac13-52b8fe9f18b6',
    server: 'cloudflare',
    'x-envoy-upstream-service-time': '69',
    'cf-cache-status': 'DYNAMIC',
    'x-robots-tag': 'none',
    'content-encoding': 'gzip',
    'cf-ray': '9c47cf341cd8ee7e-MXP'
  },
  requestID: 'req_011CXXnHiwJ33c9R9WCyGqSg',
  error: {
    type: 'error',
    error: {
      type: 'not_found_error',
      message: 'model: claude-3-5-sonnet-20241022'
    },
    request_id: 'req_011CXXnHiwJ33c9R9WCyGqSg'
  }
}
Primary provider anthropic failed: 404 {"type":"error","error":{"type":"not_found_error","message":"model: claude-3-5-sonnet-20241022"},"request_id":"req_011CXXnHiwJ33c9R9WCyGqSg"}
[AIRouter] Checking fallback: enabled=true, fallbackProvider=openai
[AIRouter] Fallback provider found: true, providers keys: anthropic, openai, groq
[AIRouter] Attempting fallback to openai with model gpt-4o-mini
[AIRouter] Calling openai.complete()...
[HEARTBEAT] 2026-01-27T11:11:28.338Z {"buildId":"olympus-dashboard-1769511982981","status":"running","currentPhase":"architecture","currentAgent":"datum","completedAgents":["oracle","empathy","venture","strategos","scope","psyche","scribe","architect_conversion","conversion_judge","palette","grid","blocks","cartographer","flow","artist","archon"],"runningAgents":["datum"],"failedAgents":[],"progress":50}
[HEARTBEAT] 2026-01-27T11:11:33.338Z {"buildId":"olympus-dashboard-1769511982981","status":"running","currentPhase":"architecture","currentAgent":"datum","completedAgents":["oracle","empathy","venture","strategos","scope","psyche","scribe","architect_conversion","conversion_judge","palette","grid","blocks","cartographer","flow","artist","archon"],"runningAgents":["datum"],"failedAgents":[],"progress":50}
[HEARTBEAT] 2026-01-27T11:11:38.341Z {"buildId":"olympus-dashboard-1769511982981","status":"running","currentPhase":"architecture","currentAgent":"datum","completedAgents":["oracle","empathy","venture","strategos","scope","psyche","scribe","architect_conversion","conversion_judge","palette","grid","blocks","cartographer","flow","artist","archon"],"runningAgents":["datum"],"failedAgents":[],"progress":50}
[HEARTBEAT] 2026-01-27T11:11:43.354Z {"buildId":"olympus-dashboard-1769511982981","status":"running","currentPhase":"architecture","currentAgent":"datum","completedAgents":["oracle","empathy","venture","strategos","scope","psyche","scribe","architect_conversion","conversion_judge","palette","grid","blocks","cartographer","flow","artist","archon"],"runningAgents":["datum"],"failedAgents":[],"progress":50}
[HEARTBEAT] 2026-01-27T11:11:48.368Z {"buildId":"olympus-dashboard-1769511982981","status":"running","currentPhase":"architecture","currentAgent":"datum","completedAgents":["oracle","empathy","venture","strategos","scope","psyche","scribe","architect_conversion","conversion_judge","palette","grid","blocks","cartographer","flow","artist","archon"],"runningAgents":["datum"],"failedAgents":[],"progress":50}
[HEARTBEAT] 2026-01-27T11:11:53.369Z {"buildId":"olympus-dashboard-1769511982981","status":"running","currentPhase":"architecture","currentAgent":"datum","completedAgents":["oracle","empathy","venture","strategos","scope","psyche","scribe","architect_conversion","conversion_judge","palette","grid","blocks","cartographer","flow","artist","archon"],"runningAgents":["datum"],"failedAgents":[],"progress":50}
[HEARTBEAT] 2026-01-27T11:11:58.376Z {"buildId":"olympus-dashboard-1769511982981","status":"running","currentPhase":"architecture","currentAgent":"datum","completedAgents":["oracle","empathy","venture","strategos","scope","psyche","scribe","architect_conversion","conversion_judge","palette","grid","blocks","cartographer","flow","artist","archon"],"runningAgents":["datum"],"failedAgents":[],"progress":50}
[HEARTBEAT] 2026-01-27T11:12:03.378Z {"buildId":"olympus-dashboard-1769511982981","status":"running","currentPhase":"architecture","currentAgent":"datum","completedAgents":["oracle","empathy","venture","strategos","scope","psyche","scribe","architect_conversion","conversion_judge","palette","grid","blocks","cartographer","flow","artist","archon"],"runningAgents":["datum"],"failedAgents":[],"progress":50}
[HEARTBEAT] 2026-01-27T11:12:08.392Z {"buildId":"olympus-dashboard-1769511982981","status":"running","currentPhase":"architecture","currentAgent":"datum","completedAgents":["oracle","empathy","venture","strategos","scope","psyche","scribe","architect_conversion","conversion_judge","palette","grid","blocks","cartographer","flow","artist","archon"],"runningAgents":["datum"],"failedAgents":[],"progress":50}
[HEARTBEAT] 2026-01-27T11:12:13.396Z {"buildId":"olympus-dashboard-1769511982981","status":"running","currentPhase":"architecture","currentAgent":"datum","completedAgents":["oracle","empathy","venture","strategos","scope","psyche","scribe","architect_conversion","conversion_judge","palette","grid","blocks","cartographer","flow","artist","archon"],"runningAgents":["datum"],"failedAgents":[],"progress":50}
[HEARTBEAT] 2026-01-27T11:12:18.408Z {"buildId":"olympus-dashboard-1769511982981","status":"running","currentPhase":"architecture","currentAgent":"datum","completedAgents":["oracle","empathy","venture","strategos","scope","psyche","scribe","architect_conversion","conversion_judge","palette","grid","blocks","cartographer","flow","artist","archon"],"runningAgents":["datum"],"failedAgents":[],"progress":50}
[AIRouter] Fallback openai succeeded! Tokens: 6047
[Executor] AI execution succeeded: 6047 tokens, provider=anthropic,openai
[Executor] Response content type: string, length: 6931
[Executor] Parsing response: {
  "prisma_schema": "// Full schema.prisma content as string\n\ngenerator client {\n  provider = \"...
[Parser] ===== PARSING datum =====
[Parser] Raw content length: 6931
[Parser] Raw content start: {
  "prisma_schema": "// Full schema.prisma content as string\n\ngenerator client {\n  provider = \"prisma-client-js\"\n}\n\ndatasource db {\n  provider = \"postgresql\"\n  url      = env(\"DATABASE_U...
[Parser] Raw content LAST 200 chars: ...
  },
  "files": [
    {
      "path": "prisma/schema.prisma",
      "content": "// Complete schema"
    },
    {
      "path": "prisma/seed.ts",
      "content": "// Complete seed script"
    }
  ]
}
[Parser] Found raw JSON via regex, extracted length: 6931
[Parser] Extracted JSON LAST 200 chars: ...
  },
  "files": [
    {
      "path": "prisma/schema.prisma",
      "content": "// Complete schema"
    },
    {
      "path": "prisma/seed.ts",
      "content": "// Complete seed script"
    }
  ]
}
[Parser] Extracted JSON length: 6931
[Parser] Extracted JSON start: {
  "prisma_schema": "// Full schema.prisma content as string\n\ngenerator client {\n  provider = \"prisma-client-js\"\n}\n\ndatasource db {\n  provider = \"postgresql\"\n  url      = env(\"DATABASE_U...
[Parser] JSON.parse SUCCESS for datum
[Parser] Agent datum: parsed.files exists = true, isArray = true, length = 2
[Parser] Agent datum: Processing 2 files
[Parser] File: prisma/schema.prisma, type=code, hasContent=true, contentLength=18
[Parser] File: prisma/seed.ts, type=code, hasContent=true, contentLength=23
[Parser] Agent datum: Added 2 file artifacts
[Executor] Parsed successfully: artifacts=3, status=completed
Agent datum validation issues: 2 error(s): Missing required field: relationships; Missing required field: mock_data
[EXECUTOR] 2026-01-27T11:12:19.475Z - executor.execute() RETURNED for datum in 51999ms {"success":true,"hasOutput":true,"errorMessage":null,"artifactCount":3}
[QualityOrchestrator] Running quality gates for build olympus-dashboard-1769511982981
[QualityOrchestrator] Files to check: 2
[QualityOrchestrator] Running gate: typescript
[QualityOrchestrator] typescript: ✅ PASSED (0 issues)
[QualityOrchestrator] Running gate: eslint
[QualityOrchestrator] eslint: ✅ PASSED (0 issues)
[QualityOrchestrator] Running gate: security
[QualityOrchestrator] security: ✅ PASSED (0 issues)
[QualityOrchestrator] Running gate: links
[QualityOrchestrator] links: ✅ PASSED (0 issues)
[QualityOrchestrator] Running gate: build
[QualityOrchestrator] build: ✅ PASSED (0 issues)
[QualityOrchestrator] Quality check complete: passed (score: 100, threshold: 70, stopOnFailure: false)
[Orchestrator] Agent datum - Quality Score: 100/100 (min: 60)
[Orchestrator] Agent datum - Quality PASSED on iteration 1
[Orchestrator] ARCHITECTURE VALIDATION PASSED for datum (score: 100)
[Orchestrator] Agent datum - Architecture validation PASSED (score: 100)
[50X GATE] datum has 5 constraint warnings:
  ⚠️ Soft deletes enabled: Table "BuildPhase" missing deletedAt column
  ⚠️ Soft deletes enabled: Table "Agent" missing deletedAt column
  ⚠️ ID strategy: cuid: Table "Build" uses wrong ID strategy: 
  ⚠️ ID strategy: cuid: Table "BuildPhase" uses wrong ID strategy: 
  ⚠️ ID strategy: cuid: Table "Agent" uses wrong ID strategy: 
[PERSISTENCE] Database connection failed for critical decisions: Error: Missing SUPABASE_SERVICE_ROLE_KEY
    at createServiceRoleClient (C:\Users\SBS\Desktop\New folder (4)\vito\src\lib\auth\clients\admin.ts:20:11)
    at saveCriticalDecisions (C:\Users\SBS\Desktop\New folder (4)\vito\src\lib\agents\context\persistence.ts:189:22)
    at BuildContextManager.persistCriticalDecisions (C:\Users\SBS\Desktop\New folder (4)\vito\src\lib\agents\context\manager.ts:204:5)
    at BuildContextManager.updateCriticalDecisions (C:\Users\SBS\Desktop\New folder (4)\vito\src\lib\agents\context\manager.ts:169:10)
    at BuildContextManager.recordOutput (C:\Users\SBS\Desktop\New folder (4)\vito\src\lib\agents\context\manager.ts:147:10)
    at BuildOrchestrator.finalizeAgentSuccess (C:\Users\SBS\Desktop\New folder (4)\vito\src\lib\agents\orchestrator\orchestrator.ts:1779:18)
    at BuildOrchestrator.executeAgentWithFeedback (C:\Users\SBS\Desktop\New folder (4)\vito\src\lib\agents\orchestrator\orchestrator.ts:1481:23)
    at process.processTicksAndRejections (node:internal/process/task_queues:103:5)
    at async BuildOrchestrator.executeAgent (C:\Users\SBS\Desktop\New folder (4)\vito\src\lib\agents\orchestrator\orchestrator.ts:1234:22)
    at async Promise.all (index 0)
[PERSISTENCE] Database connection failed (non-fatal): Error: Missing SUPABASE_SERVICE_ROLE_KEY
    at createServiceRoleClient (C:\Users\SBS\Desktop\New folder (4)\vito\src\lib\auth\clients\admin.ts:20:11)
    at saveAgentOutput (C:\Users\SBS\Desktop\New folder (4)\vito\src\lib\agents\context\persistence.ts:74:22)
    at BuildOrchestrator.finalizeAgentSuccess (C:\Users\SBS\Desktop\New folder (4)\vito\src\lib\agents\orchestrator\orchestrator.ts:1780:11)
    at BuildOrchestrator.executeAgentWithFeedback (C:\Users\SBS\Desktop\New folder (4)\vito\src\lib\agents\orchestrator\orchestrator.ts:1481:23)
    at process.processTicksAndRejections (node:internal/process/task_queues:103:5)
    at async BuildOrchestrator.executeAgent (C:\Users\SBS\Desktop\New folder (4)\vito\src\lib\agents\orchestrator\orchestrator.ts:1234:22)
    at async Promise.all (index 0)
    at async BuildOrchestrator.executePhase (C:\Users\SBS\Desktop\New folder (4)\vito\src\lib\agents\orchestrator\orchestrator.ts:1060:26)
    at async BuildOrchestrator.start (C:\Users\SBS\Desktop\New folder (4)\vito\src\lib\agents\orchestrator\orchestrator.ts:658:29)
    at async runBuild (C:\Users\SBS\Desktop\New folder (4)\vito\scripts\build-olympus-dashboard.ts:189:18)
    → Agent datum: completed (3 artifacts)
[AGENT_CALL] 2026-01-27T11:12:19.507Z - COMPLETED: datum in 52033ms, success=true
  [53%] Phase: architecture | Agents: none
[AGENT_CALL] 2026-01-27T11:12:19.508Z - ENTERING: executeAgent(nexus)
[AGENT_CALL] 2026-01-27T11:12:19.508Z - CALLING: nexus (phase: architecture)
[Orchestrator] Agent nexus - Iteration 1/3
[50X COORDINATION] nexus: Injected 259 tokens of upstream constraints
[EXECUTOR] 2026-01-27T11:12:19.509Z - Creating executor for nexus, iteration 1
[EXECUTOR] 2026-01-27T11:12:19.509Z - CALLING executor.execute() for nexus
[PERSISTENCE] ✓ CriticalDecisions saved to file: C:\Users\SBS\Desktop\New folder (4)\vito\.olympus\decisions\olympus-dashboard-1769511982981.json
Anthropic completion failed after 621ms: NotFoundError: 404 {"type":"error","error":{"type":"not_found_error","message":"model: claude-3-5-sonnet-20241022"},"request_id":"req_011CXXnMZNCHTvquwQqLk7M4"}
    at APIError.generate (C:\Users\SBS\Desktop\New folder (4)\vito\node_modules\@anthropic-ai\sdk\src\core\error.ts:75:14)
    at Anthropic.makeStatusError (C:\Users\SBS\Desktop\New folder (4)\vito\node_modules\@anthropic-ai\sdk\src\client.ts:443:28)
    at Anthropic.makeRequest (C:\Users\SBS\Desktop\New folder (4)\vito\node_modules\@anthropic-ai\sdk\src\client.ts:678:24)
    at process.processTicksAndRejections (node:internal/process/task_queues:103:5)
    at async AnthropicProvider.complete (C:\Users\SBS\Desktop\New folder (4)\vito\src\lib\agents\providers\anthropic.ts:200:24)
    at async AIRouter.execute (C:\Users\SBS\Desktop\New folder (4)\vito\src\lib\agents\providers\router.ts:248:26)
    at async AgentExecutor.executeCompletion (C:\Users\SBS\Desktop\New folder (4)\vito\src\lib\agents\executor\executor.ts:152:20)
    at async RetryHandler.executeWithRetry (C:\Users\SBS\Desktop\New folder (4)\vito\src\lib\agents\executor\retry.ts:63:24)
    at async AgentExecutor.execute (C:\Users\SBS\Desktop\New folder (4)\vito\src\lib\agents\executor\executor.ts:95:22)
    at async BuildOrchestrator.executeAgentWithFeedback (C:\Users\SBS\Desktop\New folder (4)\vito\src\lib\agents\orchestrator\orchestrator.ts:1393:22) {
  status: 404,
  headers: Headers {
    date: 'Tue, 27 Jan 2026 11:12:19 GMT',
    'content-type': 'application/json',
    'transfer-encoding': 'chunked',
    connection: 'keep-alive',
    'x-should-retry': 'false',
    'request-id': 'req_011CXXnMZNCHTvquwQqLk7M4',
    'strict-transport-security': 'max-age=31536000; includeSubDomains; preload',
    'anthropic-organization-id': 'd06567ef-3469-4f53-ac13-52b8fe9f18b6',
    server: 'cloudflare',
    'x-envoy-upstream-service-time': '52',
    'cf-cache-status': 'DYNAMIC',
    'x-robots-tag': 'none',
    'content-encoding': 'gzip',
    'cf-ray': '9c47d07a1ca10d53-MXP'
  },
  requestID: 'req_011CXXnMZNCHTvquwQqLk7M4',
  error: {
    type: 'error',
    error: {
      type: 'not_found_error',
      message: 'model: claude-3-5-sonnet-20241022'
    },
    request_id: 'req_011CXXnMZNCHTvquwQqLk7M4'
  }
}
Primary provider anthropic failed: 404 {"type":"error","error":{"type":"not_found_error","message":"model: claude-3-5-sonnet-20241022"},"request_id":"req_011CXXnMZNCHTvquwQqLk7M4"}
[AIRouter] Checking fallback: enabled=true, fallbackProvider=openai
[AIRouter] Fallback provider found: true, providers keys: anthropic, openai, groq
[AIRouter] Attempting fallback to openai with model gpt-4o-mini
[AIRouter] Calling openai.complete()...
[HEARTBEAT] 2026-01-27T11:12:23.412Z {"buildId":"olympus-dashboard-1769511982981","status":"running","currentPhase":"architecture","currentAgent":"nexus","completedAgents":["oracle","empathy","venture","strategos","scope","psyche","scribe","architect_conversion","conversion_judge","palette","grid","blocks","cartographer","flow","artist","archon","datum"],"runningAgents":["nexus"],"failedAgents":[],"progress":53}
[HEARTBEAT] 2026-01-27T11:12:28.418Z {"buildId":"olympus-dashboard-1769511982981","status":"running","currentPhase":"architecture","currentAgent":"nexus","completedAgents":["oracle","empathy","venture","strategos","scope","psyche","scribe","architect_conversion","conversion_judge","palette","grid","blocks","cartographer","flow","artist","archon","datum"],"runningAgents":["nexus"],"failedAgents":[],"progress":53}
[HEARTBEAT] 2026-01-27T11:12:33.419Z {"buildId":"olympus-dashboard-1769511982981","status":"running","currentPhase":"architecture","currentAgent":"nexus","completedAgents":["oracle","empathy","venture","strategos","scope","psyche","scribe","architect_conversion","conversion_judge","palette","grid","blocks","cartographer","flow","artist","archon","datum"],"runningAgents":["nexus"],"failedAgents":[],"progress":53}
[HEARTBEAT] 2026-01-27T11:12:38.420Z {"buildId":"olympus-dashboard-1769511982981","status":"running","currentPhase":"architecture","currentAgent":"nexus","completedAgents":["oracle","empathy","venture","strategos","scope","psyche","scribe","architect_conversion","conversion_judge","palette","grid","blocks","cartographer","flow","artist","archon","datum"],"runningAgents":["nexus"],"failedAgents":[],"progress":53}
[HEARTBEAT] 2026-01-27T11:12:43.434Z {"buildId":"olympus-dashboard-1769511982981","status":"running","currentPhase":"architecture","currentAgent":"nexus","completedAgents":["oracle","empathy","venture","strategos","scope","psyche","scribe","architect_conversion","conversion_judge","palette","grid","blocks","cartographer","flow","artist","archon","datum"],"runningAgents":["nexus"],"failedAgents":[],"progress":53}
[HEARTBEAT] 2026-01-27T11:12:48.436Z {"buildId":"olympus-dashboard-1769511982981","status":"running","currentPhase":"architecture","currentAgent":"nexus","completedAgents":["oracle","empathy","venture","strategos","scope","psyche","scribe","architect_conversion","conversion_judge","palette","grid","blocks","cartographer","flow","artist","archon","datum"],"runningAgents":["nexus"],"failedAgents":[],"progress":53}
[HEARTBEAT] 2026-01-27T11:12:53.448Z {"buildId":"olympus-dashboard-1769511982981","status":"running","currentPhase":"architecture","currentAgent":"nexus","completedAgents":["oracle","empathy","venture","strategos","scope","psyche","scribe","architect_conversion","conversion_judge","palette","grid","blocks","cartographer","flow","artist","archon","datum"],"runningAgents":["nexus"],"failedAgents":[],"progress":53}
[HEARTBEAT] 2026-01-27T11:12:58.453Z {"buildId":"olympus-dashboard-1769511982981","status":"running","currentPhase":"architecture","currentAgent":"nexus","completedAgents":["oracle","empathy","venture","strategos","scope","psyche","scribe","architect_conversion","conversion_judge","palette","grid","blocks","cartographer","flow","artist","archon","datum"],"runningAgents":["nexus"],"failedAgents":[],"progress":53}
[HEARTBEAT] 2026-01-27T11:13:03.463Z {"buildId":"olympus-dashboard-1769511982981","status":"running","currentPhase":"architecture","currentAgent":"nexus","completedAgents":["oracle","empathy","venture","strategos","scope","psyche","scribe","architect_conversion","conversion_judge","palette","grid","blocks","cartographer","flow","artist","archon","datum"],"runningAgents":["nexus"],"failedAgents":[],"progress":53}
[AIRouter] Fallback openai succeeded! Tokens: 5945
[Executor] AI execution succeeded: 5945 tokens, provider=anthropic,openai
[Executor] Response content type: string, length: 7926
[Executor] Parsing response: {
  "openapi": "3.0.3",
  "info": {
    "title": "OLYMPUS Builder Dashboard API",
    "version": "1....
[Parser] ===== PARSING nexus =====
[Parser] Raw content length: 7926
[Parser] Raw content start: {
  "openapi": "3.0.3",
  "info": {
    "title": "OLYMPUS Builder Dashboard API",
    "version": "1.0.0",
    "description": "API documentation for the OLYMPUS Builder Dashboard"
  },
  "servers": [
 ...
[Parser] Raw content LAST 200 chars: ...  }
  ],
  "error_codes": [
    { "code": "BUILD_NOT_FOUND", "status": 404, "message": "Build doesn't exist" },
    { "code": "AUTH_UNAUTHORIZED", "status": 401, "message": "No token provided" }
  ]
}
[Parser] Found raw JSON via regex, extracted length: 7926
[Parser] Extracted JSON LAST 200 chars: ...  }
  ],
  "error_codes": [
    { "code": "BUILD_NOT_FOUND", "status": 404, "message": "Build doesn't exist" },
    { "code": "AUTH_UNAUTHORIZED", "status": 401, "message": "No token provided" }
  ]
}
[Parser] Extracted JSON length: 7926
[Parser] Extracted JSON start: {
  "openapi": "3.0.3",
  "info": {
    "title": "OLYMPUS Builder Dashboard API",
    "version": "1.0.0",
    "description": "API documentation for the OLYMPUS Builder Dashboard"
  },
  "servers": [
 ...
[Parser] ===== PARSE FAILED for nexus =====
[Parser] Error: Expected property name or '}' in JSON at position 759 (line 26 column 13)
[Parser] Raw content first 500 chars: {
  "openapi": "3.0.3",
  "info": {
    "title": "OLYMPUS Builder Dashboard API",
    "version": "1.0.0",
    "description": "API documentation for the OLYMPUS Builder Dashboard"
  },
  "servers": [
    { "url": "/api/v1", "description": "API v1" }
  ],
  "paths": {
    "/builds": {
      "get": {
        "operationId": "listBuilds",
        "summary": "List all builds",
        "tags": ["Builds"],
        "security": [
          { "bearerAuth": [] }
        ],
        "parameters": [
          
[Executor] Parsed successfully: artifacts=1, status=completed
[EXECUTOR] 2026-01-27T11:13:04.020Z - executor.execute() RETURNED for nexus in 44511ms {"success":true,"hasOutput":true,"errorMessage":null,"artifactCount":1}
[Orchestrator] Agent nexus - Quality Score: 100/100 (min: 60)
[Orchestrator] Agent nexus - Quality PASSED on iteration 1
[Orchestrator] ARCHITECTURE VALIDATION PASSED for nexus (score: 100)
[Orchestrator] Agent nexus - Architecture validation PASSED (score: 100)
[50X GATE] nexus passed all constraint checks ✅
[JSON] Parse failed in critical-summarizer:nexusDecisions: SyntaxError: Expected property name or '}' in JSON at position 759 (line 26 column 13)
    at JSON.parse (<anonymous>)
    at safeJsonParse (C:\Users\SBS\Desktop\New folder (4)\vito\src\lib\utils\safe-json.ts:23:17)
    at extractNexusDecisions (C:\Users\SBS\Desktop\New folder (4)\vito\src\lib\agents\coordination\critical-summarizer.ts:319:18)
    at updateCriticalDecisions (C:\Users\SBS\Desktop\New folder (4)\vito\src\lib\agents\coordination\critical-summarizer.ts:509:42)
    at BuildContextManager.updateCriticalDecisions (C:\Users\SBS\Desktop\New folder (4)\vito\src\lib\agents\context\manager.ts:160:33)
    at BuildContextManager.recordOutput (C:\Users\SBS\Desktop\New folder (4)\vito\src\lib\agents\context\manager.ts:147:10)
    at BuildOrchestrator.finalizeAgentSuccess (C:\Users\SBS\Desktop\New folder (4)\vito\src\lib\agents\orchestrator\orchestrator.ts:1779:18)
    at BuildOrchestrator.executeAgentWithFeedback (C:\Users\SBS\Desktop\New folder (4)\vito\src\lib\agents\orchestrator\orchestrator.ts:1481:23)
    at process.processTicksAndRejections (node:internal/process/task_queues:103:5)
    at async BuildOrchestrator.executeAgent (C:\Users\SBS\Desktop\New folder (4)\vito\src\lib\agents\orchestrator\orchestrator.ts:1234:22)
[JSON] Content preview: {
  "openapi": "3.0.3",
  "info": {
    "title": "OLYMPUS Builder Dashboard API",
    "version": "1.0.0",
    "description": "API documentation for the OLYMPUS Builder Dashboard"
  },
  "servers": [
 ...
[PERSISTENCE] Database connection failed for critical decisions: Error: Missing SUPABASE_SERVICE_ROLE_KEY
    at createServiceRoleClient (C:\Users\SBS\Desktop\New folder (4)\vito\src\lib\auth\clients\admin.ts:20:11)
    at saveCriticalDecisions (C:\Users\SBS\Desktop\New folder (4)\vito\src\lib\agents\context\persistence.ts:189:22)
    at BuildContextManager.persistCriticalDecisions (C:\Users\SBS\Desktop\New folder (4)\vito\src\lib\agents\context\manager.ts:204:5)
    at BuildContextManager.updateCriticalDecisions (C:\Users\SBS\Desktop\New folder (4)\vito\src\lib\agents\context\manager.ts:169:10)
    at BuildContextManager.recordOutput (C:\Users\SBS\Desktop\New folder (4)\vito\src\lib\agents\context\manager.ts:147:10)
    at BuildOrchestrator.finalizeAgentSuccess (C:\Users\SBS\Desktop\New folder (4)\vito\src\lib\agents\orchestrator\orchestrator.ts:1779:18)
    at BuildOrchestrator.executeAgentWithFeedback (C:\Users\SBS\Desktop\New folder (4)\vito\src\lib\agents\orchestrator\orchestrator.ts:1481:23)
    at process.processTicksAndRejections (node:internal/process/task_queues:103:5)
    at async BuildOrchestrator.executeAgent (C:\Users\SBS\Desktop\New folder (4)\vito\src\lib\agents\orchestrator\orchestrator.ts:1234:22)
    at async Promise.all (index 0)
[PERSISTENCE] Database connection failed (non-fatal): Error: Missing SUPABASE_SERVICE_ROLE_KEY
    at createServiceRoleClient (C:\Users\SBS\Desktop\New folder (4)\vito\src\lib\auth\clients\admin.ts:20:11)
    at saveAgentOutput (C:\Users\SBS\Desktop\New folder (4)\vito\src\lib\agents\context\persistence.ts:74:22)
    at BuildOrchestrator.finalizeAgentSuccess (C:\Users\SBS\Desktop\New folder (4)\vito\src\lib\agents\orchestrator\orchestrator.ts:1780:11)
    at BuildOrchestrator.executeAgentWithFeedback (C:\Users\SBS\Desktop\New folder (4)\vito\src\lib\agents\orchestrator\orchestrator.ts:1481:23)
    at process.processTicksAndRejections (node:internal/process/task_queues:103:5)
    at async BuildOrchestrator.executeAgent (C:\Users\SBS\Desktop\New folder (4)\vito\src\lib\agents\orchestrator\orchestrator.ts:1234:22)
    at async Promise.all (index 0)
    at async BuildOrchestrator.executePhase (C:\Users\SBS\Desktop\New folder (4)\vito\src\lib\agents\orchestrator\orchestrator.ts:1060:26)
    at async BuildOrchestrator.start (C:\Users\SBS\Desktop\New folder (4)\vito\src\lib\agents\orchestrator\orchestrator.ts:658:29)
    at async runBuild (C:\Users\SBS\Desktop\New folder (4)\vito\scripts\build-olympus-dashboard.ts:189:18)
    → Agent nexus: completed (1 artifacts)
[AGENT_CALL] 2026-01-27T11:13:04.023Z - COMPLETED: nexus in 44515ms, success=true
  [56%] Phase: architecture | Agents: none
[AGENT_CALL] 2026-01-27T11:13:04.023Z - ENTERING: executeAgent(forge)
[AGENT_CALL] 2026-01-27T11:13:04.023Z - CALLING: forge (phase: architecture)
[Orchestrator] Agent forge - Iteration 1/3
[JSON] Parse failed in critical-summarizer:nexusDecisions: SyntaxError: Expected property name or '}' in JSON at position 759 (line 26 column 13)
    at JSON.parse (<anonymous>)
    at safeJsonParse (C:\Users\SBS\Desktop\New folder (4)\vito\src\lib\utils\safe-json.ts:23:17)
    at extractNexusDecisions (C:\Users\SBS\Desktop\New folder (4)\vito\src\lib\agents\coordination\critical-summarizer.ts:319:18)
    at buildCriticalDecisions (C:\Users\SBS\Desktop\New folder (4)\vito\src\lib\agents\coordination\critical-summarizer.ts:452:29)
    at prepareAgentWithConstraints (C:\Users\SBS\Desktop\New folder (4)\vito\src\lib\agents\coordination\index.ts:122:29)
    at BuildOrchestrator.executeAgentWithFeedback (C:\Users\SBS\Desktop\New folder (4)\vito\src\lib\agents\orchestrator\orchestrator.ts:1374:73)
    at BuildOrchestrator.executeAgent (C:\Users\SBS\Desktop\New folder (4)\vito\src\lib\agents\orchestrator\orchestrator.ts:1235:14)
    at <anonymous> (C:\Users\SBS\Desktop\New folder (4)\vito\src\lib\agents\orchestrator\orchestrator.ts:1053:59)
    at Array.map (<anonymous>)
    at BuildOrchestrator.executePhase (C:\Users\SBS\Desktop\New folder (4)\vito\src\lib\agents\orchestrator\orchestrator.ts:1053:37)
[JSON] Content preview: {
  "openapi": "3.0.3",
  "info": {
    "title": "OLYMPUS Builder Dashboard API",
    "version": "1.0.0",
    "description": "API documentation for the OLYMPUS Builder Dashboard"
  },
  "servers": [
 ...
[50X COORDINATION] forge: Injected 259 tokens of upstream constraints
[EXECUTOR] 2026-01-27T11:13:04.025Z - Creating executor for forge, iteration 1
[EXECUTOR] 2026-01-27T11:13:04.025Z - CALLING executor.execute() for forge
[PERSISTENCE] ✓ CriticalDecisions saved to file: C:\Users\SBS\Desktop\New folder (4)\vito\.olympus\decisions\olympus-dashboard-1769511982981.json
Anthropic completion failed after 637ms: NotFoundError: 404 {"type":"error","error":{"type":"not_found_error","message":"model: claude-3-5-sonnet-20241022"},"request_id":"req_011CXXnQqfoSyqXzFX3HXYhi"}
    at APIError.generate (C:\Users\SBS\Desktop\New folder (4)\vito\node_modules\@anthropic-ai\sdk\src\core\error.ts:75:14)
    at Anthropic.makeStatusError (C:\Users\SBS\Desktop\New folder (4)\vito\node_modules\@anthropic-ai\sdk\src\client.ts:443:28)
    at Anthropic.makeRequest (C:\Users\SBS\Desktop\New folder (4)\vito\node_modules\@anthropic-ai\sdk\src\client.ts:678:24)
    at process.processTicksAndRejections (node:internal/process/task_queues:103:5)
    at async AnthropicProvider.complete (C:\Users\SBS\Desktop\New folder (4)\vito\src\lib\agents\providers\anthropic.ts:200:24)
    at async AIRouter.execute (C:\Users\SBS\Desktop\New folder (4)\vito\src\lib\agents\providers\router.ts:248:26)
    at async AgentExecutor.executeCompletion (C:\Users\SBS\Desktop\New folder (4)\vito\src\lib\agents\executor\executor.ts:152:20)
    at async RetryHandler.executeWithRetry (C:\Users\SBS\Desktop\New folder (4)\vito\src\lib\agents\executor\retry.ts:63:24)
    at async AgentExecutor.execute (C:\Users\SBS\Desktop\New folder (4)\vito\src\lib\agents\executor\executor.ts:95:22)
    at async BuildOrchestrator.executeAgentWithFeedback (C:\Users\SBS\Desktop\New folder (4)\vito\src\lib\agents\orchestrator\orchestrator.ts:1393:22) {
  status: 404,
  headers: Headers {
    date: 'Tue, 27 Jan 2026 11:13:04 GMT',
    'content-type': 'application/json',
    'transfer-encoding': 'chunked',
    connection: 'keep-alive',
    'x-should-retry': 'false',
    'request-id': 'req_011CXXnQqfoSyqXzFX3HXYhi',
    'strict-transport-security': 'max-age=31536000; includeSubDomains; preload',
    'anthropic-organization-id': 'd06567ef-3469-4f53-ac13-52b8fe9f18b6',
    server: 'cloudflare',
    'x-envoy-upstream-service-time': '79',
    'cf-cache-status': 'DYNAMIC',
    'x-robots-tag': 'none',
    'content-encoding': 'gzip',
    'cf-ray': '9c47d18f9bb55837-MXP'
  },
  requestID: 'req_011CXXnQqfoSyqXzFX3HXYhi',
  error: {
    type: 'error',
    error: {
      type: 'not_found_error',
      message: 'model: claude-3-5-sonnet-20241022'
    },
    request_id: 'req_011CXXnQqfoSyqXzFX3HXYhi'
  }
}
Primary provider anthropic failed: 404 {"type":"error","error":{"type":"not_found_error","message":"model: claude-3-5-sonnet-20241022"},"request_id":"req_011CXXnQqfoSyqXzFX3HXYhi"}
[AIRouter] Checking fallback: enabled=true, fallbackProvider=openai
[AIRouter] Fallback provider found: true, providers keys: anthropic, openai, groq
[AIRouter] Attempting fallback to openai with model gpt-4o-mini
[AIRouter] Calling openai.complete()...
[HEARTBEAT] 2026-01-27T11:13:08.471Z {"buildId":"olympus-dashboard-1769511982981","status":"running","currentPhase":"architecture","currentAgent":"forge","completedAgents":["oracle","empathy","venture","strategos","scope","psyche","scribe","architect_conversion","conversion_judge","palette","grid","blocks","cartographer","flow","artist","archon","datum","nexus"],"runningAgents":["forge"],"failedAgents":[],"progress":56}
[HEARTBEAT] 2026-01-27T11:13:13.483Z {"buildId":"olympus-dashboard-1769511982981","status":"running","currentPhase":"architecture","currentAgent":"forge","completedAgents":["oracle","empathy","venture","strategos","scope","psyche","scribe","architect_conversion","conversion_judge","palette","grid","blocks","cartographer","flow","artist","archon","datum","nexus"],"runningAgents":["forge"],"failedAgents":[],"progress":56}
[HEARTBEAT] 2026-01-27T11:13:18.485Z {"buildId":"olympus-dashboard-1769511982981","status":"running","currentPhase":"architecture","currentAgent":"forge","completedAgents":["oracle","empathy","venture","strategos","scope","psyche","scribe","architect_conversion","conversion_judge","palette","grid","blocks","cartographer","flow","artist","archon","datum","nexus"],"runningAgents":["forge"],"failedAgents":[],"progress":56}
[HEARTBEAT] 2026-01-27T11:13:23.485Z {"buildId":"olympus-dashboard-1769511982981","status":"running","currentPhase":"architecture","currentAgent":"forge","completedAgents":["oracle","empathy","venture","strategos","scope","psyche","scribe","architect_conversion","conversion_judge","palette","grid","blocks","cartographer","flow","artist","archon","datum","nexus"],"runningAgents":["forge"],"failedAgents":[],"progress":56}
[HEARTBEAT] 2026-01-27T11:13:28.486Z {"buildId":"olympus-dashboard-1769511982981","status":"running","currentPhase":"architecture","currentAgent":"forge","completedAgents":["oracle","empathy","venture","strategos","scope","psyche","scribe","architect_conversion","conversion_judge","palette","grid","blocks","cartographer","flow","artist","archon","datum","nexus"],"runningAgents":["forge"],"failedAgents":[],"progress":56}
[HEARTBEAT] 2026-01-27T11:13:33.501Z {"buildId":"olympus-dashboard-1769511982981","status":"running","currentPhase":"architecture","currentAgent":"forge","completedAgents":["oracle","empathy","venture","strategos","scope","psyche","scribe","architect_conversion","conversion_judge","palette","grid","blocks","cartographer","flow","artist","archon","datum","nexus"],"runningAgents":["forge"],"failedAgents":[],"progress":56}
[HEARTBEAT] 2026-01-27T11:13:38.515Z {"buildId":"olympus-dashboard-1769511982981","status":"running","currentPhase":"architecture","currentAgent":"forge","completedAgents":["oracle","empathy","venture","strategos","scope","psyche","scribe","architect_conversion","conversion_judge","palette","grid","blocks","cartographer","flow","artist","archon","datum","nexus"],"runningAgents":["forge"],"failedAgents":[],"progress":56}
[AIRouter] Fallback openai succeeded! Tokens: 6736
[Executor] AI execution succeeded: 6736 tokens, provider=anthropic,openai
[Executor] Response content type: string, length: 5557
[Executor] Parsing response: {
  "files": [
    {
      "path": "src/app/api/v1/builds/route.ts",
      "content": "// src/app/ap...
[Parser] ===== PARSING forge =====
[Parser] Raw content length: 5557
[Parser] Raw content start: {
  "files": [
    {
      "path": "src/app/api/v1/builds/route.ts",
      "content": "// src/app/api/v1/builds/route.ts\nimport { NextRequest, NextResponse } from 'next/server';\nimport { z } from 'z...
[Parser] Raw content LAST 200 chars: ...ilds/[buildId]", "handler": "get" },
    { "method": "GET", "path": "/api/v1/builds/[buildId]/stream", "handler": "stream" },
    { "method": "GET", "path": "/api/v1/agents", "handler": "list" }
  ]
}
[Parser] Found raw JSON via regex, extracted length: 5557
[Parser] Extracted JSON LAST 200 chars: ...ilds/[buildId]", "handler": "get" },
    { "method": "GET", "path": "/api/v1/builds/[buildId]/stream", "handler": "stream" },
    { "method": "GET", "path": "/api/v1/agents", "handler": "list" }
  ]
}
[Parser] Extracted JSON length: 5557
[Parser] Extracted JSON start: {
  "files": [
    {
      "path": "src/app/api/v1/builds/route.ts",
      "content": "// src/app/api/v1/builds/route.ts\nimport { NextRequest, NextResponse } from 'next/server';\nimport { z } from 'z...
[Parser] JSON.parse SUCCESS for forge
[Parser] Agent forge: parsed.files exists = true, isArray = true, length = 3
[Parser] Agent forge: Processing 3 files
[Parser] File: src/app/api/v1/builds/route.ts, type=code, hasContent=true, contentLength=2609
[Parser] File: src/app/api/v1/builds/[buildId]/route.ts, type=code, hasContent=true, contentLength=1257
[Parser] File: src/app/api/v1/agents/route.ts, type=code, hasContent=true, contentLength=853
[Parser] Agent forge: Added 3 file artifacts
[Executor] Parsed successfully: artifacts=4, status=completed
Agent forge validation issues: 1 error(s): Unresolved imports: 3 missing files
[EXECUTOR] 2026-01-27T11:13:40.874Z - executor.execute() RETURNED for forge in 36849ms {"success":true,"hasOutput":true,"errorMessage":null,"artifactCount":4}
[QualityOrchestrator] Running quality gates for build olympus-dashboard-1769511982981
[QualityOrchestrator] Files to check: 3
[QualityOrchestrator] Running gate: typescript
[QualityOrchestrator] typescript: ✅ PASSED (6 issues)
[QualityOrchestrator] Running gate: eslint
[QualityOrchestrator] eslint: ✅ PASSED (5 issues)
[QualityOrchestrator] Running gate: security
[QualityOrchestrator] security: ✅ PASSED (3 issues)
[QualityOrchestrator] Running gate: links
[QualityOrchestrator] links: ✅ PASSED (0 issues)
[QualityOrchestrator] Running gate: build
[QualityOrchestrator] build: ✅ PASSED (0 issues)
[QualityOrchestrator] Quality check complete: passed (score: 99, threshold: 70, stopOnFailure: false)
[Orchestrator] Agent forge - Quality Score: 99/100 (min: 60)
[Orchestrator] Agent forge - Quality PASSED on iteration 1
[Orchestrator] ARCHITECTURE VALIDATION PASSED for forge (score: 100)
[Orchestrator] Agent forge - Architecture validation PASSED (score: 100)
[JSON] Parse failed in critical-summarizer:nexusDecisions: SyntaxError: Expected property name or '}' in JSON at position 759 (line 26 column 13)
    at JSON.parse (<anonymous>)
    at safeJsonParse (C:\Users\SBS\Desktop\New folder (4)\vito\src\lib\utils\safe-json.ts:23:17)
    at extractNexusDecisions (C:\Users\SBS\Desktop\New folder (4)\vito\src\lib\agents\coordination\critical-summarizer.ts:319:18)
    at buildCriticalDecisions (C:\Users\SBS\Desktop\New folder (4)\vito\src\lib\agents\coordination\critical-summarizer.ts:452:29)
    at BuildOrchestrator.finalizeAgentSuccess (C:\Users\SBS\Desktop\New folder (4)\vito\src\lib\agents\orchestrator\orchestrator.ts:1730:33)
    at BuildOrchestrator.executeAgentWithFeedback (C:\Users\SBS\Desktop\New folder (4)\vito\src\lib\agents\orchestrator\orchestrator.ts:1481:23)
    at process.processTicksAndRejections (node:internal/process/task_queues:103:5)
    at async BuildOrchestrator.executeAgent (C:\Users\SBS\Desktop\New folder (4)\vito\src\lib\agents\orchestrator\orchestrator.ts:1234:22)
    at async Promise.all (index 0)
    at async BuildOrchestrator.executePhase (C:\Users\SBS\Desktop\New folder (4)\vito\src\lib\agents\orchestrator\orchestrator.ts:1060:26)
[JSON] Content preview: {
  "openapi": "3.0.3",
  "info": {
    "title": "OLYMPUS Builder Dashboard API",
    "version": "1.0.0",
    "description": "API documentation for the OLYMPUS Builder Dashboard"
  },
  "servers": [
 ...
[50X GATE] forge passed all constraint checks ✅
[PERSISTENCE] Database connection failed for critical decisions: Error: Missing SUPABASE_SERVICE_ROLE_KEY
    at createServiceRoleClient (C:\Users\SBS\Desktop\New folder (4)\vito\src\lib\auth\clients\admin.ts:20:11)
    at saveCriticalDecisions (C:\Users\SBS\Desktop\New folder (4)\vito\src\lib\agents\context\persistence.ts:189:22)
    at BuildContextManager.persistCriticalDecisions (C:\Users\SBS\Desktop\New folder (4)\vito\src\lib\agents\context\manager.ts:204:5)
    at BuildContextManager.updateCriticalDecisions (C:\Users\SBS\Desktop\New folder (4)\vito\src\lib\agents\context\manager.ts:169:10)
    at BuildContextManager.recordOutput (C:\Users\SBS\Desktop\New folder (4)\vito\src\lib\agents\context\manager.ts:147:10)
    at BuildOrchestrator.finalizeAgentSuccess (C:\Users\SBS\Desktop\New folder (4)\vito\src\lib\agents\orchestrator\orchestrator.ts:1779:18)
    at BuildOrchestrator.executeAgentWithFeedback (C:\Users\SBS\Desktop\New folder (4)\vito\src\lib\agents\orchestrator\orchestrator.ts:1481:23)
    at process.processTicksAndRejections (node:internal/process/task_queues:103:5)
    at async BuildOrchestrator.executeAgent (C:\Users\SBS\Desktop\New folder (4)\vito\src\lib\agents\orchestrator\orchestrator.ts:1234:22)
    at async Promise.all (index 0)
[PERSISTENCE] Database connection failed (non-fatal): Error: Missing SUPABASE_SERVICE_ROLE_KEY
    at createServiceRoleClient (C:\Users\SBS\Desktop\New folder (4)\vito\src\lib\auth\clients\admin.ts:20:11)
    at saveAgentOutput (C:\Users\SBS\Desktop\New folder (4)\vito\src\lib\agents\context\persistence.ts:74:22)
    at BuildOrchestrator.finalizeAgentSuccess (C:\Users\SBS\Desktop\New folder (4)\vito\src\lib\agents\orchestrator\orchestrator.ts:1780:11)
    at BuildOrchestrator.executeAgentWithFeedback (C:\Users\SBS\Desktop\New folder (4)\vito\src\lib\agents\orchestrator\orchestrator.ts:1481:23)
    at process.processTicksAndRejections (node:internal/process/task_queues:103:5)
    at async BuildOrchestrator.executeAgent (C:\Users\SBS\Desktop\New folder (4)\vito\src\lib\agents\orchestrator\orchestrator.ts:1234:22)
    at async Promise.all (index 0)
    at async BuildOrchestrator.executePhase (C:\Users\SBS\Desktop\New folder (4)\vito\src\lib\agents\orchestrator\orchestrator.ts:1060:26)
    at async BuildOrchestrator.start (C:\Users\SBS\Desktop\New folder (4)\vito\src\lib\agents\orchestrator\orchestrator.ts:658:29)
    at async runBuild (C:\Users\SBS\Desktop\New folder (4)\vito\scripts\build-olympus-dashboard.ts:189:18)
    → Agent forge: completed (4 artifacts)
[AGENT_CALL] 2026-01-27T11:13:40.878Z - COMPLETED: forge in 36855ms, success=true
  [59%] Phase: architecture | Agents: none
[AGENT_CALL] 2026-01-27T11:13:40.878Z - ENTERING: executeAgent(sentinel)
[AGENT_CALL] 2026-01-27T11:13:40.878Z - CALLING: sentinel (phase: architecture)
[Orchestrator] Agent sentinel - Iteration 1/3
[JSON] Parse failed in critical-summarizer:nexusDecisions: SyntaxError: Expected property name or '}' in JSON at position 759 (line 26 column 13)
    at JSON.parse (<anonymous>)
    at safeJsonParse (C:\Users\SBS\Desktop\New folder (4)\vito\src\lib\utils\safe-json.ts:23:17)
    at extractNexusDecisions (C:\Users\SBS\Desktop\New folder (4)\vito\src\lib\agents\coordination\critical-summarizer.ts:319:18)
    at buildCriticalDecisions (C:\Users\SBS\Desktop\New folder (4)\vito\src\lib\agents\coordination\critical-summarizer.ts:452:29)
    at prepareAgentWithConstraints (C:\Users\SBS\Desktop\New folder (4)\vito\src\lib\agents\coordination\index.ts:122:29)
    at BuildOrchestrator.executeAgentWithFeedback (C:\Users\SBS\Desktop\New folder (4)\vito\src\lib\agents\orchestrator\orchestrator.ts:1374:73)
    at BuildOrchestrator.executeAgent (C:\Users\SBS\Desktop\New folder (4)\vito\src\lib\agents\orchestrator\orchestrator.ts:1235:14)
    at <anonymous> (C:\Users\SBS\Desktop\New folder (4)\vito\src\lib\agents\orchestrator\orchestrator.ts:1053:59)
    at Array.map (<anonymous>)
    at BuildOrchestrator.executePhase (C:\Users\SBS\Desktop\New folder (4)\vito\src\lib\agents\orchestrator\orchestrator.ts:1053:37)
[JSON] Content preview: {
  "openapi": "3.0.3",
  "info": {
    "title": "OLYMPUS Builder Dashboard API",
    "version": "1.0.0",
    "description": "API documentation for the OLYMPUS Builder Dashboard"
  },
  "servers": [
 ...
[50X COORDINATION] sentinel: Injected 259 tokens of upstream constraints
[EXECUTOR] 2026-01-27T11:13:40.879Z - Creating executor for sentinel, iteration 1
[EXECUTOR] 2026-01-27T11:13:40.879Z - CALLING executor.execute() for sentinel
[PERSISTENCE] ✓ CriticalDecisions saved to file: C:\Users\SBS\Desktop\New folder (4)\vito\.olympus\decisions\olympus-dashboard-1769511982981.json
Anthropic completion failed after 671ms: NotFoundError: 404 {"type":"error","error":{"type":"not_found_error","message":"model: claude-3-5-sonnet-20241022"},"request_id":"req_011CXXnTZT4uTGNhC7Z4iQz3"}
    at APIError.generate (C:\Users\SBS\Desktop\New folder (4)\vito\node_modules\@anthropic-ai\sdk\src\core\error.ts:75:14)
    at Anthropic.makeStatusError (C:\Users\SBS\Desktop\New folder (4)\vito\node_modules\@anthropic-ai\sdk\src\client.ts:443:28)
    at Anthropic.makeRequest (C:\Users\SBS\Desktop\New folder (4)\vito\node_modules\@anthropic-ai\sdk\src\client.ts:678:24)
    at process.processTicksAndRejections (node:internal/process/task_queues:103:5)
    at async AnthropicProvider.complete (C:\Users\SBS\Desktop\New folder (4)\vito\src\lib\agents\providers\anthropic.ts:200:24)
    at async AIRouter.execute (C:\Users\SBS\Desktop\New folder (4)\vito\src\lib\agents\providers\router.ts:248:26)
    at async AgentExecutor.executeCompletion (C:\Users\SBS\Desktop\New folder (4)\vito\src\lib\agents\executor\executor.ts:152:20)
    at async RetryHandler.executeWithRetry (C:\Users\SBS\Desktop\New folder (4)\vito\src\lib\agents\executor\retry.ts:63:24)
    at async AgentExecutor.execute (C:\Users\SBS\Desktop\New folder (4)\vito\src\lib\agents\executor\executor.ts:95:22)
    at async BuildOrchestrator.executeAgentWithFeedback (C:\Users\SBS\Desktop\New folder (4)\vito\src\lib\agents\orchestrator\orchestrator.ts:1393:22) {
  status: 404,
  headers: Headers {
    date: 'Tue, 27 Jan 2026 11:13:41 GMT',
    'content-type': 'application/json',
    'transfer-encoding': 'chunked',
    connection: 'keep-alive',
    'x-should-retry': 'false',
    'request-id': 'req_011CXXnTZT4uTGNhC7Z4iQz3',
    'strict-transport-security': 'max-age=31536000; includeSubDomains; preload',
    'anthropic-organization-id': 'd06567ef-3469-4f53-ac13-52b8fe9f18b6',
    server: 'cloudflare',
    'x-envoy-upstream-service-time': '54',
    'cf-cache-status': 'DYNAMIC',
    'x-robots-tag': 'none',
    'content-encoding': 'gzip',
    'cf-ray': '9c47d2766beaedd4-MXP'
  },
  requestID: 'req_011CXXnTZT4uTGNhC7Z4iQz3',
  error: {
    type: 'error',
    error: {
      type: 'not_found_error',
      message: 'model: claude-3-5-sonnet-20241022'
    },
    request_id: 'req_011CXXnTZT4uTGNhC7Z4iQz3'
  }
}
Primary provider anthropic failed: 404 {"type":"error","error":{"type":"not_found_error","message":"model: claude-3-5-sonnet-20241022"},"request_id":"req_011CXXnTZT4uTGNhC7Z4iQz3"}
[AIRouter] Checking fallback: enabled=true, fallbackProvider=openai
[AIRouter] Fallback provider found: true, providers keys: anthropic, openai, groq
[AIRouter] Attempting fallback to openai with model gpt-4o-mini
[AIRouter] Calling openai.complete()...
[HEARTBEAT] 2026-01-27T11:13:43.519Z {"buildId":"olympus-dashboard-1769511982981","status":"running","currentPhase":"architecture","currentAgent":"sentinel","completedAgents":["oracle","empathy","venture","strategos","scope","psyche","scribe","architect_conversion","conversion_judge","palette","grid","blocks","cartographer","flow","artist","archon","datum","nexus","forge"],"runningAgents":["sentinel"],"failedAgents":[],"progress":59}
[HEARTBEAT] 2026-01-27T11:13:48.528Z {"buildId":"olympus-dashboard-1769511982981","status":"running","currentPhase":"architecture","currentAgent":"sentinel","completedAgents":["oracle","empathy","venture","strategos","scope","psyche","scribe","architect_conversion","conversion_judge","palette","grid","blocks","cartographer","flow","artist","archon","datum","nexus","forge"],"runningAgents":["sentinel"],"failedAgents":[],"progress":59}
[HEARTBEAT] 2026-01-27T11:13:53.533Z {"buildId":"olympus-dashboard-1769511982981","status":"running","currentPhase":"architecture","currentAgent":"sentinel","completedAgents":["oracle","empathy","venture","strategos","scope","psyche","scribe","architect_conversion","conversion_judge","palette","grid","blocks","cartographer","flow","artist","archon","datum","nexus","forge"],"runningAgents":["sentinel"],"failedAgents":[],"progress":59}
[HEARTBEAT] 2026-01-27T11:13:58.537Z {"buildId":"olympus-dashboard-1769511982981","status":"running","currentPhase":"architecture","currentAgent":"sentinel","completedAgents":["oracle","empathy","venture","strategos","scope","psyche","scribe","architect_conversion","conversion_judge","palette","grid","blocks","cartographer","flow","artist","archon","datum","nexus","forge"],"runningAgents":["sentinel"],"failedAgents":[],"progress":59}
[AIRouter] Fallback openai succeeded! Tokens: 4716
[Executor] AI execution succeeded: 4716 tokens, provider=anthropic,openai
[Executor] Response content type: string, length: 4411
[Executor] Parsing response: {
  "authentication": {
    "provider": "supabase",
    "methods": ["email", "google", "github"],
  ...
[Parser] ===== PARSING sentinel =====
[Parser] Raw content length: 4411
[Parser] Raw content start: {
  "authentication": {
    "provider": "supabase",
    "methods": ["email", "google", "github"],
    "passwordPolicy": {
      "minLength": 8,
      "requireUppercase": true,
      "requireLowercase"...
[Parser] Raw content LAST 200 chars: ... ],
  "_selfReview": {
    "authMethodsConfigured": true,
    "allRoutesProtected": true,
    "rlsPoliciesForAllTables": true,
    "sensitiveDataEncrypted": true,
    "auditLoggingEnabled": true
  }
}
[Parser] Found raw JSON via regex, extracted length: 4411
[Parser] Extracted JSON LAST 200 chars: ... ],
  "_selfReview": {
    "authMethodsConfigured": true,
    "allRoutesProtected": true,
    "rlsPoliciesForAllTables": true,
    "sensitiveDataEncrypted": true,
    "auditLoggingEnabled": true
  }
}
[Parser] Extracted JSON length: 4411
[Parser] Extracted JSON start: {
  "authentication": {
    "provider": "supabase",
    "methods": ["email", "google", "github"],
    "passwordPolicy": {
      "minLength": 8,
      "requireUppercase": true,
      "requireLowercase"...
[Parser] JSON.parse SUCCESS for sentinel
[Parser] Agent sentinel: parsed.files exists = true, isArray = true, length = 4
[Parser] Agent sentinel: Processing 4 files
[Parser] File: src/middleware.ts, type=code, hasContent=false, contentLength=0
[Parser] File: src/lib/auth/config.ts, type=code, hasContent=false, contentLength=0
[Parser] File: src/lib/auth/roles.ts, type=code, hasContent=false, contentLength=0
[Parser] File: supabase/migrations/001_rls_policies.sql, type=schema, hasContent=false, contentLength=0
[Parser] Agent sentinel: Added 4 file artifacts
[Executor] Parsed successfully: artifacts=5, status=completed
[EXECUTOR] 2026-01-27T11:14:03.046Z - executor.execute() RETURNED for sentinel in 22167ms {"success":true,"hasOutput":true,"errorMessage":null,"artifactCount":5}
[Orchestrator] Agent sentinel - Quality Score: 100/100 (min: 60)
[Orchestrator] Agent sentinel - Quality PASSED on iteration 1
[Orchestrator] ARCHITECTURE VALIDATION PASSED for sentinel (score: 100)
[Orchestrator] Agent sentinel - Architecture validation PASSED (score: 100)
[PERSISTENCE] Database connection failed for critical decisions: Error: Missing SUPABASE_SERVICE_ROLE_KEY
    at createServiceRoleClient (C:\Users\SBS\Desktop\New folder (4)\vito\src\lib\auth\clients\admin.ts:20:11)
    at saveCriticalDecisions (C:\Users\SBS\Desktop\New folder (4)\vito\src\lib\agents\context\persistence.ts:189:22)
    at BuildContextManager.persistCriticalDecisions (C:\Users\SBS\Desktop\New folder (4)\vito\src\lib\agents\context\manager.ts:204:5)
    at BuildContextManager.updateCriticalDecisions (C:\Users\SBS\Desktop\New folder (4)\vito\src\lib\agents\context\manager.ts:169:10)
    at BuildContextManager.recordOutput (C:\Users\SBS\Desktop\New folder (4)\vito\src\lib\agents\context\manager.ts:147:10)
    at BuildOrchestrator.finalizeAgentSuccess (C:\Users\SBS\Desktop\New folder (4)\vito\src\lib\agents\orchestrator\orchestrator.ts:1779:18)
    at BuildOrchestrator.executeAgentWithFeedback (C:\Users\SBS\Desktop\New folder (4)\vito\src\lib\agents\orchestrator\orchestrator.ts:1481:23)
    at process.processTicksAndRejections (node:internal/process/task_queues:103:5)
    at async BuildOrchestrator.executeAgent (C:\Users\SBS\Desktop\New folder (4)\vito\src\lib\agents\orchestrator\orchestrator.ts:1234:22)
    at async Promise.all (index 0)
[PERSISTENCE] Database connection failed (non-fatal): Error: Missing SUPABASE_SERVICE_ROLE_KEY
    at createServiceRoleClient (C:\Users\SBS\Desktop\New folder (4)\vito\src\lib\auth\clients\admin.ts:20:11)
    at saveAgentOutput (C:\Users\SBS\Desktop\New folder (4)\vito\src\lib\agents\context\persistence.ts:74:22)
    at BuildOrchestrator.finalizeAgentSuccess (C:\Users\SBS\Desktop\New folder (4)\vito\src\lib\agents\orchestrator\orchestrator.ts:1780:11)
    at BuildOrchestrator.executeAgentWithFeedback (C:\Users\SBS\Desktop\New folder (4)\vito\src\lib\agents\orchestrator\orchestrator.ts:1481:23)
    at process.processTicksAndRejections (node:internal/process/task_queues:103:5)
    at async BuildOrchestrator.executeAgent (C:\Users\SBS\Desktop\New folder (4)\vito\src\lib\agents\orchestrator\orchestrator.ts:1234:22)
    at async Promise.all (index 0)
    at async BuildOrchestrator.executePhase (C:\Users\SBS\Desktop\New folder (4)\vito\src\lib\agents\orchestrator\orchestrator.ts:1060:26)
    at async BuildOrchestrator.start (C:\Users\SBS\Desktop\New folder (4)\vito\src\lib\agents\orchestrator\orchestrator.ts:658:29)
    at async runBuild (C:\Users\SBS\Desktop\New folder (4)\vito\scripts\build-olympus-dashboard.ts:189:18)
    → Agent sentinel: completed (5 artifacts)
[AGENT_CALL] 2026-01-27T11:14:03.050Z - COMPLETED: sentinel in 22172ms, success=true
  [63%] Phase: architecture | Agents: none
[AGENT_CALL] 2026-01-27T11:14:03.051Z - ENTERING: executeAgent(atlas)
[DEGRADATION] Agent atlas not active in tier GOLD - skipping
[PERSISTENCE] Database connection failed for critical decisions: Error: Missing SUPABASE_SERVICE_ROLE_KEY
    at createServiceRoleClient (C:\Users\SBS\Desktop\New folder (4)\vito\src\lib\auth\clients\admin.ts:20:11)
    at saveCriticalDecisions (C:\Users\SBS\Desktop\New folder (4)\vito\src\lib\agents\context\persistence.ts:189:22)
    at BuildContextManager.persistCriticalDecisions (C:\Users\SBS\Desktop\New folder (4)\vito\src\lib\agents\context\manager.ts:204:5)
    at BuildContextManager.updateCriticalDecisions (C:\Users\SBS\Desktop\New folder (4)\vito\src\lib\agents\context\manager.ts:169:10)
    at BuildContextManager.recordOutput (C:\Users\SBS\Desktop\New folder (4)\vito\src\lib\agents\context\manager.ts:147:10)
    at BuildOrchestrator.executeAgent (C:\Users\SBS\Desktop\New folder (4)\vito\src\lib\agents\orchestrator\orchestrator.ts:1203:20)
    at <anonymous> (C:\Users\SBS\Desktop\New folder (4)\vito\src\lib\agents\orchestrator\orchestrator.ts:1053:59)
    at Array.map (<anonymous>)
    at BuildOrchestrator.executePhase (C:\Users\SBS\Desktop\New folder (4)\vito\src\lib\agents\orchestrator\orchestrator.ts:1053:37)
    at process.processTicksAndRejections (node:internal/process/task_queues:103:5)
  [66%] Phase: architecture | Agents: none
[Scheduler] Phase architecture COMPLETE. Status: [{"agentId":"archon","completed":true,"failed":false,"optional":false},{"agentId":"datum","completed":true,"failed":false,"optional":false},{"agentId":"nexus","completed":true,"failed":false,"optional":false},{"agentId":"forge","completed":true,"failed":false,"optional":false},{"agentId":"sentinel","completed":true,"failed":false,"optional":false},{"agentId":"atlas","completed":true,"failed":false,"optional":true}]
  ✓ Phase architecture completed (completed)
[ORCH_PHASE] 2026-01-27T11:14:03.054Z - Phase architecture result: success=true, error=none
[Orchestrator] ✓ Phase architecture completed. Completed phases: discovery, conversion, design, architecture
[Orchestrator] ===== PHASE 5/7: frontend =====
[Orchestrator] Phase agents (3): pixel, wire, polish
[ORCH_PHASE] 2026-01-27T11:14:03.055Z - ENTERING: executePhase(frontend)
[ORCH_PHASE] 2026-01-27T11:14:03.055Z - Starting phase loop for frontend
[ORCH_LOOP] 2026-01-27T11:14:03.055Z - Loop iteration 1 {"phase":"frontend","nextAgents":["pixel"],"runningAgents":[],"deadlockCounter":0,"isPhaseComplete":false}
[AGENT_CALL] 2026-01-27T11:14:03.055Z - ENTERING: executeAgent(pixel)
[AGENT_CALL] 2026-01-27T11:14:03.055Z - CALLING: pixel (phase: frontend)
[Orchestrator] PIXEL-AS-EMITTER: No document artifact in Blocks output
[Orchestrator] PIXEL: No components found in Blocks output, falling back to standard execution
[Orchestrator] Agent pixel - Iteration 1/3
[JSON] Parse failed in critical-summarizer:nexusDecisions: SyntaxError: Expected property name or '}' in JSON at position 759 (line 26 column 13)
    at JSON.parse (<anonymous>)
    at safeJsonParse (C:\Users\SBS\Desktop\New folder (4)\vito\src\lib\utils\safe-json.ts:23:17)
    at extractNexusDecisions (C:\Users\SBS\Desktop\New folder (4)\vito\src\lib\agents\coordination\critical-summarizer.ts:319:18)
    at buildCriticalDecisions (C:\Users\SBS\Desktop\New folder (4)\vito\src\lib\agents\coordination\critical-summarizer.ts:452:29)
    at prepareAgentWithConstraints (C:\Users\SBS\Desktop\New folder (4)\vito\src\lib\agents\coordination\index.ts:122:29)
    at BuildOrchestrator.executeAgentWithFeedback (C:\Users\SBS\Desktop\New folder (4)\vito\src\lib\agents\orchestrator\orchestrator.ts:1374:73)
    at BuildOrchestrator.executeAgent (C:\Users\SBS\Desktop\New folder (4)\vito\src\lib\agents\orchestrator\orchestrator.ts:1235:14)
    at <anonymous> (C:\Users\SBS\Desktop\New folder (4)\vito\src\lib\agents\orchestrator\orchestrator.ts:1053:59)
    at Array.map (<anonymous>)
    at BuildOrchestrator.executePhase (C:\Users\SBS\Desktop\New folder (4)\vito\src\lib\agents\orchestrator\orchestrator.ts:1053:37)
[JSON] Content preview: {
  "openapi": "3.0.3",
  "info": {
    "title": "OLYMPUS Builder Dashboard API",
    "version": "1.0.0",
    "description": "API documentation for the OLYMPUS Builder Dashboard"
  },
  "servers": [
 ...
[50X COORDINATION] pixel: Injected 818 tokens of upstream constraints
[EXECUTOR] 2026-01-27T11:14:03.061Z - Creating executor for pixel, iteration 1
[EXECUTOR] 2026-01-27T11:14:03.061Z - CALLING executor.execute() for pixel
[PERSISTENCE] ✓ CriticalDecisions saved to file: C:\Users\SBS\Desktop\New folder (4)\vito\.olympus\decisions\olympus-dashboard-1769511982981.json
[PERSISTENCE] ✓ CriticalDecisions saved to file: C:\Users\SBS\Desktop\New folder (4)\vito\.olympus\decisions\olympus-dashboard-1769511982981.json
[HEARTBEAT] 2026-01-27T11:14:03.545Z {"buildId":"olympus-dashboard-1769511982981","status":"running","currentPhase":"frontend","currentAgent":"pixel","completedAgents":["oracle","empathy","venture","strategos","scope","psyche","scribe","architect_conversion","conversion_judge","palette","grid","blocks","cartographer","flow","artist","archon","datum","nexus","forge","sentinel","atlas"],"runningAgents":["pixel"],"failedAgents":[],"progress":66}
[HEARTBEAT] 2026-01-27T11:14:08.557Z {"buildId":"olympus-dashboard-1769511982981","status":"running","currentPhase":"frontend","currentAgent":"pixel","completedAgents":["oracle","empathy","venture","strategos","scope","psyche","scribe","architect_conversion","conversion_judge","palette","grid","blocks","cartographer","flow","artist","archon","datum","nexus","forge","sentinel","atlas"],"runningAgents":["pixel"],"failedAgents":[],"progress":66}
[HEARTBEAT] 2026-01-27T11:14:13.561Z {"buildId":"olympus-dashboard-1769511982981","status":"running","currentPhase":"frontend","currentAgent":"pixel","completedAgents":["oracle","empathy","venture","strategos","scope","psyche","scribe","architect_conversion","conversion_judge","palette","grid","blocks","cartographer","flow","artist","archon","datum","nexus","forge","sentinel","atlas"],"runningAgents":["pixel"],"failedAgents":[],"progress":66}
[HEARTBEAT] 2026-01-27T11:14:18.574Z {"buildId":"olympus-dashboard-1769511982981","status":"running","currentPhase":"frontend","currentAgent":"pixel","completedAgents":["oracle","empathy","venture","strategos","scope","psyche","scribe","architect_conversion","conversion_judge","palette","grid","blocks","cartographer","flow","artist","archon","datum","nexus","forge","sentinel","atlas"],"runningAgents":["pixel"],"failedAgents":[],"progress":66}
[HEARTBEAT] 2026-01-27T11:14:23.589Z {"buildId":"olympus-dashboard-1769511982981","status":"running","currentPhase":"frontend","currentAgent":"pixel","completedAgents":["oracle","empathy","venture","strategos","scope","psyche","scribe","architect_conversion","conversion_judge","palette","grid","blocks","cartographer","flow","artist","archon","datum","nexus","forge","sentinel","atlas"],"runningAgents":["pixel"],"failedAgents":[],"progress":66}
[HEARTBEAT] 2026-01-27T11:14:28.602Z {"buildId":"olympus-dashboard-1769511982981","status":"running","currentPhase":"frontend","currentAgent":"pixel","completedAgents":["oracle","empathy","venture","strategos","scope","psyche","scribe","architect_conversion","conversion_judge","palette","grid","blocks","cartographer","flow","artist","archon","datum","nexus","forge","sentinel","atlas"],"runningAgents":["pixel"],"failedAgents":[],"progress":66}
[HEARTBEAT] 2026-01-27T11:14:33.602Z {"buildId":"olympus-dashboard-1769511982981","status":"running","currentPhase":"frontend","currentAgent":"pixel","completedAgents":["oracle","empathy","venture","strategos","scope","psyche","scribe","architect_conversion","conversion_judge","palette","grid","blocks","cartographer","flow","artist","archon","datum","nexus","forge","sentinel","atlas"],"runningAgents":["pixel"],"failedAgents":[],"progress":66}
[HEARTBEAT] 2026-01-27T11:14:38.615Z {"buildId":"olympus-dashboard-1769511982981","status":"running","currentPhase":"frontend","currentAgent":"pixel","completedAgents":["oracle","empathy","venture","strategos","scope","psyche","scribe","architect_conversion","conversion_judge","palette","grid","blocks","cartographer","flow","artist","archon","datum","nexus","forge","sentinel","atlas"],"runningAgents":["pixel"],"failedAgents":[],"progress":66}
[Executor] AI execution succeeded: 23815 tokens, provider=openai
[Executor] Response content type: string, length: 10527
[Executor] Parsing response: {
  "files": [
    {
      "path": "src/app/console/layout.tsx",
      "language": "typescript",
   ...
[Parser] ===== PARSING pixel =====
[Parser] Raw content length: 10527
[Parser] Raw content start: {
  "files": [
    {
      "path": "src/app/console/layout.tsx",
      "language": "typescript",
      "content": "import React from 'react';\nimport { cn } from '@/lib/utils';\n\nexport default funct...
[Parser] Raw content LAST 200 chars: ...acing": true,
    "all_states_handled": true,
    "typescript_strict": true,
    "accessibility_complete": true,
    "motion_included": true,
    "responsive": true,
    "error_boundaries": true
  }
}
[Parser] Found raw JSON via regex, extracted length: 10527
[Parser] Extracted JSON LAST 200 chars: ...acing": true,
    "all_states_handled": true,
    "typescript_strict": true,
    "accessibility_complete": true,
    "motion_included": true,
    "responsive": true,
    "error_boundaries": true
  }
}
[Parser] Extracted JSON length: 10527
[Parser] Extracted JSON start: {
  "files": [
    {
      "path": "src/app/console/layout.tsx",
      "language": "typescript",
      "content": "import React from 'react';\nimport { cn } from '@/lib/utils';\n\nexport default funct...
[Parser] JSON.parse SUCCESS for pixel
[Parser] Agent pixel: parsed.files exists = true, isArray = true, length = 13
[Parser] Agent pixel: Processing 13 files
[Parser] File: src/app/console/layout.tsx, type=code, hasContent=true, contentLength=454
[Parser] File: src/app/console/page.tsx, type=code, hasContent=true, contentLength=585
[Parser] File: src/app/console/builds/[buildId]/page.tsx, type=code, hasContent=true, contentLength=745
[Parser] File: src/components/BuildList.tsx, type=code, hasContent=true, contentLength=822
[Parser] File: src/components/PhaseProgression.tsx, type=code, hasContent=true, contentLength=638
[Parser] File: src/components/AgentRoster.tsx, type=code, hasContent=true, contentLength=685
[Parser] File: src/components/ConstitutionalStatus.tsx, type=code, hasContent=true, contentLength=1116
[Parser] File: src/components/UnderstandingPanel.tsx, type=code, hasContent=true, contentLength=739
[Parser] File: src/components/ContextualChat.tsx, type=code, hasContent=true, contentLength=841
[Parser] File: src/hooks/useBuilds.ts, type=code, hasContent=true, contentLength=339
[Parser] File: src/hooks/useBuildDetails.ts, type=code, hasContent=true, contentLength=394
[Parser] File: src/hooks/useAgents.ts, type=code, hasContent=true, contentLength=342
[Parser] File: src/lib/utils.ts, type=code, hasContent=true, contentLength=88
[Parser] Agent pixel: Added 13 file artifacts
[Executor] Parsed successfully: artifacts=14, status=completed
Agent pixel validation issues: 12 error(s): Missing required field: v2_features; Page has only 18 lines - minimum is 80 per PIXEL agent rules; Page has only 23 lines - minimum is 80 per PIXEL agent rules; Code too simple for Layout Component (33%); Code too simple for Generic Code (50%); Code too simple for Detail Page (14%); Code too simple for List/Table Page (14%); Code too simple for List/Table Page (14%); Code too simple for List/Table Page (14%); Code too simple for List/Table Page (14%); Code too simple for UI Component (50%); Code too simple for UI Component (0%) | 11 warning(s): Page missing essential structure: Loading State, Error State, Empty State, Real Handler; Page only uses 1 unique components: ContextualChat; Component "BuildList" state coverage: 25% (missing: hover, focus, disabled); Component "PhaseProgression" state coverage: 0% (missing: hover, focus, disabled, loading); Component "AgentRoster" state coverage: 25% (missing: hover, focus, disabled); Component "ConstitutionalStatus" state coverage: 0% (missing: hover, focus, disabled, loading); Component "UnderstandingPanel" state coverage: 0% (missing: hover, focus, disabled, loading); Code contains console.log statements; Component "ContextualChat" state coverage: 0% (missing: hover, focus, disabled, loading); No design tokens from PALETTE used; No design tokens from PALETTE used
[EXECUTOR] 2026-01-27T11:14:39.987Z - executor.execute() RETURNED for pixel in 36926ms {"success":true,"hasOutput":true,"errorMessage":null,"artifactCount":14}
[QualityOrchestrator] Running quality gates for build olympus-dashboard-1769511982981
[QualityOrchestrator] Files to check: 13
[QualityOrchestrator] Running gate: typescript
[QualityOrchestrator] typescript: ✅ PASSED (17 issues)
[QualityOrchestrator] Running gate: eslint
[QualityOrchestrator] eslint: ✅ PASSED (3 issues)
[QualityOrchestrator] Running gate: security
[QualityOrchestrator] security: ✅ PASSED (0 issues)
[QualityOrchestrator] Running gate: links
[QualityOrchestrator] links: ✅ PASSED (0 issues)
[QualityOrchestrator] Running gate: build
[QualityOrchestrator] build: ✅ PASSED (8 issues)
[QualityOrchestrator] Quality check complete: passed (score: 97, threshold: 70, stopOnFailure: false)
[Orchestrator] Agent pixel - Quality Score: 97/100 (min: 60)
[Orchestrator] Agent pixel - Quality PASSED on iteration 1
[Orchestrator] ARCHITECTURE VALIDATION PASSED for pixel (score: 100)
[Orchestrator] Agent pixel - Architecture validation PASSED (score: 100)
[JSON] Parse failed in critical-summarizer:nexusDecisions: SyntaxError: Expected property name or '}' in JSON at position 759 (line 26 column 13)
    at JSON.parse (<anonymous>)
    at safeJsonParse (C:\Users\SBS\Desktop\New folder (4)\vito\src\lib\utils\safe-json.ts:23:17)
    at extractNexusDecisions (C:\Users\SBS\Desktop\New folder (4)\vito\src\lib\agents\coordination\critical-summarizer.ts:319:18)
    at buildCriticalDecisions (C:\Users\SBS\Desktop\New folder (4)\vito\src\lib\agents\coordination\critical-summarizer.ts:452:29)
    at BuildOrchestrator.finalizeAgentSuccess (C:\Users\SBS\Desktop\New folder (4)\vito\src\lib\agents\orchestrator\orchestrator.ts:1730:33)
    at BuildOrchestrator.executeAgentWithFeedback (C:\Users\SBS\Desktop\New folder (4)\vito\src\lib\agents\orchestrator\orchestrator.ts:1481:23)
    at process.processTicksAndRejections (node:internal/process/task_queues:103:5)
    at async BuildOrchestrator.executeAgent (C:\Users\SBS\Desktop\New folder (4)\vito\src\lib\agents\orchestrator\orchestrator.ts:1234:22)
    at async Promise.all (index 0)
    at async BuildOrchestrator.executePhase (C:\Users\SBS\Desktop\New folder (4)\vito\src\lib\agents\orchestrator\orchestrator.ts:1060:26)
[JSON] Content preview: {
  "openapi": "3.0.3",
  "info": {
    "title": "OLYMPUS Builder Dashboard API",
    "version": "1.0.0",
    "description": "API documentation for the OLYMPUS Builder Dashboard"
  },
  "servers": [
 ...
[50X GATE] pixel passed all constraint checks ✅
[PERSISTENCE] Database connection failed for critical decisions: Error: Missing SUPABASE_SERVICE_ROLE_KEY
    at createServiceRoleClient (C:\Users\SBS\Desktop\New folder (4)\vito\src\lib\auth\clients\admin.ts:20:11)
    at saveCriticalDecisions (C:\Users\SBS\Desktop\New folder (4)\vito\src\lib\agents\context\persistence.ts:189:22)
    at BuildContextManager.persistCriticalDecisions (C:\Users\SBS\Desktop\New folder (4)\vito\src\lib\agents\context\manager.ts:204:5)
    at BuildContextManager.updateCriticalDecisions (C:\Users\SBS\Desktop\New folder (4)\vito\src\lib\agents\context\manager.ts:169:10)
    at BuildContextManager.recordOutput (C:\Users\SBS\Desktop\New folder (4)\vito\src\lib\agents\context\manager.ts:147:10)
    at BuildOrchestrator.finalizeAgentSuccess (C:\Users\SBS\Desktop\New folder (4)\vito\src\lib\agents\orchestrator\orchestrator.ts:1779:18)
    at BuildOrchestrator.executeAgentWithFeedback (C:\Users\SBS\Desktop\New folder (4)\vito\src\lib\agents\orchestrator\orchestrator.ts:1481:23)
    at process.processTicksAndRejections (node:internal/process/task_queues:103:5)
    at async BuildOrchestrator.executeAgent (C:\Users\SBS\Desktop\New folder (4)\vito\src\lib\agents\orchestrator\orchestrator.ts:1234:22)
    at async Promise.all (index 0)
[PERSISTENCE] Database connection failed (non-fatal): Error: Missing SUPABASE_SERVICE_ROLE_KEY
    at createServiceRoleClient (C:\Users\SBS\Desktop\New folder (4)\vito\src\lib\auth\clients\admin.ts:20:11)
    at saveAgentOutput (C:\Users\SBS\Desktop\New folder (4)\vito\src\lib\agents\context\persistence.ts:74:22)
    at BuildOrchestrator.finalizeAgentSuccess (C:\Users\SBS\Desktop\New folder (4)\vito\src\lib\agents\orchestrator\orchestrator.ts:1780:11)
    at BuildOrchestrator.executeAgentWithFeedback (C:\Users\SBS\Desktop\New folder (4)\vito\src\lib\agents\orchestrator\orchestrator.ts:1481:23)
    at process.processTicksAndRejections (node:internal/process/task_queues:103:5)
    at async BuildOrchestrator.executeAgent (C:\Users\SBS\Desktop\New folder (4)\vito\src\lib\agents\orchestrator\orchestrator.ts:1234:22)
    at async Promise.all (index 0)
    at async BuildOrchestrator.executePhase (C:\Users\SBS\Desktop\New folder (4)\vito\src\lib\agents\orchestrator\orchestrator.ts:1060:26)
    at async BuildOrchestrator.start (C:\Users\SBS\Desktop\New folder (4)\vito\src\lib\agents\orchestrator\orchestrator.ts:658:29)
    at async runBuild (C:\Users\SBS\Desktop\New folder (4)\vito\scripts\build-olympus-dashboard.ts:189:18)
    → Agent pixel: completed (14 artifacts)
[AGENT_CALL] 2026-01-27T11:14:39.995Z - COMPLETED: pixel in 36940ms, success=true
  [69%] Phase: frontend | Agents: none
[AGENT_CALL] 2026-01-27T11:14:39.996Z - ENTERING: executeAgent(wire)
[AGENT_CALL] 2026-01-27T11:14:39.996Z - CALLING: wire (phase: frontend)
[Orchestrator] WIRE: Found 6 Pixel components to wire
[Orchestrator] WIRE REQUIREMENTS:
  [critical] src/app/layout.tsx (from scope)
  [critical] src/app/page.tsx (from scope)
[Orchestrator] WIRE-AS-EMITTER: Found 2 required pages/components
[Orchestrator] WIRE ATTEMPT 1/2: 2 requirements
[JSON] Parse failed in critical-summarizer:nexusDecisions: SyntaxError: Expected property name or '}' in JSON at position 759 (line 26 column 13)
    at JSON.parse (<anonymous>)
    at safeJsonParse (C:\Users\SBS\Desktop\New folder (4)\vito\src\lib\utils\safe-json.ts:23:17)
    at extractNexusDecisions (C:\Users\SBS\Desktop\New folder (4)\vito\src\lib\agents\coordination\critical-summarizer.ts:319:18)
    at buildCriticalDecisions (C:\Users\SBS\Desktop\New folder (4)\vito\src\lib\agents\coordination\critical-summarizer.ts:452:29)
    at prepareAgentWithConstraints (C:\Users\SBS\Desktop\New folder (4)\vito\src\lib\agents\coordination\index.ts:122:29)
    at BuildOrchestrator.executeWireWithCoverage (C:\Users\SBS\Desktop\New folder (4)\vito\src\lib\agents\orchestrator\orchestrator.ts:2466:40)
    at BuildOrchestrator.executeAgentWithFeedback (C:\Users\SBS\Desktop\New folder (4)\vito\src\lib\agents\orchestrator\orchestrator.ts:1337:21)
    at BuildOrchestrator.executeAgent (C:\Users\SBS\Desktop\New folder (4)\vito\src\lib\agents\orchestrator\orchestrator.ts:1235:14)
    at <anonymous> (C:\Users\SBS\Desktop\New folder (4)\vito\src\lib\agents\orchestrator\orchestrator.ts:1053:59)
    at Array.map (<anonymous>)
[JSON] Content preview: {
  "openapi": "3.0.3",
  "info": {
    "title": "OLYMPUS Builder Dashboard API",
    "version": "1.0.0",
    "description": "API documentation for the OLYMPUS Builder Dashboard"
  },
  "servers": [
 ...
[Executor] Dependency flow was skipped (tier_degradation). Agent wire will use fallback behavior.
[PERSISTENCE] ✓ CriticalDecisions saved to file: C:\Users\SBS\Desktop\New folder (4)\vito\.olympus\decisions\olympus-dashboard-1769511982981.json
Anthropic completion failed after 508ms: NotFoundError: 404 {"type":"error","error":{"type":"not_found_error","message":"model: claude-3-5-sonnet-20241022"},"request_id":"req_011CXXnXwmcCzEgcwfD6QfCr"}
    at APIError.generate (C:\Users\SBS\Desktop\New folder (4)\vito\node_modules\@anthropic-ai\sdk\src\core\error.ts:75:14)
    at Anthropic.makeStatusError (C:\Users\SBS\Desktop\New folder (4)\vito\node_modules\@anthropic-ai\sdk\src\client.ts:443:28)
    at Anthropic.makeRequest (C:\Users\SBS\Desktop\New folder (4)\vito\node_modules\@anthropic-ai\sdk\src\client.ts:678:24)
    at process.processTicksAndRejections (node:internal/process/task_queues:103:5)
    at async AnthropicProvider.complete (C:\Users\SBS\Desktop\New folder (4)\vito\src\lib\agents\providers\anthropic.ts:200:24)
    at async AIRouter.execute (C:\Users\SBS\Desktop\New folder (4)\vito\src\lib\agents\providers\router.ts:248:26)
    at async AgentExecutor.executeCompletion (C:\Users\SBS\Desktop\New folder (4)\vito\src\lib\agents\executor\executor.ts:152:20)
    at async RetryHandler.executeWithRetry (C:\Users\SBS\Desktop\New folder (4)\vito\src\lib\agents\executor\retry.ts:63:24)
    at async AgentExecutor.execute (C:\Users\SBS\Desktop\New folder (4)\vito\src\lib\agents\executor\executor.ts:95:22)
    at async BuildOrchestrator.executeWireWithCoverage (C:\Users\SBS\Desktop\New folder (4)\vito\src\lib\agents\orchestrator\orchestrator.ts:2475:22) {
  status: 404,
  headers: Headers {
    date: 'Tue, 27 Jan 2026 11:14:40 GMT',
    'content-type': 'application/json',
    'transfer-encoding': 'chunked',
    connection: 'keep-alive',
    'x-should-retry': 'false',
    'request-id': 'req_011CXXnXwmcCzEgcwfD6QfCr',
    'strict-transport-security': 'max-age=31536000; includeSubDomains; preload',
    'anthropic-organization-id': 'd06567ef-3469-4f53-ac13-52b8fe9f18b6',
    server: 'cloudflare',
    'x-envoy-upstream-service-time': '56',
    'cf-cache-status': 'DYNAMIC',
    'x-robots-tag': 'none',
    'content-encoding': 'gzip',
    'cf-ray': '9c47d3ea58255915-MXP'
  },
  requestID: 'req_011CXXnXwmcCzEgcwfD6QfCr',
  error: {
    type: 'error',
    error: {
      type: 'not_found_error',
      message: 'model: claude-3-5-sonnet-20241022'
    },
    request_id: 'req_011CXXnXwmcCzEgcwfD6QfCr'
  }
}
Primary provider anthropic failed: 404 {"type":"error","error":{"type":"not_found_error","message":"model: claude-3-5-sonnet-20241022"},"request_id":"req_011CXXnXwmcCzEgcwfD6QfCr"}
[AIRouter] Checking fallback: enabled=true, fallbackProvider=openai
[AIRouter] Fallback provider found: true, providers keys: anthropic, openai, groq
[AIRouter] Attempting fallback to openai with model gpt-4o
[AIRouter] Calling openai.complete()...
[HEARTBEAT] 2026-01-27T11:14:43.625Z {"buildId":"olympus-dashboard-1769511982981","status":"running","currentPhase":"frontend","currentAgent":"wire","completedAgents":["oracle","empathy","venture","strategos","scope","psyche","scribe","architect_conversion","conversion_judge","palette","grid","blocks","cartographer","flow","artist","archon","datum","nexus","forge","sentinel","atlas","pixel"],"runningAgents":["wire"],"failedAgents":[],"progress":69}
[HEARTBEAT] 2026-01-27T11:14:48.629Z {"buildId":"olympus-dashboard-1769511982981","status":"running","currentPhase":"frontend","currentAgent":"wire","completedAgents":["oracle","empathy","venture","strategos","scope","psyche","scribe","architect_conversion","conversion_judge","palette","grid","blocks","cartographer","flow","artist","archon","datum","nexus","forge","sentinel","atlas","pixel"],"runningAgents":["wire"],"failedAgents":[],"progress":69}
[HEARTBEAT] 2026-01-27T11:14:53.634Z {"buildId":"olympus-dashboard-1769511982981","status":"running","currentPhase":"frontend","currentAgent":"wire","completedAgents":["oracle","empathy","venture","strategos","scope","psyche","scribe","architect_conversion","conversion_judge","palette","grid","blocks","cartographer","flow","artist","archon","datum","nexus","forge","sentinel","atlas","pixel"],"runningAgents":["wire"],"failedAgents":[],"progress":69}
[HEARTBEAT] 2026-01-27T11:14:58.642Z {"buildId":"olympus-dashboard-1769511982981","status":"running","currentPhase":"frontend","currentAgent":"wire","completedAgents":["oracle","empathy","venture","strategos","scope","psyche","scribe","architect_conversion","conversion_judge","palette","grid","blocks","cartographer","flow","artist","archon","datum","nexus","forge","sentinel","atlas","pixel"],"runningAgents":["wire"],"failedAgents":[],"progress":69}
[HEARTBEAT] 2026-01-27T11:15:03.648Z {"buildId":"olympus-dashboard-1769511982981","status":"running","currentPhase":"frontend","currentAgent":"wire","completedAgents":["oracle","empathy","venture","strategos","scope","psyche","scribe","architect_conversion","conversion_judge","palette","grid","blocks","cartographer","flow","artist","archon","datum","nexus","forge","sentinel","atlas","pixel"],"runningAgents":["wire"],"failedAgents":[],"progress":69}
[AIRouter] Fallback openai succeeded! Tokens: 14972
[Executor] AI execution succeeded: 14972 tokens, provider=anthropic,openai
[Executor] Response content type: string, length: 8632
[Executor] Parsing response: {
  "files": [
    {
      "path": "src/app/console/layout.tsx",
      "content": "'use client';\n\n...
[Parser] ===== PARSING wire =====
[Parser] Raw content length: 8632
[Parser] Raw content start: {
  "files": [
    {
      "path": "src/app/console/layout.tsx",
      "content": "'use client';\n\nimport { Sidebar } from './components/Sidebar';\nimport { Header } from './components/Header';\n\nex...
[Parser] Raw content LAST 200 chars: ... Error ? err.message : 'An error occurred');\n      } finally {\n        setIsLoading(false);\n      }\n    }\n    fetchBuilds();\n  }, []);\n\n  return { builds, isLoading, error };\n}\n"
    }
  ]
}
[Parser] Found raw JSON via regex, extracted length: 8632
[Parser] Extracted JSON LAST 200 chars: ... Error ? err.message : 'An error occurred');\n      } finally {\n        setIsLoading(false);\n      }\n    }\n    fetchBuilds();\n  }, []);\n\n  return { builds, isLoading, error };\n}\n"
    }
  ]
}
[Parser] Extracted JSON length: 8632
[Parser] Extracted JSON start: {
  "files": [
    {
      "path": "src/app/console/layout.tsx",
      "content": "'use client';\n\nimport { Sidebar } from './components/Sidebar';\nimport { Header } from './components/Header';\n\nex...
[Parser] JSON.parse SUCCESS for wire
[Parser] Agent wire: parsed.files exists = true, isArray = true, length = 10
[Parser] Agent wire: Processing 10 files
[Parser] File: src/app/console/layout.tsx, type=code, hasContent=true, contentLength=828
[Parser] File: src/app/console/page.tsx, type=code, hasContent=true, contentLength=659
[Parser] File: src/app/console/builds/[buildId]/page.tsx, type=code, hasContent=true, contentLength=1008
[Parser] File: src/app/console/components/BuildList.tsx, type=code, hasContent=true, contentLength=1130
[Parser] File: src/app/console/components/PhaseProgression.tsx, type=code, hasContent=true, contentLength=695
[Parser] File: src/app/console/components/AgentRoster.tsx, type=code, hasContent=true, contentLength=595
[Parser] File: src/app/console/components/ConstitutionalStatus.tsx, type=code, hasContent=true, contentLength=665
[Parser] File: src/app/console/components/UnderstandingPanel.tsx, type=code, hasContent=true, contentLength=817
[Parser] File: src/app/console/components/ContextualChat.tsx, type=code, hasContent=true, contentLength=334
[Parser] File: src/hooks/useBuilds.ts, type=code, hasContent=true, contentLength=692
[Parser] Agent wire: Added 10 file artifacts
[Executor] Parsed successfully: artifacts=11, status=completed
Agent wire validation issues: 15 error(s): Missing required field: pages; Missing required field: layouts; Missing required field: shared_components; Missing required field: quality_checklist; Page has only 22 lines - minimum is 80 per PIXEL agent rules; Page has only 33 lines - minimum is 80 per PIXEL agent rules; Code too simple for Layout Component (33%); Code too simple for Generic Code (50%); Code too simple for Detail Page (29%); Code too simple for List/Table Page (29%); Code too simple for List/Table Page (14%); Code too simple for List/Table Page (14%); Code too simple for List/Table Page (14%); Code too simple for List/Table Page (14%); Code too simple for List/Table Page (14%) | 16 warning(s): Page missing essential structure: Loading State, Error State, Empty State, Real Handler; Page only uses 1 unique components: BuildDetail; Component "BuildList" state coverage: 25% (missing: hover, focus, disabled); Component "PhaseProgression" state coverage: 0% (missing: hover, focus, disabled, loading); Component "AgentRoster" state coverage: 0% (missing: hover, focus, disabled, loading); Component "ConstitutionalStatus" state coverage: 0% (missing: hover, focus, disabled, loading); Component "UnderstandingPanel" state coverage: 0% (missing: hover, focus, disabled, loading); Component "ContextualChat" state coverage: 0% (missing: hover, focus, disabled, loading); No design tokens from PALETTE used; No design tokens from PALETTE used; No design tokens from PALETTE used; No design tokens from PALETTE used; No design tokens from PALETTE used; No design tokens from PALETTE used; No design tokens from PALETTE used; No design tokens from PALETTE used
[Orchestrator] WIRE ATTEMPT 1: Generated 10 files
[Orchestrator] WIRE COVERAGE: 100% (2/2)
[Orchestrator] WIRE: Full coverage achieved on attempt 1
[Orchestrator] WIRE PLANNER v1: SUCCESS
  Files: 10/2
  Coverage: 100%
  Missing: 0 critical, 0 important, 0 optional
  Attempts: 1
  Duration: 24s
[JSON] Parse failed in critical-summarizer:nexusDecisions: SyntaxError: Expected property name or '}' in JSON at position 759 (line 26 column 13)
    at JSON.parse (<anonymous>)
    at safeJsonParse (C:\Users\SBS\Desktop\New folder (4)\vito\src\lib\utils\safe-json.ts:23:17)
    at extractNexusDecisions (C:\Users\SBS\Desktop\New folder (4)\vito\src\lib\agents\coordination\critical-summarizer.ts:319:18)
    at buildCriticalDecisions (C:\Users\SBS\Desktop\New folder (4)\vito\src\lib\agents\coordination\critical-summarizer.ts:452:29)
    at BuildOrchestrator.finalizeAgentSuccess (C:\Users\SBS\Desktop\New folder (4)\vito\src\lib\agents\orchestrator\orchestrator.ts:1730:33)
    at BuildOrchestrator.executeWireWithCoverage (C:\Users\SBS\Desktop\New folder (4)\vito\src\lib\agents\orchestrator\orchestrator.ts:2617:17)
    at process.processTicksAndRejections (node:internal/process/task_queues:103:5)
    at async BuildOrchestrator.executeAgent (C:\Users\SBS\Desktop\New folder (4)\vito\src\lib\agents\orchestrator\orchestrator.ts:1234:22)
    at async Promise.all (index 0)
    at async BuildOrchestrator.executePhase (C:\Users\SBS\Desktop\New folder (4)\vito\src\lib\agents\orchestrator\orchestrator.ts:1060:26)
[JSON] Content preview: {
  "openapi": "3.0.3",
  "info": {
    "title": "OLYMPUS Builder Dashboard API",
    "version": "1.0.0",
    "description": "API documentation for the OLYMPUS Builder Dashboard"
  },
  "servers": [
 ...
[50X GATE] wire passed all constraint checks ✅
[PERSISTENCE] Database connection failed for critical decisions: Error: Missing SUPABASE_SERVICE_ROLE_KEY
    at createServiceRoleClient (C:\Users\SBS\Desktop\New folder (4)\vito\src\lib\auth\clients\admin.ts:20:11)
    at saveCriticalDecisions (C:\Users\SBS\Desktop\New folder (4)\vito\src\lib\agents\context\persistence.ts:189:22)
    at BuildContextManager.persistCriticalDecisions (C:\Users\SBS\Desktop\New folder (4)\vito\src\lib\agents\context\manager.ts:204:5)
    at BuildContextManager.updateCriticalDecisions (C:\Users\SBS\Desktop\New folder (4)\vito\src\lib\agents\context\manager.ts:169:10)
    at BuildContextManager.recordOutput (C:\Users\SBS\Desktop\New folder (4)\vito\src\lib\agents\context\manager.ts:147:10)
    at BuildOrchestrator.finalizeAgentSuccess (C:\Users\SBS\Desktop\New folder (4)\vito\src\lib\agents\orchestrator\orchestrator.ts:1779:18)
    at BuildOrchestrator.executeWireWithCoverage (C:\Users\SBS\Desktop\New folder (4)\vito\src\lib\agents\orchestrator\orchestrator.ts:2617:17)
    at process.processTicksAndRejections (node:internal/process/task_queues:103:5)
    at async BuildOrchestrator.executeAgent (C:\Users\SBS\Desktop\New folder (4)\vito\src\lib\agents\orchestrator\orchestrator.ts:1234:22)
    at async Promise.all (index 0)
[PERSISTENCE] Database connection failed (non-fatal): Error: Missing SUPABASE_SERVICE_ROLE_KEY
    at createServiceRoleClient (C:\Users\SBS\Desktop\New folder (4)\vito\src\lib\auth\clients\admin.ts:20:11)
    at saveAgentOutput (C:\Users\SBS\Desktop\New folder (4)\vito\src\lib\agents\context\persistence.ts:74:22)
    at BuildOrchestrator.finalizeAgentSuccess (C:\Users\SBS\Desktop\New folder (4)\vito\src\lib\agents\orchestrator\orchestrator.ts:1780:11)
    at BuildOrchestrator.executeWireWithCoverage (C:\Users\SBS\Desktop\New folder (4)\vito\src\lib\agents\orchestrator\orchestrator.ts:2617:17)
    at process.processTicksAndRejections (node:internal/process/task_queues:103:5)
    at async BuildOrchestrator.executeAgent (C:\Users\SBS\Desktop\New folder (4)\vito\src\lib\agents\orchestrator\orchestrator.ts:1234:22)
    at async Promise.all (index 0)
    at async BuildOrchestrator.executePhase (C:\Users\SBS\Desktop\New folder (4)\vito\src\lib\agents\orchestrator\orchestrator.ts:1060:26)
    at async BuildOrchestrator.start (C:\Users\SBS\Desktop\New folder (4)\vito\src\lib\agents\orchestrator\orchestrator.ts:658:29)
    at async runBuild (C:\Users\SBS\Desktop\New folder (4)\vito\scripts\build-olympus-dashboard.ts:189:18)
    → Agent wire: completed (12 artifacts)
[AGENT_CALL] 2026-01-27T11:15:03.987Z - COMPLETED: wire in 23991ms, success=true
  [72%] Phase: frontend | Agents: none
[AGENT_CALL] 2026-01-27T11:15:03.988Z - ENTERING: executeAgent(polish)
[AGENT_CALL] 2026-01-27T11:15:03.988Z - CALLING: polish (phase: frontend)
[Orchestrator] Agent polish - Iteration 1/3
[JSON] Parse failed in critical-summarizer:nexusDecisions: SyntaxError: Expected property name or '}' in JSON at position 759 (line 26 column 13)
    at JSON.parse (<anonymous>)
    at safeJsonParse (C:\Users\SBS\Desktop\New folder (4)\vito\src\lib\utils\safe-json.ts:23:17)
    at extractNexusDecisions (C:\Users\SBS\Desktop\New folder (4)\vito\src\lib\agents\coordination\critical-summarizer.ts:319:18)
    at buildCriticalDecisions (C:\Users\SBS\Desktop\New folder (4)\vito\src\lib\agents\coordination\critical-summarizer.ts:452:29)
    at prepareAgentWithConstraints (C:\Users\SBS\Desktop\New folder (4)\vito\src\lib\agents\coordination\index.ts:122:29)
    at BuildOrchestrator.executeAgentWithFeedback (C:\Users\SBS\Desktop\New folder (4)\vito\src\lib\agents\orchestrator\orchestrator.ts:1374:73)
    at BuildOrchestrator.executeAgent (C:\Users\SBS\Desktop\New folder (4)\vito\src\lib\agents\orchestrator\orchestrator.ts:1235:14)
    at <anonymous> (C:\Users\SBS\Desktop\New folder (4)\vito\src\lib\agents\orchestrator\orchestrator.ts:1053:59)
    at Array.map (<anonymous>)
    at BuildOrchestrator.executePhase (C:\Users\SBS\Desktop\New folder (4)\vito\src\lib\agents\orchestrator\orchestrator.ts:1053:37)
[JSON] Content preview: {
  "openapi": "3.0.3",
  "info": {
    "title": "OLYMPUS Builder Dashboard API",
    "version": "1.0.0",
    "description": "API documentation for the OLYMPUS Builder Dashboard"
  },
  "servers": [
 ...
[50X COORDINATION] polish: Injected 818 tokens of upstream constraints
[EXECUTOR] 2026-01-27T11:15:03.989Z - Creating executor for polish, iteration 1
[EXECUTOR] 2026-01-27T11:15:03.989Z - CALLING executor.execute() for polish
[PERSISTENCE] ✓ CriticalDecisions saved to file: C:\Users\SBS\Desktop\New folder (4)\vito\.olympus\decisions\olympus-dashboard-1769511982981.json
[HEARTBEAT] 2026-01-27T11:15:08.663Z {"buildId":"olympus-dashboard-1769511982981","status":"running","currentPhase":"frontend","currentAgent":"polish","completedAgents":["oracle","empathy","venture","strategos","scope","psyche","scribe","architect_conversion","conversion_judge","palette","grid","blocks","cartographer","flow","artist","archon","datum","nexus","forge","sentinel","atlas","pixel","wire"],"runningAgents":["polish"],"failedAgents":[],"progress":72}
[Executor] AI execution succeeded: 6498 tokens, provider=openai
[Executor] Response content type: string, length: 2236
[Executor] Parsing response: ```json
{
  "audit_results": {
    "total_issues": 10,
    "critical": 3,
    "warnings": 5,
    "su...
[Parser] ===== PARSING polish =====
[Parser] Raw content length: 2236
[Parser] Raw content start: ```json
{
  "audit_results": {
    "total_issues": 10,
    "critical": 3,
    "warnings": 5,
    "suggestions": 2
  },
  "issues": [
    {
      "severity": "critical",
      "category": "consistency"...
[Parser] Raw content LAST 200 chars: ... ],
  "quality_score": {
    "consistency": 9,
    "accessibility": 9,
    "performance": 8,
    "states": 9,
    "responsive": 10,
    "motion": 9,
    "claude_rules": 9,
    "overall": 9.0
  }
}
```
[Parser] Found code block, extracted length: 2225
[Parser] Extracted JSON length: 2224
[Parser] Extracted JSON start: {
  "audit_results": {
    "total_issues": 10,
    "critical": 3,
    "warnings": 5,
    "suggestions": 2
  },
  "issues": [
    {
      "severity": "critical",
      "category": "consistency",
      ...
[Parser] JSON.parse SUCCESS for polish
[Parser] Agent polish: parsed.files exists = false, isArray = false, length = 0
[Executor] Parsed successfully: artifacts=1, status=completed
[EXECUTOR] 2026-01-27T11:15:12.414Z - executor.execute() RETURNED for polish in 8425ms {"success":true,"hasOutput":true,"errorMessage":null,"artifactCount":1}
[Orchestrator] Agent polish - Quality Score: 100/100 (min: 60)
[Orchestrator] Agent polish - Quality PASSED on iteration 1
[PERSISTENCE] Database connection failed for critical decisions: Error: Missing SUPABASE_SERVICE_ROLE_KEY
    at createServiceRoleClient (C:\Users\SBS\Desktop\New folder (4)\vito\src\lib\auth\clients\admin.ts:20:11)
    at saveCriticalDecisions (C:\Users\SBS\Desktop\New folder (4)\vito\src\lib\agents\context\persistence.ts:189:22)
    at BuildContextManager.persistCriticalDecisions (C:\Users\SBS\Desktop\New folder (4)\vito\src\lib\agents\context\manager.ts:204:5)
    at BuildContextManager.updateCriticalDecisions (C:\Users\SBS\Desktop\New folder (4)\vito\src\lib\agents\context\manager.ts:169:10)
    at BuildContextManager.recordOutput (C:\Users\SBS\Desktop\New folder (4)\vito\src\lib\agents\context\manager.ts:147:10)
    at BuildOrchestrator.finalizeAgentSuccess (C:\Users\SBS\Desktop\New folder (4)\vito\src\lib\agents\orchestrator\orchestrator.ts:1779:18)
    at BuildOrchestrator.executeAgentWithFeedback (C:\Users\SBS\Desktop\New folder (4)\vito\src\lib\agents\orchestrator\orchestrator.ts:1481:23)
    at process.processTicksAndRejections (node:internal/process/task_queues:103:5)
    at async BuildOrchestrator.executeAgent (C:\Users\SBS\Desktop\New folder (4)\vito\src\lib\agents\orchestrator\orchestrator.ts:1234:22)
    at async Promise.all (index 0)
[PERSISTENCE] Database connection failed (non-fatal): Error: Missing SUPABASE_SERVICE_ROLE_KEY
    at createServiceRoleClient (C:\Users\SBS\Desktop\New folder (4)\vito\src\lib\auth\clients\admin.ts:20:11)
    at saveAgentOutput (C:\Users\SBS\Desktop\New folder (4)\vito\src\lib\agents\context\persistence.ts:74:22)
    at BuildOrchestrator.finalizeAgentSuccess (C:\Users\SBS\Desktop\New folder (4)\vito\src\lib\agents\orchestrator\orchestrator.ts:1780:11)
    at BuildOrchestrator.executeAgentWithFeedback (C:\Users\SBS\Desktop\New folder (4)\vito\src\lib\agents\orchestrator\orchestrator.ts:1481:23)
    at process.processTicksAndRejections (node:internal/process/task_queues:103:5)
    at async BuildOrchestrator.executeAgent (C:\Users\SBS\Desktop\New folder (4)\vito\src\lib\agents\orchestrator\orchestrator.ts:1234:22)
    at async Promise.all (index 0)
    at async BuildOrchestrator.executePhase (C:\Users\SBS\Desktop\New folder (4)\vito\src\lib\agents\orchestrator\orchestrator.ts:1060:26)
    at async BuildOrchestrator.start (C:\Users\SBS\Desktop\New folder (4)\vito\src\lib\agents\orchestrator\orchestrator.ts:658:29)
    at async runBuild (C:\Users\SBS\Desktop\New folder (4)\vito\scripts\build-olympus-dashboard.ts:189:18)
    → Agent polish: completed (1 artifacts)
[AGENT_CALL] 2026-01-27T11:15:12.415Z - COMPLETED: polish in 8427ms, success=true
  [75%] Phase: frontend | Agents: none
[Scheduler] Phase frontend COMPLETE. Status: [{"agentId":"pixel","completed":true,"failed":false,"optional":false},{"agentId":"wire","completed":true,"failed":false,"optional":false},{"agentId":"polish","completed":true,"failed":false,"optional":false}]
  ✓ Phase frontend completed (completed)
[ORCH_PHASE] 2026-01-27T11:15:12.417Z - Phase frontend result: success=true, error=none
[Orchestrator] Running post-phase validation: Smoke tests
[SmokeTester] Starting dev server on port 3099...
(node:3356) [DEP0190] DeprecationWarning: Passing args to a child process with shell option true can lead to security vulnerabilities, as the arguments are not escaped, only concatenated.
(Use `node --trace-deprecation ...` to show where the warning was created)
[PERSISTENCE] ✓ CriticalDecisions saved to file: C:\Users\SBS\Desktop\New folder (4)\vito\.olympus\decisions\olympus-dashboard-1769511982981.json
[HEARTBEAT] 2026-01-27T11:15:13.663Z {"buildId":"olympus-dashboard-1769511982981","status":"running","currentPhase":"frontend","currentAgent":null,"completedAgents":["oracle","empathy","venture","strategos","scope","psyche","scribe","architect_conversion","conversion_judge","palette","grid","blocks","cartographer","flow","artist","archon","datum","nexus","forge","sentinel","atlas","pixel","wire","polish"],"runningAgents":[],"failedAgents":[],"progress":75}
[Orchestrator] Smoke test results: Quick smoke test passed
[Orchestrator] ✓ Phase frontend completed. Completed phases: discovery, conversion, design, architecture, frontend
[Orchestrator] ===== PHASE 6/7: backend =====
[Orchestrator] Phase agents (4): engine, gateway, keeper, cron
[ORCH_PHASE] 2026-01-27T11:15:17.907Z - ENTERING: executePhase(backend)
[ORCH_PHASE] 2026-01-27T11:15:17.907Z - Starting phase loop for backend
[ORCH_LOOP] 2026-01-27T11:15:17.907Z - Loop iteration 1 {"phase":"backend","nextAgents":["engine"],"runningAgents":[],"deadlockCounter":0,"isPhaseComplete":false}
[AGENT_CALL] 2026-01-27T11:15:17.907Z - ENTERING: executeAgent(engine)
[AGENT_CALL] 2026-01-27T11:15:17.907Z - CALLING: engine (phase: backend)
[Orchestrator] Agent engine - Iteration 1/3
[JSON] Parse failed in critical-summarizer:nexusDecisions: SyntaxError: Expected property name or '}' in JSON at position 759 (line 26 column 13)
    at JSON.parse (<anonymous>)
    at safeJsonParse (C:\Users\SBS\Desktop\New folder (4)\vito\src\lib\utils\safe-json.ts:23:17)
    at extractNexusDecisions (C:\Users\SBS\Desktop\New folder (4)\vito\src\lib\agents\coordination\critical-summarizer.ts:319:18)
    at buildCriticalDecisions (C:\Users\SBS\Desktop\New folder (4)\vito\src\lib\agents\coordination\critical-summarizer.ts:452:29)
    at prepareAgentWithConstraints (C:\Users\SBS\Desktop\New folder (4)\vito\src\lib\agents\coordination\index.ts:122:29)
    at BuildOrchestrator.executeAgentWithFeedback (C:\Users\SBS\Desktop\New folder (4)\vito\src\lib\agents\orchestrator\orchestrator.ts:1374:73)
    at BuildOrchestrator.executeAgent (C:\Users\SBS\Desktop\New folder (4)\vito\src\lib\agents\orchestrator\orchestrator.ts:1235:14)
    at <anonymous> (C:\Users\SBS\Desktop\New folder (4)\vito\src\lib\agents\orchestrator\orchestrator.ts:1053:59)
    at Array.map (<anonymous>)
    at BuildOrchestrator.executePhase (C:\Users\SBS\Desktop\New folder (4)\vito\src\lib\agents\orchestrator\orchestrator.ts:1053:37)
[JSON] Content preview: {
  "openapi": "3.0.3",
  "info": {
    "title": "OLYMPUS Builder Dashboard API",
    "version": "1.0.0",
    "description": "API documentation for the OLYMPUS Builder Dashboard"
  },
  "servers": [
 ...
[50X COORDINATION] engine: Injected 259 tokens of upstream constraints
[EXECUTOR] 2026-01-27T11:15:17.908Z - Creating executor for engine, iteration 1
[EXECUTOR] 2026-01-27T11:15:17.908Z - CALLING executor.execute() for engine
Anthropic completion failed after 409ms: NotFoundError: 404 {"type":"error","error":{"type":"not_found_error","message":"model: claude-3-5-sonnet-20241022"},"request_id":"req_011CXXnahjqhXhEWwU5dfwEb"}
    at APIError.generate (C:\Users\SBS\Desktop\New folder (4)\vito\node_modules\@anthropic-ai\sdk\src\core\error.ts:75:14)
    at Anthropic.makeStatusError (C:\Users\SBS\Desktop\New folder (4)\vito\node_modules\@anthropic-ai\sdk\src\client.ts:443:28)
    at Anthropic.makeRequest (C:\Users\SBS\Desktop\New folder (4)\vito\node_modules\@anthropic-ai\sdk\src\client.ts:678:24)
    at process.processTicksAndRejections (node:internal/process/task_queues:103:5)
    at async AnthropicProvider.complete (C:\Users\SBS\Desktop\New folder (4)\vito\src\lib\agents\providers\anthropic.ts:200:24)
    at async AIRouter.execute (C:\Users\SBS\Desktop\New folder (4)\vito\src\lib\agents\providers\router.ts:248:26)
    at async AgentExecutor.executeCompletion (C:\Users\SBS\Desktop\New folder (4)\vito\src\lib\agents\executor\executor.ts:152:20)
    at async RetryHandler.executeWithRetry (C:\Users\SBS\Desktop\New folder (4)\vito\src\lib\agents\executor\retry.ts:63:24)
    at async AgentExecutor.execute (C:\Users\SBS\Desktop\New folder (4)\vito\src\lib\agents\executor\executor.ts:95:22)
    at async BuildOrchestrator.executeAgentWithFeedback (C:\Users\SBS\Desktop\New folder (4)\vito\src\lib\agents\orchestrator\orchestrator.ts:1393:22) {
  status: 404,
  headers: Headers {
    date: 'Tue, 27 Jan 2026 11:15:18 GMT',
    'content-type': 'application/json',
    'transfer-encoding': 'chunked',
    connection: 'keep-alive',
    'x-should-retry': 'false',
    'request-id': 'req_011CXXnahjqhXhEWwU5dfwEb',
    'strict-transport-security': 'max-age=31536000; includeSubDomains; preload',
    'anthropic-organization-id': 'd06567ef-3469-4f53-ac13-52b8fe9f18b6',
    server: 'cloudflare',
    'x-envoy-upstream-service-time': '43',
    'cf-cache-status': 'DYNAMIC',
    'x-robots-tag': 'none',
    'content-encoding': 'gzip',
    'cf-ray': '9c47d4d47c860d6a-MXP'
  },
  requestID: 'req_011CXXnahjqhXhEWwU5dfwEb',
  error: {
    type: 'error',
    error: {
      type: 'not_found_error',
      message: 'model: claude-3-5-sonnet-20241022'
    },
    request_id: 'req_011CXXnahjqhXhEWwU5dfwEb'
  }
}
Primary provider anthropic failed: 404 {"type":"error","error":{"type":"not_found_error","message":"model: claude-3-5-sonnet-20241022"},"request_id":"req_011CXXnahjqhXhEWwU5dfwEb"}
[AIRouter] Checking fallback: enabled=true, fallbackProvider=openai
[AIRouter] Fallback provider found: true, providers keys: anthropic, openai, groq
[AIRouter] Attempting fallback to openai with model gpt-4o
[AIRouter] Calling openai.complete()...
[HEARTBEAT] 2026-01-27T11:15:18.668Z {"buildId":"olympus-dashboard-1769511982981","status":"running","currentPhase":"backend","currentAgent":"engine","completedAgents":["oracle","empathy","venture","strategos","scope","psyche","scribe","architect_conversion","conversion_judge","palette","grid","blocks","cartographer","flow","artist","archon","datum","nexus","forge","sentinel","atlas","pixel","wire","polish"],"runningAgents":["engine"],"failedAgents":[],"progress":75}
[HEARTBEAT] 2026-01-27T11:15:23.675Z {"buildId":"olympus-dashboard-1769511982981","status":"running","currentPhase":"backend","currentAgent":"engine","completedAgents":["oracle","empathy","venture","strategos","scope","psyche","scribe","architect_conversion","conversion_judge","palette","grid","blocks","cartographer","flow","artist","archon","datum","nexus","forge","sentinel","atlas","pixel","wire","polish"],"runningAgents":["engine"],"failedAgents":[],"progress":75}
[HEARTBEAT] 2026-01-27T11:15:28.680Z {"buildId":"olympus-dashboard-1769511982981","status":"running","currentPhase":"backend","currentAgent":"engine","completedAgents":["oracle","empathy","venture","strategos","scope","psyche","scribe","architect_conversion","conversion_judge","palette","grid","blocks","cartographer","flow","artist","archon","datum","nexus","forge","sentinel","atlas","pixel","wire","polish"],"runningAgents":["engine"],"failedAgents":[],"progress":75}
[HEARTBEAT] 2026-01-27T11:15:33.692Z {"buildId":"olympus-dashboard-1769511982981","status":"running","currentPhase":"backend","currentAgent":"engine","completedAgents":["oracle","empathy","venture","strategos","scope","psyche","scribe","architect_conversion","conversion_judge","palette","grid","blocks","cartographer","flow","artist","archon","datum","nexus","forge","sentinel","atlas","pixel","wire","polish"],"runningAgents":["engine"],"failedAgents":[],"progress":75}
[HEARTBEAT] 2026-01-27T11:15:38.703Z {"buildId":"olympus-dashboard-1769511982981","status":"running","currentPhase":"backend","currentAgent":"engine","completedAgents":["oracle","empathy","venture","strategos","scope","psyche","scribe","architect_conversion","conversion_judge","palette","grid","blocks","cartographer","flow","artist","archon","datum","nexus","forge","sentinel","atlas","pixel","wire","polish"],"runningAgents":["engine"],"failedAgents":[],"progress":75}
[AIRouter] Fallback openai succeeded! Tokens: 7047
[Executor] AI execution succeeded: 7047 tokens, provider=anthropic,openai
[Executor] Response content type: string, length: 6197
[Executor] Parsing response: {
  "services": [
    {
      "name": "BuildService",
      "domain": "builds",
      "description":...
[Parser] ===== PARSING engine =====
[Parser] Raw content length: 6197
[Parser] Raw content start: {
  "services": [
    {
      "name": "BuildService",
      "domain": "builds",
      "description": "Manages the lifecycle of builds and their phases, including validation and status updates",
      ...
[Parser] Raw content LAST 200 chars: ...rrors/index.ts",
      "code": "export class StreamError extends AppError {\n  constructor(message: string, details?: unknown) {\n    super(message, 'STREAM_ERROR', 500, details);\n  }\n}"
    }
  ]
}
[Parser] Found raw JSON via regex, extracted length: 6197
[Parser] Extracted JSON LAST 200 chars: ...rrors/index.ts",
      "code": "export class StreamError extends AppError {\n  constructor(message: string, details?: unknown) {\n    super(message, 'STREAM_ERROR', 500, details);\n  }\n}"
    }
  ]
}
[Parser] Extracted JSON length: 6197
[Parser] Extracted JSON start: {
  "services": [
    {
      "name": "BuildService",
      "domain": "builds",
      "description": "Manages the lifecycle of builds and their phases, including validation and status updates",
      ...
[Parser] JSON.parse SUCCESS for engine
[Parser] Agent engine: parsed.files exists = true, isArray = true, length = 2
[Parser] Agent engine: Processing 2 files
[Parser] File: src/lib/services/build-service.ts, type=code, hasContent=true, contentLength=1851
[Parser] File: src/lib/services/agent-service.ts, type=code, hasContent=true, contentLength=465
[Parser] Agent engine: Added 2 file artifacts
[Executor] Parsed successfully: artifacts=3, status=completed
Agent engine validation issues: 1 error(s): Unresolved imports: 3 missing files
[EXECUTOR] 2026-01-27T11:15:38.956Z - executor.execute() RETURNED for engine in 21048ms {"success":true,"hasOutput":true,"errorMessage":null,"artifactCount":3}
[QualityOrchestrator] Running quality gates for build olympus-dashboard-1769511982981
[QualityOrchestrator] Files to check: 2
[QualityOrchestrator] Running gate: typescript
[QualityOrchestrator] typescript: ✅ PASSED (0 issues)
[QualityOrchestrator] Running gate: eslint
[QualityOrchestrator] eslint: ✅ PASSED (0 issues)
[QualityOrchestrator] Running gate: security
[QualityOrchestrator] security: ✅ PASSED (0 issues)
[QualityOrchestrator] Running gate: links
[QualityOrchestrator] links: ✅ PASSED (0 issues)
[QualityOrchestrator] Running gate: build
[QualityOrchestrator] build: ✅ PASSED (0 issues)
[QualityOrchestrator] Quality check complete: passed (score: 100, threshold: 70, stopOnFailure: false)
[Orchestrator] Agent engine - Quality Score: 100/100 (min: 60)
[Orchestrator] Agent engine - Quality PASSED on iteration 1
[PERSISTENCE] Database connection failed for critical decisions: Error: Missing SUPABASE_SERVICE_ROLE_KEY
    at createServiceRoleClient (C:\Users\SBS\Desktop\New folder (4)\vito\src\lib\auth\clients\admin.ts:20:11)
    at saveCriticalDecisions (C:\Users\SBS\Desktop\New folder (4)\vito\src\lib\agents\context\persistence.ts:189:22)
    at BuildContextManager.persistCriticalDecisions (C:\Users\SBS\Desktop\New folder (4)\vito\src\lib\agents\context\manager.ts:204:5)
    at BuildContextManager.updateCriticalDecisions (C:\Users\SBS\Desktop\New folder (4)\vito\src\lib\agents\context\manager.ts:169:10)
    at BuildContextManager.recordOutput (C:\Users\SBS\Desktop\New folder (4)\vito\src\lib\agents\context\manager.ts:147:10)
    at BuildOrchestrator.finalizeAgentSuccess (C:\Users\SBS\Desktop\New folder (4)\vito\src\lib\agents\orchestrator\orchestrator.ts:1779:18)
    at BuildOrchestrator.executeAgentWithFeedback (C:\Users\SBS\Desktop\New folder (4)\vito\src\lib\agents\orchestrator\orchestrator.ts:1481:23)
    at process.processTicksAndRejections (node:internal/process/task_queues:103:5)
    at async BuildOrchestrator.executeAgent (C:\Users\SBS\Desktop\New folder (4)\vito\src\lib\agents\orchestrator\orchestrator.ts:1234:22)
    at async Promise.all (index 0)
[PERSISTENCE] Database connection failed (non-fatal): Error: Missing SUPABASE_SERVICE_ROLE_KEY
    at createServiceRoleClient (C:\Users\SBS\Desktop\New folder (4)\vito\src\lib\auth\clients\admin.ts:20:11)
    at saveAgentOutput (C:\Users\SBS\Desktop\New folder (4)\vito\src\lib\agents\context\persistence.ts:74:22)
    at BuildOrchestrator.finalizeAgentSuccess (C:\Users\SBS\Desktop\New folder (4)\vito\src\lib\agents\orchestrator\orchestrator.ts:1780:11)
    at BuildOrchestrator.executeAgentWithFeedback (C:\Users\SBS\Desktop\New folder (4)\vito\src\lib\agents\orchestrator\orchestrator.ts:1481:23)
    at process.processTicksAndRejections (node:internal/process/task_queues:103:5)
    at async BuildOrchestrator.executeAgent (C:\Users\SBS\Desktop\New folder (4)\vito\src\lib\agents\orchestrator\orchestrator.ts:1234:22)
    at async Promise.all (index 0)
    at async BuildOrchestrator.executePhase (C:\Users\SBS\Desktop\New folder (4)\vito\src\lib\agents\orchestrator\orchestrator.ts:1060:26)
    at async BuildOrchestrator.start (C:\Users\SBS\Desktop\New folder (4)\vito\src\lib\agents\orchestrator\orchestrator.ts:658:29)
    at async runBuild (C:\Users\SBS\Desktop\New folder (4)\vito\scripts\build-olympus-dashboard.ts:189:18)
    → Agent engine: completed (3 artifacts)
[AGENT_CALL] 2026-01-27T11:15:38.958Z - COMPLETED: engine in 21051ms, success=true
  [78%] Phase: backend | Agents: none
[AGENT_CALL] 2026-01-27T11:15:38.959Z - ENTERING: executeAgent(gateway)
[AGENT_CALL] 2026-01-27T11:15:38.959Z - CALLING: gateway (phase: backend)
[Orchestrator] Agent gateway - Iteration 1/3
[JSON] Parse failed in critical-summarizer:nexusDecisions: SyntaxError: Expected property name or '}' in JSON at position 759 (line 26 column 13)
    at JSON.parse (<anonymous>)
    at safeJsonParse (C:\Users\SBS\Desktop\New folder (4)\vito\src\lib\utils\safe-json.ts:23:17)
    at extractNexusDecisions (C:\Users\SBS\Desktop\New folder (4)\vito\src\lib\agents\coordination\critical-summarizer.ts:319:18)
    at buildCriticalDecisions (C:\Users\SBS\Desktop\New folder (4)\vito\src\lib\agents\coordination\critical-summarizer.ts:452:29)
    at prepareAgentWithConstraints (C:\Users\SBS\Desktop\New folder (4)\vito\src\lib\agents\coordination\index.ts:122:29)
    at BuildOrchestrator.executeAgentWithFeedback (C:\Users\SBS\Desktop\New folder (4)\vito\src\lib\agents\orchestrator\orchestrator.ts:1374:73)
    at BuildOrchestrator.executeAgent (C:\Users\SBS\Desktop\New folder (4)\vito\src\lib\agents\orchestrator\orchestrator.ts:1235:14)
    at <anonymous> (C:\Users\SBS\Desktop\New folder (4)\vito\src\lib\agents\orchestrator\orchestrator.ts:1053:59)
    at Array.map (<anonymous>)
    at BuildOrchestrator.executePhase (C:\Users\SBS\Desktop\New folder (4)\vito\src\lib\agents\orchestrator\orchestrator.ts:1053:37)
[JSON] Content preview: {
  "openapi": "3.0.3",
  "info": {
    "title": "OLYMPUS Builder Dashboard API",
    "version": "1.0.0",
    "description": "API documentation for the OLYMPUS Builder Dashboard"
  },
  "servers": [
 ...
[50X COORDINATION] gateway: Injected 259 tokens of upstream constraints
[EXECUTOR] 2026-01-27T11:15:38.960Z - Creating executor for gateway, iteration 1
[EXECUTOR] 2026-01-27T11:15:38.960Z - CALLING executor.execute() for gateway
[AGENT_CALL] 2026-01-27T11:15:38.960Z - ENTERING: executeAgent(keeper)
[DEGRADATION] Agent keeper not active in tier GOLD - skipping
[PERSISTENCE] Database connection failed for critical decisions: Error: Missing SUPABASE_SERVICE_ROLE_KEY
    at createServiceRoleClient (C:\Users\SBS\Desktop\New folder (4)\vito\src\lib\auth\clients\admin.ts:20:11)
    at saveCriticalDecisions (C:\Users\SBS\Desktop\New folder (4)\vito\src\lib\agents\context\persistence.ts:189:22)
    at BuildContextManager.persistCriticalDecisions (C:\Users\SBS\Desktop\New folder (4)\vito\src\lib\agents\context\manager.ts:204:5)
    at BuildContextManager.updateCriticalDecisions (C:\Users\SBS\Desktop\New folder (4)\vito\src\lib\agents\context\manager.ts:169:10)
    at BuildContextManager.recordOutput (C:\Users\SBS\Desktop\New folder (4)\vito\src\lib\agents\context\manager.ts:147:10)
    at BuildOrchestrator.executeAgent (C:\Users\SBS\Desktop\New folder (4)\vito\src\lib\agents\orchestrator\orchestrator.ts:1203:20)
    at <anonymous> (C:\Users\SBS\Desktop\New folder (4)\vito\src\lib\agents\orchestrator\orchestrator.ts:1053:59)
    at Array.map (<anonymous>)
    at BuildOrchestrator.executePhase (C:\Users\SBS\Desktop\New folder (4)\vito\src\lib\agents\orchestrator\orchestrator.ts:1053:37)
    at process.processTicksAndRejections (node:internal/process/task_queues:103:5)
[AGENT_CALL] 2026-01-27T11:15:38.960Z - ENTERING: executeAgent(cron)
[DEGRADATION] Agent cron not active in tier GOLD - skipping
[PERSISTENCE] Database connection failed for critical decisions: Error: Missing SUPABASE_SERVICE_ROLE_KEY
    at createServiceRoleClient (C:\Users\SBS\Desktop\New folder (4)\vito\src\lib\auth\clients\admin.ts:20:11)
    at saveCriticalDecisions (C:\Users\SBS\Desktop\New folder (4)\vito\src\lib\agents\context\persistence.ts:189:22)
    at BuildContextManager.persistCriticalDecisions (C:\Users\SBS\Desktop\New folder (4)\vito\src\lib\agents\context\manager.ts:204:5)
    at BuildContextManager.updateCriticalDecisions (C:\Users\SBS\Desktop\New folder (4)\vito\src\lib\agents\context\manager.ts:169:10)
    at BuildContextManager.recordOutput (C:\Users\SBS\Desktop\New folder (4)\vito\src\lib\agents\context\manager.ts:147:10)
    at BuildOrchestrator.executeAgent (C:\Users\SBS\Desktop\New folder (4)\vito\src\lib\agents\orchestrator\orchestrator.ts:1203:20)
    at <anonymous> (C:\Users\SBS\Desktop\New folder (4)\vito\src\lib\agents\orchestrator\orchestrator.ts:1053:59)
    at Array.map (<anonymous>)
    at BuildOrchestrator.executePhase (C:\Users\SBS\Desktop\New folder (4)\vito\src\lib\agents\orchestrator\orchestrator.ts:1053:37)
    at process.processTicksAndRejections (node:internal/process/task_queues:103:5)
[PERSISTENCE] ✓ CriticalDecisions saved to file: C:\Users\SBS\Desktop\New folder (4)\vito\.olympus\decisions\olympus-dashboard-1769511982981.json
[PERSISTENCE] ✓ CriticalDecisions saved to file: C:\Users\SBS\Desktop\New folder (4)\vito\.olympus\decisions\olympus-dashboard-1769511982981.json
[PERSISTENCE] ✓ CriticalDecisions saved to file: C:\Users\SBS\Desktop\New folder (4)\vito\.olympus\decisions\olympus-dashboard-1769511982981.json
[HEARTBEAT] 2026-01-27T11:15:43.716Z {"buildId":"olympus-dashboard-1769511982981","status":"running","currentPhase":"backend","currentAgent":null,"completedAgents":["oracle","empathy","venture","strategos","scope","psyche","scribe","architect_conversion","conversion_judge","palette","grid","blocks","cartographer","flow","artist","archon","datum","nexus","forge","sentinel","atlas","pixel","wire","polish","engine","keeper","cron"],"runningAgents":["gateway"],"failedAgents":[],"progress":84}
[Executor] AI execution succeeded: 2538 tokens, provider=openai
[Executor] Response content type: string, length: 2447
[Executor] Parsing response: ```json
{
  "files": [
    {
      "path": "src/lib/integrations/buildServiceClient.ts",
      "cont...
[Parser] ===== PARSING gateway =====
[Parser] Raw content length: 2447
[Parser] Raw content start: ```json
{
  "files": [
    {
      "path": "src/lib/integrations/buildServiceClient.ts",
      "content": "import axios, { AxiosInstance, AxiosResponse } from 'axios';\n\ninterface Build {\n  id: stri...
[Parser] Raw content LAST 200 chars: ...    } catch (error) {\n      console.error('Failed to fetch agents', error);\n      throw new Error('Could not retrieve agents.');\n    }\n  }\n}\n\nexport default AgentServiceClient;"
    }
  ]
}
```
[Parser] Found code block, extracted length: 2436
[Parser] Extracted JSON length: 2435
[Parser] Extracted JSON start: {
  "files": [
    {
      "path": "src/lib/integrations/buildServiceClient.ts",
      "content": "import axios, { AxiosInstance, AxiosResponse } from 'axios';\n\ninterface Build {\n  id: string;\n  s...
[Parser] JSON.parse SUCCESS for gateway
[Parser] Agent gateway: parsed.files exists = true, isArray = true, length = 2
[Parser] Agent gateway: Processing 2 files
[Parser] File: src/lib/integrations/buildServiceClient.ts, type=code, hasContent=true, contentLength=1481
[Parser] File: src/lib/integrations/agentServiceClient.ts, type=code, hasContent=true, contentLength=657
[Parser] Agent gateway: Added 2 file artifacts
[Executor] Parsed successfully: artifacts=3, status=completed
[EXECUTOR] 2026-01-27T11:15:48.264Z - executor.execute() RETURNED for gateway in 9304ms {"success":true,"hasOutput":true,"errorMessage":null,"artifactCount":3}
[QualityOrchestrator] Running quality gates for build olympus-dashboard-1769511982981
[QualityOrchestrator] Files to check: 2
[QualityOrchestrator] Running gate: typescript
[QualityOrchestrator] typescript: ✅ PASSED (0 issues)
[QualityOrchestrator] Running gate: eslint
[QualityOrchestrator] eslint: ✅ PASSED (3 issues)
[QualityOrchestrator] Running gate: security
[QualityOrchestrator] security: ✅ PASSED (0 issues)
[QualityOrchestrator] Running gate: links
[QualityOrchestrator] links: ✅ PASSED (0 issues)
[QualityOrchestrator] Running gate: build
[QualityOrchestrator] build: ✅ PASSED (0 issues)
[QualityOrchestrator] Quality check complete: passed (score: 99, threshold: 70, stopOnFailure: false)
[Orchestrator] Agent gateway - Quality Score: 99/100 (min: 60)
[Orchestrator] Agent gateway - Quality PASSED on iteration 1
[PERSISTENCE] Database connection failed for critical decisions: Error: Missing SUPABASE_SERVICE_ROLE_KEY
    at createServiceRoleClient (C:\Users\SBS\Desktop\New folder (4)\vito\src\lib\auth\clients\admin.ts:20:11)
    at saveCriticalDecisions (C:\Users\SBS\Desktop\New folder (4)\vito\src\lib\agents\context\persistence.ts:189:22)
    at BuildContextManager.persistCriticalDecisions (C:\Users\SBS\Desktop\New folder (4)\vito\src\lib\agents\context\manager.ts:204:5)
    at BuildContextManager.updateCriticalDecisions (C:\Users\SBS\Desktop\New folder (4)\vito\src\lib\agents\context\manager.ts:169:10)
    at BuildContextManager.recordOutput (C:\Users\SBS\Desktop\New folder (4)\vito\src\lib\agents\context\manager.ts:147:10)
    at BuildOrchestrator.finalizeAgentSuccess (C:\Users\SBS\Desktop\New folder (4)\vito\src\lib\agents\orchestrator\orchestrator.ts:1779:18)
    at BuildOrchestrator.executeAgentWithFeedback (C:\Users\SBS\Desktop\New folder (4)\vito\src\lib\agents\orchestrator\orchestrator.ts:1481:23)
    at process.processTicksAndRejections (node:internal/process/task_queues:103:5)
    at async BuildOrchestrator.executeAgent (C:\Users\SBS\Desktop\New folder (4)\vito\src\lib\agents\orchestrator\orchestrator.ts:1234:22)
    at async Promise.all (index 0)
[PERSISTENCE] Database connection failed (non-fatal): Error: Missing SUPABASE_SERVICE_ROLE_KEY
    at createServiceRoleClient (C:\Users\SBS\Desktop\New folder (4)\vito\src\lib\auth\clients\admin.ts:20:11)
    at saveAgentOutput (C:\Users\SBS\Desktop\New folder (4)\vito\src\lib\agents\context\persistence.ts:74:22)
    at BuildOrchestrator.finalizeAgentSuccess (C:\Users\SBS\Desktop\New folder (4)\vito\src\lib\agents\orchestrator\orchestrator.ts:1780:11)
    at BuildOrchestrator.executeAgentWithFeedback (C:\Users\SBS\Desktop\New folder (4)\vito\src\lib\agents\orchestrator\orchestrator.ts:1481:23)
    at process.processTicksAndRejections (node:internal/process/task_queues:103:5)
    at async BuildOrchestrator.executeAgent (C:\Users\SBS\Desktop\New folder (4)\vito\src\lib\agents\orchestrator\orchestrator.ts:1234:22)
    at async Promise.all (index 0)
    at async BuildOrchestrator.executePhase (C:\Users\SBS\Desktop\New folder (4)\vito\src\lib\agents\orchestrator\orchestrator.ts:1060:26)
    at async BuildOrchestrator.start (C:\Users\SBS\Desktop\New folder (4)\vito\src\lib\agents\orchestrator\orchestrator.ts:658:29)
    at async runBuild (C:\Users\SBS\Desktop\New folder (4)\vito\scripts\build-olympus-dashboard.ts:189:18)
    → Agent gateway: completed (3 artifacts)
[AGENT_CALL] 2026-01-27T11:15:48.267Z - COMPLETED: gateway in 9308ms, success=true
  [88%] Phase: backend | Agents: none
[Scheduler] Phase backend COMPLETE. Status: [{"agentId":"engine","completed":true,"failed":false,"optional":false},{"agentId":"gateway","completed":true,"failed":false,"optional":true},{"agentId":"keeper","completed":true,"failed":false,"optional":false},{"agentId":"cron","completed":true,"failed":false,"optional":true}]
  ✓ Phase backend completed (completed)
[ORCH_PHASE] 2026-01-27T11:15:48.268Z - Phase backend result: success=true, error=none
[Orchestrator] ✓ Phase backend completed. Completed phases: discovery, conversion, design, architecture, frontend, backend
[Orchestrator] ===== PHASE 7/7: integration =====
[Orchestrator] Phase agents (4): bridge, sync, notify, search
[ORCH_PHASE] 2026-01-27T11:15:48.269Z - ENTERING: executePhase(integration)
[ORCH_PHASE] 2026-01-27T11:15:48.269Z - Starting phase loop for integration
[ORCH_LOOP] 2026-01-27T11:15:48.269Z - Loop iteration 1 {"phase":"integration","nextAgents":["bridge","sync","notify"],"runningAgents":[],"deadlockCounter":0,"isPhaseComplete":false}
[AGENT_CALL] 2026-01-27T11:15:48.269Z - ENTERING: executeAgent(bridge)
[DEGRADATION] Agent bridge not active in tier GOLD - skipping
[PERSISTENCE] Database connection failed for critical decisions: Error: Missing SUPABASE_SERVICE_ROLE_KEY
    at createServiceRoleClient (C:\Users\SBS\Desktop\New folder (4)\vito\src\lib\auth\clients\admin.ts:20:11)
    at saveCriticalDecisions (C:\Users\SBS\Desktop\New folder (4)\vito\src\lib\agents\context\persistence.ts:189:22)
    at BuildContextManager.persistCriticalDecisions (C:\Users\SBS\Desktop\New folder (4)\vito\src\lib\agents\context\manager.ts:204:5)
    at BuildContextManager.updateCriticalDecisions (C:\Users\SBS\Desktop\New folder (4)\vito\src\lib\agents\context\manager.ts:169:10)
    at BuildContextManager.recordOutput (C:\Users\SBS\Desktop\New folder (4)\vito\src\lib\agents\context\manager.ts:147:10)
    at BuildOrchestrator.executeAgent (C:\Users\SBS\Desktop\New folder (4)\vito\src\lib\agents\orchestrator\orchestrator.ts:1203:20)
    at <anonymous> (C:\Users\SBS\Desktop\New folder (4)\vito\src\lib\agents\orchestrator\orchestrator.ts:1053:59)
    at Array.map (<anonymous>)
    at BuildOrchestrator.executePhase (C:\Users\SBS\Desktop\New folder (4)\vito\src\lib\agents\orchestrator\orchestrator.ts:1053:37)
    at BuildOrchestrator.start (C:\Users\SBS\Desktop\New folder (4)\vito\src\lib\agents\orchestrator\orchestrator.ts:658:40)
[AGENT_CALL] 2026-01-27T11:15:48.271Z - ENTERING: executeAgent(sync)
[DEGRADATION] Agent sync not active in tier GOLD - skipping
[PERSISTENCE] Database connection failed for critical decisions: Error: Missing SUPABASE_SERVICE_ROLE_KEY
    at createServiceRoleClient (C:\Users\SBS\Desktop\New folder (4)\vito\src\lib\auth\clients\admin.ts:20:11)
    at saveCriticalDecisions (C:\Users\SBS\Desktop\New folder (4)\vito\src\lib\agents\context\persistence.ts:189:22)
    at BuildContextManager.persistCriticalDecisions (C:\Users\SBS\Desktop\New folder (4)\vito\src\lib\agents\context\manager.ts:204:5)
    at BuildContextManager.updateCriticalDecisions (C:\Users\SBS\Desktop\New folder (4)\vito\src\lib\agents\context\manager.ts:169:10)
    at BuildContextManager.recordOutput (C:\Users\SBS\Desktop\New folder (4)\vito\src\lib\agents\context\manager.ts:147:10)
    at BuildOrchestrator.executeAgent (C:\Users\SBS\Desktop\New folder (4)\vito\src\lib\agents\orchestrator\orchestrator.ts:1203:20)
    at <anonymous> (C:\Users\SBS\Desktop\New folder (4)\vito\src\lib\agents\orchestrator\orchestrator.ts:1053:59)
    at Array.map (<anonymous>)
    at BuildOrchestrator.executePhase (C:\Users\SBS\Desktop\New folder (4)\vito\src\lib\agents\orchestrator\orchestrator.ts:1053:37)
    at BuildOrchestrator.start (C:\Users\SBS\Desktop\New folder (4)\vito\src\lib\agents\orchestrator\orchestrator.ts:658:40)
[AGENT_CALL] 2026-01-27T11:15:48.272Z - ENTERING: executeAgent(notify)
[DEGRADATION] Agent notify not active in tier GOLD - skipping
[PERSISTENCE] Database connection failed for critical decisions: Error: Missing SUPABASE_SERVICE_ROLE_KEY
    at createServiceRoleClient (C:\Users\SBS\Desktop\New folder (4)\vito\src\lib\auth\clients\admin.ts:20:11)
    at saveCriticalDecisions (C:\Users\SBS\Desktop\New folder (4)\vito\src\lib\agents\context\persistence.ts:189:22)
    at BuildContextManager.persistCriticalDecisions (C:\Users\SBS\Desktop\New folder (4)\vito\src\lib\agents\context\manager.ts:204:5)
    at BuildContextManager.updateCriticalDecisions (C:\Users\SBS\Desktop\New folder (4)\vito\src\lib\agents\context\manager.ts:169:10)
    at BuildContextManager.recordOutput (C:\Users\SBS\Desktop\New folder (4)\vito\src\lib\agents\context\manager.ts:147:10)
    at BuildOrchestrator.executeAgent (C:\Users\SBS\Desktop\New folder (4)\vito\src\lib\agents\orchestrator\orchestrator.ts:1203:20)
    at <anonymous> (C:\Users\SBS\Desktop\New folder (4)\vito\src\lib\agents\orchestrator\orchestrator.ts:1053:59)
    at Array.map (<anonymous>)
    at BuildOrchestrator.executePhase (C:\Users\SBS\Desktop\New folder (4)\vito\src\lib\agents\orchestrator\orchestrator.ts:1053:37)
    at BuildOrchestrator.start (C:\Users\SBS\Desktop\New folder (4)\vito\src\lib\agents\orchestrator\orchestrator.ts:658:40)
  [97%] Phase: integration | Agents: none
[AGENT_CALL] 2026-01-27T11:15:48.273Z - ENTERING: executeAgent(search)
[DEGRADATION] Agent search not active in tier GOLD - skipping
[PERSISTENCE] Database connection failed for critical decisions: Error: Missing SUPABASE_SERVICE_ROLE_KEY
    at createServiceRoleClient (C:\Users\SBS\Desktop\New folder (4)\vito\src\lib\auth\clients\admin.ts:20:11)
    at saveCriticalDecisions (C:\Users\SBS\Desktop\New folder (4)\vito\src\lib\agents\context\persistence.ts:189:22)
    at BuildContextManager.persistCriticalDecisions (C:\Users\SBS\Desktop\New folder (4)\vito\src\lib\agents\context\manager.ts:204:5)
    at BuildContextManager.updateCriticalDecisions (C:\Users\SBS\Desktop\New folder (4)\vito\src\lib\agents\context\manager.ts:169:10)
    at BuildContextManager.recordOutput (C:\Users\SBS\Desktop\New folder (4)\vito\src\lib\agents\context\manager.ts:147:10)
    at BuildOrchestrator.executeAgent (C:\Users\SBS\Desktop\New folder (4)\vito\src\lib\agents\orchestrator\orchestrator.ts:1203:20)
    at <anonymous> (C:\Users\SBS\Desktop\New folder (4)\vito\src\lib\agents\orchestrator\orchestrator.ts:1053:59)
    at Array.map (<anonymous>)
    at BuildOrchestrator.executePhase (C:\Users\SBS\Desktop\New folder (4)\vito\src\lib\agents\orchestrator\orchestrator.ts:1053:37)
    at process.processTicksAndRejections (node:internal/process/task_queues:103:5)
  [100%] Phase: integration | Agents: none
[Scheduler] Phase integration COMPLETE. Status: [{"agentId":"bridge","completed":true,"failed":false,"optional":true},{"agentId":"sync","completed":true,"failed":false,"optional":true},{"agentId":"notify","completed":true,"failed":false,"optional":true},{"agentId":"search","completed":true,"failed":false,"optional":true}]
  ✓ Phase integration completed (completed)
[ORCH_PHASE] 2026-01-27T11:15:48.275Z - Phase integration result: success=true, error=none
[Orchestrator] ✓ Phase integration completed. Completed phases: discovery, conversion, design, architecture, frontend, backend, integration
[ORCH_END] 2026-01-27T11:15:48.275Z - ===== ALL PHASES COMPLETED =====
[ORCH_END] 2026-01-27T11:15:48.275Z - Total phases executed: 7
[ORCH_END] 2026-01-27T11:15:48.276Z - Phases: discovery, conversion, design, architecture, frontend, backend, integration
[ORCH_VALIDATION] 2026-01-27T11:15:48.276Z - Starting post-build validation...
[ORCH_VALIDATION] Writing project files to: C:\Users\SBS\Desktop\New folder (4)\vito/.olympus/builds/olympus-dashboard-1769511982981
[FileWriter] Starting file extraction for build olympus-dashboard-1769511982981
[FileWriter] Output path: C:\Users\SBS\Desktop\New folder (4)\vito/.olympus/builds/olympus-dashboard-1769511982981
[FileWriter] Dry run: false
[FileWriter] Using 33 provided agent outputs (no DB required)
[FileWriter] File src/app/console/layout.tsx updated by wire (was from pixel)
[FileWriter] File src/app/console/page.tsx updated by wire (was from pixel)
[FileWriter] File src/app/console/builds/[buildId]/page.tsx updated by wire (was from pixel)
[FileWriter] File src/hooks/useBuilds.ts updated by wire (was from pixel)
[FileWriter] Found 29 unique files to write
[FileWriter] Wrote: prisma/schema.prisma (datum)
[PERSISTENCE] ✓ CriticalDecisions saved to file: C:\Users\SBS\Desktop\New folder (4)\vito\.olympus\decisions\olympus-dashboard-1769511982981.json
[PERSISTENCE] ✓ CriticalDecisions saved to file: C:\Users\SBS\Desktop\New folder (4)\vito\.olympus\decisions\olympus-dashboard-1769511982981.json
[PERSISTENCE] ✓ CriticalDecisions saved to file: C:\Users\SBS\Desktop\New folder (4)\vito\.olympus\decisions\olympus-dashboard-1769511982981.json
[PERSISTENCE] ✓ CriticalDecisions saved to file: C:\Users\SBS\Desktop\New folder (4)\vito\.olympus\decisions\olympus-dashboard-1769511982981.json
[PERSISTENCE] ✓ CriticalDecisions saved to file: C:\Users\SBS\Desktop\New folder (4)\vito\.olympus\decisions\olympus-dashboard-1769511982981.json
[FileWriter] Wrote: prisma/seed.ts (datum)
[FileWriter] Wrote: src/app/api/v1/builds/route.ts (forge)
[FileWriter] Wrote: src/app/api/v1/builds/[buildId]/route.ts (forge)
[FileWriter] Wrote: src/app/api/v1/agents/route.ts (forge)
[FileWriter] Wrote: src/app/console/layout.tsx (wire)
[FileWriter] Wrote: src/app/console/page.tsx (wire)
[FileWriter] Wrote: src/app/console/builds/[buildId]/page.tsx (wire)
[FileWriter] Wrote: src/components/BuildList.tsx (pixel)
[FileWriter] Wrote: src/components/PhaseProgression.tsx (pixel)
[FileWriter] Wrote: src/components/AgentRoster.tsx (pixel)
[FileWriter] Wrote: src/components/ConstitutionalStatus.tsx (pixel)
[FileWriter] Wrote: src/components/UnderstandingPanel.tsx (pixel)
[FileWriter] Wrote: src/components/ContextualChat.tsx (pixel)
[FileWriter] Wrote: src/hooks/useBuilds.ts (wire)
[FileWriter] Wrote: src/hooks/useBuildDetails.ts (pixel)
[FileWriter] Wrote: src/hooks/useAgents.ts (pixel)
[FileWriter] Wrote: src/lib/utils.ts (pixel)
[FileWriter] Wrote: src/app/console/components/BuildList.tsx (wire)
[FileWriter] Wrote: src/app/console/components/PhaseProgression.tsx (wire)
[FileWriter] Wrote: src/app/console/components/AgentRoster.tsx (wire)
[FileWriter] Wrote: src/app/console/components/ConstitutionalStatus.tsx (wire)
[FileWriter] Wrote: src/app/console/components/UnderstandingPanel.tsx (wire)
[FileWriter] Wrote: src/app/console/components/ContextualChat.tsx (wire)
[FileWriter] Wrote: wire-metrics.json (wire)
[FileWriter] Wrote: src/lib/services/build-service.ts (engine)
[FileWriter] Wrote: src/lib/services/agent-service.ts (engine)
[FileWriter] Wrote: src/lib/integrations/buildServiceClient.ts (gateway)
[FileWriter] Wrote: src/lib/integrations/agentServiceClient.ts (gateway)
[FileWriter] WARNING: No package.json found in artifacts
[FileWriter] Complete. Files written: 29, Errors: 0
[ORCH_VALIDATION] Files written: 29
[ORCH_VALIDATION] By type: {"prisma":1,"ts":12,"tsx":15,"json":1}
[ORCH_VALIDATION] By agent: {"datum":2,"forge":3,"wire":11,"pixel":9,"engine":2,"gateway":2}
[SPEC_COMPLIANCE] Tracking 29 generated files...
[SPEC_COMPLIANCE] Page completion: 0/0 (0%)
[SPEC_COMPLIANCE] Component completion: 6/13 (54%)
[ORCH_VALIDATION] Missing required files: package.json, tsconfig.json, next.config.js, postcss.config.js, tailwind.config.ts, src/app/layout.tsx, src/app/page.tsx, src/app/globals.css
[ORCH_VALIDATION] Scaffolding missing config files...
[Scaffolder] Scaffolding project at: C:\Users\SBS\Desktop\New folder (4)\vito/.olympus/builds/olympus-dashboard-1769511982981
[Scaffolder] Created: package.json
[Scaffolder] Created: tsconfig.json
[Scaffolder] Created: tsconfig.node.json
[Scaffolder] Created: next.config.js
[Scaffolder] Created: postcss.config.js
[Scaffolder] Created: tailwind.config.ts
[Scaffolder] Created: .env.local
[Scaffolder] Created: .gitignore
[Scaffolder] Created: src/app/globals.css
[Scaffolder] Created: src/app/layout.tsx
[Scaffolder] Created: src/app/page.tsx
[Scaffolder] Complete. Created: 11, Skipped: 1, Errors: 0
[ORCH_VALIDATION] Scaffolded 11 files
[ORCH_VALIDATION] Running npm install and npm run build...
[ProjectValidator] Validating project at: C:\Users\SBS\Desktop\New folder (4)\vito/.olympus/builds/olympus-dashboard-1769511982981
[ProjectValidator] package.json valid
[ProjectValidator] Running npm install...
[HEARTBEAT] 2026-01-27T11:15:48.716Z {"buildId":"olympus-dashboard-1769511982981","status":"running","currentPhase":"integration","currentAgent":null,"completedAgents":["oracle","empathy","venture","strategos","scope","psyche","scribe","architect_conversion","conversion_judge","palette","grid","blocks","cartographer","flow","artist","archon","datum","nexus","forge","sentinel","atlas","pixel","wire","polish","engine","keeper","cron","gateway","bridge","sync","notify","search"],"runningAgents":[],"failedAgents":[],"progress":100}
[HEARTBEAT] 2026-01-27T11:15:53.721Z {"buildId":"olympus-dashboard-1769511982981","status":"running","currentPhase":"integration","currentAgent":null,"completedAgents":["oracle","empathy","venture","strategos","scope","psyche","scribe","architect_conversion","conversion_judge","palette","grid","blocks","cartographer","flow","artist","archon","datum","nexus","forge","sentinel","atlas","pixel","wire","polish","engine","keeper","cron","gateway","bridge","sync","notify","search"],"runningAgents":[],"failedAgents":[],"progress":100}
[HEARTBEAT] 2026-01-27T11:15:58.724Z {"buildId":"olympus-dashboard-1769511982981","status":"running","currentPhase":"integration","currentAgent":null,"completedAgents":["oracle","empathy","venture","strategos","scope","psyche","scribe","architect_conversion","conversion_judge","palette","grid","blocks","cartographer","flow","artist","archon","datum","nexus","forge","sentinel","atlas","pixel","wire","polish","engine","keeper","cron","gateway","bridge","sync","notify","search"],"runningAgents":[],"failedAgents":[],"progress":100}
[HEARTBEAT] 2026-01-27T11:16:03.724Z {"buildId":"olympus-dashboard-1769511982981","status":"running","currentPhase":"integration","currentAgent":null,"completedAgents":["oracle","empathy","venture","strategos","scope","psyche","scribe","architect_conversion","conversion_judge","palette","grid","blocks","cartographer","flow","artist","archon","datum","nexus","forge","sentinel","atlas","pixel","wire","polish","engine","keeper","cron","gateway","bridge","sync","notify","search"],"runningAgents":[],"failedAgents":[],"progress":100}
[HEARTBEAT] 2026-01-27T11:16:08.739Z {"buildId":"olympus-dashboard-1769511982981","status":"running","currentPhase":"integration","currentAgent":null,"completedAgents":["oracle","empathy","venture","strategos","scope","psyche","scribe","architect_conversion","conversion_judge","palette","grid","blocks","cartographer","flow","artist","archon","datum","nexus","forge","sentinel","atlas","pixel","wire","polish","engine","keeper","cron","gateway","bridge","sync","notify","search"],"runningAgents":[],"failedAgents":[],"progress":100}
[HEARTBEAT] 2026-01-27T11:16:13.745Z {"buildId":"olympus-dashboard-1769511982981","status":"running","currentPhase":"integration","currentAgent":null,"completedAgents":["oracle","empathy","venture","strategos","scope","psyche","scribe","architect_conversion","conversion_judge","palette","grid","blocks","cartographer","flow","artist","archon","datum","nexus","forge","sentinel","atlas","pixel","wire","polish","engine","keeper","cron","gateway","bridge","sync","notify","search"],"runningAgents":[],"failedAgents":[],"progress":100}
[HEARTBEAT] 2026-01-27T11:16:18.750Z {"buildId":"olympus-dashboard-1769511982981","status":"running","currentPhase":"integration","currentAgent":null,"completedAgents":["oracle","empathy","venture","strategos","scope","psyche","scribe","architect_conversion","conversion_judge","palette","grid","blocks","cartographer","flow","artist","archon","datum","nexus","forge","sentinel","atlas","pixel","wire","polish","engine","keeper","cron","gateway","bridge","sync","notify","search"],"runningAgents":[],"failedAgents":[],"progress":100}
[HEARTBEAT] 2026-01-27T11:16:23.758Z {"buildId":"olympus-dashboard-1769511982981","status":"running","currentPhase":"integration","currentAgent":null,"completedAgents":["oracle","empathy","venture","strategos","scope","psyche","scribe","architect_conversion","conversion_judge","palette","grid","blocks","cartographer","flow","artist","archon","datum","nexus","forge","sentinel","atlas","pixel","wire","polish","engine","keeper","cron","gateway","bridge","sync","notify","search"],"runningAgents":[],"failedAgents":[],"progress":100}
[ProjectValidator] npm install completed
[ProjectValidator] Running npm run build...
[HEARTBEAT] 2026-01-27T11:16:28.763Z {"buildId":"olympus-dashboard-1769511982981","status":"running","currentPhase":"integration","currentAgent":null,"completedAgents":["oracle","empathy","venture","strategos","scope","psyche","scribe","architect_conversion","conversion_judge","palette","grid","blocks","cartographer","flow","artist","archon","datum","nexus","forge","sentinel","atlas","pixel","wire","polish","engine","keeper","cron","gateway","bridge","sync","notify","search"],"runningAgents":[],"failedAgents":[],"progress":100}
[ORCH_VALIDATION] Build validation FAILED:
✗ Build validation FAILED
  - npm run build failed

Errors:
  - Build failed: Command failed: npm run build
Failed to compile.

./src/app/console/builds/[buildId]/page.tsx
Module not found: Can't resolve './components/BuildDetail'

https://nextjs.org/docs/messages/module-not-found

./src/app/console/layout.tsx
Module not found: Can't resolve './components/Sidebar'

https://nextjs.org/docs/messages/module-not-found

./src/app/console/layout.tsx
Module not found: Can't resolve './components/Header'

https://nextjs.org/docs/messages/module-not-found

./src/app/api/v1/agents/route.ts
Module not found: Can't resolve '@/lib/prisma'

https://nextjs.org/docs/messages/module-not-found

./src/app/api/v1/agents/route.ts
Module not found: Can't resolve '@/lib/auth'

https://nextjs.org/docs/messages/module-not-found


> Build failed because of webpack errors

[INFO] [tracing] [olympus-] Exported traces to .olympus-cache\traces\trace-olympus-dashboard-1769511982981.json 
----------------------------------------------------------------------

[4/4] Build completed

======================================================================
BUILD RESULTS
======================================================================
Success: NO
Duration: 609 seconds
Error: BUILD_VALIDATION_FAILED - Generated project failed to compile: Build failed: Command failed: npm run build
Failed to compile.

./src/app/console/builds/[buildId]/page.tsx
Module not found: Can't resolve './components/BuildDetail'

https://nextjs.org/docs/messages/module-not-found

./src/app/console/layout.tsx
Module not found: Can't resolve './components/Sidebar'

https://nextjs.org/docs/messages/module-not-found

./src/app/console/layout.tsx
Module not found: Can't resolve './components/Header'

https://nextjs.org/docs/messages/module-not-found

./src/app/api/v1/agents/route.ts
Module not found: Can't resolve '@/lib/prisma'

https://nextjs.org/docs/messages/module-not-found

./src/app/api/v1/agents/route.ts
Module not found: Can't resolve '@/lib/auth'

https://nextjs.org/docs/messages/module-not-found


> Build failed because of webpack errors

Final Progress: 100%
Phases Completed: discovery, conversion, design, architecture, frontend, backend, integration
Agents Completed: 32
Tokens Used: 153832

Event log saved to: C:\Users\SBS\Desktop\New folder (4)\vito\output\olympus-dashboard-1769511982981\event-log.json
Build summary saved to: C:\Users\SBS\Desktop\New folder (4)\vito\output\olympus-dashboard-1769511982981\build-summary.json

======================================================================
