[dotenv@17.2.3] injecting env (13) from .env -- tip: ‚öôÔ∏è  load multiple .env files with { path: ['.env.local', '.env'] }
[dotenv@17.2.3] injecting env (25) from .env.local -- tip: üîÑ add secrets lifecycle management: https://dotenvx.com/ops
[dotenv@17.2.3] injecting env (0) from .env -- tip: ‚öôÔ∏è  load multiple .env files with { path: ['.env.local', '.env'] }
======================================================================
OLYMPUS SELF-BUILD: Dashboard v1.0
======================================================================

Build ID: olympus-dashboard-1769510240515
Output Dir: C:\Users\SBS\Desktop\New folder (4)\vito\output\olympus-dashboard-1769510240515

[1/4] Initializing build context...
[2/4] Creating orchestrator (35 agents)...
[Orchestrator] Constructor called with tier: professional
[Orchestrator] TierConfig phases: discovery, conversion, design, architecture, frontend, backend, integration
[Orchestrator] TierConfig agents count: 32
[createBuildPlan] Creating plan for tier: professional
[createBuildPlan] Tier config phases: discovery, conversion, design, architecture, frontend, backend, integration
[createBuildPlan] Tier config agents count: 32
[createBuildPlan] PHASE_ORDER: discovery, conversion, design, architecture, frontend, backend, integration, testing, deployment
[createBuildPlan] ADDING phase discovery with 5 agents: oracle, empathy, venture, strategos, scope
[createBuildPlan] ADDING phase conversion with 4 agents: psyche, scribe, architect_conversion, conversion_judge
[createBuildPlan] ADDING phase design with 6 agents: palette, grid, blocks, cartographer, flow, artist
[createBuildPlan] ADDING phase architecture with 6 agents: archon, datum, nexus, forge, sentinel, atlas
[createBuildPlan] ADDING phase frontend with 3 agents: pixel, wire, polish
[createBuildPlan] ADDING phase backend with 4 agents: engine, gateway, keeper, cron
[createBuildPlan] ADDING phase integration with 4 agents: bridge, sync, notify, search
[createBuildPlan] SKIPPING phase testing - not in tier
[createBuildPlan] SKIPPING phase deployment - not in tier
[createBuildPlan] ===== PLAN SUMMARY =====
[createBuildPlan] Tier: professional
[createBuildPlan] Total phases: 7
[createBuildPlan] Total agents: 32
[createBuildPlan] Phases: discovery(5), conversion(4), design(6), architecture(6), frontend(3), backend(4), integration(4)
[Orchestrator] Plan created with 7 phases, 32 agents
[Scheduler] Initializing queue from plan with 7 phases
[Scheduler] Queueing phase discovery with 5 agents: oracle, empathy, venture, strategos, scope
[Scheduler] Queueing phase conversion with 4 agents: psyche, scribe, architect_conversion, conversion_judge
[Scheduler] Queueing phase design with 6 agents: palette, grid, blocks, cartographer, flow, artist
[Scheduler] Queueing phase architecture with 6 agents: archon, datum, nexus, forge, sentinel, atlas
[Scheduler] Queueing phase frontend with 3 agents: pixel, wire, polish
[Scheduler] Queueing phase backend with 4 agents: engine, gateway, keeper, cron
[Scheduler] Queueing phase integration with 4 agents: bridge, sync, notify, search
[Scheduler] Queue initialized with 32 agents total
[INFO] [fingerprint] [olympus-] Loaded 4 cached fingerprints { pruned: 0 }
[INFO] [health] [olympus-] ResilienceEngine v3.0 initialized { tier: 'GOLD' }
[Orchestrator] ResilienceEngine initialized (tier: GOLD)
[3/4] Starting build...

----------------------------------------------------------------------
[ORCH_START] 2026-01-27T10:37:20.519Z - ENTERING: start()
[ORCH_START] 2026-01-27T10:37:20.519Z - STATE: {"buildId":"olympus-dashboard-1769510240515","status":"idle","phasesInPlan":7,"totalAgents":32}
[ORCH_START] 2026-01-27T10:37:20.519Z - Starting build olympus-dashboard-1769510240515
[ORCH_START] 2026-01-27T10:37:20.519Z - Plan has 7 phases: discovery, conversion, design, architecture, frontend, backend, integration
[ORCH_START] 2026-01-27T10:37:20.519Z - Total agents in plan: 32
  [0%] Phase: initializing | Agents: none
[INFO] [health] [olympus-] Score: 88/100 (HIGH_CONFIDENCE) {
  factors: {
    promptComplexity: 100,
    historicalSuccessRate: 70,
    currentSystemLoad: 100,
    agentAvailability: 100,
    resourceBudget: 70
  },
  recommendations: []
}
[RESILIENCE] Health score: 88/100 (HIGH_CONFIDENCE)
[SPEC_COMPLIANCE] Parsing spec (2885 chars)...
[SPEC_COMPLIANCE] Parsed 0 pages, 13 components
[SPEC_COMPLIANCE] Critical: 0 pages, 1 components
[ORCH_START] 2026-01-27T10:37:20.525Z - Heartbeat started (5s interval)
[Orchestrator] ===== PHASE 1/7: discovery =====
[Orchestrator] Phase agents (5): oracle, empathy, venture, strategos, scope
[ORCH_PHASE] 2026-01-27T10:37:20.526Z - ENTERING: executePhase(discovery)
[ORCH_PHASE] 2026-01-27T10:37:20.526Z - Starting phase loop for discovery
[ORCH_LOOP] 2026-01-27T10:37:20.526Z - Loop iteration 1 {"phase":"discovery","nextAgents":["oracle"],"runningAgents":[],"deadlockCounter":0,"isPhaseComplete":false}
[AGENT_CALL] 2026-01-27T10:37:20.526Z - ENTERING: executeAgent(oracle)
[AGENT_CALL] 2026-01-27T10:37:20.526Z - CALLING: oracle (phase: discovery)
[Orchestrator] Agent oracle - Iteration 1/3
[ARCHON-PARSER] ‚ö†Ô∏è WARNING: ARCHON output failed validation. Using partial merge with defaults. 
  Output keys:  
  This may indicate a malformed ARCHON response.
[EXECUTOR] 2026-01-27T10:37:20.528Z - Creating executor for oracle, iteration 1
[EXECUTOR] 2026-01-27T10:37:20.528Z - CALLING executor.execute() for oracle
[AIRouter] Anthropic Claude provider initialized (PRIMARY)
[AIRouter] OpenAI provider initialized (FALLBACK)
[Groq] Initialized with 5 API key(s)
[AIRouter] Groq provider initialized (FALLBACK2)
[AIRouter] Active providers: anthropic, openai, groq
[HEARTBEAT] 2026-01-27T10:37:25.543Z {"buildId":"olympus-dashboard-1769510240515","status":"running","currentPhase":"discovery","currentAgent":"oracle","completedAgents":[],"runningAgents":["oracle"],"failedAgents":[],"progress":0}
[HEARTBEAT] 2026-01-27T10:37:30.544Z {"buildId":"olympus-dashboard-1769510240515","status":"running","currentPhase":"discovery","currentAgent":"oracle","completedAgents":[],"runningAgents":["oracle"],"failedAgents":[],"progress":0}
[Executor] AI execution succeeded: 5436 tokens, provider=anthropic
[Executor] Response content type: string, length: 6713
[Executor] Parsing response: {
  "market_analysis": {
    "tam": {
      "value": "$2.1 billion",
      "calculation": "Total add...
[Parser] ===== PARSING oracle =====
[Parser] Raw content length: 6713
[Parser] Raw content start: {
  "market_analysis": {
    "tam": {
      "value": "$2.1 billion",
      "calculation": "Total addressable market for developer tools, based on Gartner's estimate of the global DevOps tooling market...
[Parser] Extracted JSON length: 6713
[Parser] Extracted JSON start: {
  "market_analysis": {
    "tam": {
      "value": "$2.1 billion",
      "calculation": "Total addressable market for developer tools, based on Gartner's estimate of the global DevOps tooling market...
[Parser] JSON.parse SUCCESS for oracle
[Parser] Agent oracle: parsed.files exists = false, isArray = false, length = 0
[Executor] Parsed successfully: artifacts=1, status=completed
[EXECUTOR] 2026-01-27T10:37:33.174Z - executor.execute() RETURNED for oracle in 12646ms {"success":true,"hasOutput":true,"errorMessage":null,"artifactCount":1}
[Orchestrator] Agent oracle - Quality Score: 100/100 (min: 60)
[Orchestrator] Agent oracle - Quality PASSED on iteration 1
[ARCHON-PARSER] ‚ö†Ô∏è WARNING: ARCHON output failed validation. Using partial merge with defaults. 
  Output keys:  
  This may indicate a malformed ARCHON response.
[PERSISTENCE] Database connection failed for critical decisions: Error: Missing SUPABASE_SERVICE_ROLE_KEY
    at createServiceRoleClient (C:\Users\SBS\Desktop\New folder (4)\vito\src\lib\auth\clients\admin.ts:20:11)
    at saveCriticalDecisions (C:\Users\SBS\Desktop\New folder (4)\vito\src\lib\agents\context\persistence.ts:189:22)
    at BuildContextManager.persistCriticalDecisions (C:\Users\SBS\Desktop\New folder (4)\vito\src\lib\agents\context\manager.ts:204:5)
    at BuildContextManager.updateCriticalDecisions (C:\Users\SBS\Desktop\New folder (4)\vito\src\lib\agents\context\manager.ts:169:10)
    at BuildContextManager.recordOutput (C:\Users\SBS\Desktop\New folder (4)\vito\src\lib\agents\context\manager.ts:147:10)
    at BuildOrchestrator.finalizeAgentSuccess (C:\Users\SBS\Desktop\New folder (4)\vito\src\lib\agents\orchestrator\orchestrator.ts:1779:18)
    at BuildOrchestrator.executeAgentWithFeedback (C:\Users\SBS\Desktop\New folder (4)\vito\src\lib\agents\orchestrator\orchestrator.ts:1481:23)
    at process.processTicksAndRejections (node:internal/process/task_queues:103:5)
    at async BuildOrchestrator.executeAgent (C:\Users\SBS\Desktop\New folder (4)\vito\src\lib\agents\orchestrator\orchestrator.ts:1234:22)
    at async Promise.all (index 0)
[PERSISTENCE] Database connection failed (non-fatal): Error: Missing SUPABASE_SERVICE_ROLE_KEY
    at createServiceRoleClient (C:\Users\SBS\Desktop\New folder (4)\vito\src\lib\auth\clients\admin.ts:20:11)
    at saveAgentOutput (C:\Users\SBS\Desktop\New folder (4)\vito\src\lib\agents\context\persistence.ts:74:22)
    at BuildOrchestrator.finalizeAgentSuccess (C:\Users\SBS\Desktop\New folder (4)\vito\src\lib\agents\orchestrator\orchestrator.ts:1780:11)
    at BuildOrchestrator.executeAgentWithFeedback (C:\Users\SBS\Desktop\New folder (4)\vito\src\lib\agents\orchestrator\orchestrator.ts:1481:23)
    at process.processTicksAndRejections (node:internal/process/task_queues:103:5)
    at async BuildOrchestrator.executeAgent (C:\Users\SBS\Desktop\New folder (4)\vito\src\lib\agents\orchestrator\orchestrator.ts:1234:22)
    at async Promise.all (index 0)
    at async BuildOrchestrator.executePhase (C:\Users\SBS\Desktop\New folder (4)\vito\src\lib\agents\orchestrator\orchestrator.ts:1060:26)
    at async BuildOrchestrator.start (C:\Users\SBS\Desktop\New folder (4)\vito\src\lib\agents\orchestrator\orchestrator.ts:658:29)
    at async runBuild (C:\Users\SBS\Desktop\New folder (4)\vito\scripts\build-olympus-dashboard.ts:189:18)
    ‚Üí Agent oracle: completed (1 artifacts)
[AGENT_CALL] 2026-01-27T10:37:33.192Z - COMPLETED: oracle in 12666ms, success=true
  [3%] Phase: discovery | Agents: none
[AGENT_CALL] 2026-01-27T10:37:33.194Z - ENTERING: executeAgent(empathy)
[AGENT_CALL] 2026-01-27T10:37:33.194Z - CALLING: empathy (phase: discovery)
[Orchestrator] Agent empathy - Iteration 1/3
[ARCHON-PARSER] ‚ö†Ô∏è WARNING: ARCHON output failed validation. Using partial merge with defaults. 
  Output keys:  
  This may indicate a malformed ARCHON response.
[EXECUTOR] 2026-01-27T10:37:33.194Z - Creating executor for empathy, iteration 1
[EXECUTOR] 2026-01-27T10:37:33.194Z - CALLING executor.execute() for empathy
[PERSISTENCE] ‚úì CriticalDecisions saved to file: C:\Users\SBS\Desktop\New folder (4)\vito\.olympus\decisions\olympus-dashboard-1769510240515.json
[HEARTBEAT] 2026-01-27T10:37:35.544Z {"buildId":"olympus-dashboard-1769510240515","status":"running","currentPhase":"discovery","currentAgent":"empathy","completedAgents":["oracle"],"runningAgents":["empathy"],"failedAgents":[],"progress":3}
[HEARTBEAT] 2026-01-27T10:37:40.554Z {"buildId":"olympus-dashboard-1769510240515","status":"running","currentPhase":"discovery","currentAgent":"empathy","completedAgents":["oracle"],"runningAgents":["empathy"],"failedAgents":[],"progress":3}
[HEARTBEAT] 2026-01-27T10:37:45.562Z {"buildId":"olympus-dashboard-1769510240515","status":"running","currentPhase":"discovery","currentAgent":"empathy","completedAgents":["oracle"],"runningAgents":["empathy"],"failedAgents":[],"progress":3}
[Executor] AI execution succeeded: 6158 tokens, provider=anthropic
[Executor] Response content type: string, length: 8493
[Executor] Parsing response: {
  "personas": [
    {
      "name": "Vince the Visionary",
      "archetype": "The Ambitious Tech ...
[Parser] ===== PARSING empathy =====
[Parser] Raw content length: 8493
[Parser] Raw content start: {
  "personas": [
    {
      "name": "Vince the Visionary",
      "archetype": "The Ambitious Tech Lead",
      "demographics": {
        "age_range": "30-40",
        "occupation": "Engineering Mana...
[Parser] Extracted JSON length: 8493
[Parser] Extracted JSON start: {
  "personas": [
    {
      "name": "Vince the Visionary",
      "archetype": "The Ambitious Tech Lead",
      "demographics": {
        "age_range": "30-40",
        "occupation": "Engineering Mana...
[Parser] JSON.parse SUCCESS for empathy
[Parser] Agent empathy: parsed.files exists = false, isArray = false, length = 0
[Executor] Parsed successfully: artifacts=1, status=completed
[EXECUTOR] 2026-01-27T10:37:47.994Z - executor.execute() RETURNED for empathy in 14800ms {"success":true,"hasOutput":true,"errorMessage":null,"artifactCount":1}
[Orchestrator] Agent empathy - Quality Score: 100/100 (min: 60)
[Orchestrator] Agent empathy - Quality PASSED on iteration 1
[PERSISTENCE] Database connection failed for critical decisions: Error: Missing SUPABASE_SERVICE_ROLE_KEY
    at createServiceRoleClient (C:\Users\SBS\Desktop\New folder (4)\vito\src\lib\auth\clients\admin.ts:20:11)
    at saveCriticalDecisions (C:\Users\SBS\Desktop\New folder (4)\vito\src\lib\agents\context\persistence.ts:189:22)
    at BuildContextManager.persistCriticalDecisions (C:\Users\SBS\Desktop\New folder (4)\vito\src\lib\agents\context\manager.ts:204:5)
    at BuildContextManager.updateCriticalDecisions (C:\Users\SBS\Desktop\New folder (4)\vito\src\lib\agents\context\manager.ts:169:10)
    at BuildContextManager.recordOutput (C:\Users\SBS\Desktop\New folder (4)\vito\src\lib\agents\context\manager.ts:147:10)
    at BuildOrchestrator.finalizeAgentSuccess (C:\Users\SBS\Desktop\New folder (4)\vito\src\lib\agents\orchestrator\orchestrator.ts:1779:18)
    at BuildOrchestrator.executeAgentWithFeedback (C:\Users\SBS\Desktop\New folder (4)\vito\src\lib\agents\orchestrator\orchestrator.ts:1481:23)
    at process.processTicksAndRejections (node:internal/process/task_queues:103:5)
    at async BuildOrchestrator.executeAgent (C:\Users\SBS\Desktop\New folder (4)\vito\src\lib\agents\orchestrator\orchestrator.ts:1234:22)
    at async Promise.all (index 0)
[PERSISTENCE] Database connection failed (non-fatal): Error: Missing SUPABASE_SERVICE_ROLE_KEY
    at createServiceRoleClient (C:\Users\SBS\Desktop\New folder (4)\vito\src\lib\auth\clients\admin.ts:20:11)
    at saveAgentOutput (C:\Users\SBS\Desktop\New folder (4)\vito\src\lib\agents\context\persistence.ts:74:22)
    at BuildOrchestrator.finalizeAgentSuccess (C:\Users\SBS\Desktop\New folder (4)\vito\src\lib\agents\orchestrator\orchestrator.ts:1780:11)
    at BuildOrchestrator.executeAgentWithFeedback (C:\Users\SBS\Desktop\New folder (4)\vito\src\lib\agents\orchestrator\orchestrator.ts:1481:23)
    at process.processTicksAndRejections (node:internal/process/task_queues:103:5)
    at async BuildOrchestrator.executeAgent (C:\Users\SBS\Desktop\New folder (4)\vito\src\lib\agents\orchestrator\orchestrator.ts:1234:22)
    at async Promise.all (index 0)
    at async BuildOrchestrator.executePhase (C:\Users\SBS\Desktop\New folder (4)\vito\src\lib\agents\orchestrator\orchestrator.ts:1060:26)
    at async BuildOrchestrator.start (C:\Users\SBS\Desktop\New folder (4)\vito\src\lib\agents\orchestrator\orchestrator.ts:658:29)
    at async runBuild (C:\Users\SBS\Desktop\New folder (4)\vito\scripts\build-olympus-dashboard.ts:189:18)
    ‚Üí Agent empathy: completed (1 artifacts)
[AGENT_CALL] 2026-01-27T10:37:47.996Z - COMPLETED: empathy in 14802ms, success=true
  [6%] Phase: discovery | Agents: none
[AGENT_CALL] 2026-01-27T10:37:47.997Z - ENTERING: executeAgent(venture)
[DEGRADATION] Agent venture not active in tier GOLD - skipping
[PERSISTENCE] Database connection failed for critical decisions: Error: Missing SUPABASE_SERVICE_ROLE_KEY
    at createServiceRoleClient (C:\Users\SBS\Desktop\New folder (4)\vito\src\lib\auth\clients\admin.ts:20:11)
    at saveCriticalDecisions (C:\Users\SBS\Desktop\New folder (4)\vito\src\lib\agents\context\persistence.ts:189:22)
    at BuildContextManager.persistCriticalDecisions (C:\Users\SBS\Desktop\New folder (4)\vito\src\lib\agents\context\manager.ts:204:5)
    at BuildContextManager.updateCriticalDecisions (C:\Users\SBS\Desktop\New folder (4)\vito\src\lib\agents\context\manager.ts:169:10)
    at BuildContextManager.recordOutput (C:\Users\SBS\Desktop\New folder (4)\vito\src\lib\agents\context\manager.ts:147:10)
    at BuildOrchestrator.executeAgent (C:\Users\SBS\Desktop\New folder (4)\vito\src\lib\agents\orchestrator\orchestrator.ts:1203:20)
    at <anonymous> (C:\Users\SBS\Desktop\New folder (4)\vito\src\lib\agents\orchestrator\orchestrator.ts:1053:59)
    at Array.map (<anonymous>)
    at BuildOrchestrator.executePhase (C:\Users\SBS\Desktop\New folder (4)\vito\src\lib\agents\orchestrator\orchestrator.ts:1053:37)
    at process.processTicksAndRejections (node:internal/process/task_queues:103:5)
  [9%] Phase: discovery | Agents: none
[AGENT_CALL] 2026-01-27T10:37:48.001Z - ENTERING: executeAgent(strategos)
[AGENT_CALL] 2026-01-27T10:37:48.001Z - CALLING: strategos (phase: discovery)
[Orchestrator] Agent strategos - Iteration 1/3
[ARCHON-PARSER] ‚ö†Ô∏è WARNING: ARCHON output failed validation. Using partial merge with defaults. 
  Output keys:  
  This may indicate a malformed ARCHON response.
[EXECUTOR] 2026-01-27T10:37:48.002Z - Creating executor for strategos, iteration 1
[EXECUTOR] 2026-01-27T10:37:48.002Z - CALLING executor.execute() for strategos
[Executor] Dependency venture was skipped (tier_degradation). Agent strategos will use fallback behavior.
[PERSISTENCE] ‚úì CriticalDecisions saved to file: C:\Users\SBS\Desktop\New folder (4)\vito\.olympus\decisions\olympus-dashboard-1769510240515.json
[PERSISTENCE] ‚úì CriticalDecisions saved to file: C:\Users\SBS\Desktop\New folder (4)\vito\.olympus\decisions\olympus-dashboard-1769510240515.json
[HEARTBEAT] 2026-01-27T10:37:50.570Z {"buildId":"olympus-dashboard-1769510240515","status":"running","currentPhase":"discovery","currentAgent":"strategos","completedAgents":["oracle","empathy","venture"],"runningAgents":["strategos"],"failedAgents":[],"progress":9}
[HEARTBEAT] 2026-01-27T10:37:55.583Z {"buildId":"olympus-dashboard-1769510240515","status":"running","currentPhase":"discovery","currentAgent":"strategos","completedAgents":["oracle","empathy","venture"],"runningAgents":["strategos"],"failedAgents":[],"progress":9}
[HEARTBEAT] 2026-01-27T10:38:00.593Z {"buildId":"olympus-dashboard-1769510240515","status":"running","currentPhase":"discovery","currentAgent":"strategos","completedAgents":["oracle","empathy","venture"],"runningAgents":["strategos"],"failedAgents":[],"progress":9}
[HEARTBEAT] 2026-01-27T10:38:05.605Z {"buildId":"olympus-dashboard-1769510240515","status":"running","currentPhase":"discovery","currentAgent":"strategos","completedAgents":["oracle","empathy","venture"],"runningAgents":["strategos"],"failedAgents":[],"progress":9}
[Executor] AI execution succeeded: 8022 tokens, provider=anthropic
[Executor] Response content type: string, length: 11605
[Executor] Parsing response: {
  "mvp_definition": {
    "core_value_proposition": "A comprehensive build monitoring dashboard th...
[Parser] ===== PARSING strategos =====
[Parser] Raw content length: 11605
[Parser] Raw content start: {
  "mvp_definition": {
    "core_value_proposition": "A comprehensive build monitoring dashboard that gives developers and power users visibility into the progress and status of their OLYMPUS builds"...
[Parser] Extracted JSON length: 11605
[Parser] Extracted JSON start: {
  "mvp_definition": {
    "core_value_proposition": "A comprehensive build monitoring dashboard that gives developers and power users visibility into the progress and status of their OLYMPUS builds"...
[Parser] JSON.parse SUCCESS for strategos
[Parser] Agent strategos: parsed.files exists = false, isArray = false, length = 0
[Executor] Parsed successfully: artifacts=1, status=completed
Agent strategos validation issues: 1 error(s): Expected array
[EXECUTOR] 2026-01-27T10:38:07.941Z - executor.execute() RETURNED for strategos in 19939ms {"success":true,"hasOutput":true,"errorMessage":null,"artifactCount":1}
[Orchestrator] Agent strategos - Quality Score: 100/100 (min: 60)
[Orchestrator] Agent strategos - Quality PASSED on iteration 1
[PERSISTENCE] Database connection failed for critical decisions: Error: Missing SUPABASE_SERVICE_ROLE_KEY
    at createServiceRoleClient (C:\Users\SBS\Desktop\New folder (4)\vito\src\lib\auth\clients\admin.ts:20:11)
    at saveCriticalDecisions (C:\Users\SBS\Desktop\New folder (4)\vito\src\lib\agents\context\persistence.ts:189:22)
    at BuildContextManager.persistCriticalDecisions (C:\Users\SBS\Desktop\New folder (4)\vito\src\lib\agents\context\manager.ts:204:5)
    at BuildContextManager.updateCriticalDecisions (C:\Users\SBS\Desktop\New folder (4)\vito\src\lib\agents\context\manager.ts:169:10)
    at BuildContextManager.recordOutput (C:\Users\SBS\Desktop\New folder (4)\vito\src\lib\agents\context\manager.ts:147:10)
    at BuildOrchestrator.finalizeAgentSuccess (C:\Users\SBS\Desktop\New folder (4)\vito\src\lib\agents\orchestrator\orchestrator.ts:1779:18)
    at BuildOrchestrator.executeAgentWithFeedback (C:\Users\SBS\Desktop\New folder (4)\vito\src\lib\agents\orchestrator\orchestrator.ts:1481:23)
    at process.processTicksAndRejections (node:internal/process/task_queues:103:5)
    at async BuildOrchestrator.executeAgent (C:\Users\SBS\Desktop\New folder (4)\vito\src\lib\agents\orchestrator\orchestrator.ts:1234:22)
    at async Promise.all (index 0)
[PERSISTENCE] Database connection failed (non-fatal): Error: Missing SUPABASE_SERVICE_ROLE_KEY
    at createServiceRoleClient (C:\Users\SBS\Desktop\New folder (4)\vito\src\lib\auth\clients\admin.ts:20:11)
    at saveAgentOutput (C:\Users\SBS\Desktop\New folder (4)\vito\src\lib\agents\context\persistence.ts:74:22)
    at BuildOrchestrator.finalizeAgentSuccess (C:\Users\SBS\Desktop\New folder (4)\vito\src\lib\agents\orchestrator\orchestrator.ts:1780:11)
    at BuildOrchestrator.executeAgentWithFeedback (C:\Users\SBS\Desktop\New folder (4)\vito\src\lib\agents\orchestrator\orchestrator.ts:1481:23)
    at process.processTicksAndRejections (node:internal/process/task_queues:103:5)
    at async BuildOrchestrator.executeAgent (C:\Users\SBS\Desktop\New folder (4)\vito\src\lib\agents\orchestrator\orchestrator.ts:1234:22)
    at async Promise.all (index 0)
    at async BuildOrchestrator.executePhase (C:\Users\SBS\Desktop\New folder (4)\vito\src\lib\agents\orchestrator\orchestrator.ts:1060:26)
    at async BuildOrchestrator.start (C:\Users\SBS\Desktop\New folder (4)\vito\src\lib\agents\orchestrator\orchestrator.ts:658:29)
    at async runBuild (C:\Users\SBS\Desktop\New folder (4)\vito\scripts\build-olympus-dashboard.ts:189:18)
    ‚Üí Agent strategos: completed (1 artifacts)
[AGENT_CALL] 2026-01-27T10:38:07.945Z - COMPLETED: strategos in 19944ms, success=true
  [13%] Phase: discovery | Agents: none
[AGENT_CALL] 2026-01-27T10:38:07.946Z - ENTERING: executeAgent(scope)
[AGENT_CALL] 2026-01-27T10:38:07.946Z - CALLING: scope (phase: discovery)
[Orchestrator] Agent scope - Iteration 1/3
[ARCHON-PARSER] ‚ö†Ô∏è WARNING: ARCHON output failed validation. Using partial merge with defaults. 
  Output keys:  
  This may indicate a malformed ARCHON response.
[EXECUTOR] 2026-01-27T10:38:07.947Z - Creating executor for scope, iteration 1
[EXECUTOR] 2026-01-27T10:38:07.947Z - CALLING executor.execute() for scope
[PERSISTENCE] ‚úì CriticalDecisions saved to file: C:\Users\SBS\Desktop\New folder (4)\vito\.olympus\decisions\olympus-dashboard-1769510240515.json
[HEARTBEAT] 2026-01-27T10:38:10.608Z {"buildId":"olympus-dashboard-1769510240515","status":"running","currentPhase":"discovery","currentAgent":"scope","completedAgents":["oracle","empathy","venture","strategos"],"runningAgents":["scope"],"failedAgents":[],"progress":13}
[HEARTBEAT] 2026-01-27T10:38:15.624Z {"buildId":"olympus-dashboard-1769510240515","status":"running","currentPhase":"discovery","currentAgent":"scope","completedAgents":["oracle","empathy","venture","strategos"],"runningAgents":["scope"],"failedAgents":[],"progress":13}
[Executor] AI execution succeeded: 5333 tokens, provider=anthropic
[Executor] Response content type: string, length: 7017
[Executor] Parsing response: {
  "in_scope": [
    {
      "feature": "Build List Panel",
      "description": "Displays a list o...
[Parser] ===== PARSING scope =====
[Parser] Raw content length: 7017
[Parser] Raw content start: {
  "in_scope": [
    {
      "feature": "Build List Panel",
      "description": "Displays a list of active and completed builds with status indicators, timestamps, and build duration",
      "priori...
[Parser] Extracted JSON length: 7017
[Parser] Extracted JSON start: {
  "in_scope": [
    {
      "feature": "Build List Panel",
      "description": "Displays a list of active and completed builds with status indicators, timestamps, and build duration",
      "priori...
[Parser] JSON.parse SUCCESS for scope
[Parser] Agent scope: parsed.files exists = false, isArray = false, length = 0
[Executor] Parsed successfully: artifacts=1, status=completed
Agent scope validation issues: 1 error(s): Expected array
[EXECUTOR] 2026-01-27T10:38:19.286Z - executor.execute() RETURNED for scope in 11339ms {"success":true,"hasOutput":true,"errorMessage":null,"artifactCount":1}
[Orchestrator] Agent scope - Quality Score: 100/100 (min: 60)
[Orchestrator] Agent scope - Quality PASSED on iteration 1
[PERSISTENCE] Database connection failed for critical decisions: Error: Missing SUPABASE_SERVICE_ROLE_KEY
    at createServiceRoleClient (C:\Users\SBS\Desktop\New folder (4)\vito\src\lib\auth\clients\admin.ts:20:11)
    at saveCriticalDecisions (C:\Users\SBS\Desktop\New folder (4)\vito\src\lib\agents\context\persistence.ts:189:22)
    at BuildContextManager.persistCriticalDecisions (C:\Users\SBS\Desktop\New folder (4)\vito\src\lib\agents\context\manager.ts:204:5)
    at BuildContextManager.updateCriticalDecisions (C:\Users\SBS\Desktop\New folder (4)\vito\src\lib\agents\context\manager.ts:169:10)
    at BuildContextManager.recordOutput (C:\Users\SBS\Desktop\New folder (4)\vito\src\lib\agents\context\manager.ts:147:10)
    at BuildOrchestrator.finalizeAgentSuccess (C:\Users\SBS\Desktop\New folder (4)\vito\src\lib\agents\orchestrator\orchestrator.ts:1779:18)
    at BuildOrchestrator.executeAgentWithFeedback (C:\Users\SBS\Desktop\New folder (4)\vito\src\lib\agents\orchestrator\orchestrator.ts:1481:23)
    at process.processTicksAndRejections (node:internal/process/task_queues:103:5)
    at async BuildOrchestrator.executeAgent (C:\Users\SBS\Desktop\New folder (4)\vito\src\lib\agents\orchestrator\orchestrator.ts:1234:22)
    at async Promise.all (index 0)
[PERSISTENCE] Database connection failed (non-fatal): Error: Missing SUPABASE_SERVICE_ROLE_KEY
    at createServiceRoleClient (C:\Users\SBS\Desktop\New folder (4)\vito\src\lib\auth\clients\admin.ts:20:11)
    at saveAgentOutput (C:\Users\SBS\Desktop\New folder (4)\vito\src\lib\agents\context\persistence.ts:74:22)
    at BuildOrchestrator.finalizeAgentSuccess (C:\Users\SBS\Desktop\New folder (4)\vito\src\lib\agents\orchestrator\orchestrator.ts:1780:11)
    at BuildOrchestrator.executeAgentWithFeedback (C:\Users\SBS\Desktop\New folder (4)\vito\src\lib\agents\orchestrator\orchestrator.ts:1481:23)
    at process.processTicksAndRejections (node:internal/process/task_queues:103:5)
    at async BuildOrchestrator.executeAgent (C:\Users\SBS\Desktop\New folder (4)\vito\src\lib\agents\orchestrator\orchestrator.ts:1234:22)
    at async Promise.all (index 0)
    at async BuildOrchestrator.executePhase (C:\Users\SBS\Desktop\New folder (4)\vito\src\lib\agents\orchestrator\orchestrator.ts:1060:26)
    at async BuildOrchestrator.start (C:\Users\SBS\Desktop\New folder (4)\vito\src\lib\agents\orchestrator\orchestrator.ts:658:29)
    at async runBuild (C:\Users\SBS\Desktop\New folder (4)\vito\scripts\build-olympus-dashboard.ts:189:18)
    ‚Üí Agent scope: completed (1 artifacts)
[AGENT_CALL] 2026-01-27T10:38:19.289Z - COMPLETED: scope in 11343ms, success=true
  [16%] Phase: discovery | Agents: none
[Scheduler] Phase discovery COMPLETE. Status: [{"agentId":"oracle","completed":true,"failed":false,"optional":false},{"agentId":"empathy","completed":true,"failed":false,"optional":false},{"agentId":"venture","completed":true,"failed":false,"optional":true},{"agentId":"strategos","completed":true,"failed":false,"optional":false},{"agentId":"scope","completed":true,"failed":false,"optional":false}]
  ‚úì Phase discovery completed (completed)
[ORCH_PHASE] 2026-01-27T10:38:19.292Z - Phase discovery result: success=true, error=none
[Orchestrator] ‚úì Phase discovery completed. Completed phases: discovery
[Orchestrator] ===== PHASE 2/7: conversion =====
[Orchestrator] Phase agents (4): psyche, scribe, architect_conversion, conversion_judge
[ORCH_PHASE] 2026-01-27T10:38:19.294Z - ENTERING: executePhase(conversion)
[ORCH_PHASE] 2026-01-27T10:38:19.294Z - Starting phase loop for conversion
[ORCH_LOOP] 2026-01-27T10:38:19.294Z - Loop iteration 1 {"phase":"conversion","nextAgents":["psyche"],"runningAgents":[],"deadlockCounter":0,"isPhaseComplete":false}
[AGENT_CALL] 2026-01-27T10:38:19.295Z - ENTERING: executeAgent(psyche)
[DEGRADATION] Agent psyche not active in tier GOLD - skipping
[PERSISTENCE] Database connection failed for critical decisions: Error: Missing SUPABASE_SERVICE_ROLE_KEY
    at createServiceRoleClient (C:\Users\SBS\Desktop\New folder (4)\vito\src\lib\auth\clients\admin.ts:20:11)
    at saveCriticalDecisions (C:\Users\SBS\Desktop\New folder (4)\vito\src\lib\agents\context\persistence.ts:189:22)
    at BuildContextManager.persistCriticalDecisions (C:\Users\SBS\Desktop\New folder (4)\vito\src\lib\agents\context\manager.ts:204:5)
    at BuildContextManager.updateCriticalDecisions (C:\Users\SBS\Desktop\New folder (4)\vito\src\lib\agents\context\manager.ts:169:10)
    at BuildContextManager.recordOutput (C:\Users\SBS\Desktop\New folder (4)\vito\src\lib\agents\context\manager.ts:147:10)
    at BuildOrchestrator.executeAgent (C:\Users\SBS\Desktop\New folder (4)\vito\src\lib\agents\orchestrator\orchestrator.ts:1203:20)
    at <anonymous> (C:\Users\SBS\Desktop\New folder (4)\vito\src\lib\agents\orchestrator\orchestrator.ts:1053:59)
    at Array.map (<anonymous>)
    at BuildOrchestrator.executePhase (C:\Users\SBS\Desktop\New folder (4)\vito\src\lib\agents\orchestrator\orchestrator.ts:1053:37)
    at BuildOrchestrator.start (C:\Users\SBS\Desktop\New folder (4)\vito\src\lib\agents\orchestrator\orchestrator.ts:658:40)
  [19%] Phase: conversion | Agents: none
[AGENT_CALL] 2026-01-27T10:38:19.299Z - ENTERING: executeAgent(scribe)
[AGENT_CALL] 2026-01-27T10:38:19.299Z - CALLING: scribe (phase: conversion)
[Orchestrator] Agent scribe - Iteration 1/3
[ARCHON-PARSER] ‚ö†Ô∏è WARNING: ARCHON output failed validation. Using partial merge with defaults. 
  Output keys:  
  This may indicate a malformed ARCHON response.
[50X COORDINATION] scribe: Injected 286 tokens of upstream constraints
[EXECUTOR] 2026-01-27T10:38:19.304Z - Creating executor for scribe, iteration 1
[EXECUTOR] 2026-01-27T10:38:19.304Z - CALLING executor.execute() for scribe
[Executor] Dependency psyche was skipped (tier_degradation). Agent scribe will use fallback behavior.
[PERSISTENCE] ‚úì CriticalDecisions saved to file: C:\Users\SBS\Desktop\New folder (4)\vito\.olympus\decisions\olympus-dashboard-1769510240515.json
[PERSISTENCE] ‚úì CriticalDecisions saved to file: C:\Users\SBS\Desktop\New folder (4)\vito\.olympus\decisions\olympus-dashboard-1769510240515.json
[HEARTBEAT] 2026-01-27T10:38:20.629Z {"buildId":"olympus-dashboard-1769510240515","status":"running","currentPhase":"conversion","currentAgent":"scribe","completedAgents":["oracle","empathy","venture","strategos","scope","psyche"],"runningAgents":["scribe"],"failedAgents":[],"progress":19}
[HEARTBEAT] 2026-01-27T10:38:25.635Z {"buildId":"olympus-dashboard-1769510240515","status":"running","currentPhase":"conversion","currentAgent":"scribe","completedAgents":["oracle","empathy","venture","strategos","scope","psyche"],"runningAgents":["scribe"],"failedAgents":[],"progress":19}
[HEARTBEAT] 2026-01-27T10:38:30.643Z {"buildId":"olympus-dashboard-1769510240515","status":"running","currentPhase":"conversion","currentAgent":"scribe","completedAgents":["oracle","empathy","venture","strategos","scope","psyche"],"runningAgents":["scribe"],"failedAgents":[],"progress":19}
[HEARTBEAT] 2026-01-27T10:38:35.656Z {"buildId":"olympus-dashboard-1769510240515","status":"running","currentPhase":"conversion","currentAgent":"scribe","completedAgents":["oracle","empathy","venture","strategos","scope","psyche"],"runningAgents":["scribe"],"failedAgents":[],"progress":19}
[HEARTBEAT] 2026-01-27T10:38:40.667Z {"buildId":"olympus-dashboard-1769510240515","status":"running","currentPhase":"conversion","currentAgent":"scribe","completedAgents":["oracle","empathy","venture","strategos","scope","psyche"],"runningAgents":["scribe"],"failedAgents":[],"progress":19}
[HEARTBEAT] 2026-01-27T10:38:45.674Z {"buildId":"olympus-dashboard-1769510240515","status":"running","currentPhase":"conversion","currentAgent":"scribe","completedAgents":["oracle","empathy","venture","strategos","scope","psyche"],"runningAgents":["scribe"],"failedAgents":[],"progress":19}
[Executor] AI execution succeeded: 8299 tokens, provider=anthropic
[Executor] Response content type: string, length: 14494
[Executor] Parsing response: {
  "headlines": [
    {
      "text": "Unlock the Secrets to Building Software That Actually Works"...
[Parser] ===== PARSING scribe =====
[Parser] Raw content length: 14494
[Parser] Raw content start: {
  "headlines": [
    {
      "text": "Unlock the Secrets to Building Software That Actually Works",
      "formula": "outcome-without-pain",
      "trigger": "salvation"
    },
    {
      "text": "...
[Parser] Extracted JSON length: 14494
[Parser] Extracted JSON start: {
  "headlines": [
    {
      "text": "Unlock the Secrets to Building Software That Actually Works",
      "formula": "outcome-without-pain",
      "trigger": "salvation"
    },
    {
      "text": "...
[Parser] JSON.parse SUCCESS for scribe
[Parser] Agent scribe: parsed.files exists = false, isArray = false, length = 0
[Executor] Parsed successfully: artifacts=1, status=completed
[EXECUTOR] 2026-01-27T10:38:46.327Z - executor.execute() RETURNED for scribe in 27023ms {"success":true,"hasOutput":true,"errorMessage":null,"artifactCount":1}
[Orchestrator] Agent scribe - Quality Score: 100/100 (min: 60)
[Orchestrator] Agent scribe - Quality PASSED on iteration 1
[PERSISTENCE] Database connection failed for critical decisions: Error: Missing SUPABASE_SERVICE_ROLE_KEY
    at createServiceRoleClient (C:\Users\SBS\Desktop\New folder (4)\vito\src\lib\auth\clients\admin.ts:20:11)
    at saveCriticalDecisions (C:\Users\SBS\Desktop\New folder (4)\vito\src\lib\agents\context\persistence.ts:189:22)
    at BuildContextManager.persistCriticalDecisions (C:\Users\SBS\Desktop\New folder (4)\vito\src\lib\agents\context\manager.ts:204:5)
    at BuildContextManager.updateCriticalDecisions (C:\Users\SBS\Desktop\New folder (4)\vito\src\lib\agents\context\manager.ts:169:10)
    at BuildContextManager.recordOutput (C:\Users\SBS\Desktop\New folder (4)\vito\src\lib\agents\context\manager.ts:147:10)
    at BuildOrchestrator.finalizeAgentSuccess (C:\Users\SBS\Desktop\New folder (4)\vito\src\lib\agents\orchestrator\orchestrator.ts:1779:18)
    at BuildOrchestrator.executeAgentWithFeedback (C:\Users\SBS\Desktop\New folder (4)\vito\src\lib\agents\orchestrator\orchestrator.ts:1481:23)
    at process.processTicksAndRejections (node:internal/process/task_queues:103:5)
    at async BuildOrchestrator.executeAgent (C:\Users\SBS\Desktop\New folder (4)\vito\src\lib\agents\orchestrator\orchestrator.ts:1234:22)
    at async Promise.all (index 0)
[PERSISTENCE] Database connection failed (non-fatal): Error: Missing SUPABASE_SERVICE_ROLE_KEY
    at createServiceRoleClient (C:\Users\SBS\Desktop\New folder (4)\vito\src\lib\auth\clients\admin.ts:20:11)
    at saveAgentOutput (C:\Users\SBS\Desktop\New folder (4)\vito\src\lib\agents\context\persistence.ts:74:22)
    at BuildOrchestrator.finalizeAgentSuccess (C:\Users\SBS\Desktop\New folder (4)\vito\src\lib\agents\orchestrator\orchestrator.ts:1780:11)
    at BuildOrchestrator.executeAgentWithFeedback (C:\Users\SBS\Desktop\New folder (4)\vito\src\lib\agents\orchestrator\orchestrator.ts:1481:23)
    at process.processTicksAndRejections (node:internal/process/task_queues:103:5)
    at async BuildOrchestrator.executeAgent (C:\Users\SBS\Desktop\New folder (4)\vito\src\lib\agents\orchestrator\orchestrator.ts:1234:22)
    at async Promise.all (index 0)
    at async BuildOrchestrator.executePhase (C:\Users\SBS\Desktop\New folder (4)\vito\src\lib\agents\orchestrator\orchestrator.ts:1060:26)
    at async BuildOrchestrator.start (C:\Users\SBS\Desktop\New folder (4)\vito\src\lib\agents\orchestrator\orchestrator.ts:658:29)
    at async runBuild (C:\Users\SBS\Desktop\New folder (4)\vito\scripts\build-olympus-dashboard.ts:189:18)
    ‚Üí Agent scribe: completed (1 artifacts)
[AGENT_CALL] 2026-01-27T10:38:46.328Z - COMPLETED: scribe in 27029ms, success=true
  [22%] Phase: conversion | Agents: none
[AGENT_CALL] 2026-01-27T10:38:46.328Z - ENTERING: executeAgent(architect_conversion)
[AGENT_CALL] 2026-01-27T10:38:46.329Z - CALLING: architect_conversion (phase: conversion)
[Orchestrator] Agent architect_conversion - Iteration 1/3
[ARCHON-PARSER] ‚ö†Ô∏è WARNING: ARCHON output failed validation. Using partial merge with defaults. 
  Output keys:  
  This may indicate a malformed ARCHON response.
[50X COORDINATION] architect_conversion: Injected 286 tokens of upstream constraints
[EXECUTOR] 2026-01-27T10:38:46.329Z - Creating executor for architect_conversion, iteration 1
[EXECUTOR] 2026-01-27T10:38:46.329Z - CALLING executor.execute() for architect_conversion
[Executor] Dependency venture was skipped (tier_degradation). Agent architect_conversion will use fallback behavior.
[PERSISTENCE] ‚úì CriticalDecisions saved to file: C:\Users\SBS\Desktop\New folder (4)\vito\.olympus\decisions\olympus-dashboard-1769510240515.json
[HEARTBEAT] 2026-01-27T10:38:50.689Z {"buildId":"olympus-dashboard-1769510240515","status":"running","currentPhase":"conversion","currentAgent":"architect_conversion","completedAgents":["oracle","empathy","venture","strategos","scope","psyche","scribe"],"runningAgents":["architect_conversion"],"failedAgents":[],"progress":22}
[HEARTBEAT] 2026-01-27T10:38:55.700Z {"buildId":"olympus-dashboard-1769510240515","status":"running","currentPhase":"conversion","currentAgent":"architect_conversion","completedAgents":["oracle","empathy","venture","strategos","scope","psyche","scribe"],"runningAgents":["architect_conversion"],"failedAgents":[],"progress":22}
[HEARTBEAT] 2026-01-27T10:39:00.706Z {"buildId":"olympus-dashboard-1769510240515","status":"running","currentPhase":"conversion","currentAgent":"architect_conversion","completedAgents":["oracle","empathy","venture","strategos","scope","psyche","scribe"],"runningAgents":["architect_conversion"],"failedAgents":[],"progress":22}
[Executor] AI execution succeeded: 5400 tokens, provider=anthropic
[Executor] Response content type: string, length: 8169
[Executor] Parsing response: {
  "page_blueprint": {
    "page_type": "sales_page",
    "sections": [
      {
        "id": "hero...
[Parser] ===== PARSING architect_conversion =====
[Parser] Raw content length: 8169
[Parser] Raw content start: {
  "page_blueprint": {
    "page_type": "sales_page",
    "sections": [
      {
        "id": "hero",
        "order": 1,
        "type": "hero",
        "headline": "Build the Future with Olympus",
...
[Parser] Extracted JSON length: 8169
[Parser] Extracted JSON start: {
  "page_blueprint": {
    "page_type": "sales_page",
    "sections": [
      {
        "id": "hero",
        "order": 1,
        "type": "hero",
        "headline": "Build the Future with Olympus",
...
[Parser] JSON.parse SUCCESS for architect_conversion
[Parser] Agent architect_conversion: parsed.files exists = false, isArray = false, length = 0
[Executor] Parsed successfully: artifacts=1, status=completed
[EXECUTOR] 2026-01-27T10:39:03.068Z - executor.execute() RETURNED for architect_conversion in 16739ms {"success":true,"hasOutput":true,"errorMessage":null,"artifactCount":1}
[Orchestrator] Agent architect_conversion - Quality Score: 100/100 (min: 60)
[Orchestrator] Agent architect_conversion - Quality PASSED on iteration 1
[PERSISTENCE] Database connection failed for critical decisions: Error: Missing SUPABASE_SERVICE_ROLE_KEY
    at createServiceRoleClient (C:\Users\SBS\Desktop\New folder (4)\vito\src\lib\auth\clients\admin.ts:20:11)
    at saveCriticalDecisions (C:\Users\SBS\Desktop\New folder (4)\vito\src\lib\agents\context\persistence.ts:189:22)
    at BuildContextManager.persistCriticalDecisions (C:\Users\SBS\Desktop\New folder (4)\vito\src\lib\agents\context\manager.ts:204:5)
    at BuildContextManager.updateCriticalDecisions (C:\Users\SBS\Desktop\New folder (4)\vito\src\lib\agents\context\manager.ts:169:10)
    at BuildContextManager.recordOutput (C:\Users\SBS\Desktop\New folder (4)\vito\src\lib\agents\context\manager.ts:147:10)
    at BuildOrchestrator.finalizeAgentSuccess (C:\Users\SBS\Desktop\New folder (4)\vito\src\lib\agents\orchestrator\orchestrator.ts:1779:18)
    at BuildOrchestrator.executeAgentWithFeedback (C:\Users\SBS\Desktop\New folder (4)\vito\src\lib\agents\orchestrator\orchestrator.ts:1481:23)
    at process.processTicksAndRejections (node:internal/process/task_queues:103:5)
    at async BuildOrchestrator.executeAgent (C:\Users\SBS\Desktop\New folder (4)\vito\src\lib\agents\orchestrator\orchestrator.ts:1234:22)
    at async Promise.all (index 0)
[PERSISTENCE] Database connection failed (non-fatal): Error: Missing SUPABASE_SERVICE_ROLE_KEY
    at createServiceRoleClient (C:\Users\SBS\Desktop\New folder (4)\vito\src\lib\auth\clients\admin.ts:20:11)
    at saveAgentOutput (C:\Users\SBS\Desktop\New folder (4)\vito\src\lib\agents\context\persistence.ts:74:22)
    at BuildOrchestrator.finalizeAgentSuccess (C:\Users\SBS\Desktop\New folder (4)\vito\src\lib\agents\orchestrator\orchestrator.ts:1780:11)
    at BuildOrchestrator.executeAgentWithFeedback (C:\Users\SBS\Desktop\New folder (4)\vito\src\lib\agents\orchestrator\orchestrator.ts:1481:23)
    at process.processTicksAndRejections (node:internal/process/task_queues:103:5)
    at async BuildOrchestrator.executeAgent (C:\Users\SBS\Desktop\New folder (4)\vito\src\lib\agents\orchestrator\orchestrator.ts:1234:22)
    at async Promise.all (index 0)
    at async BuildOrchestrator.executePhase (C:\Users\SBS\Desktop\New folder (4)\vito\src\lib\agents\orchestrator\orchestrator.ts:1060:26)
    at async BuildOrchestrator.start (C:\Users\SBS\Desktop\New folder (4)\vito\src\lib\agents\orchestrator\orchestrator.ts:658:29)
    at async runBuild (C:\Users\SBS\Desktop\New folder (4)\vito\scripts\build-olympus-dashboard.ts:189:18)
    ‚Üí Agent architect_conversion: completed (1 artifacts)
[AGENT_CALL] 2026-01-27T10:39:03.069Z - COMPLETED: architect_conversion in 16741ms, success=true
  [25%] Phase: conversion | Agents: none
[AGENT_CALL] 2026-01-27T10:39:03.069Z - ENTERING: executeAgent(conversion_judge)
[DEGRADATION] Agent conversion_judge not active in tier GOLD - skipping
[PERSISTENCE] Database connection failed for critical decisions: Error: Missing SUPABASE_SERVICE_ROLE_KEY
    at createServiceRoleClient (C:\Users\SBS\Desktop\New folder (4)\vito\src\lib\auth\clients\admin.ts:20:11)
    at saveCriticalDecisions (C:\Users\SBS\Desktop\New folder (4)\vito\src\lib\agents\context\persistence.ts:189:22)
    at BuildContextManager.persistCriticalDecisions (C:\Users\SBS\Desktop\New folder (4)\vito\src\lib\agents\context\manager.ts:204:5)
    at BuildContextManager.updateCriticalDecisions (C:\Users\SBS\Desktop\New folder (4)\vito\src\lib\agents\context\manager.ts:169:10)
    at BuildContextManager.recordOutput (C:\Users\SBS\Desktop\New folder (4)\vito\src\lib\agents\context\manager.ts:147:10)
    at BuildOrchestrator.executeAgent (C:\Users\SBS\Desktop\New folder (4)\vito\src\lib\agents\orchestrator\orchestrator.ts:1203:20)
    at <anonymous> (C:\Users\SBS\Desktop\New folder (4)\vito\src\lib\agents\orchestrator\orchestrator.ts:1053:59)
    at Array.map (<anonymous>)
    at BuildOrchestrator.executePhase (C:\Users\SBS\Desktop\New folder (4)\vito\src\lib\agents\orchestrator\orchestrator.ts:1053:37)
    at process.processTicksAndRejections (node:internal/process/task_queues:103:5)
  [28%] Phase: conversion | Agents: none
[Scheduler] Phase conversion COMPLETE. Status: [{"agentId":"psyche","completed":true,"failed":false,"optional":false},{"agentId":"scribe","completed":true,"failed":false,"optional":false},{"agentId":"architect_conversion","completed":true,"failed":false,"optional":false},{"agentId":"conversion_judge","completed":true,"failed":false,"optional":false}]
  ‚úì Phase conversion completed (completed)
[ORCH_PHASE] 2026-01-27T10:39:03.071Z - Phase conversion result: success=true, error=none
[Orchestrator] ‚úì Phase conversion completed. Completed phases: discovery, conversion
[Orchestrator] ===== PHASE 3/7: design =====
[Orchestrator] Phase agents (6): palette, grid, blocks, cartographer, flow, artist
[ORCH_PHASE] 2026-01-27T10:39:03.071Z - ENTERING: executePhase(design)
[ORCH_PHASE] 2026-01-27T10:39:03.071Z - Starting phase loop for design
[ORCH_LOOP] 2026-01-27T10:39:03.071Z - Loop iteration 1 {"phase":"design","nextAgents":["palette"],"runningAgents":[],"deadlockCounter":0,"isPhaseComplete":false}
[AGENT_CALL] 2026-01-27T10:39:03.072Z - ENTERING: executeAgent(palette)
[AGENT_CALL] 2026-01-27T10:39:03.072Z - CALLING: palette (phase: design)
[Orchestrator] Agent palette - Iteration 1/3
[ARCHON-PARSER] ‚ö†Ô∏è WARNING: ARCHON output failed validation. Using partial merge with defaults. 
  Output keys:  
  This may indicate a malformed ARCHON response.
[50X COORDINATION] palette: Injected 500 tokens of upstream constraints
[EXECUTOR] 2026-01-27T10:39:03.073Z - Creating executor for palette, iteration 1
[EXECUTOR] 2026-01-27T10:39:03.074Z - CALLING executor.execute() for palette
[PERSISTENCE] ‚úì CriticalDecisions saved to file: C:\Users\SBS\Desktop\New folder (4)\vito\.olympus\decisions\olympus-dashboard-1769510240515.json
[PERSISTENCE] ‚úì CriticalDecisions saved to file: C:\Users\SBS\Desktop\New folder (4)\vito\.olympus\decisions\olympus-dashboard-1769510240515.json
[searchExamples] Collection dimension detected: 768
[Redis] Connected successfully
[HEARTBEAT] 2026-01-27T10:39:05.708Z {"buildId":"olympus-dashboard-1769510240515","status":"running","currentPhase":"design","currentAgent":"palette","completedAgents":["oracle","empathy","venture","strategos","scope","psyche","scribe","architect_conversion","conversion_judge"],"runningAgents":["palette"],"failedAgents":[],"progress":28}
[HEARTBEAT] 2026-01-27T10:39:10.720Z {"buildId":"olympus-dashboard-1769510240515","status":"running","currentPhase":"design","currentAgent":"palette","completedAgents":["oracle","empathy","venture","strategos","scope","psyche","scribe","architect_conversion","conversion_judge"],"runningAgents":["palette"],"failedAgents":[],"progress":28}
[HEARTBEAT] 2026-01-27T10:39:15.734Z {"buildId":"olympus-dashboard-1769510240515","status":"running","currentPhase":"design","currentAgent":"palette","completedAgents":["oracle","empathy","venture","strategos","scope","psyche","scribe","architect_conversion","conversion_judge"],"runningAgents":["palette"],"failedAgents":[],"progress":28}
[HEARTBEAT] 2026-01-27T10:39:20.740Z {"buildId":"olympus-dashboard-1769510240515","status":"running","currentPhase":"design","currentAgent":"palette","completedAgents":["oracle","empathy","venture","strategos","scope","psyche","scribe","architect_conversion","conversion_judge"],"runningAgents":["palette"],"failedAgents":[],"progress":28}
[Executor] AI execution succeeded: 8814 tokens, provider=anthropic
[Executor] Response content type: string, length: 5501
[Executor] Parsing response: {
  "brand_interpretation": {
    "user_request": "build the OLYMPUS Builder Dashboard v1.0",
    "i...
[Parser] ===== PARSING palette =====
[Parser] Raw content length: 5501
[Parser] Raw content start: {
  "brand_interpretation": {
    "user_request": "build the OLYMPUS Builder Dashboard v1.0",
    "interpreted_as": "A sophisticated, dark-mode design system with a focus on functionality, data visual...
[Parser] Extracted JSON length: 5501
[Parser] Extracted JSON start: {
  "brand_interpretation": {
    "user_request": "build the OLYMPUS Builder Dashboard v1.0",
    "interpreted_as": "A sophisticated, dark-mode design system with a focus on functionality, data visual...
[Parser] JSON.parse SUCCESS for palette
[Parser] Agent palette: parsed.files exists = false, isArray = false, length = 0
[Executor] Parsed successfully: artifacts=1, status=completed
[EXECUTOR] 2026-01-27T10:39:22.686Z - executor.execute() RETURNED for palette in 19612ms {"success":true,"hasOutput":true,"errorMessage":null,"artifactCount":1}
[Orchestrator] Agent palette - Quality Score: 100/100 (min: 60)
[Orchestrator] Agent palette - Quality PASSED on iteration 1
[PERSISTENCE] Database connection failed for critical decisions: Error: Missing SUPABASE_SERVICE_ROLE_KEY
    at createServiceRoleClient (C:\Users\SBS\Desktop\New folder (4)\vito\src\lib\auth\clients\admin.ts:20:11)
    at saveCriticalDecisions (C:\Users\SBS\Desktop\New folder (4)\vito\src\lib\agents\context\persistence.ts:189:22)
    at BuildContextManager.persistCriticalDecisions (C:\Users\SBS\Desktop\New folder (4)\vito\src\lib\agents\context\manager.ts:204:5)
    at BuildContextManager.updateCriticalDecisions (C:\Users\SBS\Desktop\New folder (4)\vito\src\lib\agents\context\manager.ts:169:10)
    at BuildContextManager.recordOutput (C:\Users\SBS\Desktop\New folder (4)\vito\src\lib\agents\context\manager.ts:147:10)
    at BuildOrchestrator.finalizeAgentSuccess (C:\Users\SBS\Desktop\New folder (4)\vito\src\lib\agents\orchestrator\orchestrator.ts:1779:18)
    at BuildOrchestrator.executeAgentWithFeedback (C:\Users\SBS\Desktop\New folder (4)\vito\src\lib\agents\orchestrator\orchestrator.ts:1481:23)
    at process.processTicksAndRejections (node:internal/process/task_queues:103:5)
    at async BuildOrchestrator.executeAgent (C:\Users\SBS\Desktop\New folder (4)\vito\src\lib\agents\orchestrator\orchestrator.ts:1234:22)
    at async Promise.all (index 0)
[PERSISTENCE] Database connection failed (non-fatal): Error: Missing SUPABASE_SERVICE_ROLE_KEY
    at createServiceRoleClient (C:\Users\SBS\Desktop\New folder (4)\vito\src\lib\auth\clients\admin.ts:20:11)
    at saveAgentOutput (C:\Users\SBS\Desktop\New folder (4)\vito\src\lib\agents\context\persistence.ts:74:22)
    at BuildOrchestrator.finalizeAgentSuccess (C:\Users\SBS\Desktop\New folder (4)\vito\src\lib\agents\orchestrator\orchestrator.ts:1780:11)
    at BuildOrchestrator.executeAgentWithFeedback (C:\Users\SBS\Desktop\New folder (4)\vito\src\lib\agents\orchestrator\orchestrator.ts:1481:23)
    at process.processTicksAndRejections (node:internal/process/task_queues:103:5)
    at async BuildOrchestrator.executeAgent (C:\Users\SBS\Desktop\New folder (4)\vito\src\lib\agents\orchestrator\orchestrator.ts:1234:22)
    at async Promise.all (index 0)
    at async BuildOrchestrator.executePhase (C:\Users\SBS\Desktop\New folder (4)\vito\src\lib\agents\orchestrator\orchestrator.ts:1060:26)
    at async BuildOrchestrator.start (C:\Users\SBS\Desktop\New folder (4)\vito\src\lib\agents\orchestrator\orchestrator.ts:658:29)
    at async runBuild (C:\Users\SBS\Desktop\New folder (4)\vito\scripts\build-olympus-dashboard.ts:189:18)
    ‚Üí Agent palette: completed (1 artifacts)
[AGENT_CALL] 2026-01-27T10:39:22.687Z - COMPLETED: palette in 19615ms, success=true
  [31%] Phase: design | Agents: none
[AGENT_CALL] 2026-01-27T10:39:22.687Z - ENTERING: executeAgent(grid)
[DEGRADATION] Agent grid not active in tier GOLD - skipping
[PERSISTENCE] Database connection failed for critical decisions: Error: Missing SUPABASE_SERVICE_ROLE_KEY
    at createServiceRoleClient (C:\Users\SBS\Desktop\New folder (4)\vito\src\lib\auth\clients\admin.ts:20:11)
    at saveCriticalDecisions (C:\Users\SBS\Desktop\New folder (4)\vito\src\lib\agents\context\persistence.ts:189:22)
    at BuildContextManager.persistCriticalDecisions (C:\Users\SBS\Desktop\New folder (4)\vito\src\lib\agents\context\manager.ts:204:5)
    at BuildContextManager.updateCriticalDecisions (C:\Users\SBS\Desktop\New folder (4)\vito\src\lib\agents\context\manager.ts:169:10)
    at BuildContextManager.recordOutput (C:\Users\SBS\Desktop\New folder (4)\vito\src\lib\agents\context\manager.ts:147:10)
    at BuildOrchestrator.executeAgent (C:\Users\SBS\Desktop\New folder (4)\vito\src\lib\agents\orchestrator\orchestrator.ts:1203:20)
    at <anonymous> (C:\Users\SBS\Desktop\New folder (4)\vito\src\lib\agents\orchestrator\orchestrator.ts:1053:59)
    at Array.map (<anonymous>)
    at BuildOrchestrator.executePhase (C:\Users\SBS\Desktop\New folder (4)\vito\src\lib\agents\orchestrator\orchestrator.ts:1053:37)
    at process.processTicksAndRejections (node:internal/process/task_queues:103:5)
  [34%] Phase: design | Agents: none
[AGENT_CALL] 2026-01-27T10:39:22.689Z - ENTERING: executeAgent(blocks)
[AGENT_CALL] 2026-01-27T10:39:22.689Z - CALLING: blocks (phase: design)
[Orchestrator] Agent blocks - Iteration 1/3
[ARCHON-PARSER] ‚ö†Ô∏è WARNING: ARCHON output failed validation. Using partial merge with defaults. 
  Output keys:  
  This may indicate a malformed ARCHON response.
[50X COORDINATION] blocks: Injected 845 tokens of upstream constraints
[EXECUTOR] 2026-01-27T10:39:22.689Z - Creating executor for blocks, iteration 1
[EXECUTOR] 2026-01-27T10:39:22.689Z - CALLING executor.execute() for blocks
[Executor] Dependency grid was skipped (tier_degradation). Agent blocks will use fallback behavior.
[PERSISTENCE] ‚úì CriticalDecisions saved to file: C:\Users\SBS\Desktop\New folder (4)\vito\.olympus\decisions\olympus-dashboard-1769510240515.json
[PERSISTENCE] ‚úì CriticalDecisions saved to file: C:\Users\SBS\Desktop\New folder (4)\vito\.olympus\decisions\olympus-dashboard-1769510240515.json
[HEARTBEAT] 2026-01-27T10:39:25.750Z {"buildId":"olympus-dashboard-1769510240515","status":"running","currentPhase":"design","currentAgent":"blocks","completedAgents":["oracle","empathy","venture","strategos","scope","psyche","scribe","architect_conversion","conversion_judge","palette","grid"],"runningAgents":["blocks"],"failedAgents":[],"progress":34}
[HEARTBEAT] 2026-01-27T10:39:30.764Z {"buildId":"olympus-dashboard-1769510240515","status":"running","currentPhase":"design","currentAgent":"blocks","completedAgents":["oracle","empathy","venture","strategos","scope","psyche","scribe","architect_conversion","conversion_judge","palette","grid"],"runningAgents":["blocks"],"failedAgents":[],"progress":34}
[HEARTBEAT] 2026-01-27T10:39:35.767Z {"buildId":"olympus-dashboard-1769510240515","status":"running","currentPhase":"design","currentAgent":"blocks","completedAgents":["oracle","empathy","venture","strategos","scope","psyche","scribe","architect_conversion","conversion_judge","palette","grid"],"runningAgents":["blocks"],"failedAgents":[],"progress":34}
[HEARTBEAT] 2026-01-27T10:39:40.768Z {"buildId":"olympus-dashboard-1769510240515","status":"running","currentPhase":"design","currentAgent":"blocks","completedAgents":["oracle","empathy","venture","strategos","scope","psyche","scribe","architect_conversion","conversion_judge","palette","grid"],"runningAgents":["blocks"],"failedAgents":[],"progress":34}
[HEARTBEAT] 2026-01-27T10:39:45.772Z {"buildId":"olympus-dashboard-1769510240515","status":"running","currentPhase":"design","currentAgent":"blocks","completedAgents":["oracle","empathy","venture","strategos","scope","psyche","scribe","architect_conversion","conversion_judge","palette","grid"],"runningAgents":["blocks"],"failedAgents":[],"progress":34}
[HEARTBEAT] 2026-01-27T10:39:50.779Z {"buildId":"olympus-dashboard-1769510240515","status":"running","currentPhase":"design","currentAgent":"blocks","completedAgents":["oracle","empathy","venture","strategos","scope","psyche","scribe","architect_conversion","conversion_judge","palette","grid"],"runningAgents":["blocks"],"failedAgents":[],"progress":34}
[Executor] AI execution succeeded: 19199 tokens, provider=anthropic
[Executor] Response content type: string, length: 12965
[Executor] Parsing response: {
  "architecture_overview": {
    "total_components": 60,
    "atoms": 8,
    "molecules": 32,
    ...
[Parser] ===== PARSING blocks =====
[Parser] Raw content length: 12965
[Parser] Raw content start: {
  "architecture_overview": {
    "total_components": 60,
    "atoms": 8,
    "molecules": 32,
    "organisms": 15,
    "templates": 5,
    "design_system": "OLYMPUS 50X"
  },
  "design_tokens_consum...
[Parser] Extracted JSON length: 12887
[Parser] Extracted JSON start: {
  "architecture_overview": {
    "total_components": 60,
    "atoms": 8,
    "molecules": 32,
    "organisms": 15,
    "templates": 5,
    "design_system": "OLYMPUS 50X"
  },
  "design_tokens_consum...
[Parser] ===== PARSE FAILED for blocks =====
[Parser] Error: Expected ',' or '}' after property value in JSON at position 12887 (line 508 column 10)
[Parser] Raw content first 500 chars: {
  "architecture_overview": {
    "total_components": 60,
    "atoms": 8,
    "molecules": 32,
    "organisms": 15,
    "templates": 5,
    "design_system": "OLYMPUS 50X"
  },
  "design_tokens_consumed": {
    "from_palette": [
      "colors",
      "typography",
      "spacing",
      "radius",
      "shadows",
      "motion"
    ],
    "token_mapping": {
      "button.background": "colors.primary.500",
      "button.text": "colors.neutral.50"
    }
  },
  "components": [
    {
      "name": "
[Executor] Parsed successfully: artifacts=1, status=completed
[EXECUTOR] 2026-01-27T10:39:54.975Z - executor.execute() RETURNED for blocks in 32285ms {"success":true,"hasOutput":true,"errorMessage":null,"artifactCount":1}
[Orchestrator] Agent blocks - Quality Score: 100/100 (min: 60)
[Orchestrator] Agent blocks - Quality PASSED on iteration 1
[JSON] Parse failed in critical-summarizer:paletteDecisions: SyntaxError: Unterminated string in JSON at position 12965 (line 511 column 24)
    at JSON.parse (<anonymous>)
    at safeJsonParse (C:\Users\SBS\Desktop\New folder (4)\vito\src\lib\utils\safe-json.ts:23:17)
    at extractPaletteDecisions (C:\Users\SBS\Desktop\New folder (4)\vito\src\lib\agents\coordination\critical-summarizer.ts:241:18)
    at updateCriticalDecisions (C:\Users\SBS\Desktop\New folder (4)\vito\src\lib\agents\coordination\critical-summarizer.ts:502:27)
    at BuildContextManager.updateCriticalDecisions (C:\Users\SBS\Desktop\New folder (4)\vito\src\lib\agents\context\manager.ts:160:33)
    at BuildContextManager.recordOutput (C:\Users\SBS\Desktop\New folder (4)\vito\src\lib\agents\context\manager.ts:147:10)
    at BuildOrchestrator.finalizeAgentSuccess (C:\Users\SBS\Desktop\New folder (4)\vito\src\lib\agents\orchestrator\orchestrator.ts:1779:18)
    at BuildOrchestrator.executeAgentWithFeedback (C:\Users\SBS\Desktop\New folder (4)\vito\src\lib\agents\orchestrator\orchestrator.ts:1481:23)
    at process.processTicksAndRejections (node:internal/process/task_queues:103:5)
    at async BuildOrchestrator.executeAgent (C:\Users\SBS\Desktop\New folder (4)\vito\src\lib\agents\orchestrator\orchestrator.ts:1234:22)
[JSON] Content preview: {
  "architecture_overview": {
    "total_components": 60,
    "atoms": 8,
    "molecules": 32,
    "organisms": 15,
    "templates": 5,
    "design_system": "OLYMPUS 50X"
  },
  "design_tokens_consum...
[PERSISTENCE] Database connection failed for critical decisions: Error: Missing SUPABASE_SERVICE_ROLE_KEY
    at createServiceRoleClient (C:\Users\SBS\Desktop\New folder (4)\vito\src\lib\auth\clients\admin.ts:20:11)
    at saveCriticalDecisions (C:\Users\SBS\Desktop\New folder (4)\vito\src\lib\agents\context\persistence.ts:189:22)
    at BuildContextManager.persistCriticalDecisions (C:\Users\SBS\Desktop\New folder (4)\vito\src\lib\agents\context\manager.ts:204:5)
    at BuildContextManager.updateCriticalDecisions (C:\Users\SBS\Desktop\New folder (4)\vito\src\lib\agents\context\manager.ts:169:10)
    at BuildContextManager.recordOutput (C:\Users\SBS\Desktop\New folder (4)\vito\src\lib\agents\context\manager.ts:147:10)
    at BuildOrchestrator.finalizeAgentSuccess (C:\Users\SBS\Desktop\New folder (4)\vito\src\lib\agents\orchestrator\orchestrator.ts:1779:18)
    at BuildOrchestrator.executeAgentWithFeedback (C:\Users\SBS\Desktop\New folder (4)\vito\src\lib\agents\orchestrator\orchestrator.ts:1481:23)
    at process.processTicksAndRejections (node:internal/process/task_queues:103:5)
    at async BuildOrchestrator.executeAgent (C:\Users\SBS\Desktop\New folder (4)\vito\src\lib\agents\orchestrator\orchestrator.ts:1234:22)
    at async Promise.all (index 0)
[PERSISTENCE] Database connection failed (non-fatal): Error: Missing SUPABASE_SERVICE_ROLE_KEY
    at createServiceRoleClient (C:\Users\SBS\Desktop\New folder (4)\vito\src\lib\auth\clients\admin.ts:20:11)
    at saveAgentOutput (C:\Users\SBS\Desktop\New folder (4)\vito\src\lib\agents\context\persistence.ts:74:22)
    at BuildOrchestrator.finalizeAgentSuccess (C:\Users\SBS\Desktop\New folder (4)\vito\src\lib\agents\orchestrator\orchestrator.ts:1780:11)
    at BuildOrchestrator.executeAgentWithFeedback (C:\Users\SBS\Desktop\New folder (4)\vito\src\lib\agents\orchestrator\orchestrator.ts:1481:23)
    at process.processTicksAndRejections (node:internal/process/task_queues:103:5)
    at async BuildOrchestrator.executeAgent (C:\Users\SBS\Desktop\New folder (4)\vito\src\lib\agents\orchestrator\orchestrator.ts:1234:22)
    at async Promise.all (index 0)
    at async BuildOrchestrator.executePhase (C:\Users\SBS\Desktop\New folder (4)\vito\src\lib\agents\orchestrator\orchestrator.ts:1060:26)
    at async BuildOrchestrator.start (C:\Users\SBS\Desktop\New folder (4)\vito\src\lib\agents\orchestrator\orchestrator.ts:658:29)
    at async runBuild (C:\Users\SBS\Desktop\New folder (4)\vito\scripts\build-olympus-dashboard.ts:189:18)
    ‚Üí Agent blocks: completed (1 artifacts)
[AGENT_CALL] 2026-01-27T10:39:54.978Z - COMPLETED: blocks in 32289ms, success=true
  [38%] Phase: design | Agents: none
[AGENT_CALL] 2026-01-27T10:39:54.978Z - ENTERING: executeAgent(cartographer)
[AGENT_CALL] 2026-01-27T10:39:54.979Z - CALLING: cartographer (phase: design)
[Orchestrator] Agent cartographer - Iteration 1/3
[ARCHON-PARSER] ‚ö†Ô∏è WARNING: ARCHON output failed validation. Using partial merge with defaults. 
  Output keys:  
  This may indicate a malformed ARCHON response.
[50X COORDINATION] cartographer: Injected 286 tokens of upstream constraints
[EXECUTOR] 2026-01-27T10:39:54.979Z - Creating executor for cartographer, iteration 1
[EXECUTOR] 2026-01-27T10:39:54.979Z - CALLING executor.execute() for cartographer
[PERSISTENCE] ‚úì CriticalDecisions saved to file: C:\Users\SBS\Desktop\New folder (4)\vito\.olympus\decisions\olympus-dashboard-1769510240515.json
[HEARTBEAT] 2026-01-27T10:39:55.785Z {"buildId":"olympus-dashboard-1769510240515","status":"running","currentPhase":"design","currentAgent":"cartographer","completedAgents":["oracle","empathy","venture","strategos","scope","psyche","scribe","architect_conversion","conversion_judge","palette","grid","blocks"],"runningAgents":["cartographer"],"failedAgents":[],"progress":38}
[HEARTBEAT] 2026-01-27T10:40:00.790Z {"buildId":"olympus-dashboard-1769510240515","status":"running","currentPhase":"design","currentAgent":"cartographer","completedAgents":["oracle","empathy","venture","strategos","scope","psyche","scribe","architect_conversion","conversion_judge","palette","grid","blocks"],"runningAgents":["cartographer"],"failedAgents":[],"progress":38}
[HEARTBEAT] 2026-01-27T10:40:05.792Z {"buildId":"olympus-dashboard-1769510240515","status":"running","currentPhase":"design","currentAgent":"cartographer","completedAgents":["oracle","empathy","venture","strategos","scope","psyche","scribe","architect_conversion","conversion_judge","palette","grid","blocks"],"runningAgents":["cartographer"],"failedAgents":[],"progress":38}
[Executor] AI execution succeeded: 6130 tokens, provider=anthropic
[Executor] Response content type: string, length: 7252
[Executor] Parsing response: {
  "sitemap": {
    "pages": [
      {
        "id": "page_console",
        "path": "/console",
  ...
[Parser] ===== PARSING cartographer =====
[Parser] Raw content length: 7252
[Parser] Raw content start: {
  "sitemap": {
    "pages": [
      {
        "id": "page_console",
        "path": "/console",
        "title": "Build Console",
        "description": "Main dashboard for monitoring and managing b...
[Parser] Extracted JSON length: 7252
[Parser] Extracted JSON start: {
  "sitemap": {
    "pages": [
      {
        "id": "page_console",
        "path": "/console",
        "title": "Build Console",
        "description": "Main dashboard for monitoring and managing b...
[Parser] JSON.parse SUCCESS for cartographer
[Parser] Agent cartographer: parsed.files exists = false, isArray = false, length = 0
[Executor] Parsed successfully: artifacts=1, status=completed
Agent cartographer validation issues: 1 error(s): Missing required field: pages
[EXECUTOR] 2026-01-27T10:40:09.757Z - executor.execute() RETURNED for cartographer in 14778ms {"success":true,"hasOutput":true,"errorMessage":null,"artifactCount":1}
[Orchestrator] Agent cartographer - Quality Score: 100/100 (min: 60)
[Orchestrator] Agent cartographer - Quality PASSED on iteration 1
[PERSISTENCE] Database connection failed for critical decisions: Error: Missing SUPABASE_SERVICE_ROLE_KEY
    at createServiceRoleClient (C:\Users\SBS\Desktop\New folder (4)\vito\src\lib\auth\clients\admin.ts:20:11)
    at saveCriticalDecisions (C:\Users\SBS\Desktop\New folder (4)\vito\src\lib\agents\context\persistence.ts:189:22)
    at BuildContextManager.persistCriticalDecisions (C:\Users\SBS\Desktop\New folder (4)\vito\src\lib\agents\context\manager.ts:204:5)
    at BuildContextManager.updateCriticalDecisions (C:\Users\SBS\Desktop\New folder (4)\vito\src\lib\agents\context\manager.ts:169:10)
    at BuildContextManager.recordOutput (C:\Users\SBS\Desktop\New folder (4)\vito\src\lib\agents\context\manager.ts:147:10)
    at BuildOrchestrator.finalizeAgentSuccess (C:\Users\SBS\Desktop\New folder (4)\vito\src\lib\agents\orchestrator\orchestrator.ts:1779:18)
    at BuildOrchestrator.executeAgentWithFeedback (C:\Users\SBS\Desktop\New folder (4)\vito\src\lib\agents\orchestrator\orchestrator.ts:1481:23)
    at process.processTicksAndRejections (node:internal/process/task_queues:103:5)
    at async BuildOrchestrator.executeAgent (C:\Users\SBS\Desktop\New folder (4)\vito\src\lib\agents\orchestrator\orchestrator.ts:1234:22)
    at async Promise.all (index 0)
[PERSISTENCE] Database connection failed (non-fatal): Error: Missing SUPABASE_SERVICE_ROLE_KEY
    at createServiceRoleClient (C:\Users\SBS\Desktop\New folder (4)\vito\src\lib\auth\clients\admin.ts:20:11)
    at saveAgentOutput (C:\Users\SBS\Desktop\New folder (4)\vito\src\lib\agents\context\persistence.ts:74:22)
    at BuildOrchestrator.finalizeAgentSuccess (C:\Users\SBS\Desktop\New folder (4)\vito\src\lib\agents\orchestrator\orchestrator.ts:1780:11)
    at BuildOrchestrator.executeAgentWithFeedback (C:\Users\SBS\Desktop\New folder (4)\vito\src\lib\agents\orchestrator\orchestrator.ts:1481:23)
    at process.processTicksAndRejections (node:internal/process/task_queues:103:5)
    at async BuildOrchestrator.executeAgent (C:\Users\SBS\Desktop\New folder (4)\vito\src\lib\agents\orchestrator\orchestrator.ts:1234:22)
    at async Promise.all (index 0)
    at async BuildOrchestrator.executePhase (C:\Users\SBS\Desktop\New folder (4)\vito\src\lib\agents\orchestrator\orchestrator.ts:1060:26)
    at async BuildOrchestrator.start (C:\Users\SBS\Desktop\New folder (4)\vito\src\lib\agents\orchestrator\orchestrator.ts:658:29)
    at async runBuild (C:\Users\SBS\Desktop\New folder (4)\vito\scripts\build-olympus-dashboard.ts:189:18)
    ‚Üí Agent cartographer: completed (1 artifacts)
[AGENT_CALL] 2026-01-27T10:40:09.759Z - COMPLETED: cartographer in 14781ms, success=true
  [41%] Phase: design | Agents: none
[AGENT_CALL] 2026-01-27T10:40:09.759Z - ENTERING: executeAgent(flow)
[DEGRADATION] Agent flow not active in tier GOLD - skipping
[PERSISTENCE] Database connection failed for critical decisions: Error: Missing SUPABASE_SERVICE_ROLE_KEY
    at createServiceRoleClient (C:\Users\SBS\Desktop\New folder (4)\vito\src\lib\auth\clients\admin.ts:20:11)
    at saveCriticalDecisions (C:\Users\SBS\Desktop\New folder (4)\vito\src\lib\agents\context\persistence.ts:189:22)
    at BuildContextManager.persistCriticalDecisions (C:\Users\SBS\Desktop\New folder (4)\vito\src\lib\agents\context\manager.ts:204:5)
    at BuildContextManager.updateCriticalDecisions (C:\Users\SBS\Desktop\New folder (4)\vito\src\lib\agents\context\manager.ts:169:10)
    at BuildContextManager.recordOutput (C:\Users\SBS\Desktop\New folder (4)\vito\src\lib\agents\context\manager.ts:147:10)
    at BuildOrchestrator.executeAgent (C:\Users\SBS\Desktop\New folder (4)\vito\src\lib\agents\orchestrator\orchestrator.ts:1203:20)
    at <anonymous> (C:\Users\SBS\Desktop\New folder (4)\vito\src\lib\agents\orchestrator\orchestrator.ts:1053:59)
    at Array.map (<anonymous>)
    at BuildOrchestrator.executePhase (C:\Users\SBS\Desktop\New folder (4)\vito\src\lib\agents\orchestrator\orchestrator.ts:1053:37)
    at process.processTicksAndRejections (node:internal/process/task_queues:103:5)
  [44%] Phase: design | Agents: none
[AGENT_CALL] 2026-01-27T10:40:09.760Z - ENTERING: executeAgent(artist)
[AGENT_CALL] 2026-01-27T10:40:09.760Z - CALLING: artist (phase: design)
[Orchestrator] Agent artist - Iteration 1/3
[ARCHON-PARSER] ‚ö†Ô∏è WARNING: ARCHON output failed validation. Using partial merge with defaults. 
  Output keys:  
  This may indicate a malformed ARCHON response.
[50X COORDINATION] artist: Injected 500 tokens of upstream constraints
[EXECUTOR] 2026-01-27T10:40:09.761Z - Creating executor for artist, iteration 1
[EXECUTOR] 2026-01-27T10:40:09.761Z - CALLING executor.execute() for artist
[PERSISTENCE] ‚úì CriticalDecisions saved to file: C:\Users\SBS\Desktop\New folder (4)\vito\.olympus\decisions\olympus-dashboard-1769510240515.json
[PERSISTENCE] ‚úì CriticalDecisions saved to file: C:\Users\SBS\Desktop\New folder (4)\vito\.olympus\decisions\olympus-dashboard-1769510240515.json
[HEARTBEAT] 2026-01-27T10:40:10.795Z {"buildId":"olympus-dashboard-1769510240515","status":"running","currentPhase":"design","currentAgent":"artist","completedAgents":["oracle","empathy","venture","strategos","scope","psyche","scribe","architect_conversion","conversion_judge","palette","grid","blocks","cartographer","flow"],"runningAgents":["artist"],"failedAgents":[],"progress":44}
[HEARTBEAT] 2026-01-27T10:40:15.803Z {"buildId":"olympus-dashboard-1769510240515","status":"running","currentPhase":"design","currentAgent":"artist","completedAgents":["oracle","empathy","venture","strategos","scope","psyche","scribe","architect_conversion","conversion_judge","palette","grid","blocks","cartographer","flow"],"runningAgents":["artist"],"failedAgents":[],"progress":44}
[Executor] AI execution succeeded: 2456 tokens, provider=anthropic
[Executor] Response content type: string, length: 4536
[Executor] Parsing response: Here is the JSON output for the image requirements and prompts for the OLYMPUS Builder Dashboard v1....
[Parser] ===== PARSING artist =====
[Parser] Raw content length: 4536
[Parser] Raw content start: Here is the JSON output for the image requirements and prompts for the OLYMPUS Builder Dashboard v1.0:

{
  "imageRequirements": [
    {
      "type": "hero",
      "description": "A visually striking...
[Parser] Extracted JSON length: 4432
[Parser] Extracted JSON start: {
  "imageRequirements": [
    {
      "type": "hero",
      "description": "A visually striking hero image that captures the essence of the OLYMPUS Builder Dashboard. Should convey a sense of power, ...
[Parser] JSON.parse SUCCESS for artist
[Parser] Agent artist: parsed.files exists = false, isArray = false, length = 0
[Executor] Parsed successfully: artifacts=1, status=completed
[EXECUTOR] 2026-01-27T10:40:19.247Z - executor.execute() RETURNED for artist in 9486ms {"success":true,"hasOutput":true,"errorMessage":null,"artifactCount":1}
[Orchestrator] Agent artist - Quality Score: 100/100 (min: 60)
[Orchestrator] Agent artist - Quality PASSED on iteration 1
[PERSISTENCE] Database connection failed for critical decisions: Error: Missing SUPABASE_SERVICE_ROLE_KEY
    at createServiceRoleClient (C:\Users\SBS\Desktop\New folder (4)\vito\src\lib\auth\clients\admin.ts:20:11)
    at saveCriticalDecisions (C:\Users\SBS\Desktop\New folder (4)\vito\src\lib\agents\context\persistence.ts:189:22)
    at BuildContextManager.persistCriticalDecisions (C:\Users\SBS\Desktop\New folder (4)\vito\src\lib\agents\context\manager.ts:204:5)
    at BuildContextManager.updateCriticalDecisions (C:\Users\SBS\Desktop\New folder (4)\vito\src\lib\agents\context\manager.ts:169:10)
    at BuildContextManager.recordOutput (C:\Users\SBS\Desktop\New folder (4)\vito\src\lib\agents\context\manager.ts:147:10)
    at BuildOrchestrator.finalizeAgentSuccess (C:\Users\SBS\Desktop\New folder (4)\vito\src\lib\agents\orchestrator\orchestrator.ts:1779:18)
    at BuildOrchestrator.executeAgentWithFeedback (C:\Users\SBS\Desktop\New folder (4)\vito\src\lib\agents\orchestrator\orchestrator.ts:1481:23)
    at process.processTicksAndRejections (node:internal/process/task_queues:103:5)
    at async BuildOrchestrator.executeAgent (C:\Users\SBS\Desktop\New folder (4)\vito\src\lib\agents\orchestrator\orchestrator.ts:1234:22)
    at async Promise.all (index 0)
[PERSISTENCE] Database connection failed (non-fatal): Error: Missing SUPABASE_SERVICE_ROLE_KEY
    at createServiceRoleClient (C:\Users\SBS\Desktop\New folder (4)\vito\src\lib\auth\clients\admin.ts:20:11)
    at saveAgentOutput (C:\Users\SBS\Desktop\New folder (4)\vito\src\lib\agents\context\persistence.ts:74:22)
    at BuildOrchestrator.finalizeAgentSuccess (C:\Users\SBS\Desktop\New folder (4)\vito\src\lib\agents\orchestrator\orchestrator.ts:1780:11)
    at BuildOrchestrator.executeAgentWithFeedback (C:\Users\SBS\Desktop\New folder (4)\vito\src\lib\agents\orchestrator\orchestrator.ts:1481:23)
    at process.processTicksAndRejections (node:internal/process/task_queues:103:5)
    at async BuildOrchestrator.executeAgent (C:\Users\SBS\Desktop\New folder (4)\vito\src\lib\agents\orchestrator\orchestrator.ts:1234:22)
    at async Promise.all (index 0)
    at async BuildOrchestrator.executePhase (C:\Users\SBS\Desktop\New folder (4)\vito\src\lib\agents\orchestrator\orchestrator.ts:1060:26)
    at async BuildOrchestrator.start (C:\Users\SBS\Desktop\New folder (4)\vito\src\lib\agents\orchestrator\orchestrator.ts:658:29)
    at async runBuild (C:\Users\SBS\Desktop\New folder (4)\vito\scripts\build-olympus-dashboard.ts:189:18)
    ‚Üí Agent artist: completed (1 artifacts)
[AGENT_CALL] 2026-01-27T10:40:19.249Z - COMPLETED: artist in 9489ms, success=true
  [47%] Phase: design | Agents: none
[Scheduler] Phase design COMPLETE. Status: [{"agentId":"palette","completed":true,"failed":false,"optional":false},{"agentId":"grid","completed":true,"failed":false,"optional":false},{"agentId":"blocks","completed":true,"failed":false,"optional":false},{"agentId":"cartographer","completed":true,"failed":false,"optional":false},{"agentId":"flow","completed":true,"failed":false,"optional":false},{"agentId":"artist","completed":true,"failed":false,"optional":true}]
  ‚úì Phase design completed (completed)
[ORCH_PHASE] 2026-01-27T10:40:19.251Z - Phase design result: success=true, error=none
[Orchestrator] ‚úì Phase design completed. Completed phases: discovery, conversion, design
[Orchestrator] ===== PHASE 4/7: architecture =====
[Orchestrator] Phase agents (6): archon, datum, nexus, forge, sentinel, atlas
[ORCH_PHASE] 2026-01-27T10:40:19.252Z - ENTERING: executePhase(architecture)
[ORCH_PHASE] 2026-01-27T10:40:19.252Z - Starting phase loop for architecture
[ORCH_LOOP] 2026-01-27T10:40:19.252Z - Loop iteration 1 {"phase":"architecture","nextAgents":["archon"],"runningAgents":[],"deadlockCounter":0,"isPhaseComplete":false}
[AGENT_CALL] 2026-01-27T10:40:19.252Z - ENTERING: executeAgent(archon)
[AGENT_CALL] 2026-01-27T10:40:19.252Z - CALLING: archon (phase: architecture)
[Orchestrator] Agent archon - Iteration 1/3
[ARCHON-PARSER] ‚ö†Ô∏è WARNING: ARCHON output failed validation. Using partial merge with defaults. 
  Output keys:  
  This may indicate a malformed ARCHON response.
[EXECUTOR] 2026-01-27T10:40:19.253Z - Creating executor for archon, iteration 1
[EXECUTOR] 2026-01-27T10:40:19.253Z - CALLING executor.execute() for archon
[PERSISTENCE] ‚úì CriticalDecisions saved to file: C:\Users\SBS\Desktop\New folder (4)\vito\.olympus\decisions\olympus-dashboard-1769510240515.json
Anthropic completion failed after 1057ms: NotFoundError: 404 {"type":"error","error":{"type":"not_found_error","message":"model: claude-3-5-sonnet-20241022"},"request_id":"req_011CXXjv3Sw7AsJkwjSzHWgU"}
    at APIError.generate (C:\Users\SBS\Desktop\New folder (4)\vito\node_modules\@anthropic-ai\sdk\src\core\error.ts:75:14)
    at Anthropic.makeStatusError (C:\Users\SBS\Desktop\New folder (4)\vito\node_modules\@anthropic-ai\sdk\src\client.ts:443:28)
    at Anthropic.makeRequest (C:\Users\SBS\Desktop\New folder (4)\vito\node_modules\@anthropic-ai\sdk\src\client.ts:678:24)
    at process.processTicksAndRejections (node:internal/process/task_queues:103:5)
    at async AnthropicProvider.complete (C:\Users\SBS\Desktop\New folder (4)\vito\src\lib\agents\providers\anthropic.ts:200:24)
    at async AIRouter.execute (C:\Users\SBS\Desktop\New folder (4)\vito\src\lib\agents\providers\router.ts:248:26)
    at async AgentExecutor.executeCompletion (C:\Users\SBS\Desktop\New folder (4)\vito\src\lib\agents\executor\executor.ts:152:20)
    at async RetryHandler.executeWithRetry (C:\Users\SBS\Desktop\New folder (4)\vito\src\lib\agents\executor\retry.ts:63:24)
    at async AgentExecutor.execute (C:\Users\SBS\Desktop\New folder (4)\vito\src\lib\agents\executor\executor.ts:95:22)
    at async BuildOrchestrator.executeAgentWithFeedback (C:\Users\SBS\Desktop\New folder (4)\vito\src\lib\agents\orchestrator\orchestrator.ts:1393:22) {
  status: 404,
  headers: Headers {
    date: 'Tue, 27 Jan 2026 10:40:19 GMT',
    'content-type': 'application/json',
    'transfer-encoding': 'chunked',
    connection: 'keep-alive',
    'x-should-retry': 'false',
    'request-id': 'req_011CXXjv3Sw7AsJkwjSzHWgU',
    'strict-transport-security': 'max-age=31536000; includeSubDomains; preload',
    'anthropic-organization-id': 'd06567ef-3469-4f53-ac13-52b8fe9f18b6',
    server: 'cloudflare',
    'x-envoy-upstream-service-time': '41',
    'cf-cache-status': 'DYNAMIC',
    'x-robots-tag': 'none',
    'content-encoding': 'gzip',
    'cf-ray': '9c47a198ee48a01f-MXP'
  },
  requestID: 'req_011CXXjv3Sw7AsJkwjSzHWgU',
  error: {
    type: 'error',
    error: {
      type: 'not_found_error',
      message: 'model: claude-3-5-sonnet-20241022'
    },
    request_id: 'req_011CXXjv3Sw7AsJkwjSzHWgU'
  }
}
Primary provider anthropic failed: 404 {"type":"error","error":{"type":"not_found_error","message":"model: claude-3-5-sonnet-20241022"},"request_id":"req_011CXXjv3Sw7AsJkwjSzHWgU"}
[AIRouter] Checking fallback: enabled=true, fallbackProvider=openai
[AIRouter] Fallback provider found: true, providers keys: anthropic, openai, groq
[AIRouter] Attempting fallback to openai with model gpt-4o-mini
[AIRouter] Calling openai.complete()...
[HEARTBEAT] 2026-01-27T10:40:20.799Z {"buildId":"olympus-dashboard-1769510240515","status":"running","currentPhase":"architecture","currentAgent":"archon","completedAgents":["oracle","empathy","venture","strategos","scope","psyche","scribe","architect_conversion","conversion_judge","palette","grid","blocks","cartographer","flow","artist"],"runningAgents":["archon"],"failedAgents":[],"progress":47}
[HEARTBEAT] 2026-01-27T10:40:25.811Z {"buildId":"olympus-dashboard-1769510240515","status":"running","currentPhase":"architecture","currentAgent":"archon","completedAgents":["oracle","empathy","venture","strategos","scope","psyche","scribe","architect_conversion","conversion_judge","palette","grid","blocks","cartographer","flow","artist"],"runningAgents":["archon"],"failedAgents":[],"progress":47}
[HEARTBEAT] 2026-01-27T10:40:30.813Z {"buildId":"olympus-dashboard-1769510240515","status":"running","currentPhase":"architecture","currentAgent":"archon","completedAgents":["oracle","empathy","venture","strategos","scope","psyche","scribe","architect_conversion","conversion_judge","palette","grid","blocks","cartographer","flow","artist"],"runningAgents":["archon"],"failedAgents":[],"progress":47}
[HEARTBEAT] 2026-01-27T10:40:35.824Z {"buildId":"olympus-dashboard-1769510240515","status":"running","currentPhase":"architecture","currentAgent":"archon","completedAgents":["oracle","empathy","venture","strategos","scope","psyche","scribe","architect_conversion","conversion_judge","palette","grid","blocks","cartographer","flow","artist"],"runningAgents":["archon"],"failedAgents":[],"progress":47}
[HEARTBEAT] 2026-01-27T10:40:40.824Z {"buildId":"olympus-dashboard-1769510240515","status":"running","currentPhase":"architecture","currentAgent":"archon","completedAgents":["oracle","empathy","venture","strategos","scope","psyche","scribe","architect_conversion","conversion_judge","palette","grid","blocks","cartographer","flow","artist"],"runningAgents":["archon"],"failedAgents":[],"progress":47}
[AIRouter] Fallback openai succeeded! Tokens: 5893
[Executor] AI execution succeeded: 5893 tokens, provider=anthropic,openai
[Executor] Response content type: string, length: 3805
[Executor] Parsing response: {
  "tech_stack": {
    "framework": "Next.js 14 App Router",
    "database": "Supabase PostgreSQL",...
[Parser] ===== PARSING archon =====
[Parser] Raw content length: 3805
[Parser] Raw content start: {
  "tech_stack": {
    "framework": "Next.js 14 App Router",
    "database": "Supabase PostgreSQL",
    "orm": "Prisma",
    "auth": "Supabase Auth",
    "cache": "Upstash Redis",
    "state": "Zusta...
[Parser] Extracted JSON length: 3805
[Parser] Extracted JSON start: {
  "tech_stack": {
    "framework": "Next.js 14 App Router",
    "database": "Supabase PostgreSQL",
    "orm": "Prisma",
    "auth": "Supabase Auth",
    "cache": "Upstash Redis",
    "state": "Zusta...
[Parser] JSON.parse SUCCESS for archon
[Parser] Agent archon: parsed.files exists = false, isArray = false, length = 0
[Executor] Parsed successfully: artifacts=1, status=completed
[EXECUTOR] 2026-01-27T10:40:41.869Z - executor.execute() RETURNED for archon in 22616ms {"success":true,"hasOutput":true,"errorMessage":null,"artifactCount":1}
[Orchestrator] Agent archon - Quality Score: 100/100 (min: 60)
[Orchestrator] Agent archon - Quality PASSED on iteration 1
[Orchestrator] ARCHITECTURE VALIDATION PASSED for archon (score: 100)
[Orchestrator] Agent archon - Architecture validation PASSED (score: 100)
[50X GATE] ARCHON output validated: structured architecture decisions present
[PERSISTENCE] Database connection failed for critical decisions: Error: Missing SUPABASE_SERVICE_ROLE_KEY
    at createServiceRoleClient (C:\Users\SBS\Desktop\New folder (4)\vito\src\lib\auth\clients\admin.ts:20:11)
    at saveCriticalDecisions (C:\Users\SBS\Desktop\New folder (4)\vito\src\lib\agents\context\persistence.ts:189:22)
    at BuildContextManager.persistCriticalDecisions (C:\Users\SBS\Desktop\New folder (4)\vito\src\lib\agents\context\manager.ts:204:5)
    at BuildContextManager.updateCriticalDecisions (C:\Users\SBS\Desktop\New folder (4)\vito\src\lib\agents\context\manager.ts:169:10)
    at BuildContextManager.recordOutput (C:\Users\SBS\Desktop\New folder (4)\vito\src\lib\agents\context\manager.ts:147:10)
    at BuildOrchestrator.finalizeAgentSuccess (C:\Users\SBS\Desktop\New folder (4)\vito\src\lib\agents\orchestrator\orchestrator.ts:1779:18)
    at BuildOrchestrator.executeAgentWithFeedback (C:\Users\SBS\Desktop\New folder (4)\vito\src\lib\agents\orchestrator\orchestrator.ts:1481:23)
    at process.processTicksAndRejections (node:internal/process/task_queues:103:5)
    at async BuildOrchestrator.executeAgent (C:\Users\SBS\Desktop\New folder (4)\vito\src\lib\agents\orchestrator\orchestrator.ts:1234:22)
    at async Promise.all (index 0)
[PERSISTENCE] Database connection failed (non-fatal): Error: Missing SUPABASE_SERVICE_ROLE_KEY
    at createServiceRoleClient (C:\Users\SBS\Desktop\New folder (4)\vito\src\lib\auth\clients\admin.ts:20:11)
    at saveAgentOutput (C:\Users\SBS\Desktop\New folder (4)\vito\src\lib\agents\context\persistence.ts:74:22)
    at BuildOrchestrator.finalizeAgentSuccess (C:\Users\SBS\Desktop\New folder (4)\vito\src\lib\agents\orchestrator\orchestrator.ts:1780:11)
    at BuildOrchestrator.executeAgentWithFeedback (C:\Users\SBS\Desktop\New folder (4)\vito\src\lib\agents\orchestrator\orchestrator.ts:1481:23)
    at process.processTicksAndRejections (node:internal/process/task_queues:103:5)
    at async BuildOrchestrator.executeAgent (C:\Users\SBS\Desktop\New folder (4)\vito\src\lib\agents\orchestrator\orchestrator.ts:1234:22)
    at async Promise.all (index 0)
    at async BuildOrchestrator.executePhase (C:\Users\SBS\Desktop\New folder (4)\vito\src\lib\agents\orchestrator\orchestrator.ts:1060:26)
    at async BuildOrchestrator.start (C:\Users\SBS\Desktop\New folder (4)\vito\src\lib\agents\orchestrator\orchestrator.ts:658:29)
    at async runBuild (C:\Users\SBS\Desktop\New folder (4)\vito\scripts\build-olympus-dashboard.ts:189:18)
    ‚Üí Agent archon: completed (1 artifacts)
[AGENT_CALL] 2026-01-27T10:40:41.870Z - COMPLETED: archon in 22618ms, success=true
  [50%] Phase: architecture | Agents: none
[AGENT_CALL] 2026-01-27T10:40:41.871Z - ENTERING: executeAgent(datum)
[AGENT_CALL] 2026-01-27T10:40:41.871Z - CALLING: datum (phase: architecture)
[Orchestrator] Agent datum - Iteration 1/3
[50X COORDINATION] datum: Injected 243 tokens of upstream constraints
[EXECUTOR] 2026-01-27T10:40:41.871Z - Creating executor for datum, iteration 1
[EXECUTOR] 2026-01-27T10:40:41.871Z - CALLING executor.execute() for datum
[PERSISTENCE] ‚úì CriticalDecisions saved to file: C:\Users\SBS\Desktop\New folder (4)\vito\.olympus\decisions\olympus-dashboard-1769510240515.json
[HEARTBEAT] 2026-01-27T10:40:45.829Z {"buildId":"olympus-dashboard-1769510240515","status":"running","currentPhase":"architecture","currentAgent":"datum","completedAgents":["oracle","empathy","venture","strategos","scope","psyche","scribe","architect_conversion","conversion_judge","palette","grid","blocks","cartographer","flow","artist","archon"],"runningAgents":["datum"],"failedAgents":[],"progress":50}
[HEARTBEAT] 2026-01-27T10:40:50.832Z {"buildId":"olympus-dashboard-1769510240515","status":"running","currentPhase":"architecture","currentAgent":"datum","completedAgents":["oracle","empathy","venture","strategos","scope","psyche","scribe","architect_conversion","conversion_judge","palette","grid","blocks","cartographer","flow","artist","archon"],"runningAgents":["datum"],"failedAgents":[],"progress":50}
[HEARTBEAT] 2026-01-27T10:40:55.835Z {"buildId":"olympus-dashboard-1769510240515","status":"running","currentPhase":"architecture","currentAgent":"datum","completedAgents":["oracle","empathy","venture","strategos","scope","psyche","scribe","architect_conversion","conversion_judge","palette","grid","blocks","cartographer","flow","artist","archon"],"runningAgents":["datum"],"failedAgents":[],"progress":50}
[HEARTBEAT] 2026-01-27T10:41:00.847Z {"buildId":"olympus-dashboard-1769510240515","status":"running","currentPhase":"architecture","currentAgent":"datum","completedAgents":["oracle","empathy","venture","strategos","scope","psyche","scribe","architect_conversion","conversion_judge","palette","grid","blocks","cartographer","flow","artist","archon"],"runningAgents":["datum"],"failedAgents":[],"progress":50}
[HEARTBEAT] 2026-01-27T10:41:05.856Z {"buildId":"olympus-dashboard-1769510240515","status":"running","currentPhase":"architecture","currentAgent":"datum","completedAgents":["oracle","empathy","venture","strategos","scope","psyche","scribe","architect_conversion","conversion_judge","palette","grid","blocks","cartographer","flow","artist","archon"],"runningAgents":["datum"],"failedAgents":[],"progress":50}
[HEARTBEAT] 2026-01-27T10:41:10.869Z {"buildId":"olympus-dashboard-1769510240515","status":"running","currentPhase":"architecture","currentAgent":"datum","completedAgents":["oracle","empathy","venture","strategos","scope","psyche","scribe","architect_conversion","conversion_judge","palette","grid","blocks","cartographer","flow","artist","archon"],"runningAgents":["datum"],"failedAgents":[],"progress":50}
[HEARTBEAT] 2026-01-27T10:41:15.871Z {"buildId":"olympus-dashboard-1769510240515","status":"running","currentPhase":"architecture","currentAgent":"datum","completedAgents":["oracle","empathy","venture","strategos","scope","psyche","scribe","architect_conversion","conversion_judge","palette","grid","blocks","cartographer","flow","artist","archon"],"runningAgents":["datum"],"failedAgents":[],"progress":50}
[HEARTBEAT] 2026-01-27T10:41:20.889Z {"buildId":"olympus-dashboard-1769510240515","status":"running","currentPhase":"architecture","currentAgent":"datum","completedAgents":["oracle","empathy","venture","strategos","scope","psyche","scribe","architect_conversion","conversion_judge","palette","grid","blocks","cartographer","flow","artist","archon"],"runningAgents":["datum"],"failedAgents":[],"progress":50}
[Executor] AI execution succeeded: 6135 tokens, provider=openai
[Executor] Response content type: string, length: 7531
[Executor] Parsing response: {
  "prisma_schema": "generator client {\n  provider = \"prisma-client-js\"\n}\n\ndatasource db {\n ...
[Parser] ===== PARSING datum =====
[Parser] Raw content length: 7531
[Parser] Raw content start: {
  "prisma_schema": "generator client {\n  provider = \"prisma-client-js\"\n}\n\ndatasource db {\n  provider = \"postgresql\"\n  url      = env(\"DATABASE_URL\")\n}\n\nmodel Build {\n  id          St...
[Parser] Extracted JSON length: 7531
[Parser] Extracted JSON start: {
  "prisma_schema": "generator client {\n  provider = \"prisma-client-js\"\n}\n\ndatasource db {\n  provider = \"postgresql\"\n  url      = env(\"DATABASE_URL\")\n}\n\nmodel Build {\n  id          St...
[Parser] JSON.parse SUCCESS for datum
[Parser] Agent datum: parsed.files exists = true, isArray = true, length = 2
[Parser] Agent datum: Processing 2 files
[Parser] File: prisma/schema.prisma, type=code, hasContent=true, contentLength=18
[Parser] File: prisma/seed.ts, type=code, hasContent=true, contentLength=23
[Parser] Agent datum: Added 2 file artifacts
[Executor] Parsed successfully: artifacts=3, status=completed
Agent datum validation issues: 1 error(s): Missing required field: mock_data
[EXECUTOR] 2026-01-27T10:41:21.555Z - executor.execute() RETURNED for datum in 39684ms {"success":true,"hasOutput":true,"errorMessage":null,"artifactCount":3}
[QualityOrchestrator] Running quality gates for build olympus-dashboard-1769510240515
[QualityOrchestrator] Files to check: 2
[QualityOrchestrator] Running gate: typescript
[QualityOrchestrator] typescript: ‚úÖ PASSED (0 issues)
[QualityOrchestrator] Running gate: eslint
[QualityOrchestrator] eslint: ‚úÖ PASSED (0 issues)
[QualityOrchestrator] Running gate: security
[QualityOrchestrator] security: ‚úÖ PASSED (0 issues)
[QualityOrchestrator] Running gate: links
[QualityOrchestrator] links: ‚úÖ PASSED (0 issues)
[QualityOrchestrator] Running gate: build
[QualityOrchestrator] build: ‚úÖ PASSED (0 issues)
[QualityOrchestrator] Quality check complete: passed (score: 100, threshold: 70, stopOnFailure: false)
[Orchestrator] Agent datum - Quality Score: 100/100 (min: 60)
[Orchestrator] Agent datum - Quality PASSED on iteration 1
[Orchestrator] ARCHITECTURE VALIDATION PASSED for datum (score: 100)
[Orchestrator] Agent datum - Architecture validation PASSED (score: 100)
[50X GATE] datum has 4 constraint warnings:
  ‚ö†Ô∏è ID strategy: cuid: Table "Build" uses wrong ID strategy: 
  ‚ö†Ô∏è ID strategy: cuid: Table "BuildPhase" uses wrong ID strategy: 
  ‚ö†Ô∏è ID strategy: cuid: Table "Agent" uses wrong ID strategy: 
  ‚ö†Ô∏è ID strategy: cuid: Table "ConstitutionalCheck" uses wrong ID strategy: 
[PERSISTENCE] Database connection failed for critical decisions: Error: Missing SUPABASE_SERVICE_ROLE_KEY
    at createServiceRoleClient (C:\Users\SBS\Desktop\New folder (4)\vito\src\lib\auth\clients\admin.ts:20:11)
    at saveCriticalDecisions (C:\Users\SBS\Desktop\New folder (4)\vito\src\lib\agents\context\persistence.ts:189:22)
    at BuildContextManager.persistCriticalDecisions (C:\Users\SBS\Desktop\New folder (4)\vito\src\lib\agents\context\manager.ts:204:5)
    at BuildContextManager.updateCriticalDecisions (C:\Users\SBS\Desktop\New folder (4)\vito\src\lib\agents\context\manager.ts:169:10)
    at BuildContextManager.recordOutput (C:\Users\SBS\Desktop\New folder (4)\vito\src\lib\agents\context\manager.ts:147:10)
    at BuildOrchestrator.finalizeAgentSuccess (C:\Users\SBS\Desktop\New folder (4)\vito\src\lib\agents\orchestrator\orchestrator.ts:1779:18)
    at BuildOrchestrator.executeAgentWithFeedback (C:\Users\SBS\Desktop\New folder (4)\vito\src\lib\agents\orchestrator\orchestrator.ts:1481:23)
    at process.processTicksAndRejections (node:internal/process/task_queues:103:5)
    at async BuildOrchestrator.executeAgent (C:\Users\SBS\Desktop\New folder (4)\vito\src\lib\agents\orchestrator\orchestrator.ts:1234:22)
    at async Promise.all (index 0)
[PERSISTENCE] Database connection failed (non-fatal): Error: Missing SUPABASE_SERVICE_ROLE_KEY
    at createServiceRoleClient (C:\Users\SBS\Desktop\New folder (4)\vito\src\lib\auth\clients\admin.ts:20:11)
    at saveAgentOutput (C:\Users\SBS\Desktop\New folder (4)\vito\src\lib\agents\context\persistence.ts:74:22)
    at BuildOrchestrator.finalizeAgentSuccess (C:\Users\SBS\Desktop\New folder (4)\vito\src\lib\agents\orchestrator\orchestrator.ts:1780:11)
    at BuildOrchestrator.executeAgentWithFeedback (C:\Users\SBS\Desktop\New folder (4)\vito\src\lib\agents\orchestrator\orchestrator.ts:1481:23)
    at process.processTicksAndRejections (node:internal/process/task_queues:103:5)
    at async BuildOrchestrator.executeAgent (C:\Users\SBS\Desktop\New folder (4)\vito\src\lib\agents\orchestrator\orchestrator.ts:1234:22)
    at async Promise.all (index 0)
    at async BuildOrchestrator.executePhase (C:\Users\SBS\Desktop\New folder (4)\vito\src\lib\agents\orchestrator\orchestrator.ts:1060:26)
    at async BuildOrchestrator.start (C:\Users\SBS\Desktop\New folder (4)\vito\src\lib\agents\orchestrator\orchestrator.ts:658:29)
    at async runBuild (C:\Users\SBS\Desktop\New folder (4)\vito\scripts\build-olympus-dashboard.ts:189:18)
    ‚Üí Agent datum: completed (3 artifacts)
[AGENT_CALL] 2026-01-27T10:41:21.563Z - COMPLETED: datum in 39692ms, success=true
  [53%] Phase: architecture | Agents: none
[AGENT_CALL] 2026-01-27T10:41:21.563Z - ENTERING: executeAgent(nexus)
[AGENT_CALL] 2026-01-27T10:41:21.563Z - CALLING: nexus (phase: architecture)
[Orchestrator] Agent nexus - Iteration 1/3
[50X COORDINATION] nexus: Injected 243 tokens of upstream constraints
[EXECUTOR] 2026-01-27T10:41:21.564Z - Creating executor for nexus, iteration 1
[EXECUTOR] 2026-01-27T10:41:21.564Z - CALLING executor.execute() for nexus
[PERSISTENCE] ‚úì CriticalDecisions saved to file: C:\Users\SBS\Desktop\New folder (4)\vito\.olympus\decisions\olympus-dashboard-1769510240515.json
Anthropic completion failed after 457ms: NotFoundError: 404 {"type":"error","error":{"type":"not_found_error","message":"model: claude-3-5-sonnet-20241022"},"request_id":"req_011CXXjzbKCTvNnvp8yJE4AB"}
    at APIError.generate (C:\Users\SBS\Desktop\New folder (4)\vito\node_modules\@anthropic-ai\sdk\src\core\error.ts:75:14)
    at Anthropic.makeStatusError (C:\Users\SBS\Desktop\New folder (4)\vito\node_modules\@anthropic-ai\sdk\src\client.ts:443:28)
    at Anthropic.makeRequest (C:\Users\SBS\Desktop\New folder (4)\vito\node_modules\@anthropic-ai\sdk\src\client.ts:678:24)
    at process.processTicksAndRejections (node:internal/process/task_queues:103:5)
    at async AnthropicProvider.complete (C:\Users\SBS\Desktop\New folder (4)\vito\src\lib\agents\providers\anthropic.ts:200:24)
    at async AIRouter.execute (C:\Users\SBS\Desktop\New folder (4)\vito\src\lib\agents\providers\router.ts:248:26)
    at async AgentExecutor.executeCompletion (C:\Users\SBS\Desktop\New folder (4)\vito\src\lib\agents\executor\executor.ts:152:20)
    at async RetryHandler.executeWithRetry (C:\Users\SBS\Desktop\New folder (4)\vito\src\lib\agents\executor\retry.ts:63:24)
    at async AgentExecutor.execute (C:\Users\SBS\Desktop\New folder (4)\vito\src\lib\agents\executor\executor.ts:95:22)
    at async BuildOrchestrator.executeAgentWithFeedback (C:\Users\SBS\Desktop\New folder (4)\vito\src\lib\agents\orchestrator\orchestrator.ts:1393:22) {
  status: 404,
  headers: Headers {
    date: 'Tue, 27 Jan 2026 10:41:21 GMT',
    'content-type': 'application/json',
    'transfer-encoding': 'chunked',
    connection: 'keep-alive',
    'x-should-retry': 'false',
    'request-id': 'req_011CXXjzbKCTvNnvp8yJE4AB',
    'strict-transport-security': 'max-age=31536000; includeSubDomains; preload',
    'anthropic-organization-id': 'd06567ef-3469-4f53-ac13-52b8fe9f18b6',
    server: 'cloudflare',
    'x-envoy-upstream-service-time': '38',
    'cf-cache-status': 'DYNAMIC',
    'x-robots-tag': 'none',
    'content-encoding': 'gzip',
    'cf-ray': '9c47a31d2e8b4bdb-MXP'
  },
  requestID: 'req_011CXXjzbKCTvNnvp8yJE4AB',
  error: {
    type: 'error',
    error: {
      type: 'not_found_error',
      message: 'model: claude-3-5-sonnet-20241022'
    },
    request_id: 'req_011CXXjzbKCTvNnvp8yJE4AB'
  }
}
Primary provider anthropic failed: 404 {"type":"error","error":{"type":"not_found_error","message":"model: claude-3-5-sonnet-20241022"},"request_id":"req_011CXXjzbKCTvNnvp8yJE4AB"}
[AIRouter] Checking fallback: enabled=true, fallbackProvider=openai
[AIRouter] Fallback provider found: true, providers keys: anthropic, openai, groq
[AIRouter] Attempting fallback to openai with model gpt-4o-mini
[AIRouter] Calling openai.complete()...
[HEARTBEAT] 2026-01-27T10:41:25.893Z {"buildId":"olympus-dashboard-1769510240515","status":"running","currentPhase":"architecture","currentAgent":"nexus","completedAgents":["oracle","empathy","venture","strategos","scope","psyche","scribe","architect_conversion","conversion_judge","palette","grid","blocks","cartographer","flow","artist","archon","datum"],"runningAgents":["nexus"],"failedAgents":[],"progress":53}
[HEARTBEAT] 2026-01-27T10:41:30.900Z {"buildId":"olympus-dashboard-1769510240515","status":"running","currentPhase":"architecture","currentAgent":"nexus","completedAgents":["oracle","empathy","venture","strategos","scope","psyche","scribe","architect_conversion","conversion_judge","palette","grid","blocks","cartographer","flow","artist","archon","datum"],"runningAgents":["nexus"],"failedAgents":[],"progress":53}
[HEARTBEAT] 2026-01-27T10:41:35.901Z {"buildId":"olympus-dashboard-1769510240515","status":"running","currentPhase":"architecture","currentAgent":"nexus","completedAgents":["oracle","empathy","venture","strategos","scope","psyche","scribe","architect_conversion","conversion_judge","palette","grid","blocks","cartographer","flow","artist","archon","datum"],"runningAgents":["nexus"],"failedAgents":[],"progress":53}
[HEARTBEAT] 2026-01-27T10:41:40.907Z {"buildId":"olympus-dashboard-1769510240515","status":"running","currentPhase":"architecture","currentAgent":"nexus","completedAgents":["oracle","empathy","venture","strategos","scope","psyche","scribe","architect_conversion","conversion_judge","palette","grid","blocks","cartographer","flow","artist","archon","datum"],"runningAgents":["nexus"],"failedAgents":[],"progress":53}
[HEARTBEAT] 2026-01-27T10:41:45.910Z {"buildId":"olympus-dashboard-1769510240515","status":"running","currentPhase":"architecture","currentAgent":"nexus","completedAgents":["oracle","empathy","venture","strategos","scope","psyche","scribe","architect_conversion","conversion_judge","palette","grid","blocks","cartographer","flow","artist","archon","datum"],"runningAgents":["nexus"],"failedAgents":[],"progress":53}
[HEARTBEAT] 2026-01-27T10:41:50.922Z {"buildId":"olympus-dashboard-1769510240515","status":"running","currentPhase":"architecture","currentAgent":"nexus","completedAgents":["oracle","empathy","venture","strategos","scope","psyche","scribe","architect_conversion","conversion_judge","palette","grid","blocks","cartographer","flow","artist","archon","datum"],"runningAgents":["nexus"],"failedAgents":[],"progress":53}
[HEARTBEAT] 2026-01-27T10:41:55.927Z {"buildId":"olympus-dashboard-1769510240515","status":"running","currentPhase":"architecture","currentAgent":"nexus","completedAgents":["oracle","empathy","venture","strategos","scope","psyche","scribe","architect_conversion","conversion_judge","palette","grid","blocks","cartographer","flow","artist","archon","datum"],"runningAgents":["nexus"],"failedAgents":[],"progress":53}
[AIRouter] Fallback openai succeeded! Tokens: 5986
[Executor] AI execution succeeded: 5986 tokens, provider=anthropic,openai
[Executor] Response content type: string, length: 8051
[Executor] Parsing response: {
  "openapi": "3.0.3",
  "info": {
    "title": "OLYMPUS Builder Dashboard API",
    "version": "1....
[Parser] ===== PARSING nexus =====
[Parser] Raw content length: 8051
[Parser] Raw content start: {
  "openapi": "3.0.3",
  "info": {
    "title": "OLYMPUS Builder Dashboard API",
    "version": "1.0.0",
    "description": "API documentation for the OLYMPUS Builder Dashboard"
  },
  "servers": [
 ...
[Parser] Extracted JSON length: 8051
[Parser] Extracted JSON start: {
  "openapi": "3.0.3",
  "info": {
    "title": "OLYMPUS Builder Dashboard API",
    "version": "1.0.0",
    "description": "API documentation for the OLYMPUS Builder Dashboard"
  },
  "servers": [
 ...
[Parser] ===== PARSE FAILED for nexus =====
[Parser] Error: Expected property name or '}' in JSON at position 759 (line 26 column 13)
[Parser] Raw content first 500 chars: {
  "openapi": "3.0.3",
  "info": {
    "title": "OLYMPUS Builder Dashboard API",
    "version": "1.0.0",
    "description": "API documentation for the OLYMPUS Builder Dashboard"
  },
  "servers": [
    { "url": "/api/v1", "description": "API v1" }
  ],
  "paths": {
    "/builds": {
      "get": {
        "operationId": "listBuilds",
        "summary": "List all builds",
        "tags": ["Builds"],
        "security": [
          { "bearerAuth": [] }
        ],
        "parameters": [
          
[Executor] Parsed successfully: artifacts=1, status=completed
[EXECUTOR] 2026-01-27T10:41:56.578Z - executor.execute() RETURNED for nexus in 35014ms {"success":true,"hasOutput":true,"errorMessage":null,"artifactCount":1}
[Orchestrator] Agent nexus - Quality Score: 100/100 (min: 60)
[Orchestrator] Agent nexus - Quality PASSED on iteration 1
[Orchestrator] ARCHITECTURE VALIDATION PASSED for nexus (score: 100)
[Orchestrator] Agent nexus - Architecture validation PASSED (score: 100)
[50X GATE] nexus passed all constraint checks ‚úÖ
[JSON] Parse failed in critical-summarizer:nexusDecisions: SyntaxError: Expected property name or '}' in JSON at position 759 (line 26 column 13)
    at JSON.parse (<anonymous>)
    at safeJsonParse (C:\Users\SBS\Desktop\New folder (4)\vito\src\lib\utils\safe-json.ts:23:17)
    at extractNexusDecisions (C:\Users\SBS\Desktop\New folder (4)\vito\src\lib\agents\coordination\critical-summarizer.ts:319:18)
    at updateCriticalDecisions (C:\Users\SBS\Desktop\New folder (4)\vito\src\lib\agents\coordination\critical-summarizer.ts:509:42)
    at BuildContextManager.updateCriticalDecisions (C:\Users\SBS\Desktop\New folder (4)\vito\src\lib\agents\context\manager.ts:160:33)
    at BuildContextManager.recordOutput (C:\Users\SBS\Desktop\New folder (4)\vito\src\lib\agents\context\manager.ts:147:10)
    at BuildOrchestrator.finalizeAgentSuccess (C:\Users\SBS\Desktop\New folder (4)\vito\src\lib\agents\orchestrator\orchestrator.ts:1779:18)
    at BuildOrchestrator.executeAgentWithFeedback (C:\Users\SBS\Desktop\New folder (4)\vito\src\lib\agents\orchestrator\orchestrator.ts:1481:23)
    at process.processTicksAndRejections (node:internal/process/task_queues:103:5)
    at async BuildOrchestrator.executeAgent (C:\Users\SBS\Desktop\New folder (4)\vito\src\lib\agents\orchestrator\orchestrator.ts:1234:22)
[JSON] Content preview: {
  "openapi": "3.0.3",
  "info": {
    "title": "OLYMPUS Builder Dashboard API",
    "version": "1.0.0",
    "description": "API documentation for the OLYMPUS Builder Dashboard"
  },
  "servers": [
 ...
[PERSISTENCE] Database connection failed for critical decisions: Error: Missing SUPABASE_SERVICE_ROLE_KEY
    at createServiceRoleClient (C:\Users\SBS\Desktop\New folder (4)\vito\src\lib\auth\clients\admin.ts:20:11)
    at saveCriticalDecisions (C:\Users\SBS\Desktop\New folder (4)\vito\src\lib\agents\context\persistence.ts:189:22)
    at BuildContextManager.persistCriticalDecisions (C:\Users\SBS\Desktop\New folder (4)\vito\src\lib\agents\context\manager.ts:204:5)
    at BuildContextManager.updateCriticalDecisions (C:\Users\SBS\Desktop\New folder (4)\vito\src\lib\agents\context\manager.ts:169:10)
    at BuildContextManager.recordOutput (C:\Users\SBS\Desktop\New folder (4)\vito\src\lib\agents\context\manager.ts:147:10)
    at BuildOrchestrator.finalizeAgentSuccess (C:\Users\SBS\Desktop\New folder (4)\vito\src\lib\agents\orchestrator\orchestrator.ts:1779:18)
    at BuildOrchestrator.executeAgentWithFeedback (C:\Users\SBS\Desktop\New folder (4)\vito\src\lib\agents\orchestrator\orchestrator.ts:1481:23)
    at process.processTicksAndRejections (node:internal/process/task_queues:103:5)
    at async BuildOrchestrator.executeAgent (C:\Users\SBS\Desktop\New folder (4)\vito\src\lib\agents\orchestrator\orchestrator.ts:1234:22)
    at async Promise.all (index 0)
[PERSISTENCE] Database connection failed (non-fatal): Error: Missing SUPABASE_SERVICE_ROLE_KEY
    at createServiceRoleClient (C:\Users\SBS\Desktop\New folder (4)\vito\src\lib\auth\clients\admin.ts:20:11)
    at saveAgentOutput (C:\Users\SBS\Desktop\New folder (4)\vito\src\lib\agents\context\persistence.ts:74:22)
    at BuildOrchestrator.finalizeAgentSuccess (C:\Users\SBS\Desktop\New folder (4)\vito\src\lib\agents\orchestrator\orchestrator.ts:1780:11)
    at BuildOrchestrator.executeAgentWithFeedback (C:\Users\SBS\Desktop\New folder (4)\vito\src\lib\agents\orchestrator\orchestrator.ts:1481:23)
    at process.processTicksAndRejections (node:internal/process/task_queues:103:5)
    at async BuildOrchestrator.executeAgent (C:\Users\SBS\Desktop\New folder (4)\vito\src\lib\agents\orchestrator\orchestrator.ts:1234:22)
    at async Promise.all (index 0)
    at async BuildOrchestrator.executePhase (C:\Users\SBS\Desktop\New folder (4)\vito\src\lib\agents\orchestrator\orchestrator.ts:1060:26)
    at async BuildOrchestrator.start (C:\Users\SBS\Desktop\New folder (4)\vito\src\lib\agents\orchestrator\orchestrator.ts:658:29)
    at async runBuild (C:\Users\SBS\Desktop\New folder (4)\vito\scripts\build-olympus-dashboard.ts:189:18)
    ‚Üí Agent nexus: completed (1 artifacts)
[AGENT_CALL] 2026-01-27T10:41:56.580Z - COMPLETED: nexus in 35017ms, success=true
  [56%] Phase: architecture | Agents: none
[AGENT_CALL] 2026-01-27T10:41:56.580Z - ENTERING: executeAgent(forge)
[AGENT_CALL] 2026-01-27T10:41:56.580Z - CALLING: forge (phase: architecture)
[Orchestrator] Agent forge - Iteration 1/3
[JSON] Parse failed in critical-summarizer:nexusDecisions: SyntaxError: Expected property name or '}' in JSON at position 759 (line 26 column 13)
    at JSON.parse (<anonymous>)
    at safeJsonParse (C:\Users\SBS\Desktop\New folder (4)\vito\src\lib\utils\safe-json.ts:23:17)
    at extractNexusDecisions (C:\Users\SBS\Desktop\New folder (4)\vito\src\lib\agents\coordination\critical-summarizer.ts:319:18)
    at buildCriticalDecisions (C:\Users\SBS\Desktop\New folder (4)\vito\src\lib\agents\coordination\critical-summarizer.ts:452:29)
    at prepareAgentWithConstraints (C:\Users\SBS\Desktop\New folder (4)\vito\src\lib\agents\coordination\index.ts:122:29)
    at BuildOrchestrator.executeAgentWithFeedback (C:\Users\SBS\Desktop\New folder (4)\vito\src\lib\agents\orchestrator\orchestrator.ts:1374:73)
    at BuildOrchestrator.executeAgent (C:\Users\SBS\Desktop\New folder (4)\vito\src\lib\agents\orchestrator\orchestrator.ts:1235:14)
    at <anonymous> (C:\Users\SBS\Desktop\New folder (4)\vito\src\lib\agents\orchestrator\orchestrator.ts:1053:59)
    at Array.map (<anonymous>)
    at BuildOrchestrator.executePhase (C:\Users\SBS\Desktop\New folder (4)\vito\src\lib\agents\orchestrator\orchestrator.ts:1053:37)
[JSON] Content preview: {
  "openapi": "3.0.3",
  "info": {
    "title": "OLYMPUS Builder Dashboard API",
    "version": "1.0.0",
    "description": "API documentation for the OLYMPUS Builder Dashboard"
  },
  "servers": [
 ...
[50X COORDINATION] forge: Injected 243 tokens of upstream constraints
[EXECUTOR] 2026-01-27T10:41:56.581Z - Creating executor for forge, iteration 1
[EXECUTOR] 2026-01-27T10:41:56.581Z - CALLING executor.execute() for forge
[PERSISTENCE] ‚úì CriticalDecisions saved to file: C:\Users\SBS\Desktop\New folder (4)\vito\.olympus\decisions\olympus-dashboard-1769510240515.json
Anthropic completion failed after 817ms: NotFoundError: 404 {"type":"error","error":{"type":"not_found_error","message":"model: claude-3-5-sonnet-20241022"},"request_id":"req_011CXXk3CLR8zWZiR8QN9KNw"}
    at APIError.generate (C:\Users\SBS\Desktop\New folder (4)\vito\node_modules\@anthropic-ai\sdk\src\core\error.ts:75:14)
    at Anthropic.makeStatusError (C:\Users\SBS\Desktop\New folder (4)\vito\node_modules\@anthropic-ai\sdk\src\client.ts:443:28)
    at Anthropic.makeRequest (C:\Users\SBS\Desktop\New folder (4)\vito\node_modules\@anthropic-ai\sdk\src\client.ts:678:24)
    at process.processTicksAndRejections (node:internal/process/task_queues:103:5)
    at async AnthropicProvider.complete (C:\Users\SBS\Desktop\New folder (4)\vito\src\lib\agents\providers\anthropic.ts:200:24)
    at async AIRouter.execute (C:\Users\SBS\Desktop\New folder (4)\vito\src\lib\agents\providers\router.ts:248:26)
    at async AgentExecutor.executeCompletion (C:\Users\SBS\Desktop\New folder (4)\vito\src\lib\agents\executor\executor.ts:152:20)
    at async RetryHandler.executeWithRetry (C:\Users\SBS\Desktop\New folder (4)\vito\src\lib\agents\executor\retry.ts:63:24)
    at async AgentExecutor.execute (C:\Users\SBS\Desktop\New folder (4)\vito\src\lib\agents\executor\executor.ts:95:22)
    at async BuildOrchestrator.executeAgentWithFeedback (C:\Users\SBS\Desktop\New folder (4)\vito\src\lib\agents\orchestrator\orchestrator.ts:1393:22) {
  status: 404,
  headers: Headers {
    date: 'Tue, 27 Jan 2026 10:41:56 GMT',
    'content-type': 'application/json',
    'transfer-encoding': 'chunked',
    connection: 'keep-alive',
    'x-should-retry': 'false',
    'request-id': 'req_011CXXk3CLR8zWZiR8QN9KNw',
    'strict-transport-security': 'max-age=31536000; includeSubDomains; preload',
    'anthropic-organization-id': 'd06567ef-3469-4f53-ac13-52b8fe9f18b6',
    server: 'cloudflare',
    'x-envoy-upstream-service-time': '85',
    'cf-cache-status': 'DYNAMIC',
    'x-robots-tag': 'none',
    'content-encoding': 'gzip',
    'cf-ray': '9c47a3f98bc9ed54-MXP'
  },
  requestID: 'req_011CXXk3CLR8zWZiR8QN9KNw',
  error: {
    type: 'error',
    error: {
      type: 'not_found_error',
      message: 'model: claude-3-5-sonnet-20241022'
    },
    request_id: 'req_011CXXk3CLR8zWZiR8QN9KNw'
  }
}
Primary provider anthropic failed: 404 {"type":"error","error":{"type":"not_found_error","message":"model: claude-3-5-sonnet-20241022"},"request_id":"req_011CXXk3CLR8zWZiR8QN9KNw"}
[AIRouter] Checking fallback: enabled=true, fallbackProvider=openai
[AIRouter] Fallback provider found: true, providers keys: anthropic, openai, groq
[AIRouter] Attempting fallback to openai with model gpt-4o-mini
[AIRouter] Calling openai.complete()...
[HEARTBEAT] 2026-01-27T10:42:00.942Z {"buildId":"olympus-dashboard-1769510240515","status":"running","currentPhase":"architecture","currentAgent":"forge","completedAgents":["oracle","empathy","venture","strategos","scope","psyche","scribe","architect_conversion","conversion_judge","palette","grid","blocks","cartographer","flow","artist","archon","datum","nexus"],"runningAgents":["forge"],"failedAgents":[],"progress":56}
[HEARTBEAT] 2026-01-27T10:42:05.942Z {"buildId":"olympus-dashboard-1769510240515","status":"running","currentPhase":"architecture","currentAgent":"forge","completedAgents":["oracle","empathy","venture","strategos","scope","psyche","scribe","architect_conversion","conversion_judge","palette","grid","blocks","cartographer","flow","artist","archon","datum","nexus"],"runningAgents":["forge"],"failedAgents":[],"progress":56}
[HEARTBEAT] 2026-01-27T10:42:10.946Z {"buildId":"olympus-dashboard-1769510240515","status":"running","currentPhase":"architecture","currentAgent":"forge","completedAgents":["oracle","empathy","venture","strategos","scope","psyche","scribe","architect_conversion","conversion_judge","palette","grid","blocks","cartographer","flow","artist","archon","datum","nexus"],"runningAgents":["forge"],"failedAgents":[],"progress":56}
[HEARTBEAT] 2026-01-27T10:42:15.961Z {"buildId":"olympus-dashboard-1769510240515","status":"running","currentPhase":"architecture","currentAgent":"forge","completedAgents":["oracle","empathy","venture","strategos","scope","psyche","scribe","architect_conversion","conversion_judge","palette","grid","blocks","cartographer","flow","artist","archon","datum","nexus"],"runningAgents":["forge"],"failedAgents":[],"progress":56}
[AIRouter] Fallback openai succeeded! Tokens: 6408
[Executor] AI execution succeeded: 6408 tokens, provider=anthropic,openai
[Executor] Response content type: string, length: 4465
[Executor] Parsing response: {
  "files": [
    {
      "path": "src/app/api/builds/route.ts",
      "content": "// src/app/api/b...
[Parser] ===== PARSING forge =====
[Parser] Raw content length: 4465
[Parser] Raw content start: {
  "files": [
    {
      "path": "src/app/api/builds/route.ts",
      "content": "// src/app/api/builds/route.ts\nimport { NextRequest, NextResponse } from 'next/server';\nimport { z } from 'zod';\n...
[Parser] Extracted JSON length: 4465
[Parser] Extracted JSON start: {
  "files": [
    {
      "path": "src/app/api/builds/route.ts",
      "content": "// src/app/api/builds/route.ts\nimport { NextRequest, NextResponse } from 'next/server';\nimport { z } from 'zod';\n...
[Parser] JSON.parse SUCCESS for forge
[Parser] Agent forge: parsed.files exists = true, isArray = true, length = 3
[Parser] Agent forge: Processing 3 files
[Parser] File: src/app/api/builds/route.ts, type=code, hasContent=true, contentLength=1722
[Parser] File: src/app/api/builds/[buildId]/route.ts, type=code, hasContent=true, contentLength=1224
[Parser] File: src/app/api/ai/agents/route.ts, type=code, hasContent=true, contentLength=872
[Parser] Agent forge: Added 3 file artifacts
[Executor] Parsed successfully: artifacts=4, status=completed
Agent forge validation issues: 1 error(s): Unresolved imports: 3 missing files
[EXECUTOR] 2026-01-27T10:42:18.287Z - executor.execute() RETURNED for forge in 21706ms {"success":true,"hasOutput":true,"errorMessage":null,"artifactCount":4}
[QualityOrchestrator] Running quality gates for build olympus-dashboard-1769510240515
[QualityOrchestrator] Files to check: 3
[QualityOrchestrator] Running gate: typescript
[QualityOrchestrator] typescript: ‚úÖ PASSED (3 issues)
[QualityOrchestrator] Running gate: eslint
[QualityOrchestrator] eslint: ‚úÖ PASSED (3 issues)
[QualityOrchestrator] Running gate: security
[QualityOrchestrator] security: ‚úÖ PASSED (3 issues)
[QualityOrchestrator] Running gate: links
[QualityOrchestrator] links: ‚úÖ PASSED (0 issues)
[QualityOrchestrator] Running gate: build
[QualityOrchestrator] build: ‚úÖ PASSED (0 issues)
[QualityOrchestrator] Quality check complete: passed (score: 99, threshold: 70, stopOnFailure: false)
[Orchestrator] Agent forge - Quality Score: 99/100 (min: 60)
[Orchestrator] Agent forge - Quality PASSED on iteration 1
[Orchestrator] ARCHITECTURE VALIDATION PASSED for forge (score: 100)
[Orchestrator] Agent forge - Architecture validation PASSED (score: 100)
[JSON] Parse failed in critical-summarizer:nexusDecisions: SyntaxError: Expected property name or '}' in JSON at position 759 (line 26 column 13)
    at JSON.parse (<anonymous>)
    at safeJsonParse (C:\Users\SBS\Desktop\New folder (4)\vito\src\lib\utils\safe-json.ts:23:17)
    at extractNexusDecisions (C:\Users\SBS\Desktop\New folder (4)\vito\src\lib\agents\coordination\critical-summarizer.ts:319:18)
    at buildCriticalDecisions (C:\Users\SBS\Desktop\New folder (4)\vito\src\lib\agents\coordination\critical-summarizer.ts:452:29)
    at BuildOrchestrator.finalizeAgentSuccess (C:\Users\SBS\Desktop\New folder (4)\vito\src\lib\agents\orchestrator\orchestrator.ts:1730:33)
    at BuildOrchestrator.executeAgentWithFeedback (C:\Users\SBS\Desktop\New folder (4)\vito\src\lib\agents\orchestrator\orchestrator.ts:1481:23)
    at process.processTicksAndRejections (node:internal/process/task_queues:103:5)
    at async BuildOrchestrator.executeAgent (C:\Users\SBS\Desktop\New folder (4)\vito\src\lib\agents\orchestrator\orchestrator.ts:1234:22)
    at async Promise.all (index 0)
    at async BuildOrchestrator.executePhase (C:\Users\SBS\Desktop\New folder (4)\vito\src\lib\agents\orchestrator\orchestrator.ts:1060:26)
[JSON] Content preview: {
  "openapi": "3.0.3",
  "info": {
    "title": "OLYMPUS Builder Dashboard API",
    "version": "1.0.0",
    "description": "API documentation for the OLYMPUS Builder Dashboard"
  },
  "servers": [
 ...
[50X GATE] forge passed all constraint checks ‚úÖ
[PERSISTENCE] Database connection failed for critical decisions: Error: Missing SUPABASE_SERVICE_ROLE_KEY
    at createServiceRoleClient (C:\Users\SBS\Desktop\New folder (4)\vito\src\lib\auth\clients\admin.ts:20:11)
    at saveCriticalDecisions (C:\Users\SBS\Desktop\New folder (4)\vito\src\lib\agents\context\persistence.ts:189:22)
    at BuildContextManager.persistCriticalDecisions (C:\Users\SBS\Desktop\New folder (4)\vito\src\lib\agents\context\manager.ts:204:5)
    at BuildContextManager.updateCriticalDecisions (C:\Users\SBS\Desktop\New folder (4)\vito\src\lib\agents\context\manager.ts:169:10)
    at BuildContextManager.recordOutput (C:\Users\SBS\Desktop\New folder (4)\vito\src\lib\agents\context\manager.ts:147:10)
    at BuildOrchestrator.finalizeAgentSuccess (C:\Users\SBS\Desktop\New folder (4)\vito\src\lib\agents\orchestrator\orchestrator.ts:1779:18)
    at BuildOrchestrator.executeAgentWithFeedback (C:\Users\SBS\Desktop\New folder (4)\vito\src\lib\agents\orchestrator\orchestrator.ts:1481:23)
    at process.processTicksAndRejections (node:internal/process/task_queues:103:5)
    at async BuildOrchestrator.executeAgent (C:\Users\SBS\Desktop\New folder (4)\vito\src\lib\agents\orchestrator\orchestrator.ts:1234:22)
    at async Promise.all (index 0)
[PERSISTENCE] Database connection failed (non-fatal): Error: Missing SUPABASE_SERVICE_ROLE_KEY
    at createServiceRoleClient (C:\Users\SBS\Desktop\New folder (4)\vito\src\lib\auth\clients\admin.ts:20:11)
    at saveAgentOutput (C:\Users\SBS\Desktop\New folder (4)\vito\src\lib\agents\context\persistence.ts:74:22)
    at BuildOrchestrator.finalizeAgentSuccess (C:\Users\SBS\Desktop\New folder (4)\vito\src\lib\agents\orchestrator\orchestrator.ts:1780:11)
    at BuildOrchestrator.executeAgentWithFeedback (C:\Users\SBS\Desktop\New folder (4)\vito\src\lib\agents\orchestrator\orchestrator.ts:1481:23)
    at process.processTicksAndRejections (node:internal/process/task_queues:103:5)
    at async BuildOrchestrator.executeAgent (C:\Users\SBS\Desktop\New folder (4)\vito\src\lib\agents\orchestrator\orchestrator.ts:1234:22)
    at async Promise.all (index 0)
    at async BuildOrchestrator.executePhase (C:\Users\SBS\Desktop\New folder (4)\vito\src\lib\agents\orchestrator\orchestrator.ts:1060:26)
    at async BuildOrchestrator.start (C:\Users\SBS\Desktop\New folder (4)\vito\src\lib\agents\orchestrator\orchestrator.ts:658:29)
    at async runBuild (C:\Users\SBS\Desktop\New folder (4)\vito\scripts\build-olympus-dashboard.ts:189:18)
    ‚Üí Agent forge: completed (4 artifacts)
[AGENT_CALL] 2026-01-27T10:42:18.293Z - COMPLETED: forge in 21713ms, success=true
  [59%] Phase: architecture | Agents: none
[AGENT_CALL] 2026-01-27T10:42:18.294Z - ENTERING: executeAgent(sentinel)
[AGENT_CALL] 2026-01-27T10:42:18.294Z - CALLING: sentinel (phase: architecture)
[Orchestrator] Agent sentinel - Iteration 1/3
[JSON] Parse failed in critical-summarizer:nexusDecisions: SyntaxError: Expected property name or '}' in JSON at position 759 (line 26 column 13)
    at JSON.parse (<anonymous>)
    at safeJsonParse (C:\Users\SBS\Desktop\New folder (4)\vito\src\lib\utils\safe-json.ts:23:17)
    at extractNexusDecisions (C:\Users\SBS\Desktop\New folder (4)\vito\src\lib\agents\coordination\critical-summarizer.ts:319:18)
    at buildCriticalDecisions (C:\Users\SBS\Desktop\New folder (4)\vito\src\lib\agents\coordination\critical-summarizer.ts:452:29)
    at prepareAgentWithConstraints (C:\Users\SBS\Desktop\New folder (4)\vito\src\lib\agents\coordination\index.ts:122:29)
    at BuildOrchestrator.executeAgentWithFeedback (C:\Users\SBS\Desktop\New folder (4)\vito\src\lib\agents\orchestrator\orchestrator.ts:1374:73)
    at BuildOrchestrator.executeAgent (C:\Users\SBS\Desktop\New folder (4)\vito\src\lib\agents\orchestrator\orchestrator.ts:1235:14)
    at <anonymous> (C:\Users\SBS\Desktop\New folder (4)\vito\src\lib\agents\orchestrator\orchestrator.ts:1053:59)
    at Array.map (<anonymous>)
    at BuildOrchestrator.executePhase (C:\Users\SBS\Desktop\New folder (4)\vito\src\lib\agents\orchestrator\orchestrator.ts:1053:37)
[JSON] Content preview: {
  "openapi": "3.0.3",
  "info": {
    "title": "OLYMPUS Builder Dashboard API",
    "version": "1.0.0",
    "description": "API documentation for the OLYMPUS Builder Dashboard"
  },
  "servers": [
 ...
[50X COORDINATION] sentinel: Injected 243 tokens of upstream constraints
[EXECUTOR] 2026-01-27T10:42:18.295Z - Creating executor for sentinel, iteration 1
[EXECUTOR] 2026-01-27T10:42:18.295Z - CALLING executor.execute() for sentinel
[PERSISTENCE] ‚úì CriticalDecisions saved to file: C:\Users\SBS\Desktop\New folder (4)\vito\.olympus\decisions\olympus-dashboard-1769510240515.json
[HEARTBEAT] 2026-01-27T10:42:20.962Z {"buildId":"olympus-dashboard-1769510240515","status":"running","currentPhase":"architecture","currentAgent":"sentinel","completedAgents":["oracle","empathy","venture","strategos","scope","psyche","scribe","architect_conversion","conversion_judge","palette","grid","blocks","cartographer","flow","artist","archon","datum","nexus","forge"],"runningAgents":["sentinel"],"failedAgents":[],"progress":59}
[HEARTBEAT] 2026-01-27T10:42:25.972Z {"buildId":"olympus-dashboard-1769510240515","status":"running","currentPhase":"architecture","currentAgent":"sentinel","completedAgents":["oracle","empathy","venture","strategos","scope","psyche","scribe","architect_conversion","conversion_judge","palette","grid","blocks","cartographer","flow","artist","archon","datum","nexus","forge"],"runningAgents":["sentinel"],"failedAgents":[],"progress":59}
[HEARTBEAT] 2026-01-27T10:42:30.985Z {"buildId":"olympus-dashboard-1769510240515","status":"running","currentPhase":"architecture","currentAgent":"sentinel","completedAgents":["oracle","empathy","venture","strategos","scope","psyche","scribe","architect_conversion","conversion_judge","palette","grid","blocks","cartographer","flow","artist","archon","datum","nexus","forge"],"runningAgents":["sentinel"],"failedAgents":[],"progress":59}
[HEARTBEAT] 2026-01-27T10:42:35.989Z {"buildId":"olympus-dashboard-1769510240515","status":"running","currentPhase":"architecture","currentAgent":"sentinel","completedAgents":["oracle","empathy","venture","strategos","scope","psyche","scribe","architect_conversion","conversion_judge","palette","grid","blocks","cartographer","flow","artist","archon","datum","nexus","forge"],"runningAgents":["sentinel"],"failedAgents":[],"progress":59}
[Executor] AI execution succeeded: 4692 tokens, provider=openai
[Executor] Response content type: string, length: 4411
[Executor] Parsing response: {
  "authentication": {
    "provider": "supabase",
    "methods": ["email", "google", "github"],
  ...
[Parser] ===== PARSING sentinel =====
[Parser] Raw content length: 4411
[Parser] Raw content start: {
  "authentication": {
    "provider": "supabase",
    "methods": ["email", "google", "github"],
    "passwordPolicy": {
      "minLength": 8,
      "requireUppercase": true,
      "requireLowercase"...
[Parser] Extracted JSON length: 4411
[Parser] Extracted JSON start: {
  "authentication": {
    "provider": "supabase",
    "methods": ["email", "google", "github"],
    "passwordPolicy": {
      "minLength": 8,
      "requireUppercase": true,
      "requireLowercase"...
[Parser] JSON.parse SUCCESS for sentinel
[Parser] Agent sentinel: parsed.files exists = true, isArray = true, length = 4
[Parser] Agent sentinel: Processing 4 files
[Parser] File: src/middleware.ts, type=code, hasContent=false, contentLength=0
[Parser] File: src/lib/auth/config.ts, type=code, hasContent=false, contentLength=0
[Parser] File: src/lib/auth/roles.ts, type=code, hasContent=false, contentLength=0
[Parser] File: supabase/migrations/001_rls_policies.sql, type=schema, hasContent=false, contentLength=0
[Parser] Agent sentinel: Added 4 file artifacts
[Executor] Parsed successfully: artifacts=5, status=completed
[EXECUTOR] 2026-01-27T10:42:40.016Z - executor.execute() RETURNED for sentinel in 21721ms {"success":true,"hasOutput":true,"errorMessage":null,"artifactCount":5}
[Orchestrator] Agent sentinel - Quality Score: 100/100 (min: 60)
[Orchestrator] Agent sentinel - Quality PASSED on iteration 1
[Orchestrator] ARCHITECTURE VALIDATION PASSED for sentinel (score: 100)
[Orchestrator] Agent sentinel - Architecture validation PASSED (score: 100)
[PERSISTENCE] Database connection failed for critical decisions: Error: Missing SUPABASE_SERVICE_ROLE_KEY
    at createServiceRoleClient (C:\Users\SBS\Desktop\New folder (4)\vito\src\lib\auth\clients\admin.ts:20:11)
    at saveCriticalDecisions (C:\Users\SBS\Desktop\New folder (4)\vito\src\lib\agents\context\persistence.ts:189:22)
    at BuildContextManager.persistCriticalDecisions (C:\Users\SBS\Desktop\New folder (4)\vito\src\lib\agents\context\manager.ts:204:5)
    at BuildContextManager.updateCriticalDecisions (C:\Users\SBS\Desktop\New folder (4)\vito\src\lib\agents\context\manager.ts:169:10)
    at BuildContextManager.recordOutput (C:\Users\SBS\Desktop\New folder (4)\vito\src\lib\agents\context\manager.ts:147:10)
    at BuildOrchestrator.finalizeAgentSuccess (C:\Users\SBS\Desktop\New folder (4)\vito\src\lib\agents\orchestrator\orchestrator.ts:1779:18)
    at BuildOrchestrator.executeAgentWithFeedback (C:\Users\SBS\Desktop\New folder (4)\vito\src\lib\agents\orchestrator\orchestrator.ts:1481:23)
    at process.processTicksAndRejections (node:internal/process/task_queues:103:5)
    at async BuildOrchestrator.executeAgent (C:\Users\SBS\Desktop\New folder (4)\vito\src\lib\agents\orchestrator\orchestrator.ts:1234:22)
    at async Promise.all (index 0)
[PERSISTENCE] Database connection failed (non-fatal): Error: Missing SUPABASE_SERVICE_ROLE_KEY
    at createServiceRoleClient (C:\Users\SBS\Desktop\New folder (4)\vito\src\lib\auth\clients\admin.ts:20:11)
    at saveAgentOutput (C:\Users\SBS\Desktop\New folder (4)\vito\src\lib\agents\context\persistence.ts:74:22)
    at BuildOrchestrator.finalizeAgentSuccess (C:\Users\SBS\Desktop\New folder (4)\vito\src\lib\agents\orchestrator\orchestrator.ts:1780:11)
    at BuildOrchestrator.executeAgentWithFeedback (C:\Users\SBS\Desktop\New folder (4)\vito\src\lib\agents\orchestrator\orchestrator.ts:1481:23)
    at process.processTicksAndRejections (node:internal/process/task_queues:103:5)
    at async BuildOrchestrator.executeAgent (C:\Users\SBS\Desktop\New folder (4)\vito\src\lib\agents\orchestrator\orchestrator.ts:1234:22)
    at async Promise.all (index 0)
    at async BuildOrchestrator.executePhase (C:\Users\SBS\Desktop\New folder (4)\vito\src\lib\agents\orchestrator\orchestrator.ts:1060:26)
    at async BuildOrchestrator.start (C:\Users\SBS\Desktop\New folder (4)\vito\src\lib\agents\orchestrator\orchestrator.ts:658:29)
    at async runBuild (C:\Users\SBS\Desktop\New folder (4)\vito\scripts\build-olympus-dashboard.ts:189:18)
    ‚Üí Agent sentinel: completed (5 artifacts)
[AGENT_CALL] 2026-01-27T10:42:40.018Z - COMPLETED: sentinel in 21724ms, success=true
  [63%] Phase: architecture | Agents: none
[AGENT_CALL] 2026-01-27T10:42:40.019Z - ENTERING: executeAgent(atlas)
[DEGRADATION] Agent atlas not active in tier GOLD - skipping
[PERSISTENCE] Database connection failed for critical decisions: Error: Missing SUPABASE_SERVICE_ROLE_KEY
    at createServiceRoleClient (C:\Users\SBS\Desktop\New folder (4)\vito\src\lib\auth\clients\admin.ts:20:11)
    at saveCriticalDecisions (C:\Users\SBS\Desktop\New folder (4)\vito\src\lib\agents\context\persistence.ts:189:22)
    at BuildContextManager.persistCriticalDecisions (C:\Users\SBS\Desktop\New folder (4)\vito\src\lib\agents\context\manager.ts:204:5)
    at BuildContextManager.updateCriticalDecisions (C:\Users\SBS\Desktop\New folder (4)\vito\src\lib\agents\context\manager.ts:169:10)
    at BuildContextManager.recordOutput (C:\Users\SBS\Desktop\New folder (4)\vito\src\lib\agents\context\manager.ts:147:10)
    at BuildOrchestrator.executeAgent (C:\Users\SBS\Desktop\New folder (4)\vito\src\lib\agents\orchestrator\orchestrator.ts:1203:20)
    at <anonymous> (C:\Users\SBS\Desktop\New folder (4)\vito\src\lib\agents\orchestrator\orchestrator.ts:1053:59)
    at Array.map (<anonymous>)
    at BuildOrchestrator.executePhase (C:\Users\SBS\Desktop\New folder (4)\vito\src\lib\agents\orchestrator\orchestrator.ts:1053:37)
    at process.processTicksAndRejections (node:internal/process/task_queues:103:5)
  [66%] Phase: architecture | Agents: none
[Scheduler] Phase architecture COMPLETE. Status: [{"agentId":"archon","completed":true,"failed":false,"optional":false},{"agentId":"datum","completed":true,"failed":false,"optional":false},{"agentId":"nexus","completed":true,"failed":false,"optional":false},{"agentId":"forge","completed":true,"failed":false,"optional":false},{"agentId":"sentinel","completed":true,"failed":false,"optional":false},{"agentId":"atlas","completed":true,"failed":false,"optional":true}]
  ‚úì Phase architecture completed (completed)
[ORCH_PHASE] 2026-01-27T10:42:40.021Z - Phase architecture result: success=true, error=none
[Orchestrator] ‚úì Phase architecture completed. Completed phases: discovery, conversion, design, architecture
[Orchestrator] ===== PHASE 5/7: frontend =====
[Orchestrator] Phase agents (3): pixel, wire, polish
[ORCH_PHASE] 2026-01-27T10:42:40.021Z - ENTERING: executePhase(frontend)
[ORCH_PHASE] 2026-01-27T10:42:40.021Z - Starting phase loop for frontend
[ORCH_LOOP] 2026-01-27T10:42:40.021Z - Loop iteration 1 {"phase":"frontend","nextAgents":["pixel"],"runningAgents":[],"deadlockCounter":0,"isPhaseComplete":false}
[AGENT_CALL] 2026-01-27T10:42:40.021Z - ENTERING: executeAgent(pixel)
[AGENT_CALL] 2026-01-27T10:42:40.021Z - CALLING: pixel (phase: frontend)
[Orchestrator] PIXEL-AS-EMITTER: No document artifact in Blocks output
[Orchestrator] PIXEL: No components found in Blocks output, falling back to standard execution
[Orchestrator] Agent pixel - Iteration 1/3
[JSON] Parse failed in critical-summarizer:nexusDecisions: SyntaxError: Expected property name or '}' in JSON at position 759 (line 26 column 13)
    at JSON.parse (<anonymous>)
    at safeJsonParse (C:\Users\SBS\Desktop\New folder (4)\vito\src\lib\utils\safe-json.ts:23:17)
    at extractNexusDecisions (C:\Users\SBS\Desktop\New folder (4)\vito\src\lib\agents\coordination\critical-summarizer.ts:319:18)
    at buildCriticalDecisions (C:\Users\SBS\Desktop\New folder (4)\vito\src\lib\agents\coordination\critical-summarizer.ts:452:29)
    at prepareAgentWithConstraints (C:\Users\SBS\Desktop\New folder (4)\vito\src\lib\agents\coordination\index.ts:122:29)
    at BuildOrchestrator.executeAgentWithFeedback (C:\Users\SBS\Desktop\New folder (4)\vito\src\lib\agents\orchestrator\orchestrator.ts:1374:73)
    at BuildOrchestrator.executeAgent (C:\Users\SBS\Desktop\New folder (4)\vito\src\lib\agents\orchestrator\orchestrator.ts:1235:14)
    at <anonymous> (C:\Users\SBS\Desktop\New folder (4)\vito\src\lib\agents\orchestrator\orchestrator.ts:1053:59)
    at Array.map (<anonymous>)
    at BuildOrchestrator.executePhase (C:\Users\SBS\Desktop\New folder (4)\vito\src\lib\agents\orchestrator\orchestrator.ts:1053:37)
[JSON] Content preview: {
  "openapi": "3.0.3",
  "info": {
    "title": "OLYMPUS Builder Dashboard API",
    "version": "1.0.0",
    "description": "API documentation for the OLYMPUS Builder Dashboard"
  },
  "servers": [
 ...
[50X COORDINATION] pixel: Injected 802 tokens of upstream constraints
[EXECUTOR] 2026-01-27T10:42:40.023Z - Creating executor for pixel, iteration 1
[EXECUTOR] 2026-01-27T10:42:40.023Z - CALLING executor.execute() for pixel
[PERSISTENCE] ‚úì CriticalDecisions saved to file: C:\Users\SBS\Desktop\New folder (4)\vito\.olympus\decisions\olympus-dashboard-1769510240515.json
[PERSISTENCE] ‚úì CriticalDecisions saved to file: C:\Users\SBS\Desktop\New folder (4)\vito\.olympus\decisions\olympus-dashboard-1769510240515.json
[HEARTBEAT] 2026-01-27T10:42:40.991Z {"buildId":"olympus-dashboard-1769510240515","status":"running","currentPhase":"frontend","currentAgent":"pixel","completedAgents":["oracle","empathy","venture","strategos","scope","psyche","scribe","architect_conversion","conversion_judge","palette","grid","blocks","cartographer","flow","artist","archon","datum","nexus","forge","sentinel","atlas"],"runningAgents":["pixel"],"failedAgents":[],"progress":66}
[HEARTBEAT] 2026-01-27T10:42:46.004Z {"buildId":"olympus-dashboard-1769510240515","status":"running","currentPhase":"frontend","currentAgent":"pixel","completedAgents":["oracle","empathy","venture","strategos","scope","psyche","scribe","architect_conversion","conversion_judge","palette","grid","blocks","cartographer","flow","artist","archon","datum","nexus","forge","sentinel","atlas"],"runningAgents":["pixel"],"failedAgents":[],"progress":66}
[HEARTBEAT] 2026-01-27T10:42:51.020Z {"buildId":"olympus-dashboard-1769510240515","status":"running","currentPhase":"frontend","currentAgent":"pixel","completedAgents":["oracle","empathy","venture","strategos","scope","psyche","scribe","architect_conversion","conversion_judge","palette","grid","blocks","cartographer","flow","artist","archon","datum","nexus","forge","sentinel","atlas"],"runningAgents":["pixel"],"failedAgents":[],"progress":66}
[HEARTBEAT] 2026-01-27T10:42:56.025Z {"buildId":"olympus-dashboard-1769510240515","status":"running","currentPhase":"frontend","currentAgent":"pixel","completedAgents":["oracle","empathy","venture","strategos","scope","psyche","scribe","architect_conversion","conversion_judge","palette","grid","blocks","cartographer","flow","artist","archon","datum","nexus","forge","sentinel","atlas"],"runningAgents":["pixel"],"failedAgents":[],"progress":66}
[HEARTBEAT] 2026-01-27T10:43:01.033Z {"buildId":"olympus-dashboard-1769510240515","status":"running","currentPhase":"frontend","currentAgent":"pixel","completedAgents":["oracle","empathy","venture","strategos","scope","psyche","scribe","architect_conversion","conversion_judge","palette","grid","blocks","cartographer","flow","artist","archon","datum","nexus","forge","sentinel","atlas"],"runningAgents":["pixel"],"failedAgents":[],"progress":66}
[HEARTBEAT] 2026-01-27T10:43:06.036Z {"buildId":"olympus-dashboard-1769510240515","status":"running","currentPhase":"frontend","currentAgent":"pixel","completedAgents":["oracle","empathy","venture","strategos","scope","psyche","scribe","architect_conversion","conversion_judge","palette","grid","blocks","cartographer","flow","artist","archon","datum","nexus","forge","sentinel","atlas"],"runningAgents":["pixel"],"failedAgents":[],"progress":66}
[HEARTBEAT] 2026-01-27T10:43:11.050Z {"buildId":"olympus-dashboard-1769510240515","status":"running","currentPhase":"frontend","currentAgent":"pixel","completedAgents":["oracle","empathy","venture","strategos","scope","psyche","scribe","architect_conversion","conversion_judge","palette","grid","blocks","cartographer","flow","artist","archon","datum","nexus","forge","sentinel","atlas"],"runningAgents":["pixel"],"failedAgents":[],"progress":66}
[Executor] AI execution succeeded: 29955 tokens, provider=anthropic
[Executor] Response content type: string, length: 12558
[Executor] Parsing response: {
  "files": [
    {
      "path": "src/components/ui/button.tsx",
      "language": "typescript",
 ...
[Parser] ===== PARSING pixel =====
[Parser] Raw content length: 12558
[Parser] Raw content start: {
  "files": [
    {
      "path": "src/components/ui/button.tsx",
      "language": "typescript",
      "content": "import * as React from 'react';\nimport { Slot } from '@radix-ui/react-slot';\nimpo...
[Parser] Extracted JSON length: 12498
[Parser] Extracted JSON start: {
  "files": [
    {
      "path": "src/components/ui/button.tsx",
      "language": "typescript",
      "content": "import * as React from 'react';\nimport { Slot } from '@radix-ui/react-slot';\nimpo...
[Parser] ===== PARSE FAILED for pixel =====
[Parser] Error: Unterminated string in JSON at position 12498 (line 6 column 12400)
[Parser] Raw content first 500 chars: {
  "files": [
    {
      "path": "src/components/ui/button.tsx",
      "language": "typescript",
      "content": "import * as React from 'react';\nimport { Slot } from '@radix-ui/react-slot';\nimport { cva, type VariantProps } from 'class-variance-authority';\nimport { motion, AnimatePresence, useReducedMotion } from 'framer-motion';\nimport { Loader2, Check, X, FolderOpen, Code, Search, Plus, Sparkles, Eye } from 'lucide-react';\nimport { cn } from '@/lib/utils';\nimport {\n  Tooltip,\n  Too
[Executor] Parsed successfully: artifacts=1, status=completed
[EXECUTOR] 2026-01-27T10:43:11.409Z - executor.execute() RETURNED for pixel in 31386ms {"success":true,"hasOutput":true,"errorMessage":null,"artifactCount":1}
[Orchestrator] CRITICAL: Agent pixel completed but produced NO code files
[Orchestrator] Agent pixel - Quality Score: 0/100 (min: 60)
[Orchestrator] Agent pixel - QUALITY GATE HARD FAILURE (stopOnFailure=true, score=0)
[AGENT_CALL] 2026-01-27T10:43:11.410Z - COMPLETED: pixel in 31389ms, success=false
[SELF-HEAL] Suggested actions for pixel: REDUCE_SCOPE
[ORCH_PHASE] 2026-01-27T10:43:11.411Z - Phase frontend result: success=false, error=Quality gate failed: score 0 below threshold. Agent pixel failed to produce any code files. Check agent prompt and input context.
[ORCH_PHASE] 2026-01-27T10:43:11.411Z - STOPPING BUILD: Phase frontend failed and continueOnError=false
----------------------------------------------------------------------

[4/4] Build completed

======================================================================
BUILD RESULTS
======================================================================
Success: NO
Duration: 351 seconds
Error: QUALITY_THRESHOLD - Quality gate failed: score 0 below threshold. Agent pixel failed to produce any code files. Check agent prompt and input context.
Final Progress: 66%
Phases Completed: discovery, conversion, design, architecture
Agents Completed: 21
Tokens Used: 134316

Event log saved to: C:\Users\SBS\Desktop\New folder (4)\vito\output\olympus-dashboard-1769510240515\event-log.json
Build summary saved to: C:\Users\SBS\Desktop\New folder (4)\vito\output\olympus-dashboard-1769510240515\build-summary.json

======================================================================
